1
2
4
8
16
32
64
128
256
512
1024
2048
4096
8192
16384
32768
65536
131072
262144
524288
1048576
2097152
4194304
8388608
16777216
33554432
67108864
134217728
268435456
536870912
1073741824
2147483648
4294967296
8589934592
17179869184
34359738368
68719476736
137438953472
274877906944
549755813888
1099511627776
2199023255552
4398046511104
8796093022208
17592186044416
35184372088832
70368744177664
140737488355328
281474976710656
562949953421312
1125899906842624
2251799813685248
4503599627370496
9007199254740992
18014398509481984
36028797018963968
72057594037927936
144115188075855872
288230376151711744
576460752303423488
1152921504606846976
2305843009213693952
4611686018427387904
9223372036854775808
2
3
8
12
32
48
128
192
512
768
2048
3072
8192
12288
32768
49152
131072
196608
524288
786432
2097152
3145728
8388608
12582912
33554432
50331648
134217728
201326592
536870912
805306368
2147483648
3221225472
8589934592
12884901888
34359738368
51539607552
137438953472
206158430208
549755813888
824633720832
2199023255552
3298534883328
8796093022208
13194139533312
35184372088832
52776558133248
140737488355328
211106232532992
562949953421312
844424930131968
2251799813685248
3377699720527872
9007199254740992
13510798882111488
36028797018963968
54043195528445952
144115188075855872
216172782113783808
576460752303423488
864691128455135232
2305843009213693952
3458764513820540928
9223372036854775808
13835058055282163712
4
8
6
11
64
128
96
176
1024
2048
1536
2816
16384
32768
24576
45056
262144
524288
393216
720896
4194304
8388608
6291456
11534336
67108864
134217728
100663296
184549376
1073741824
2147483648
1610612736
2952790016
17179869184
34359738368
25769803776
47244640256
274877906944
549755813888
412316860416
755914244096
4398046511104
8796093022208
6597069766656
12094627905536
70368744177664
140737488355328
105553116266496
193514046488576
1125899906842624
2251799813685248
1688849860263936
3096224743817216
18014398509481984
36028797018963968
27021597764222976
49539595901075456
288230376151711744
576460752303423488
432345564227567616
792633534417207296
4611686018427387904
9223372036854775808
6917529027641081856
12682136550675316736
8
12
11
13
128
192
176
208
2048
3072
2816
3328
32768
49152
45056
53248
524288
786432
720896
851968
8388608
12582912
11534336
13631488
134217728
201326592
184549376
218103808
2147483648
3221225472
2952790016
3489660928
34359738368
51539607552
47244640256
55834574848
549755813888
824633720832
755914244096
893353197568
8796093022208
13194139533312
12094627905536
14293651161088
140737488355328
211106232532992
193514046488576
228698418577408
2251799813685248
3377699720527872
3096224743817216
3659174697238528
36028797018963968
54043195528445952
49539595901075456
58546795155816448
576460752303423488
864691128455135232
792633534417207296
936748722493063168
9223372036854775808
13835058055282163712
12682136550675316736
14987979559889010688
16
32
64
128
24
44
75
141
4096
8192
16384
32768
6144
11264
19200
36096
1048576
2097152
4194304
8388608
1572864
2883584
4915200
9240576
268435456
536870912
1073741824
2147483648
402653184
738197504
1258291200
2365587456
68719476736
137438953472
274877906944
549755813888
103079215104
188978561024
322122547200
605590388736
17592186044416
35184372088832
70368744177664
140737488355328
26388279066624
48378511622144
82463372083200
155031139516416
4503599627370496
9007199254740992
18014398509481984
36028797018963968
6755399441055744
12384898975268864
21110623253299200
39687971716202496
1152921504606846976
2305843009213693952
4611686018427387904
9223372036854775808
1729382256910270464
3170534137668829184
5404319552844595200
10160120759347838976
32
48
128
192
44
52
141
198
8192
12288
32768
49152
11264
13312
36096
50688
2097152
3145728
8388608
12582912
2883584
3407872
9240576
12976128
536870912
805306368
2147483648
3221225472
738197504
872415232
2365587456
3321888768
137438953472
206158430208
549755813888
824633720832
188978561024
223338299392
605590388736
850403524608
35184372088832
52776558133248
140737488355328
211106232532992
48378511622144
57174604644352
155031139516416
217703302299648
9007199254740992
13510798882111488
36028797018963968
54043195528445952
12384898975268864
14636698788954112
39687971716202496
55732045388709888
2305843009213693952
3458764513820540928
9223372036854775808
13835058055282163712
3170534137668829184
3746994889972252672
10160120759347838976
14267403619509731328
64
128
96
176
75
141
103
185
16384
32768
24576
45056
19200
36096
26368
47360
4194304
8388608
6291456
11534336
4915200
9240576
6750208
12124160
1073741824
2147483648
1610612736
2952790016
1258291200
2365587456
1728053248
3103784960
274877906944
549755813888
412316860416
755914244096
322122547200
605590388736
442381631488
794568949760
70368744177664
140737488355328
105553116266496
193514046488576
82463372083200
155031139516416
113249697660928
203409651138560
18014398509481984
36028797018963968
27021597764222976
49539595901075456
21110623253299200
39687971716202496
28991922601197568
52072870691471360
4611686018427387904
9223372036854775808
6917529027641081856
12682136550675316736
5404319552844595200
10160120759347838976
7421932185906577408
13330654897016668160
128
192
176
208
141
198
185
222
32768
49152
45056
53248
36096
50688
47360
56832
8388608
12582912
11534336
13631488
9240576
12976128
12124160
14548992
2147483648
3221225472
2952790016
3489660928
2365587456
3321888768
3103784960
3724541952
549755813888
824633720832
755914244096
893353197568
605590388736
850403524608
794568949760
953482739712
140737488355328
211106232532992
193514046488576
228698418577408
155031139516416
217703302299648
203409651138560
244091581366272
36028797018963968
54043195528445952
49539595901075456
58546795155816448
39687971716202496
55732045388709888
52072870691471360
62487444829765632
9223372036854775808
13835058055282163712
12682136550675316736
14987979559889010688
10160120759347838976
14267403619509731328
13330654897016668160
15996785876420001792
256
512
1024
2048
4096
8192
16384
32768
384
704
1200
2256
4237
8390
16569
32990
16777216
33554432
67108864
134217728
268435456
536870912
1073741824
2147483648
25165824
46137344
78643200
147849216
277676032
549847040
1085865984
2162032640
1099511627776
2199023255552
4398046511104
8796093022208
17592186044416
35184372088832
70368744177664
140737488355328
1649267441664
3023656976384
5153960755200
9689446219776
18197776433152
36034775613440
71163313127424
141690971095040
72057594037927936
144115188075855872
288230376151711744
576460752303423488
1152921504606846976
2305843009213693952
4611686018427387904
9223372036854775808
108086391056891904
198158383604301824
337769972052787200
635007547459239936
1192609476323049472
2361575054602403840
4663758889118859264
9285859481684541440
512
768
2048
3072
8192
12288
32768
49152
704
832
2256
3168
8390
12363
32990
49255
33554432
50331648
134217728
201326592
536870912
805306368
2147483648
3221225472
46137344
54525952
147849216
207618048
549847040
810221568
2162032640
3227975680
2199023255552
3298534883328
8796093022208
13194139533312
35184372088832
52776558133248
140737488355328
211106232532992
3023656976384
3573412790272
9689446219776
13606456393728
36034775613440
53098680680448
141690971095040
211548614164480
144115188075855872
216172782113783808
576460752303423488
864691128455135232
2305843009213693952
3458764513820540928
9223372036854775808
13835058055282163712
198158383604301824
234187180623265792
635007547459239936
891712726219358208
2361575054602403840
3479875137073840128
9285859481684541440
13864049977883361280
1024
2048
1536
2816
16384
32768
24576
45056
1200
2256
1648
2960
16569
32990
24703
45205
67108864
134217728
100663296
184549376
1073741824
2147483648
1610612736
2952790016
78643200
147849216
108003328
193986560
1085865984
2162032640
1618935808
2962554880
4398046511104
8796093022208
6597069766656
12094627905536
70368744177664
140737488355328
105553116266496
193514046488576
5153960755200
9689446219776
7078106103808
12713103196160
71163313127424
141690971095040
106098577113088
194153996615680
288230376151711744
576460752303423488
432345564227567616
792633534417207296
4611686018427387904
9223372036854775808
6917529027641081856
12682136550675316736
337769972052787200
635007547459239936
463870761619161088
833165931063541760
4663758889118859264
9285859481684541440
6953276349683335168
12724076322205204480
2048
3072
2816
3328
32768
49152
45056
53248
2256
3168
2960
3552
32990
49255
45205
53482
134217728
201326592
184549376
218103808
2147483648
3221225472
2952790016
3489660928
147849216
207618048
193986560
232783872
2162032640
3227975680
2962554880
3504996352
8796093022208
13194139533312
12094627905536
14293651161088
140737488355328
211106232532992
193514046488576
228698418577408
9689446219776
13606456393728
12713103196160
15255723835392
141690971095040
211548614164480
194153996615680
229703440924672
576460752303423488
864691128455135232
792633534417207296
936748722493063168
9223372036854775808
13835058055282163712
12682136550675316736
14987979559889010688
635007547459239936
891712726219358208
833165931063541760
999799117276250112
9285859481684541440
13864049977883361280
12724076322205204480
15053844704439304192
4096
8192
16384
32768
6144
11264
19200
36096
4237
8390
16569
32990
6237
11430
19241
36158
268435456
536870912
1073741824
2147483648
402653184
738197504
1258291200
2365587456
277676032
549847040
1085865984
2162032640
408748032
749076480
1260978176
2369650688
17592186044416
35184372088832
70368744177664
140737488355328
26388279066624
48378511622144
82463372083200
155031139516416
18197776433152
36034775613440
71163313127424
141690971095040
26787711025152
49091476193280
82639465742336
155297427488768
1152921504606846976
2305843009213693952
4611686018427387904
9223372036854775808
1729382256910270464
3170534137668829184
5404319552844595200
10160120759347838976
1192609476323049472
2361575054602403840
4663758889118859264
9285859481684541440
1755559429744361472
3217258983802798080
5415860026889732096
10177572207903899648
8192
12288
32768
49152
11264
13312
36096
50688
8390
12363
32990
49255
11430
13563
36158
50711
536870912
805306368
2147483648
3221225472
738197504
872415232
2365587456
3321888768
549847040
810221568
2162032640
3227975680
749076480
888864768
2369650688
3323396096
35184372088832
52776558133248
140737488355328
211106232532992
48378511622144
57174604644352
155031139516416
217703302299648
36034775613440
53098680680448
141690971095040
211548614164480
49091476193280
58252641435648
155297427488768
217802086547456
2305843009213693952
3458764513820540928
9223372036854775808
13835058055282163712
3170534137668829184
3746994889972252672
10160120759347838976
14267403619509731328
2361575054602403840
3479875137073840128
9285859481684541440
13864049977883361280
3217258983802798080
3817645109126627328
10177572207903899648
14273877543974076416
16384
32768
24576
45056
19200
36096
26368
47360
16569
32990
24703
45205
19241
36158
26511
47557
1073741824
2147483648
1610612736
2952790016
1258291200
2365587456
1728053248
3103784960
1085865984
2162032640
1618935808
2962554880
1260978176
2369650688
1737424896
3116695552
70368744177664
140737488355328
105553116266496
193514046488576
82463372083200
155031139516416
113249697660928
203409651138560
71163313127424
141690971095040
106098577113088
194153996615680
82639465742336
155297427488768
113863877984256
204255759695872
4611686018427387904
9223372036854775808
6917529027641081856
12682136550675316736
5404319552844595200
10160120759347838976
7421932185906577408
13330654897016668160
4663758889118859264
9285859481684541440
6953276349683335168
12724076322205204480
5415860026889732096
10177572207903899648
7462183107576201216
13386105467428667392
32768
49152
45056
53248
36096
50688
47360
56832
32990
49255
45205
53482
36158
50711
47557
56906
2147483648
3221225472
2952790016
3489660928
2365587456
3321888768
3103784960
3724541952
2162032640
3227975680
2962554880
3504996352
2369650688
3323396096
3116695552
3729391616
140737488355328
211106232532992
193514046488576
228698418577408
155031139516416
217703302299648
203409651138560
244091581366272
141690971095040
211548614164480
194153996615680
229703440924672
155297427488768
217802086547456
204255759695872
244409408946176
9223372036854775808
13835058055282163712
12682136550675316736
14987979559889010688
10160120759347838976
14267403619509731328
13330654897016668160
15996785876420001792
9285859481684541440
13864049977883361280
12724076322205204480
15053844704439304192
10177572207903899648
14273877543974076416
13386105467428667392
16017615024696590336
65536
131072
262144
524288
1048576
2097152
4194304
8388608
16777216
33554432
67108864
134217728
268435456
536870912
1073741824
2147483648
98304
180224
307200
577536
1084672
2147840
4241664
8445440
16810206
33603687
67154069
134271210
268471614
536921623
1073789381
2147540554
281474976710656
562949953421312
1125899906842624
2251799813685248
4503599627370496
9007199254740992
18014398509481984
36028797018963968
72057594037927936
144115188075855872
288230376151711744
576460752303423488
1152921504606846976
2305843009213693952
4611686018427387904
9223372036854775808
422212465065984
774056185954304
1319413953331200
2480498232262656
4658630766886912
9224902557040640
18217808160620544
36272888600330240
72199285009022976
144326736690020352
288424530148327424
576690455744348160
1153076802034335744
2306060811300241408
4611890274187083776
9223616446263721984
131072
196608
524288
786432
2097152
3145728
8388608
12582912
33554432
50331648
134217728
201326592
536870912
805306368
2147483648
3221225472
180224
212992
577536
811008
2147840
3164928
8445440
12609280
33603687
50348217
134271210
201351295
536921623
805325609
2147540554
3221251983
562949953421312
844424930131968
2251799813685248
3377699720527872
9007199254740992
13510798882111488
36028797018963968
54043195528445952
144115188075855872
216172782113783808
576460752303423488
864691128455135232
2305843009213693952
3458764513820540928
9223372036854775808
13835058055282163712
774056185954304
914793674309632
2480498232262656
3483252836794368
9224902557040640
13593262254194688
36272888600330240
54156445226106880
144326736690020352
216243945426911232
576690455744348160
864797227032248320
2306060811300241408
3458847153286283264
9223616446263721984
13835171919160147968
262144
524288
393216
720896
4194304
8388608
6291456
11534336
67108864
134217728
100663296
184549376
1073741824
2147483648
1610612736
2952790016
307200
577536
421888
757760
4241664
8445440
6323968
11572480
67154069
134271210
100692210
184586323
1073789381
2147540554
1610645458
2952828259
1125899906842624
2251799813685248
1688849860263936
3096224743817216
18014398509481984
36028797018963968
27021597764222976
49539595901075456
288230376151711744
576460752303423488
432345564227567616
792633534417207296
4611686018427387904
9223372036854775808
6917529027641081856
12682136550675316736
1319413953331200
2480498232262656
1811995162574848
3254554418216960
18217808160620544
36272888600330240
27161235740950528
49703423133614080
288424530148327424
576690455744348160
432469748911964160
792792220573892608
4611890274187083776
9223616446263721984
6917669567560941568
12682300803109617664
524288
786432
720896
851968
8388608
12582912
11534336
13631488
134217728
201326592
184549376
218103808
2147483648
3221225472
2952790016
3489660928
577536
811008
757760
909312
8445440
12609280
11572480
13691392
134271210
201351295
184586323
218161313
2147540554
3221251983
2952828259
3489721009
2251799813685248
3377699720527872
3096224743817216
3659174697238528
36028797018963968
54043195528445952
49539595901075456
58546795155816448
576460752303423488
864691128455135232
792633534417207296
936748722493063168
9223372036854775808
13835058055282163712
12682136550675316736
14987979559889010688
2480498232262656
3483252836794368
3254554418216960
3905465301860352
36272888600330240
54156445226106880
49703423133614080
58804080876716032
576690455744348160
864797227032248320
792792220573892608
936995704587419648
9223616446263721984
13835171919160147968
12682300803109617664
14988237605819121664
1048576
2097152
4194304
8388608
1572864
2883584
4915200
9240576
268435456
536870912
1073741824
2147483648
402653184
738197504
1258291200
2365587456
1084672
2147840
4241664
8445440
1596672
2926080
4925696
9256448
268471614
536921623
1073789381
2147540554
402677204
738240104
1258301846
2365603563
4503599627370496
9007199254740992
18014398509481984
36028797018963968
6755399441055744
12384898975268864
21110623253299200
39687971716202496
1152921504606846976
2305843009213693952
4611686018427387904
9223372036854775808
1729382256910270464
3170534137668829184
5404319552844595200
10160120759347838976
4658630766886912
9224902557040640
18217808160620544
36272888600330240
6857654022438912
12567417905479680
21155703230038016
39756141437124608
1153076802034335744
2306060811300241408
4611890274187083776
9223616446263721984
1729485422024720384
3170717103275638784
5404365277066428416
10160189938386075648
2097152
3145728
8388608
12582912
2883584
3407872
9240576
12976128
536870912
805306368
2147483648
3221225472
738197504
872415232
2365587456
3321888768
2147840
3164928
8445440
12609280
2926080
3472128
9256448
12982016
536921623
805325609
2147540554
3221251983
738240104
872479676
2365603563
3321894781
9007199254740992
13510798882111488
36028797018963968
54043195528445952
12384898975268864
14636698788954112
39687971716202496
55732045388709888
2305843009213693952
3458764513820540928
9223372036854775808
13835058055282163712
3170534137668829184
3746994889972252672
10160120759347838976
14267403619509731328
9224902557040640
13593262254194688
36272888600330240
54156445226106880
12567417905479680
14912676207525888
39756141437124608
55757334156148736
2306060811300241408
3458847153286283264
9223616446263721984
13835171919160147968
3170717103275638784
3747271674844676096
10160189938386075648
14267429445148082176
4194304
8388608
6291456
11534336
4915200
9240576
6750208
12124160
1073741824
2147483648
1610612736
2952790016
1258291200
2365587456
1728053248
3103784960
4241664
8445440
6323968
11572480
4925696
9256448
6786816
12174592
1073789381
2147540554
1610645458
2952828259
1258301846
2365603563
1728090110
3103835479
18014398509481984
36028797018963968
27021597764222976
49539595901075456
21110623253299200
39687971716202496
28991922601197568
52072870691471360
4611686018427387904
9223372036854775808
6917529027641081856
12682136550675316736
5404319552844595200
10160120759347838976
7421932185906577408
13330654897016668160
18217808160620544
36272888600330240
27161235740950528
49703423133614080
21155703230038016
39756141437124608
29149152763969536
52289474482143232
4611890274187083776
9223616446263721984
6917669567560941568
12682300803109617664
5404365277066428416
10160189938386075648
7422090506991042560
13330871874469494784
8388608
12582912
11534336
13631488
9240576
12976128
12124160
14548992
2147483648
3221225472
2952790016
3489660928
2365587456
3321888768
3103784960
3724541952
8445440
12609280
11572480
13691392
9256448
12982016
12174592
14567936
2147540554
3221251983
2952828259
3489721009
2365603563
3321894781
3103835479
3724561065
36028797018963968
54043195528445952
49539595901075456
58546795155816448
39687971716202496
55732045388709888
52072870691471360
62487444829765632
9223372036854775808
13835058055282163712
12682136550675316736
14987979559889010688
10160120759347838976
14267403619509731328
13330654897016668160
15996785876420001792
36272888600330240
54156445226106880
49703423133614080
58804080876716032
39756141437124608
55757334156148736
52289474482143232
62568808690221056
9223616446263721984
13835171919160147968
12682300803109617664
14988237605819121664
10160189938386075648
14267429445148082176
13330871874469494784
15996867966129930240
16777216
33554432
67108864
134217728
268435456
536870912
1073741824
2147483648
25165824
46137344
78643200
147849216
277676032
549847040
1085865984
2162032640
16810206
33603687
67154069
134271210
268471614
536921623
1073789381
2147540554
25190110
46180199
78652821
147864298
277721918
549900567
1085897925
2162070602
72057594037927936
144115188075855872
288230376151711744
576460752303423488
1152921504606846976
2305843009213693952
4611686018427387904
9223372036854775808
108086391056891904
198158383604301824
337769972052787200
635007547459239936
1192609476323049472
2361575054602403840
4663758889118859264
9285859481684541440
72199285009022976
144326736690020352
288424530148327424
576690455744348160
1153076802034335744
2306060811300241408
4611890274187083776
9223616446263721984
108190698632642560
198342444427771904
337811293933142016
635072324155998208
1192806555192393728
2361804951316856832
4663896074669260800
9286022527233032192
33554432
50331648
134217728
201326592
536870912
805306368
2147483648
3221225472
46137344
54525952
147849216
207618048
549847040
810221568
2162032640
3227975680
33603687
50348217
134271210
201351295
536921623
805325609
2147540554
3221251983
46180199
54589881
147864298
207626111
549900567
810246697
2162070602
3228035215
144115188075855872
216172782113783808
576460752303423488
864691128455135232
2305843009213693952
3458764513820540928
9223372036854775808
13835058055282163712
198158383604301824
234187180623265792
635007547459239936
891712726219358208
2361575054602403840
3479875137073840128
9285859481684541440
13864049977883361280
144326736690020352
216243945426911232
576690455744348160
864797227032248320
2306060811300241408
3458847153286283264
9223616446263721984
13835171919160147968
198342444427771904
234461753587531776
635072324155998208
891747356540665856
2361804951316856832
3479983065307021312
9286022527233032192
13864305678761328640
67108864
134217728
100663296
184549376
1073741824
2147483648
1610612736
2952790016
78643200
147849216
108003328
193986560
1085865984
2162032640
1618935808
2962554880
67154069
134271210
100692210
184586323
1073789381
2147540554
1610645458
2952828259
78652821
147864298
108036850
194036563
1085897925
2162070602
1618980306
2962617955
288230376151711744
576460752303423488
432345564227567616
792633534417207296
4611686018427387904
9223372036854775808
6917529027641081856
12682136550675316736
337769972052787200
635007547459239936
463870761619161088
833165931063541760
4663758889118859264
9285859481684541440
6953276349683335168
12724076322205204480
288424530148327424
576690455744348160
432469748911964160
792792220573892608
4611890274187083776
9223616446263721984
6917669567560941568
12682300803109617664
337811293933142016
635072324155998208
464014737512857600
833380692313243648
4663896074669260800
9286022527233032192
6953467467138072576
12724347227267399680
134217728
201326592
184549376
218103808
2147483648
3221225472
2952790016
3489660928
147849216
207618048
193986560
232783872
2162032640
3227975680
2962554880
3504996352
134271210
201351295
184586323
218161313
2147540554
3221251983
2952828259
3489721009
147864298
207626111
194036563
232800673
2162070602
3228035215
2962617955
3505019825
576460752303423488
864691128455135232
792633534417207296
936748722493063168
9223372036854775808
13835058055282163712
12682136550675316736
14987979559889010688
635007547459239936
891712726219358208
833165931063541760
999799117276250112
9285859481684541440
13864049977883361280
12724076322205204480
15053844704439304192
576690455744348160
864797227032248320
792792220573892608
936995704587419648
9223616446263721984
13835171919160147968
12682300803109617664
14988237605819121664
635072324155998208
891747356540665856
833380692313243648
999871277021790208
9286022527233032192
13864305678761328640
12724347227267399680
15053945520206643200
268435456
536870912
1073741824
2147483648
402653184
738197504
1258291200
2365587456
277676032
549847040
1085865984
2162032640
408748032
749076480
1260978176
2369650688
268471614
536921623
1073789381
2147540554
402677204
738240104
1258301846
2365603563
277721918
549900567
1085897925
2162070602
408783316
749129320
1261027222
2369705451
1152921504606846976
2305843009213693952
4611686018427387904
9223372036854775808
1729382256910270464
3170534137668829184
5404319552844595200
10160120759347838976
1192609476323049472
2361575054602403840
4663758889118859264
9285859481684541440
1755559429744361472
3217258983802798080
5415860026889732096
10177572207903899648
1153076802034335744
2306060811300241408
4611890274187083776
9223616446263721984
1729485422024720384
3170717103275638784
5404365277066428416
10160189938386075648
1192806555192393728
2361804951316856832
4663896074669260800
9286022527233032192
1755710973370433536
3217485929874718720
5416070677855731712
10177807413197930496
536870912
805306368
2147483648
3221225472
738197504
872415232
2365587456
3321888768
549847040
810221568
2162032640
3227975680
749076480
888864768
2369650688
3323396096
536921623
805325609
2147540554
3221251983
738240104
872479676
2365603563
3321894781
549900567
810246697
2162070602
3228035215
749129320
888883132
2369705451
3323423357
2305843009213693952
3458764513820540928
9223372036854775808
13835058055282163712
3170534137668829184
3746994889972252672
10160120759347838976
14267403619509731328
2361575054602403840
3479875137073840128
9285859481684541440
13864049977883361280
3217258983802798080
3817645109126627328
10177572207903899648
14273877543974076416
2306060811300241408
3458847153286283264
9223616446263721984
13835171919160147968
3170717103275638784
3747271674844676096
10160189938386075648
14267429445148082176
2361804951316856832
3479983065307021312
9286022527233032192
13864305678761328640
3217485929874718720
3817723981906051072
10177807413197930496
14273994629077532672
1073741824
2147483648
1610612736
2952790016
1258291200
2365587456
1728053248
3103784960
1085865984
2162032640
1618935808
2962554880
1260978176
2369650688
1737424896
3116695552
1073789381
2147540554
1610645458
2952828259
1258301846
2365603563
1728090110
3103835479
1085897925
2162070602
1618980306
2962617955
1261027222
2369705451
1737454078
3116733015
4611686018427387904
9223372036854775808
6917529027641081856
12682136550675316736
5404319552844595200
10160120759347838976
7421932185906577408
13330654897016668160
4663758889118859264
9285859481684541440
6953276349683335168
12724076322205204480
5415860026889732096
10177572207903899648
7462183107576201216
13386105467428667392
4611890274187083776
9223616446263721984
6917669567560941568
12682300803109617664
5404365277066428416
10160189938386075648
7422090506991042560
13330871874469494784
4663896074669260800
9286022527233032192
6953467467138072576
12724347227267399680
5416070677855731712
10177807413197930496
7462308443311833088
13386266369788477440
2147483648
3221225472
2952790016
3489660928
2365587456
3321888768
3103784960
3724541952
2162032640
3227975680
2962554880
3504996352
2369650688
3323396096
3116695552
3729391616
2147540554
3221251983
2952828259
3489721009
2365603563
3321894781
3103835479
3724561065
2162070602
3228035215
2962617955
3505019825
2369705451
3323423357
3116733015
3729449897
9223372036854775808
13835058055282163712
12682136550675316736
14987979559889010688
10160120759347838976
14267403619509731328
13330654897016668160
15996785876420001792
9285859481684541440
13864049977883361280
12724076322205204480
15053844704439304192
10177572207903899648
14273877543974076416
13386105467428667392
16017615024696590336
9223616446263721984
13835171919160147968
12682300803109617664
14988237605819121664
10160189938386075648
14267429445148082176
13330871874469494784
15996867966129930240
9286022527233032192
13864305678761328640
12724347227267399680
15053945520206643200
10177807413197930496
14273994629077532672
13386266369788477440
16017865339685568512
4294967296
8589934592
17179869184
34359738368
68719476736
137438953472
274877906944
549755813888
1099511627776
2199023255552
4398046511104
8796093022208
17592186044416
35184372088832
70368744177664
140737488355328
281474976710656
562949953421312
1125899906842624
2251799813685248
4503599627370496
9007199254740992
18014398509481984
36028797018963968
72057594037927936
144115188075855872
288230376151711744
576460752303423488
1152921504606846976
2305843009213693952
4611686018427387904
9223372036854775808
6442450944
11811160064
20132659200
37849399296
71085064192
140760842240
277981691904
553480355840
1101673660416
2202251231232
4401009065984
8799598018560
17594555695104
35187695484928
70371860873216
140741217746944
281477124251210
562953174673295
1125902859670883
2251803303406257
4503601992974059
9007202576635773
18014401613317463
36028800743525033
72057596199998538
144115191303891087
288230379114329699
576460755808443313
1152921506976552427
2305843012537117309
4611686021544120919
9223372040584225705
8589934592
12884901888
34359738368
51539607552
137438953472
206158430208
549755813888
824633720832
2199023255552
3298534883328
8796093022208
13194139533312
35184372088832
52776558133248
140737488355328
211106232532992
562949953421312
844424930131968
2251799813685248
3377699720527872
9007199254740992
13510798882111488
36028797018963968
54043195528445952
144115188075855872
216172782113783808
576460752303423488
864691128455135232
2305843009213693952
3458764513820540928
9223372036854775808
13835058055282163712
11811160064
13958643712
37849399296
53150220288
140760842240
207416721408
553480355840
826361774080
2202251231232
3299620749312
8799598018560
13195758469120
35187695484928
52777819111424
140741217746944
211107969957888
562953174673295
844426003921349
2251803303406257
3377701331173330
9007202576635773
13510800140413334
36028800743525033
54043197256536062
144115191303891087
216172783199681733
576460755808443313
864691130074115538
2305843012537117309
3458764515081568150
9223372040584225705
13835058057019617790
17179869184
34359738368
25769803776
47244640256
274877906944
549755813888
412316860416
755914244096
4398046511104
8796093022208
6597069766656
12094627905536
70368744177664
140737488355328
105553116266496
193514046488576
1125899906842624
2251799813685248
1688849860263936
3096224743817216
18014398509481984
36028797018963968
27021597764222976
49539595901075456
288230376151711744
576460752303423488
432345564227567616
792633534417207296
4611686018427387904
9223372036854775808
6917529027641081856
12682136550675316736
20132659200
37849399296
27648851968
49660559360
277981691904
553480355840
414447566848
758414049280
4401009065984
8799598018560
6598964674560
12097049264128
70371860873216
140741217746944
105555260735488
193516552781824
1125902859670883
2251803303406257
1688851739374316
3096227159757684
18014401613317463
36028800743525033
27021599894983210
49539598400906047
288230379114329699
576460755808443313
432345566122483436
792633536838575988
4611686021544120919
9223372040584225705
6917529029785614378
12682136553181633599
34359738368
51539607552
47244640256
55834574848
549755813888
824633720832
755914244096
893353197568
8796093022208
13194139533312
12094627905536
14293651161088
140737488355328
211106232532992
193514046488576
228698418577408
2251799813685248
3377699720527872
3096224743817216
3659174697238528
36028797018963968
54043195528445952
49539595901075456
58546795155816448
576460752303423488
864691128455135232
792633534417207296
936748722493063168
9223372036854775808
13835058055282163712
12682136550675316736
14987979559889010688
37849399296
53150220288
49660559360
59592671232
553480355840
826361774080
758414049280
897279066112
8799598018560
13195758469120
12097049264128
14297419808768
140741217746944
211107969957888
193516552781824
228702356045824
2251803303406257
3377701331173330
3096227159757684
3659178455376280
36028800743525033
54043197256536062
49539598400906047
58546799081730325
576460755808443313
864691130074115538
792633536838575988
936748726261725592
9223372040584225705
13835058057019617790
12682136553181633599
14987979563826521109
68719476736
137438953472
274877906944
549755813888
103079215104
188978561024
322122547200
605590388736
17592186044416
35184372088832
70368744177664
140737488355328
26388279066624
48378511622144
82463372083200
155031139516416
4503599627370496
9007199254740992
18014398509481984
36028797018963968
6755399441055744
12384898975268864
21110623253299200
39687971716202496
1152921504606846976
2305843009213693952
4611686018427387904
9223372036854775808
1729382256910270464
3170534137668829184
5404319552844595200
10160120759347838976
71085064192
140760842240
277981691904
553480355840
104639496192
191763578880
322810413056
606630576128
17594555695104
35187695484928
70371860873216
140741217746944
26389853241344
48381303455744
82464069779456
155032195104768
4503601992974059
9007202576635773
18014401613317463
36028800743525033
6755401001391194
12384901760313519
21110623941203491
39687972756450097
1152921506976552427
2305843012537117309
4611686021544120919
9223372040584225705
1729382258484481626
3170534140460713903
5404319553542337827
10160120760403483185
137438953472
206158430208
549755813888
824633720832
188978561024
223338299392
605590388736
850403524608
35184372088832
52776558133248
140737488355328
211106232532992
48378511622144
57174604644352
155031139516416
217703302299648
9007199254740992
13510798882111488
36028797018963968
54043195528445952
12384898975268864
14636698788954112
39687971716202496
55732045388709888
2305843009213693952
3458764513820540928
9223372036854775808
13835058055282163712
3170534137668829184
3746994889972252672
10160120759347838976
14267403619509731328
140760842240
207416721408
553480355840
826361774080
191763578880
227549380608
606630576128
850789400576
35187695484928
52777819111424
140741217746944
211107969957888
48381303455744
57178828046336
155032195104768
217703696367616
9007202576635773
13510800140413334
36028800743525033
54043197256536062
12384901760313519
14636703000083701
39687972756450097
55732045774617874
2305843012537117309
3458764515081568150
9223372040584225705
13835058057019617790
3170534140460713903
3746994894195673589
10160120760403483185
14267403619903827730
274877906944
549755813888
412316860416
755914244096
322122547200
605590388736
442381631488
794568949760
70368744177664
140737488355328
105553116266496
193514046488576
82463372083200
155031139516416
113249697660928
203409651138560
18014398509481984
36028797018963968
27021597764222976
49539595901075456
21110623253299200
39687971716202496
28991922601197568
52072870691471360
4611686018427387904
9223372036854775808
6917529027641081856
12682136550675316736
5404319552844595200
10160120759347838976
7421932185906577408
13330654897016668160
277981691904
553480355840
414447566848
758414049280
322810413056
606630576128
444780773376
797874061312
70371860873216
140741217746944
105555260735488
193516552781824
82464069779456
155032195104768
113252113448960
203412961951744
18014401613317463
36028800743525033
27021599894983210
49539598400906047
21110623941203491
39687972756450097
28991925000404620
52072873996605380
4611686021544120919
9223372040584225705
6917529029785614378
12682136553181633599
5404319553542337827
10160120760403483185
7421932188322394764
13330654900327519172
549755813888
824633720832
755914244096
893353197568
605590388736
850403524608
794568949760
953482739712
140737488355328
211106232532992
193514046488576
228698418577408
155031139516416
217703302299648
203409651138560
244091581366272
36028797018963968
54043195528445952
49539595901075456
58546795155816448
39687971716202496
55732045388709888
52072870691471360
62487444829765632
9223372036854775808
13835058055282163712
12682136550675316736
14987979559889010688
10160120759347838976
14267403619509731328
13330654897016668160
15996785876420001792
553480355840
826361774080
758414049280
897279066112
606630576128
850789400576
797874061312
954724253696
140741217746944
211107969957888
193516552781824
228702356045824
155032195104768
217703696367616
203412961951744
244092833955840
36028800743525033
54043197256536062
49539598400906047
58546799081730325
39687972756450097
55732045774617874
52072873996605380
62487446071322952
9223372040584225705
13835058057019617790
12682136553181633599
14987979563826521109
10160120760403483185
14267403619903827730
13330654900327519172
15996785877672649032
1099511627776
2199023255552
4398046511104
8796093022208
17592186044416
35184372088832
70368744177664
140737488355328
1649267441664
3023656976384
5153960755200
9689446219776
18197776433152
36034775613440
71163313127424
141690971095040
72057594037927936
144115188075855872
288230376151711744
576460752303423488
1152921504606846976
2305843009213693952
4611686018427387904
9223372036854775808
108086391056891904
198158383604301824
337769972052787200
635007547459239936
1192609476323049472
2361575054602403840
4663758889118859264
9285859481684541440
1101673660416
2202251231232
4401009065984
8799598018560
17594555695104
35187695484928
70371860873216
140741217746944
1650859048960
3026465521664
5154591277056
9690434633728
18200783618048
36038283558912
71165406412800
141693458972672
72057596199998538
144115191303891087
288230379114329699
576460755808443313
1152921506976552427
2305843012537117309
4611686021544120919
9223372040584225705
108086392648556259
198158386412873585
337769972683347292
635007548447713956
1192609479330250458
2361575058110355311
4663758891212195219
9285859484172438241
2199023255552
3298534883328
8796093022208
13194139533312
35184372088832
52776558133248
140737488355328
211106232532992
3023656976384
3573412790272
9689446219776
13606456393728
36034775613440
53098680680448
141690971095040
211548614164480
144115188075855872
216172782113783808
576460752303423488
864691128455135232
2305843009213693952
3458764513820540928
9223372036854775808
13835058055282163712
198158383604301824
234187180623265792
635007547459239936
891712726219358208
2361575054602403840
3479875137073840128
9285859481684541440
13864049977883361280
2202251231232
3299620749312
8799598018560
13195758469120
35187695484928
52777819111424
140741217746944
211107969957888
3026465521664
3577602441216
9690434633728
13606984810496
36038283558912
53100327534592
141693458972672
211552515850240
144115191303891087
216172783199681733
576460755808443313
864691130074115538
2305843012537117309
3458764515081568150
9223372040584225705
13835058057019617790
198158386412873585
234187184812964242
635007548447713956
891712726747807736
2361575058110355311
3479875138720704949
9285859484172438241
13864049981785083762
4398046511104
8796093022208
6597069766656
12094627905536
70368744177664
140737488355328
105553116266496
193514046488576
5153960755200
9689446219776
7078106103808
12713103196160
71163313127424
141690971095040
106098577113088
194153996615680
288230376151711744
576460752303423488
432345564227567616
792633534417207296
4611686018427387904
9223372036854775808
6917529027641081856
12682136550675316736
337769972052787200
635007547459239936
463870761619161088
833165931063541760
4663758889118859264
9285859481684541440
6953276349683335168
12724076322205204480
4401009065984
8799598018560
6598964674560
12097049264128
70371860873216
140741217746944
105555260735488
193516552781824
5154591277056
9690434633728
7080303001600
12716380192768
71165406412800
141693458972672
106101493334016
194158130298880
288230379114329699
576460755808443313
432345566122483436
792633536838575988
4611686021544120919
9223372040584225705
6917529029785614378
12682136553181633599
337769972683347292
635007548447713956
463870763816120877
833165934340559670
4663758891212195219
9285859484172438241
6953276352599610108
12724076326338913108
8796093022208
13194139533312
12094627905536
14293651161088
140737488355328
211106232532992
193514046488576
228698418577408
9689446219776
13606456393728
12713103196160
15255723835392
141690971095040
211548614164480
194153996615680
229703440924672
576460752303423488
864691128455135232
792633534417207296
936748722493063168
9223372036854775808
13835058055282163712
12682136550675316736
14987979559889010688
635007547459239936
891712726219358208
833165931063541760
999799117276250112
9285859481684541440
13864049977883361280
12724076322205204480
15053844704439304192
8799598018560
13195758469120
12097049264128
14297419808768
140741217746944
211107969957888
193516552781824
228702356045824
9690434633728
13606984810496
12716380192768
15256824905728
141693458972672
211552515850240
194158130298880
229704979251200
576460755808443313
864691130074115538
792633536838575988
936748726261725592
9223372040584225705
13835058057019617790
12682136553181633599
14987979563826521109
635007548447713956
891712726747807736
833165934340559670
999799118377361691
9285859484172438241
13864049981785083762
12724076326338913108
15053844705977676200
17592186044416
35184372088832
70368744177664
140737488355328
26388279066624
48378511622144
82463372083200
155031139516416
18197776433152
36034775613440
71163313127424
141690971095040
26787711025152
49091476193280
82639465742336
155297427488768
1152921504606846976
2305843009213693952
4611686018427387904
9223372036854775808
1729382256910270464
3170534137668829184
5404319552844595200
10160120759347838976
1192609476323049472
2361575054602403840
4663758889118859264
9285859481684541440
1755559429744361472
3217258983802798080
5415860026889732096
10177572207903899648
17594555695104
35187695484928
70371860873216
140741217746944
26389853241344
48381303455744
82464069779456
155032195104768
18200783618048
36038283558912
71165406412800
141693458972672
26790023397376
49094939115520
82642680020992
155301016436736
1152921506976552427
2305843012537117309
4611686021544120919
9223372040584225705
1729382258484481626
3170534140460713903
5404319553542337827
10160120760403483185
1192609479330250458
2361575058110355311
4663758891212195219
9285859484172438241
1755559432056788094
3217258987265747095
5415860030104049317
10177572211492908026
35184372088832
52776558133248
140737488355328
211106232532992
48378511622144
57174604644352
155031139516416
217703302299648
36034775613440
53098680680448
141690971095040
211548614164480
49091476193280
58252641435648
155297427488768
217802086547456
2305843009213693952
3458764513820540928
9223372036854775808
13835058055282163712
3170534137668829184
3746994889972252672
10160120759347838976
14267403619509731328
2361575054602403840
3479875137073840128
9285859481684541440
13864049977883361280
3217258983802798080
3817645109126627328
10177572207903899648
14273877543974076416
35187695484928
52777819111424
140741217746944
211107969957888
48381303455744
57178828046336
155032195104768
217703696367616
36038283558912
53100327534592
141693458972672
211552515850240
49094939115520
58253844938752
155301016436736
217803873124352
2305843012537117309
3458764515081568150
9223372040584225705
13835058057019617790
3170534140460713903
3746994894195673589
10160120760403483185
14267403619903827730
2361575058110355311
3479875138720704949
9285859484172438241
13864049981785083762
3217258987265747095
3817645110330178793
10177572211492908026
14273877545760685407
70368744177664
140737488355328
105553116266496
193514046488576
82463372083200
155031139516416
113249697660928
203409651138560
71163313127424
141690971095040
106098577113088
194153996615680
82639465742336
155297427488768
113863877984256
204255759695872
4611686018427387904
9223372036854775808
6917529027641081856
12682136550675316736
5404319552844595200
10160120759347838976
7421932185906577408
13330654897016668160
4663758889118859264
9285859481684541440
6953276349683335168
12724076322205204480
5415860026889732096
10177572207903899648
7462183107576201216
13386105467428667392
70371860873216
140741217746944
105555260735488
193516552781824
82464069779456
155032195104768
113252113448960
203412961951744
71165406412800
141693458972672
106101493334016
194158130298880
82642680020992
155301016436736
113865790455808
204258214871040
4611686021544120919
9223372040584225705
6917529029785614378
12682136553181633599
5404319553542337827
10160120760403483185
7421932188322394764
13330654900327519172
4663758891212195219
9285859484172438241
6953276352599610108
12724076326338913108
5415860030104049317
10177572211492908026
7462183109488737842
13386105469883864851
140737488355328
211106232532992
193514046488576
228698418577408
155031139516416
217703302299648
203409651138560
244091581366272
141690971095040
211548614164480
194153996615680
229703440924672
155297427488768
217802086547456
204255759695872
244409408946176
9223372036854775808
13835058055282163712
12682136550675316736
14987979559889010688
10160120759347838976
14267403619509731328
13330654897016668160
15996785876420001792
9285859481684541440
13864049977883361280
12724076322205204480
15053844704439304192
10177572207903899648
14273877543974076416
13386105467428667392
16017615024696590336
140741217746944
211107969957888
193516552781824
228702356045824
155032195104768
217703696367616
203412961951744
244092833955840
141693458972672
211552515850240
194158130298880
229704979251200
155301016436736
217803873124352
204258214871040
244413228449792
9223372040584225705
13835058057019617790
12682136553181633599
14987979563826521109
10160120760403483185
14267403619903827730
13330654900327519172
15996785877672649032
9285859484172438241
13864049981785083762
12724076326338913108
15053844705977676200
10177572211492908026
14273877545760685407
13386105469883864851
16017615028516137249
281474976710656
562949953421312
1125899906842624
2251799813685248
4503599627370496
9007199254740992
18014398509481984
36028797018963968
72057594037927936
144115188075855872
288230376151711744
576460752303423488
1152921504606846976
2305843009213693952
4611686018427387904
9223372036854775808
422212465065984
774056185954304
1319413953331200
2480498232262656
4658630766886912
9224902557040640
18217808160620544
36272888600330240
72199285009022976
144326736690020352
288424530148327424
576690455744348160
1153076802034335744
2306060811300241408
4611890274187083776
9223616446263721984
281477124251210
562953174673295
1125902859670883
2251803303406257
4503601992974059
9007202576635773
18014401613317463
36028800743525033
72057596199998538
144115191303891087
288230379114329699
576460755808443313
1152921506976552427
2305843012537117309
4611686021544120919
9223372040584225705
422214047030858
774058997147535
1319414580614499
2480499217001137
4658633785425643
9224906071676797
18217810246747479
36272891094452905
72199285354304586
144326737376372879
288424531338917475
576690458082368433
1153076803524744683
2306060814192896637
4611890274918109783
9223616447302067113
562949953421312
844424930131968
2251799813685248
3377699720527872
9007199254740992
13510798882111488
36028797018963968
54043195528445952
144115188075855872
216172782113783808
576460752303423488
864691128455135232
2305843009213693952
3458764513820540928
9223372036854775808
13835058055282163712
774056185954304
914793674309632
2480498232262656
3483252836794368
9224902557040640
13593262254194688
36272888600330240
54156445226106880
144326736690020352
216243945426911232
576690455744348160
864797227032248320
2306060811300241408
3458847153286283264
9223616446263721984
13835171919160147968
562953174673295
844426003921349
2251803303406257
3377701331173330
9007202576635773
13510800140413334
36028800743525033
54043197256536062
144115191303891087
216172783199681733
576460755808443313
864691130074115538
2305843012537117309
3458764515081568150
9223372040584225705
13835058057019617790
774058997147535
914797864794565
2480499217001137
3483253370683346
9224906071676797
13593263908202902
36272891094452905
54156449135103998
144326737376372879
216243946441702597
576690458082368433
864797230482959826
2306060814192896637
3458847157392490390
9223616447302067113
13835171919536681470
1125899906842624
2251799813685248
1688849860263936
3096224743817216
18014398509481984
36028797018963968
27021597764222976
49539595901075456
288230376151711744
576460752303423488
432345564227567616
792633534417207296
4611686018427387904
9223372036854775808
6917529027641081856
12682136550675316736
1319413953331200
2480498232262656
1811995162574848
3254554418216960
18217808160620544
36272888600330240
27161235740950528
49703423133614080
288424530148327424
576690455744348160
432469748911964160
792792220573892608
4611890274187083776
9223616446263721984
6917669567560941568
12682300803109617664
1125902859670883
2251803303406257
1688851739374316
3096227159757684
18014401613317463
36028800743525033
27021599894983210
49539598400906047
288230379114329699
576460755808443313
432345566122483436
792633536838575988
4611686021544120919
9223372040584225705
6917529029785614378
12682136553181633599
1319414580614499
2480499217001137
1811997359141612
3254557697397620
18217810246747479
36272891094452905
27161238646215210
49703427264963391
288424531338917475
576690458082368433
432469750759431916
792792223646689140
4611890274918109783
9223616447302067113
6917669569842182186
12682300806487891007
2251799813685248
3377699720527872
3096224743817216
3659174697238528
36028797018963968
54043195528445952
49539595901075456
58546795155816448
576460752303423488
864691128455135232
792633534417207296
936748722493063168
9223372036854775808
13835058055282163712
12682136550675316736
14987979559889010688
2480498232262656
3483252836794368
3254554418216960
3905465301860352
36272888600330240
54156445226106880
49703423133614080
58804080876716032
576690455744348160
864797227032248320
792792220573892608
936995704587419648
9223616446263721984
13835171919160147968
12682300803109617664
14988237605819121664
2251803303406257
3377701331173330
3096227159757684
3659178455376280
36028800743525033
54043197256536062
49539598400906047
58546799081730325
576460755808443313
864691130074115538
792633536838575988
936748726261725592
9223372040584225705
13835058057019617790
12682136553181633599
14987979563826521109
2480499217001137
3483253370683346
3254557697397620
3905466402382232
36272891094452905
54156449135103998
49703427264963391
58804082404864277
576690458082368433
864797230482959826
792792223646689140
936995708231825816
9223616447302067113
13835171919536681470
12682300806487891007
14988237607138534421
4503599627370496
9007199254740992
18014398509481984
36028797018963968
6755399441055744
12384898975268864
21110623253299200
39687971716202496
1152921504606846976
2305843009213693952
4611686018427387904
9223372036854775808
1729382256910270464
3170534137668829184
5404319552844595200
10160120759347838976
4658630766886912
9224902557040640
18217808160620544
36272888600330240
6857654022438912
12567417905479680
21155703230038016
39756141437124608
1153076802034335744
2306060811300241408
4611890274187083776
9223616446263721984
1729485422024720384
3170717103275638784
5404365277066428416
10160189938386075648
4503601992974059
9007202576635773
18014401613317463
36028800743525033
6755401001391194
12384901760313519
21110623941203491
39687972756450097
1152921506976552427
2305843012537117309
4611686021544120919
9223372040584225705
1729382258484481626
3170534140460713903
5404319553542337827
10160120760403483185
4658633785425643
9224906071676797
18217810246747479
36272891094452905
6857656326870106
12567421373081775
21155706436818467
39756145013943089
1153076803524744683
2306060814192896637
4611890274918109783
9223616447302067113
1729485425574055514
3170717104916121519
5404365279695582499
10160189942225623601
9007199254740992
13510798882111488
36028797018963968
54043195528445952
12384898975268864
14636698788954112
39687971716202496
55732045388709888
2305843009213693952
3458764513820540928
9223372036854775808
13835058055282163712
3170534137668829184
3746994889972252672
10160120759347838976
14267403619509731328
9224902557040640
13593262254194688
36272888600330240
54156445226106880
12567417905479680
14912676207525888
39756141437124608
55757334156148736
2306060811300241408
3458847153286283264
9223616446263721984
13835171919160147968
3170717103275638784
3747271674844676096
10160189938386075648
14267429445148082176
9007202576635773
13510800140413334
36028800743525033
54043197256536062
12384901760313519
14636703000083701
39687972756450097
55732045774617874
2305843012537117309
3458764515081568150
9223372040584225705
13835058057019617790
3170534140460713903
3746994894195673589
10160120760403483185
14267403619903827730
9224906071676797
13593263908202902
36272891094452905
54156449135103998
12567421373081775
14912677414812917
39756145013943089
55757335935745298
2306060814192896637
3458847157392490390
9223616447302067113
13835171919536681470
3170717104916121519
3747271677835823605
10160189942225623601
14267429447168651026
18014398509481984
36028797018963968
27021597764222976
49539595901075456
21110623253299200
39687971716202496
28991922601197568
52072870691471360
4611686018427387904
9223372036854775808
6917529027641081856
12682136550675316736
5404319552844595200
10160120759347838976
7421932185906577408
13330654897016668160
18217808160620544
36272888600330240
27161235740950528
49703423133614080
21155703230038016
39756141437124608
29149152763969536
52289474482143232
4611890274187083776
9223616446263721984
6917669567560941568
12682300803109617664
5404365277066428416
10160189938386075648
7422090506991042560
13330871874469494784
18014401613317463
36028800743525033
27021599894983210
49539598400906047
21110623941203491
39687972756450097
28991925000404620
52072873996605380
4611686021544120919
9223372040584225705
6917529029785614378
12682136553181633599
5404319553542337827
10160120760403483185
7421932188322394764
13330654900327519172
18217810246747479
36272891094452905
27161238646215210
49703427264963391
21155706436818467
39756145013943089
29149154669035148
52289476944484292
4611890274918109783
9223616447302067113
6917669569842182186
12682300806487891007
5404365279695582499
10160189942225623601
7422090511243178636
13330871875922006980
36028797018963968
54043195528445952
49539595901075456
58546795155816448
39687971716202496
55732045388709888
52072870691471360
62487444829765632
9223372036854775808
13835058055282163712
12682136550675316736
14987979559889010688
10160120759347838976
14267403619509731328
13330654897016668160
15996785876420001792
36272888600330240
54156445226106880
49703423133614080
58804080876716032
39756141437124608
55757334156148736
52289474482143232
62568808690221056
9223616446263721984
13835171919160147968
12682300803109617664
14988237605819121664
10160189938386075648
14267429445148082176
13330871874469494784
15996867966129930240
36028800743525033
54043197256536062
49539598400906047
58546799081730325
39687972756450097
55732045774617874
52072873996605380
62487446071322952
9223372040584225705
13835058057019617790
12682136553181633599
14987979563826521109
10160120760403483185
14267403619903827730
13330654900327519172
15996785877672649032
36272891094452905
54156449135103998
49703427264963391
58804082404864277
39756145013943089
55757335935745298
52289476944484292
62568812503411016
9223616447302067113
13835171919536681470
12682300806487891007
14988237607138534421
10160189942225623601
14267429447168651026
13330871875922006980
15996867969013637448
72057594037927936
144115188075855872
288230376151711744
576460752303423488
1152921504606846976
2305843009213693952
4611686018427387904
9223372036854775808
108086391056891904
198158383604301824
337769972052787200
635007547459239936
1192609476323049472
2361575054602403840
4663758889118859264
9285859481684541440
72199285009022976
144326736690020352
288424530148327424
576690455744348160
1153076802034335744
2306060811300241408
4611890274187083776
9223616446263721984
108190698632642560
198342444427771904
337811293933142016
635072324155998208
1192806555192393728
2361804951316856832
4663896074669260800
9286022527233032192
72057596199998538
144115191303891087
288230379114329699
576460755808443313
1152921506976552427
2305843012537117309
4611686021544120919
9223372040584225705
108086392648556259
198158386412873585
337769972683347292
635007548447713956
1192609479330250458
2361575058110355311
4663758891212195219
9285859484172438241
72199285354304586
144326737376372879
288424531338917475
576690458082368433
1153076803524744683
2306060814192896637
4611890274918109783
9223616447302067113
108190700784180963
198342447650465649
337811296899143004
635072327650831012
1192806557572939482
2361804954646615919
4663896077778732435
9286022530968799969
144115188075855872
216172782113783808
576460752303423488
864691128455135232
2305843009213693952
3458764513820540928
9223372036854775808
13835058055282163712
198158383604301824
234187180623265792
635007547459239936
891712726219358208
2361575054602403840
3479875137073840128
9285859481684541440
13864049977883361280
144326736690020352
216243945426911232
576690455744348160
864797227032248320
2306060811300241408
3458847153286283264
9223616446263721984
13835171919160147968
198342444427771904
234461753587531776
635072324155998208
891747356540665856
2361804951316856832
3479983065307021312
9286022527233032192
13864305678761328640
144115191303891087
216172783199681733
576460755808443313
864691130074115538
2305843012537117309
3458764515081568150
9223372040584225705
13835058057019617790
198158386412873585
234187184812964242
635007548447713956
891712726747807736
2361575058110355311
3479875138720704949
9285859484172438241
13864049981785083762
144326737376372879
216243946441702597
576690458082368433
864797230482959826
2306060814192896637
3458847157392490390
9223616447302067113
13835171919536681470
198342447650465649
234461754664139154
635072327650831012
891747358160158712
2361804954646615919
3479983066575546805
9286022530968799969
13864305680505999218
288230376151711744
576460752303423488
432345564227567616
792633534417207296
4611686018427387904
9223372036854775808
6917529027641081856
12682136550675316736
337769972052787200
635007547459239936
463870761619161088
833165931063541760
4663758889118859264
9285859481684541440
6953276349683335168
12724076322205204480
288424530148327424
576690455744348160
432469748911964160
792792220573892608
4611890274187083776
9223616446263721984
6917669567560941568
12682300803109617664
337811293933142016
635072324155998208
464014737512857600
833380692313243648
4663896074669260800
9286022527233032192
6953467467138072576
12724347227267399680
288230379114329699
576460755808443313
432345566122483436
792633536838575988
4611686021544120919
9223372040584225705
6917529029785614378
12682136553181633599
337769972683347292
635007548447713956
463870763816120877
833165934340559670
4663758891212195219
9285859484172438241
6953276352599610108
12724076326338913108
288424531338917475
576690458082368433
432469750759431916
792792223646689140
4611890274918109783
9223616447302067113
6917669569842182186
12682300806487891007
337811296899143004
635072327650831012
464014739406582317
833380694735803190
4663896077778732435
9286022530968799969
6953467469271847676
12724347229770834772
576460752303423488
864691128455135232
792633534417207296
936748722493063168
9223372036854775808
13835058055282163712
12682136550675316736
14987979559889010688
635007547459239936
891712726219358208
833165931063541760
999799117276250112
9285859481684541440
13864049977883361280
12724076322205204480
15053844704439304192
576690455744348160
864797227032248320
792792220573892608
936995704587419648
9223616446263721984
13835171919160147968
12682300803109617664
14988237605819121664
635072324155998208
891747356540665856
833380692313243648
999871277021790208
9286022527233032192
13864305678761328640
12724347227267399680
15053945520206643200
576460755808443313
864691130074115538
792633536838575988
936748726261725592
9223372040584225705
13835058057019617790
12682136553181633599
14987979563826521109
635007548447713956
891712726747807736
833165934340559670
999799118377361691
9285859484172438241
13864049981785083762
12724076326338913108
15053844705977676200
576690458082368433
864797230482959826
792792223646689140
936995708231825816
9223616447302067113
13835171919536681470
12682300806487891007
14988237607138534421
635072327650831012
891747358160158712
833380694735803190
999871280792117531
9286022530968799969
13864305680505999218
12724347229770834772
15053945524134195624
1152921504606846976
2305843009213693952
4611686018427387904
9223372036854775808
1729382256910270464
3170534137668829184
5404319552844595200
10160120759347838976
1192609476323049472
2361575054602403840
4663758889118859264
9285859481684541440
1755559429744361472
3217258983802798080
5415860026889732096
10177572207903899648
1153076802034335744
2306060811300241408
4611890274187083776
9223616446263721984
1729485422024720384
3170717103275638784
5404365277066428416
10160189938386075648
1192806555192393728
2361804951316856832
4663896074669260800
9286022527233032192
1755710973370433536
3217485929874718720
5416070677855731712
10177807413197930496
1152921506976552427
2305843012537117309
4611686021544120919
9223372040584225705
1729382258484481626
3170534140460713903
5404319553542337827
10160120760403483185
1192609479330250458
2361575058110355311
4663758891212195219
9285859484172438241
1755559432056788094
3217258987265747095
5415860030104049317
10177572211492908026
1153076803524744683
2306060814192896637
4611890274918109783
9223616447302067113
1729485425574055514
3170717104916121519
5404365279695582499
10160189942225623601
1192806557572939482
2361804954646615919
4663896077778732435
9286022530968799969
1755710974941910142
3217485932676475031
5416070678546978469
10177807414239292410
2305843009213693952
3458764513820540928
9223372036854775808
13835058055282163712
3170534137668829184
3746994889972252672
10160120759347838976
14267403619509731328
2361575054602403840
3479875137073840128
9285859481684541440
13864049977883361280
3217258983802798080
3817645109126627328
10177572207903899648
14273877543974076416
2306060811300241408
3458847153286283264
9223616446263721984
13835171919160147968
3170717103275638784
3747271674844676096
10160189938386075648
14267429445148082176
2361804951316856832
3479983065307021312
9286022527233032192
13864305678761328640
3217485929874718720
3817723981906051072
10177807413197930496
14273994629077532672
2305843012537117309
3458764515081568150
9223372040584225705
13835058057019617790
3170534140460713903
3746994894195673589
10160120760403483185
14267403619903827730
2361575058110355311
3479875138720704949
9285859484172438241
13864049981785083762
3217258987265747095
3817645110330178793
10177572211492908026
14273877545760685407
2306060814192896637
3458847157392490390
9223616447302067113
13835171919536681470
3170717104916121519
3747271677835823605
10160189942225623601
14267429447168651026
2361804954646615919
3479983066575546805
9286022530968799969
13864305680505999218
3217485932676475031
3817723986122751209
10177807414239292410
14273994629465668959
4611686018427387904
9223372036854775808
6917529027641081856
12682136550675316736
5404319552844595200
10160120759347838976
7421932185906577408
13330654897016668160
4663758889118859264
9285859481684541440
6953276349683335168
12724076322205204480
5415860026889732096
10177572207903899648
7462183107576201216
13386105467428667392
4611890274187083776
9223616446263721984
6917669567560941568
12682300803109617664
5404365277066428416
10160189938386075648
7422090506991042560
13330871874469494784
4663896074669260800
9286022527233032192
6953467467138072576
12724347227267399680
5416070677855731712
10177807413197930496
7462308443311833088
13386266369788477440
4611686021544120919
9223372040584225705
6917529029785614378
12682136553181633599
5404319553542337827
10160120760403483185
7421932188322394764
13330654900327519172
4663758891212195219
9285859484172438241
6953276352599610108
12724076326338913108
5415860030104049317
10177572211492908026
7462183109488737842
13386105469883864851
4611890274918109783
9223616447302067113
6917669569842182186
12682300806487891007
5404365279695582499
10160189942225623601
7422090511243178636
13330871875922006980
4663896077778732435
9286022530968799969
6953467469271847676
12724347229770834772
5416070678546978469
10177807414239292410
7462308445724409394
13386266373098067731
9223372036854775808
13835058055282163712
12682136550675316736
14987979559889010688
10160120759347838976
14267403619509731328
13330654897016668160
15996785876420001792
9285859481684541440
13864049977883361280
12724076322205204480
15053844704439304192
10177572207903899648
14273877543974076416
13386105467428667392
16017615024696590336
9223616446263721984
13835171919160147968
12682300803109617664
14988237605819121664
10160189938386075648
14267429445148082176
13330871874469494784
15996867966129930240
9286022527233032192
13864305678761328640
12724347227267399680
15053945520206643200
10177807413197930496
14273994629077532672
13386266369788477440
16017865339685568512
9223372040584225705
13835058057019617790
12682136553181633599
14987979563826521109
10160120760403483185
14267403619903827730
13330654900327519172
15996785877672649032
9285859484172438241
13864049981785083762
12724076326338913108
15053844705977676200
10177572211492908026
14273877545760685407
13386105469883864851
16017615028516137249
9223616447302067113
13835171919536681470
12682300806487891007
14988237607138534421
10160189942225623601
14267429447168651026
13330871875922006980
15996867969013637448
9286022530968799969
13864305680505999218
12724347229770834772
15053945524134195624
10177807414239292410
14273994629465668959
13386266373098067731
16017865340936038689
