-1
-1
89163658
-1
-1
52425186
-1
-1
-1
38
35616521
94
241
37935387
-1
-1
49654496
10
73135579
-1
-1
-1
37917167
82475960
-1
-1
57111714
-1
25
-1
-1
113
-1
-1
-1
80859969
-1
13640581
-1
115
-1
-1
90235630
-1
-1
-1
-1
54280018
-1
3
87214567
20
9534114
-1
225
-1
43917699
112
-1
-1
60
44
-1
-1
278
-1
-1
131
-1
43711905
79
52
20
28
27311774
64422149
-1
-1
65
-1
6601665
16244417
65
16
-1
-1
-1
-1
167
299
226
33378393
43097041
73720426
17
156
-1
-1
-1
64325435
52203540
54
-1
68
-1
-1
74
-1
-1
149
85
-1
-1
51754910
-1
-1
4
-1
-1
-1
0
-1
193
68065639
-1
6031745
22578832
-1
5
-1
-1
8
11
42758087
120
36934996
90
-1
83610279
-1
-1
70255024
-1
-1
-1
46283434
73
-1
81318219
35554585
-1
1
-1
42
38
211
17561248
-1
-1
320
-1
66088705
-1
170
-1
-1
-1
307
-1
-1
66306032
-1
-1
-1
-1
33
15804311
5
27052798
2
40392373
-1
-1
44165211
-1
37
-1
37616668
83031723
40
-1
-1
-1
180
88
89551879
-1
-1
54859585
24
55345718
54252326
28907996
-1
44078253
-1
0
578446
36
347
75769566
-1
-1
89
42
84
58
-1
-1
-1
-1
-1
-1
54700868
51580417
-1
61114890
360
-1
-1
30576941
51
-1
112
42868218
78
63
143
99
-1
-1
-1
-1
18722527
63
-1
-1
95
1
-1
298
-1
-1
52
61779584
34
-1
-1
-1
25665320
-1
-1
-1
15407098
37027967
-1
67661412
-1
-1
-1
-1
-1
55854040
3746460
25895695
-1
-1
24969385
35601423
9272265
36
3
66476362
49
-1
115
80479164
62706206
11178907
-1
-1
177
-1
13
-1
29
55753956
-1
292
-1
-1
-1
71321393
9725052
174
461
-1
-1
10
12
50164954
-1
52
-1
-1
115
-1
-1
0
-1
63957925
-1
-1
52
62
-1
-1
-1
-1
-1
61
301
61
38
-1
-1
25464499
114
-1
-1
78990205
-1
93
-1
296
57963721
-1
162
54701217
13
77139718
-1
-1
49311896
-1
-1
9
15
-1
-1
-1
16881009
274
-1
77430669
14272835
-1
16
-1
-1
319
63988196
-1
-1
-1
-1
27351234
165
-1
-1
-1
48792425
-1
144
-1
-1
-1
-1
-1
-1
-1
1321991
-1
-1
39637575
89421223
-1
-1
24618352
113
-1
-1
6579967
2
-1
17
-1
-1
65557885
-1
73
3374944
126
-1
9298063
-1
59355954
84121120
73975208
93875591
-1
20709502
-1
-1
-1
-1
342
-1
-1
-1
15
-1
-1
57398517
37827713
26963962
648003
41745129
63
163
51052229
-1
-1
-1
-1
207
-1
-1
-1
45639627
-1
4995958
66
15
6423226
46968452
-1
-1
22165227
5
-1
-1
-1
-1
-1
60422886
177
-1
26
82550297
131
171
-1
69953888
5
22
-1
-1
86
-1
220
76943893
-1
-1
37125584
57930572
-1
89207091
-1
-1
-1
156
-1
-1
-1
34667048
-1
-1
-1
-1
-1
-1
90476349
-1
-1
57710508
-1
221
76949
-1
117
444
250
84931483
178
-1
57704000
-1
265
93908032
83629243
-1
-1
-1
1
-1
13117470
81061576
69
6103531
-1
53052429
11872788
2142138
35422459
-1
-1
253
-1
89699678
381
30
209
61518358
-1
-1
-1
-1
-1
-1
72221392
-1
-1
25925681
284
143
44085058
179
-1
-1
22570352
22
-1
90393364
-1
-1
-1
-1
-1
89684594
-1
264
-1
47267264
143
282
84
45
12351716
-1
19661560
35639978
-1
96581059
31577708
76
96020425
78660187
55829088
12
-1
-1
77871117
-1
82553700
-1
-1
206
27742968
-1
17835091
-1
229
-1
93441838
-1
-1
-1
66941252
50095333
-1
63841030
-1
-1
-1
62037970
-1
-1
-1
-1
92
71935919
-1
18
64837290
18
-1
-1
82469333
30
68273407
-1
22121888
155
63659751
3497947
-1
-1
-1
31954657
55242315
15327134
38
66094647
13
-1
-1
-1
-1
361
31751705
-1
-1
31
-1
40
-1
64027046
-1
10424513
63
-1
26473808
-1
-1
-1
5
-1
76142427
-1
293
-1
27617705
71342945
-1
-1
19618774
28543469
-1
89
16941016
265
-1
-1
-1
-1
2
181
86
77866042
-1
-1
62652324
11012427
-1
-1
197
-1
-1
-1
-1
232
142
57
83429248
-1
-1
-1
89864008
11276065
-1
221
-1
265
-1
174
-1
45
-1
474
241
69720325
-1
-1
245
-1
35
22843653
-1
159
144
244
45822163
27714769
56558115
24051172
281
-1
-1
-1
6922176
-1
50341334
-1
-1
39
-1
40415824
-1
19
56350506
-1
108
32294106
-1
20
27980244
191
27
114
-1
-1
142
25
-1
-1
85130175
19695810
-1
-1
-1
-1
21001049
9668141
-1
-1
159
202
-1
230
5
-1
-1
31
23563163
231
71963075
13
31550305
-1
324
-1
183
31602789
94
0
-1
63575530
-1
74313372
16630870
70074685
52400599
0
-1
51263540
30954928
-1
-1
-1
-1
14
-1
159
63
145
-1
48713578
-1
41
-1
71190032
-1
-1
29
-1
18297545
-1
-1
122
29779045
7
16
-1
-1
-1
48244618
-1
-1
14655572
-1
75864643
453
202
-1
-1
87
97
112
-1
-1
-1
-1
253
-1
24859972
71148719
-1
59652098
-1
64148789
-1
88068889
150
-1
2
-1
58257491
24
-1
-1
-1
-1
2
219
-1
33
-1
-1
-1
54072862
-1
131
-1
76194551
-1
-1
77590820
-1
230
-1
17989965
-1
-1
227
49677069
83883246
76546436
278
20
-1
91
-1
1342702
-1
-1
-1
49544980
-1
-1
-1
33509107
-1
35611406
81
14762498
435
31409814
-1
102
-1
-1
7237900
-1
-1
-1
-1
279
-1
106
-1
80008422
-1
-1
71461877
-1
77
-1
388
41
18
-1
5264075
153
-1
7152048
-1
-1
-1
-1
-1
-1
-1
-1
-1
-1
-1
-1
88917863
30
-1
18
-1
-1
-1
32
-1
159
4
-1
1011725
3
46462638
83390053
33893501
56433823
53370780
-1
36
-1
164
84668611
-1
-1
-1
57
4634640
-1
42843763
76221999
-1
-1
-1
0
-1
-1
89852477
-1
50131483
-1
64
-1
226
-1
373
42870275
-1
-1
-1
-1
-1
-1
-1
-1
59423056
184
-1
36
17299387
16703115
-1
-1
286
-1
-1
91238232
55
46890702
-1
48220567
6
-1
-1
25
-1
-1
87396343
42
-1
106
57455768
-1
5585367
-1
-1
-1
-1
21133213
30693050
16704922
-1
-1
-1
-1
-1
-1
-1
141
-1
-1
-1
-1
-1
-1
-1
-1
8
-1
-1
61
-1
63
121
175
-1
-1
16097127
-1
-1
-1
256
10
26066900
-1
-1
59539418
-1
39345716
-1
1
-1
-1
15124228
23
-1
82317676
2
94308829
0
16
80250438
-1
-1
18398300
34
348
15
22808604
-1
43937171
22219947
-1
-1
-1
-1
12431136
14
-1
331
31066957
26802685
16822086
-1
77805620
-1
26
365
-1
41
-1
-1
-1
-1
-1
-1
168
2241180
28895905
-1
-1
-1
159
48473230
-1
5
68
171
-1
353
-1
27
-1
-1
-1
33720447
81715493
27297263
-1
52864972
88766725
-1
67767831
-1
98223152
-1
-1
118
-1
69544423
13
-1
53
12913829
21763473
-1
3352871
68838862
65880235
78659609
-1
66696507
-1
-1
-1
1753468
160
233
-1
63844925
-1
43130283
13230039
11180972
-1
82951343
-1
76280116
-1
16
-1
-1
-1
6886304
0
2423850
-1
151
38015960
50
-1
102
155
-1
98
-1
-1
-1
-1
198
68
6446827
42
98096574
-1
18
6452822
-1
190
-1
200
190
322
-1
-1
80
273
190
-1
109
-1
-1
89405531
-1
-1
-1
72
87412631
-1
89002815
-1
-1
-1
47
214
61407827
-1
-1
-1
-1
52253040
48
-1
-1
-1
103
-1
-1
-1
-1
-1
-1
-1
-1
34259899
59234196
96102723
148
54311940
-1
7
-1
-1
22662714
-1
-1
88145818
-1
81
-1
203
66652127
-1
42407534
-1
-1
36206
193
-1
285
66
50287100
41053224
-1
96869421
83751290
-1
162
-1
-1
48
189
-1
-1
92
-1
-1
-1
15330041
56
57769184
13815807
-1
41133591
94528586
-1
-1
-1
-1
211
-1
-1
-1
-1
-1
-1
-1
40001391
61
13
56789111
67773180
150
-1
-1
61086561
-1
-1
1
318
-1
-1
9
-1
53365469
47687294
11
-1
88131686
-1
-1
74921232
-1
-1
-1
-1
-1
69
-1
129
-1
214
-1
330
5
5
-1
68
25563798
66376503
-1
-1
145
25
128
-1
49406575
74105653
-1
-1
48061481
40248376
-1
-1
-1
-1
-1
13
28294218
495429
-1
-1
-1
48090632
-1
52683800
61015830
-1
-1
-1
-1
4014368
8628844
-1
-1
25
-1
44
-1
-1
14764852
23
21450422
31
80
-1
-1
-1
-1
-1
-1
-1
71899736
18
147604
-1
65
21122281
-1
-1
62
-1
91
-1
47460403
-1
-1
59372430
-1
-1
-1
73665525
71554392
-1
66
83918489
-1
81441173
121
25237032
-1
-1
-1
1
97
-1
29888476
52728099
18232568
32805253
-1
21046168
69058284
184
-1
56159834
18
84923325
7
46081102
-1
-1
94715115
-1
-1
74373243
53056874
-1
-1
-1
-1
21760027
-1
-1
73346844
-1
49939122
-1
-1
11
17707054
8
436
54
83784713
-1
82236067
-1
-1
-1
-1
199
44
-1
34
15527271
116
137
210
-1
-1
-1
28246974
0
385
-1
59
95
39875366
-1
29365466
15
35
-1
-1
-1
1159608
-1
-1
-1
50755551
77623126
27831668
-1
117
5074790
-1
32981504
16
69346976
0
-1
-1
-1
-1
-1
-1
-1
-1
7311581
-1
12
-1
-1
45933709
48
100
-1
-1
142
129
63425280
448
321
-1
53107535
12
-1
-1
-1
-1
69704159
46
50033528
214
-1
74322398
34695118
-1
-1
27
426
-1
16319541
-1
-1
35
89751899
-1
-1
-1
-1
47606045
44943233
-1
23843475
1
74143504
12573384
-1
299
185
-1
14595678
-1
-1
-1
-1
-1
17329293
-1
-1
94
75244833
-1
-1
283
1
183
-1
-1
15152565
-1
-1
35313286
-1
76168771
21371758
-1
-1
-1
14535924
-1
-1
48
-1
-1
3030160
43
132
-1
-1
212
426
-1
-1
-1
8825213
-1
-1
8
67027773
-1
-1
-1
-1
-1
-1
-1
92
-1
-1
-1
-1
54806401
343
-1
104
82931185
80
-1
-1
171
-1
0
65079422
39290819
7
-1
-1
38
-1
194
-1
15
-1
-1
37311456
-1
327
-1
2
1
88785982
71
17
-1
90
150
-1
88235718
-1
-1
14
287
33725873
-1
-1
16
-1
-1
-1
0
34525502
305
137
-1
-1
22676684
-1
160
67
-1
-1
92307805
-1
51419582
93
-1
-1
86
79674320
-1
210
4590572
-1
158
-1
39
23247794
-1
36875871
66698090
12321661
-1
-1
83
-1
46064730
-1
11
144
99
-1
-1
109
-1
-1
-1
-1
-1
21
35306107
-1
15786565
20981992
30
90546405
-1
315
-1
7341255
208
171
299
-1
-1
63
-1
-1
-1
72
35
61
249
37737841
49105695
181
177
61466505
-1
1656599
-1
94424065
-1
8379556
-1
-1
64120812
57
-1
-1
76377123
-1
19
72679836
-1
-1
-1
21
48
-1
14
-1
-1
-1
80640579
-1
-1
253
28504478
52813638
-1
-1
26
16899428
-1
97
85433284
66378957
183
281
-1
52
21898215
-1
-1
231
-1
98
8399124
47360895
57
67497873
1
-1
-1
237
8110321
-1
68668464
-1
-1
-1
28887070
-1
-1
21
2
-1
5814452
372
-1
-1
-1
26010575
-1
-1
-1
-1
126
76
10
-1
6351834
-1
49511714
87032129
85517686
60576755
42929027
-1
-1
-1
5623136
1652563
-1
75805286
-1
-1
59
-1
-1
-1
58474490
-1
-1
-1
96725612
-1
69
43
-1
70979071
-1
3161759
79
-1
-1
47
22493944
-1
-1
21796579
-1
-1
-1
245
77907484
-1
354
-1
19
-1
73
1
75777590
71323348
-1
-1
12086190
17516071
-1
-1
-1
5
10367120
-1
-1
61613540
-1
-1
2
-1
-1
71832092
-1
-1
88635242
-1
28909072
-1
-1
13318476
-1
-1
-1
-1
1786749
-1
38
-1
15582816
75
95
-1
73254797
93080629
-1
-1
-1
69
-1
-1
40565003
-1
-1
-1
86514851
79171187
-1
59
-1
-1
-1
11
60683261
-1
-1
-1
-1
14671951
-1
74095831
52358919
-1
-1
36
10619193
20175482
64392464
-1
0
335
5
102
-1
-1
0
-1
-1
-1
-1
-1
-1
70399596
76
43289749
142
-1
175
-1
132
-1
50154779
-1
-1
0
-1
56986436
340
-1
-1
-1
16
74
17687376
1
19525932
303
-1
32578063
47
-1
34
7101160
22829107
65926168
-1
-1
-1
125
428
12765785
102
84
30638135
0
39
-1
26897889
89964424
-1
97076913
-1
81390353
120
94
-1
-1
21
88
-1
-1
36
9444856
-1
3792909
-1
-1
-1
-1
-1
-1
-1
-1
-1
21
-1
48356822
-1
-1
13635826
249
-1
-1
376
-1
5
-1
-1
4466697
-1
46958874
14443071
-1
-1
20874284
-1
159
150
-1
-1
-1
-1
-1
1
-1
-1
77874727
-1
-1
-1
59
255
81216872
87
-1
-1
22374394
-1
-1
-1
174
-1
-1
85765220
-1
-1
8
11
-1
-1
-1
-1
-1
19273832
69
49899257
77965599
386
35457049
-1
125
62993258
32471624
-1
30967869
7
-1
-1
-1
86060258
16
139
-1
-1
53
-1
129
139
50546558
78
-1
-1
-1
-1
171
30460649
34628922
12243667
1
263
-1
-1
131
68204888
-1
162
7
-1
6
30
-1
39573271
161
25963731
18
-1
-1
6704547
71384594
1001707
-1
-1
347
-1
443554
90689891
-1
39483066
-1
-1
114
-1
-1
-1
-1
-1
-1
32504876
-1
-1
74940141
-1
14
-1
75
12
-1
-1
-1
75370029
-1
-1
24062813
24467262
-1
-1
-1
54327945
-1
39
71108768
567672
-1
23
-1
67869896
26809855
26593550
79882995
-1
-1
30958027
-1
-1
51135069
36
233
-1
18
415
-1
-1
-1
15419911
-1
-1
48597583
298
-1
-1
-1
210
-1
-1
1858453
6672894
186
-1
2984602
197
13572281
-1
-1
33476646
-1
362
-1
10424830
-1
82128435
-1
81303465
-1
46385037
-1
72502921
12
-1
-1
171
-1
-1
-1
-1
14020996
162
330
-1
-1
-1
-1
-1
-1
11
-1
-1
-1
62287399
15105830
-1
94929457
-1
86755299
-1
86018290
41950092
-1
122
93650257
-1
136
-1
37875322
-1
6985731
53471350
-1
-1
11
50
86236573
-1
186
-1
-1
-1
-1
-1
41983912
-1
47
42635551
-1
-1
-1
-1
86241805
73450262
-1
67028422
220
-1
44948356
-1
-1
-1
-1
30580838
-1
-1
30
94655424
6
-1
-1
-1
121
-1
-1
-1
-1
5
-1
-1
80440236
75593678
-1
-1
-1
399
-1
-1
312
1
68559764
262
261
-1
87
94102841
-1
-1
37593067
14
27977264
81015321
-1
-1
77682819
214
-1
94
-1
87777304
-1
267
-1
-1
38858866
80878873
9
-1
-1
-1
2447384
39974723
-1
5
-1
269
139
-1
-1
-1
-1
128
-1
-1
-1
-1
87
-1
11841186
20478389
330
10086438
-1
-1
28
14906660
3989248
-1
-1
-1
70660294
44974972
-1
78014340
147
-1
101
-1
-1
-1
18
-1
-1
23369227
171
-1
60102928
-1
-1
-1
417
-1
53683005
67432294
-1
87
-1
-1
-1
-1
-1
220
-1
67
-1
-1
239
-1
-1
-1
37768445
19
360
104
46425882
164
-1
77316247
-1
221
12
212
58
-1
-1
7152760
30
48
104
-1
92
-1
23979184
-1
-1
-1
76658179
6584185
-1
92184169
-1
69333459
18
-1
156
-1
-1
-1
72735522
-1
-1
23191124
-1
-1
72225468
-1
-1
-1
19822493
32
47
-1
172
321
20319551
-1
-1
-1
953420
100
-1
-1
-1
75
20
5942477
-1
-1
-1
101
-1
-1
57056926
-1
-1
-1
12
-1
89
-1
39679208
2
60
-1
6
-1
-1
35593001
-1
24714513
-1
-1
67
98
5
-1
-1
41841054
-1
34304339
88002937
-1
-1
-1
30107051
85618274
-1
28128887
-1
-1
193
-1
-1
-1
-1
-1
-1
-1
-1
-1
183
-1
63971581
-1
-1
334
-1
85979312
-1
-1
-1
-1
37
92576926
34265729
13
-1
-1
-1
35490562
-1
17319437
-1
27177073
-1
-1
35713156
-1
21176020
88
81119683
62174190
-1
295
36269146
71
26
7288139
1
-1
66
-1
-1
153
-1
111
-1
-1
-1
-1
26269048
409
-1
126
40
-1
0
-1
-1
-1
91
-1
52
-1
-1
42
79
66
34146428
34
60904843
97
163
48478627
9776035
61392947
50
96228734
-1
61370408
99
15
-1
-1
174
-1
51217921
12
255
26415540
-1
51029105
314
-1
-1
168
-1
72876123
24
296
-1
-1
50390720
-1
-1
2482678
-1
-1
53
-1
41449048
-1
13
211
115
16392746
-1
92575844
5407537
-1
-1
10
34754610
-1
65
69067635
-1
3
-1
427
-1
17157342
-1
81915271
-1
185
-1
-1
-1
221
-1
7
29834504
278
-1
-1
-1
27
-1
-1
-1
120
-1
74
9176597
44364098
-1
19542831
-1
90523402
-1
6
40142117
-1
45439375
91
-1
0
60668314
16277165
17092853
43043072
89142409
61690602
32
-1
-1
-1
-1
-1
-1
-1
34003620
-1
-1
-1
-1
-1
31126758
-1
5
0
-1
61
-1
-1
79653375
63
-1
225
-1
-1
94687022
64272125
-1
53678166
-1
57088382
-1
-1
-1
64640019
-1
70021459
220
2891448
94953607
39721541
-1
-1
-1
-1
-1
-1
-1
-1
-1
-1
-1
-1
-1
-1
-1
-1
-1
-1
-1
-1
-1
40640643
9449066
-1
-1
108
-1
56994600
88055133
326
-1
-1
48
85
-1
-1
-1
-1
-1
-1
-1
-1
8
-1
-1
80
-1
-1
-1
-1
-1
88103475
-1
-1
-1
4755066
101
2613862
92074829
174
37
48
-1
-1
-1
-1
-1
37086260
-1
15
-1
-1
-1
98
-1
-1
-1
30294651
354
83436659
-1
-1
9
43053698
64597051
-1
-1
7
-1
-1
55625541
71837797
-1
-1
-1
38281801
24632983
43466813
-1
27530229
289
-1
53
50043457
-1
25
70824957
68258129
323
-1
121
-1
115
-1
-1
-1
-1
104
-1
-1
43
234
-1
368
283
-1
-1
85988885
3
-1
10998173
56
-1
60
33660632
17017546
-1
81842560
-1
1464585
-1
0
51660053
-1
98
-1
-1
253
-1
-1
-1
67990091
-1
30971678
-1
-1
-1
19739349
-1
-1
314
-1
-1
-1
-1
78324127
5
-1
19417080
81
-1
-1
14940045
29
-1
-1
5917890
-1
-1
-1
27040636
57421947
-1
-1
7026601
-1
64656592
86
-1
-1
-1
107
83669609
-1
-1
1673616
50457441
14156020
18
83317091
77
-1
-1
-1
80
-1
13299214
-1
-1
121
-1
-1
29845541
-1
-1
83016567
14302020
0
152
6371257
-1
-1
39223648
-1
394
-1
56987362
-1
-1
32
24345044
-1
-1
-1
101
-1
223
-1
99
-1
-1
22
-1
173
-1
87
-1
-1
16
80211021
-1
-1
215
96128513
2456893
27950793
-1
-1
-1
-1
17887624
79235846
130
-1
41
7924648
13845997
80306350
73543607
-1
293
61410714
79166014
-1
42925700
22
316
107
-1
-1
-1
-1
-1
-1
-1
0
23072498
2
-1
-1
19164693
-1
-1
-1
32
6126857
-1
-1
11847239
-1
-1
-1
-1
-1
15332492
-1
49
90
20154091
-1
127
-1
121
-1
77006198
-1
1
-1
42
-1
63873692
61383920
-1
-1
-1
-1
-1
-1
13881426
85994297
-1
-1
-1
91749501
53663126
-1
82207238
1666869
19075061
229
-1
101
-1
41333641
-1
32379763
-1
77303630
117
-1
-1
92315759
52
-1
263
-1
54
-1
-1
-1
-1
-1
-1
-1
6258695
-1
114
-1
63793864
81016514
83
-1
62
43842914
-1
-1
-1
60964900
-1
-1
244
-1
-1
-1
1011510
-1
-1
12
12
0
5922065
-1
77
-1
-1
242
-1
-1
51703716
33937281
-1
2
-1
-1
85
-1
50
13199468
9531923
18138618
48846236
-1
-1
0
-1
-1
-1
-1
91929226
-1
-1
-1
14
81961866
-1
-1
-1
94
80297140
101
-1
172
-1
29767496
118
-1
-1
-1
3109967
-1
-1
97
-1
63
78420287
49
150
-1
6577801
68388976
-1
35545436
19773288
100
56539541
71167750
66833945
180
24882546
43913668
-1
-1
-1
-1
-1
-1
63033140
114
57385940
279
-1
-1
85911504
20850386
-1
75080235
346
-1
10571458
65951226
21632339
-1
94
93407225
-1
-1
-1
-1
81
-1
-1
278
-1
164
-1
-1
42770259
-1
-1
-1
46
-1
-1
18962802
26200438
24755067
-1
-1
90
82967623
-1
86350114
-1
134
89547781
1
-1
-1
44829637
-1
-1
76823836
-1
402
-1
21
64
65417046
173
41532169
6
-1
-1
100
-1
-1
-1
-1
-1
10
58859444
-1
57751283
-1
-1
-1
3
-1
156
70425242
-1
55925181
88880794
9
-1
313
-1
-1
-1
78332939
-1
-1
111
-1
13
-1
211
5520366
17206360
-1
-1
-1
6
20
74473013
5
-1
-1
-1
31936566
-1
4
-1
-1
90604168
-1
113
88891249
6
-1
50
22582038
228
-1
-1
73039942
90073436
-1
31
-1
-1
-1
103
94
151
-1
-1
35197469
54410924
22707243
4
-1
-1
-1
146
-1
25612563
297
-1
329
22929152
-1
-1
118
-1
53373550
228
273
-1
-1
-1
-1
-1
-1
-1
28
-1
57
454
1
1
43598504
8482276
349
10645897
6125266
-1
-1
144
-1
-1
69248576
18309337
-1
-1
96
32696200
-1
303
-1
187
5
81
15856682
7070661
124
63078181
57
92843800
-1
-1
-1
5102351
75
-1
87723693
-1
-1
-1
-1
-1
-1
20369138
95832857
-1
-1
-1
23
0
17222764
29
46704325
57663804
-1
172
53678225
4752361
-1
18
60349245
-1
-1
-1
62611925
-1
-1
-1
47770328
-1
48013122
108
132
194
-1
65439856
-1
-1
-1
-1
66381841
-1
65117043
-1
-1
-1
-1
-1
64
71497796
-1
1
112
7
80866747
-1
26852975
-1
-1
-1
-1
153
-1
-1
92884343
253
195
267
-1
653720
-1
-1
118
-1
431
-1
-1
68
-1
13939781
378
-1
-1
144
-1
113
87916338
-1
39036608
30
132
-1
-1
9927208
-1
217
76
-1
-1
-1
36664831
455
-1
-1
79883092
59
23
-1
-1
29883755
75853396
58327364
63011506
325
-1
-1
-1
144
48
-1
-1
18
34660157
-1
86
23
-1
-1
21961179
-1
91295430
58415182
101
414
3986743
95568432
-1
-1
42
-1
86325664
-1
-1
35386106
-1
97
-1
-1
23685062
-1
4
55836318
224
26577964
-1
57339938
-1
-1
47
-1
-1
11
-1
-1
250
-1
-1
253
-1
-1
-1
-1
15635076
36
1
60732461
-1
465
36153640
-1
-1
-1
22384764
-1
41
264
-1
-1
28978561
83014904
-1
-1
85097490
-1
51
-1
-1
32
-1
102
-1
1
-1
52
174
-1
-1
18
60
8
38041453
-1
68278919
42
-1
-1
-1
97
-1
-1
-1
-1
141
96161989
7
12708471
-1
35036916
85
-1
-1
-1
18
-1
-1
-1
38294291
25913497
-1
-1
26
146
-1
6
4911398
-1
-1
23495171
-1
-1
-1
231
44280786
-1
217
21
0
-1
-1
78199928
-1
41872987
76002753
-1
41931365
10
-1
181
65
-1
-1
-1
-1
195
-1
27104343
-1
58312521
-1
76127341
23
-1
-1
-1
-1
18
-1
32960667
109
96483614
1
-1
-1
-1
56
6
-1
-1
-1
63
-1
-1
-1
-1
-1
7131546
35833820
52591535
90238008
-1
-1
-1
-1
-1
7
62965182
-1
-1
31
249
72728667
-1
278
-1
87621385
-1
-1
-1
-1
5087389
-1
72294365
60542788
43045449
255
-1
-1
-1
-1
-1
33
368
69659800
-1
-1
1442699
-1
91
4
-1
20790554
-1
-1
-1
-1
-1
400
-1
105
80430526
39022059
-1
-1
-1
76448144
-1
162
179
-1
67371436
47320824
-1
-1
-1
-1
-1
-1
-1
27057485
0
-1
-1
53711634
14
47
19041387
-1
-1
-1
-1
305
-1
-1
80782179
-1
34921734
100
8237501
5662461
-1
-1
38572110
-1
53045921
7385946
36853192
6
-1
39768304
-1
82810107
-1
-1
218
261
86675133
21
-1
49
-1
-1
1
-1
-1
287
179
-1
8466345
-1
-1
-1
-1
-1
-1
36
91272864
96
140
26175591
-1
-1
-1
103
-1
-1
46
-1
-1
-1
4791884
343
55170486
-1
-1
-1
66
-1
60
23053247
-1
81
-1
91322446
-1
1
-1
13322230
412
23
-1
0
-1
-1
-1
-1
-1
97234858
7153327
-1
-1
-1
-1
81288295
7478641
-1
270
-1
30137642
-1
229
-1
10
68880386
-1
-1
-1
26366571
-1
-1
57520635
-1
90726046
-1
-1
-1
-1
80778413
70681662
-1
49412235
267
89060085
23299385
129
-1
1
1
-1
-1
-1
-1
18
-1
48
-1
-1
0
67
-1
16458243
-1
-1
-1
-1
-1
74476351
33806374
33
-1
-1
29314523
96744476
-1
16612906
80
-1
85147853
234
-1
16195484
382
-1
151
18943265
28414750
368
19522551
244
8216468
-1
-1
50524448
86
-1
-1
103
76919756
-1
205
-1
-1
-1
8473754
-1
0
-1
55
24208275
27307873
-1
-1
1956269
-1
17
39769397
138
21
233
397
-1
4
23688406
103
13879469
61168509
12548843
35
25220060
-1
-1
59
-1
-1
-1
40461988
-1
-1
133
-1
-1
-1
-1
46323030
6786631
119
-1
-1
-1
4
-1
121
-1
8
-1
75148629
78852568
373
53270272
389
-1
-1
-1
86
-1
-1
67613458
-1
27
-1
-1
31234741
54501399
327
59711791
55
216
74590759
-1
315
212
20
-1
67
13
-1
19270745
60118976
215
-1
317
86107230
108
88443824
64
-1
-1
258
-1
96529474
-1
-1
-1
-1
-1
-1
71658537
-1
50
2987488
-1
-1
-1
7262337
-1
13957673
244
-1
-1
10
-1
-1
-1
20369447
96636999
9175782
-1
0
21464578
30
-1
-1
80588489
66276315
-1
75001784
86735693
-1
349
83357594
-1
16
56608400
26101818
-1
107
53828278
-1
2
85860978
22723598
310
-1
-1
126
67601502
59839534
63644393
-1
-1
-1
398
-1
1704911
-1
3364868
28772151
42692102
66388061
-1
4608593
15466670
189
17999102
13
-1
-1
63668270
56819323
60039693
50589125
-1
87519083
-1
3
-1
155
-1
-1
-1
183
241
42836047
-1
-1
83
44
-1
-1
40766306
40132279
62289659
-1
270
-1
-1
39114375
-1
62287987
85
5
74943227
-1
108
-1
85102717
76995800
-1
13448906
-1
85045570
-1
-1
-1
-1
-1
1
10
-1
-1
49227437
-1
11
-1
-1
-1
389
60400241
-1
-1
-1
127
-1
-1
85
-1
137
-1
-1
-1
37883134
-1
-1
0
181
82840426
-1
-1
-1
93
-1
-1
-1
-1
66
102
-1
-1
78790484
-1
-1
65
-1
-1
-1
70852988
-1
96
35
5678750
7
54
-1
-1
-1
80454080
73331316
9249186
-1
51
-1
72
-1
285
-1
56
24
85365042
383
-1
67928080
80
-1
-1
-1
-1
-1
-1
0
-1
43602732
121
-1
22352544
102
-1
71819318
35380368
-1
13702960
-1
5
-1
317
72746868
-1
80552133
-1
-1
86661822
63791567
-1
-1
-1
-1
-1
23
66
-1
-1
87166715
64
-1
58
-1
87341821
-1
-1
-1
-1
-1
-1
27163950
-1
14607349
60865261
0
10
-1
-1
-1
111
-1
-1
50265304
52
149
19
218
-1
259
1
-1
-1
-1
230
74461962
-1
-1
24816721
-1
-1
-1
-1
-1
-1
58
43
40
12
61601864
-1
-1
12
-1
58578861
93
-1
-1
139
31
40
94109280
75309546
-1
-1
46105236
-1
-1
75804613
16757994
-1
-1
75479851
24901680
260
-1
9
-1
21197570
96275784
-1
49644637
-1
-1
59627837
-1
-1
-1
90586200
-1
75327897
-1
116
97
136
164
-1
1075081
17
5284422
5
-1
-1
-1
-1
68509801
-1
-1
-1
-1
115
31
57104875
-1
47934520
-1
47818079
-1
-1
-1
-1
-1
-1
54
-1
77187720
-1
146
-1
-1
73480894
1
2
18
386
154
270
-1
-1
78739418
-1
94811437
1194638
73917575
-1
-1
-1
-1
-1
5522155
-1
3
-1
87015360
1086776
-1
61
41288485
44795475
23308145
-1
102
-1
88241428
184
-1
133
-1
272
-1
-1
-1
-1
-1
-1
16899090
73
83339802
50913486
74861574
-1
-1
-1
14081535
123
-1
-1
-1
-1
30713599
-1
-1
-1
-1
-1
-1
140
-1
-1
-1
-1
170
44083755
-1
53187552
45906726
219
-1
-1
-1
-1
111
-1
-1
-1
-1
39610475
-1
79246494
198
119
-1
31284665
-1
201
45
11675652
-1
2
-1
7877067
-1
-1
-1
-1
92299327
-1
-1
-1
-1
7769838
15
-1
-1
94515731
-1
68
-1
-1
-1
-1
62117602
-1
-1
23076243
-1
89048406
-1
-1
-1
54603511
53264892
-1
58
-1
-1
11237412
61283420
-1
273
-1
54733138
1
31506472
-1
72
3744060
-1
-1
-1
10226573
-1
15
-1
135
72
7
14
98423863
-1
86393990
351
28
-1
-1
108
-1
237
-1
17
0
39740706
-1
-1
-1
139
40
-1
72599179
-1
217
-1
69
4
27392759
73300421
-1
133
-1
52773294
29
-1
-1
133
177
33
-1
-1
65
68
-1
78
54899218
-1
234
-1
95272853
76413939
69552938
-1
-1
58018044
38122085
-1
-1
53009734
-1
15
58
64
-1
-1
-1
20915763
114
302
63115711
-1
12
1667731
160
3926869
-1
-1
164
-1
70423504
-1
-1
-1
16
-1
34511309
80369031
-1
-1
96
32879281
-1
78623853
-1
-1
59838829
28355126
180
146
-1
85679701
2
-1
-1
180
-1
58583034
-1
-1
-1
34
-1
-1
-1
-1
19
17
-1
-1
12493557
-1
408
30267081
53829247
-1
76685382
-1
-1
-1
298
-1
-1
84708497
91310846
31392053
-1
-1
-1
98304328
-1
95
330725
203
78812154
214
112
-1
65310187
34213784
-1
-1
-1
-1
272
-1
14
61502970
40290058
-1
34400573
-1
92085787
-1
-1
141
65281658
41229892
-1
128
52
44
86744766
86
238
10595368
-1
-1
42
-1
38407154
31
-1
-1
-1
79
-1
-1
-1
85578987
55126602
-1
159
75257178
354
-1
25842961
58796533
91978946
-1
148
119
-1
113
-1
54431579
-1
-1
-1
13824450
-1
34
8295730
30829404
62
-1
55073634
-1
25065914
66370210
-1
-1
-1
64
75
67
-1
-1
79687039
44
-1
0
122
246
25
15117289
-1
70
64519473
-1
78136665
-1
-1
-1
-1
-1
29451073
37074781
-1
93893911
19307061
-1
-1
88869279
-1
-1
91292817
-1
71
-1
18
96
-1
-1
-1
4
-1
-1
21
22
49239320
37984833
-1
54376097
-1
-1
-1
66142739
86
-1
25
-1
-1
30
-1
-1
56
285
85047934
41256862
234
-1
-1
-1
82972014
-1
-1
-1
57
-1
-1
97263377
-1
-1
-1
-1
-1
33215850
53633815
-1
37218691
54007269
279
-1
-1
-1
-1
63217921
-1
-1
147
-1
-1
-1
-1
-1
31490125
-1
-1
-1
-1
89
78595697
-1
61
77302414
162
-1
-1
235
1
-1
-1
100
-1
-1
-1
-1
26453567
71258933
-1
33125531
278
79956242
22206949
-1
-1
-1
66
75738655
-1
178
52
-1
-1
-1
85
35429606
-1
84
-1
107
65
-1
1
52468328
-1
48053583
54230445
-1
-1
-1
-1
50
35403709
-1
0
-1
89771707
-1
105
-1
-1
-1
-1
3045094
-1
109
16
-1
-1
37541703
-1
14
61
97792080
63
-1
151
-1
-1
-1
-1
28676838
34854478
118
14682860
-1
85556114
-1
-1
76634650
-1
135
75108396
-1
55986546
-1
38
-1
-1
-1
-1
37
97
69571852
10
-1
47
67292239
31887352
80080066
-1
-1
-1
240
86
-1
6392845
-1
-1
83620871
-1
-1
-1
73371404
-1
67
-1
-1
-1
-1
-1
-1
-1
9667680
1
63281685
-1
164
-1
77
-1
163
0
-1
75
164
-1
-1
-1
-1
-1
68422458
25
-1
70903115
3
-1
35523944
-1
-1
140
-1
-1
-1
38
108
-1
-1
-1
-1
24143987
8396353
31786509
-1
-1
-1
-1
18
43814894
16
-1
-1
-1
-1
-1
-1
-1
27
49
46
-1
263
-1
49062806
-1
66449165
-1
88977990
-1
10
-1
65732158
-1
65354328
-1
-1
-1
113
93339871
-1
180
-1
-1
20
84514003
82097750
102
459
5
56
28083961
50721990
-1
-1
-1
-1
98458998
316
74458250
187
-1
904591
0
-1
-1
-1
25655008
22952176
-1
45
-1
6466078
-1
-1
38672219
-1
40209191
-1
-1
-1
58670335
0
20407509
267
-1
87710626
-1
92650830
14080719
-1
80374279
-1
-1
-1
135
95886626
-1
45043756
124
-1
84854373
-1
-1
410
-1
39814267
86
36
-1
-1
29
-1
328
-1
424998
10
337
162
69
75916920
263
-1
143
-1
-1
-1
-1
-1
76183791
-1
-1
39
42
64
-1
55
69
317
15983838
-1
-1
31744372
-1
1
-1
-1
-1
-1
74766629
-1
0
-1
114
-1
28
0
-1
53
-1
-1
-1
32
66413492
326
-1
65
-1
3
-1
-1
-1
59310580
86945906
-1
-1
33939511
45477353
50148691
-1
-1
-1
-1
-1
-1
61
12692759
159
141
-1
51189132
10646297
0
-1
22
-1
44617499
230
78067099
48
-1
20748755
197
-1
-1
-1
17
-1
75
175
93891272
72
47142301
-1
-1
-1
176
-1
-1
-1
-1
-1
-1
-1
38
64752810
-1
-1
12203138
-1
-1
-1
63258911
46
47149350
80190488
51510312
-1
77063175
-1
89555774
97611697
70661513
132
72069774
4
-1
249
-1
-1
-1
-1
-1
81
-1
-1
203
-1
-1
-1
150
27403080
19
-1
-1
72920182
8708496
52781451
-1
11
3
-1
-1
103
60212681
-1
-1
-1
34816068
213
-1
2601049
177
6
-1
-1
-1
-1
-1
-1
204
120
-1
83414697
-1
69043353
-1
66232575
33907439
-1
86274738
-1
162
-1
72284333
33280373
-1
-1
29103523
8996190
-1
11721896
72952702
119
-1
37797480
-1
-1
63573379
7
110
11217952
85463471
-1
1
-1
-1
62
108
17
350
21353514
-1
-1
-1
320
299
-1
154
-1
-1
83289426
7
71814892
83192366
20
-1
-1
78260763
129
448
48
44194967
56
-1
12
94
-1
35566703
77
-1
10557283
10739882
68934202
51575457
-1
34
51
-1
-1
-1
-1
96
119
129
-1
-1
26
99
-1
-1
-1
82123301
-1
-1
-1
84523892
117
73214344
-1
275
190
43
29425012
77
2
80
26
93268447
34911636
147
71260451
-1
-1
-1
16
-1
9623461
39
-1
89317785
-1
2
-1
-1
25365577
-1
-1
-1
-1
64262254
-1
-1
74319923
-1
-1
19860409
377
-1
267
43293132
-1
70514112
139
14244673
-1
230
16
-1
-1
-1
-1
-1
48412561
12
-1
-1
-1
151
-1
69847037
-1
-1
-1
-1
-1
-1
-1
-1
-1
-1
-1
-1
-1
83
-1
-1
-1
490
68436153
64326868
-1
-1
74307824
112
-1
262
-1
-1
-1
-1
0
53
-1
236
81
36771313
29406199
-1
-1
-1
100
-1
327
75
-1
-1
-1
-1
94
-1
-1
12
84727426
51522400
-1
133
46759723
180
186
5
121
90168659
71615673
-1
-1
-1
-1
-1
17
78
-1
98
-1
110
-1
3416211
58
-1
-1
-1
31
-1
-1
-1
82
-1
30492484
-1
-1
-1
275
-1
51628689
-1
-1
-1
-1
47642803
-1
-1
-1
4
-1
-1
-1
-1
-1
-1
9
-1
55
-1
52380826
328
36425951
3
52
-1
-1
-1
153
-1
-1
89
69332010
42
-1
-1
256
224875
-1
50424034
-1
47
65096771
31
40
-1
8620080
-1
36
-1
76
-1
-1
28663072
-1
344
91939753
-1
189
-1
75
-1
-1
7515748
53007156
80
-1
95620452
-1
-1
-1
-1
-1
129
-1
209
-1
-1
-1
239
-1
-1
49755787
127
63473426
-1
-1
77790499
-1
56522071
-1
-1
-1
-1
67195606
-1
-1
27
91820807
10969326
-1
-1
-1
20799366
295
20
-1
67887468
69253038
41
-1
-1
-1
95
-1
-1
53
13860296
-1
-1
8315590
-1
3499338
-1
174
15395185
-1
15682896
-1
-1
29799592
-1
-1
13330309
-1
-1
-1
-1
-1
365
198
-1
-1
66477795
74
67307766
335
-1
13343183
227
-1
-1
107
-1
-1
33489668
37625009
1
53
-1
-1
-1
-1
21669878
83
272
-1
39879746
54
56768281
66
-1
73
34
91363242
46373819
28265421
-1
-1
-1
-1
46565022
-1
190
301
-1
60225655
-1
-1
41211674
-1
292
31006803
-1
-1
280
86
-1
8
71
-1
68030223
-1
-1
-1
-1
43203004
-1
-1
29987969
131
2
246
92
41808796
-1
1
-1
91727708
-1
82450435
36969838
-1
-1
-1
10706567
-1
67198538
79109757
96011543
23
19288790
-1
38985687
-1
-1
-1
95508979
-1
99
-1
67285717
31128438
-1
36382857
-1
97462764
58380983
-1
-1
87541102
7107741
-1
95197350
-1
20529773
96988479
11541620
-1
-1
273
0
-1
164
-1
-1
-1
-1
-1
2430870
55871028
18670218
-1
47577789
-1
323
95303293
-1
-1
85385555
-1
-1
-1
92976513
-1
77
-1
157
-1
96301797
-1
-1
12
-1
77751965
-1
-1
18219760
-1
-1
-1
9
375
-1
-1
-1
-1
-1
66769763
-1
64296676
-1
-1
67220210
-1
84
49014442
25333476
-1
86146783
-1
26093132
-1
71
160
13
60988345
66516594
-1
-1
106
-1
-1
199
-1
-1
-1
1
-1
57478333
-1
3603554
-1
-1
-1
-1
3
-1
-1
-1
47407971
-1
-1
52676271
69267755
-1
4509133
61488567
-1
-1
-1
-1
-1
88563784
-1
76970617
33029762
143
-1
-1
-1
-1
-1
30
-1
20807293
-1
-1
-1
88
-1
6
-1
80455661
22
1
-1
37299478
-1
-1
-1
39171346
78324327
48
-1
80284438
18
-1
77
94880998
-1
-1
16406930
-1
11
78186495
-1
-1
-1
-1
28
327
-1
-1
86915486
71145066
-1
-1
64096632
-1
8145701
-1
184
-1
-1
2
-1
193
191
83423042
-1
-1
86653844
-1
29
-1
53168788
60685591
3005427
2
166
83674052
28
-1
27436156
4
63139888
115
-1
-1
-1
-1
68010499
-1
7651384
-1
221
-1
-1
87
-1
-1
95033433
-1
-1
40
105
79877785
-1
-1
-1
38
-1
54
76379401
-1
57988300
12543990
-1
257
117
46
-1
89820384
14249235
57294814
8
70374956
-1
-1
435
-1
-1
-1
-1
-1
-1
373
53592226
-1
27338082
62870884
73
-1
79799855
-1
1
-1
-1
56
-1
95178428
39883679
2
-1
96011344
-1
-1
-1
87296618
-1
15
41699490
54774678
0
-1
-1
47861344
-1
81
64564470
-1
15
43737651
3408305
143
-1
58682150
23
-1
-1
-1
33097184
54083550
-1
221
-1
-1
-1
83
26
413
32
20719544
-1
62
-1
63082909
95
138
-1
-1
-1
26
91393605
-1
45072797
-1
76790691
-1
-1
-1
70821118
279
40641475
50220780
5514339
-1
-1
-1
-1
43039300
-1
96545362
53
-1
281
-1
62951608
-1
56835443
43047094
-1
-1
-1
-1
34752407
0
1
-1
30849337
-1
-1
-1
49805511
8
2727116
58
92872823
-1
12
-1
-1
87640715
56
-1
92500133
65891893
-1
-1
74167
-1
-1
-1
19675312
-1
15980793
-1
-1
16
-1
71636542
79095754
17
246
-1
-1
85602127
48
64227426
-1
1
10507010
-1
-1
-1
-1
2714598
-1
-1
83499031
-1
65132145
0
8106879
97304717
-1
112
-1
345
-1
171
-1
-1
179
-1
-1
92519160
161
-1
-1
12
-1
0
-1
203
-1
264
66
65600220
100
-1
189
-1
-1
-1
-1
-1
53332199
-1
231
79469878
79492827
3
0
-1
238
3
-1
-1
-1
-1
-1
-1
-1
105
1
52617629
9228104
-1
21
-1
26694161
-1
-1
61061580
83
217
-1
113
58152372
-1
-1
169
2
-1
-1
173
-1
80510680
-1
12
-1
30520463
44739124
-1
82691529
43723054
-1
65902015
-1
40
196
140
-1
-1
-1
-1
-1
-1
82530206
70753335
-1
5
27
-1
31136423
11
34675689
-1
27312066
43
-1
9975432
72
-1
-1
-1
34221436
-1
995026
84
-1
87
350
-1
32458724
46021818
-1
162
-1
-1
-1
52112575
272
3874349
-1
-1
-1
-1
-1
-1
26
282
18
-1
-1
-1
-1
49
80480958
103
81
223
-1
185
14330985
306
-1
-1
-1
-1
40140304
-1
-1
46162973
-1
-1
-1
-1
-1
-1
206
63231610
-1
-1
-1
-1
44583278
-1
7808731
72833965
31
222
63751887
56748047
52482178
-1
-1
-1
145
-1
7843477
57142619
-1
396
614108
58693525
65
-1
85196091
8610658
29
45004105
-1
-1
57890402
76442229
69381704
75527461
3988838
-1
20
-1
-1
-1
4
67
26386318
363
340
71
44
178
-1
-1
-1
-1
59105895
-1
-1
118
-1
-1
89003384
-1
33674161
5115459
6336195
-1
18
22
204
-1
29922655
-1
8133141
-1
61228113
48939553
50077436
-1
88648024
60325008
-1
-1
-1
-1
-1
42097982
-1
-1
34207592
-1
-1
11
-1
-1
49387533
95
38
-1
64731683
67
-1
9
1
15082223
-1
-1
250
3129088
-1
-1
94470442
12
2
-1
-1
-1
10967767
-1
-1
25043087
250
76787690
30623049
60259499
-1
-1
88695791
377
-1
82855629
-1
-1
0
17
16
-1
106
-1
161
-1
-1
-1
30032995
-1
-1
20
15101438
82
50
-1
-1
15561797
50649609
-1
-1
-1
6366750
27766154
58
-1
87
-1
-1
-1
-1
-1
147
81
27489339
-1
38
39
-1
40
64
3
57959712
183
146
11
-1
-1
115
150
91250671
-1
5960260
-1
71452350
56973606
-1
313
-1
0
9112125
27362778
-1
18368911
-1
41
-1
30
-1
-1
101
45853224
82206891
94622168
27521445
-1
177
19635701
348
153
-1
-1
-1
443
8
95
-1
18193350
-1
-1
79376794
-1
70078192
35
-1
94353442
5
-1
83953824
-1
10065724
20
-1
26670681
-1
-1
-1
7775286
186
-1
89
-1
416
-1
-1
-1
-1
28719758
-1
38125544
-1
-1
-1
-1
-1
344
-1
-1
-1
-1
297
-1
43915496
-1
213
-1
5492460
-1
21
-1
48886616
-1
71674978
8
84
30344044
-1
-1
7
-1
-1
-1
118
90310538
-1
68385191
6886797
281
4
-1
252
-1
80
-1
-1
87737771
27763833
-1
133
68195749
17093111
27483092
18488032
-1
2452555
-1
-1
-1
96763624
-1
-1
60949253
89019952
474346
176
-1
306
13876782
87552909
-1
-1
-1
29
-1
-1
-1
60536681
-1
-1
-1
-1
349
-1
-1
-1
-1
-1
251
-1
71
38910208
50522075
-1
184
-1
-1
-1
11526348
-1
-1
82653555
-1
99
-1
5
-1
-1
-1
-1
157
9
-1
-1
232
231
13
-1
-1
-1
124
73659059
-1
-1
29912235
70480416
107
-1
-1
-1
1623865
63633641
36
39702291
-1
-1
89
170
-1
48605466
-1
183
-1
10118709
-1
55638138
40
-1
55
134
105
30
63885851
34355167
10
21872212
13
-1
91200842
-1
-1
-1
-1
-1
-1
-1
-1
-1
-1
80685927
-1
-1
28811001
13
-1
-1
-1
15189170
11826712
-1
-1
748915
228
-1
74
195
0
-1
-1
166
120
-1
-1
70
-1
93467973
85
-1
-1
85239898
-1
-1
-1
49434787
-1
14527088
31091626
12530512
50966007
79
-1
86090569
43691197
83
118
126
101
-1
16721063
-1
53214064
15
60206645
55
22
141
37758363
55
-1
-1
-1
98
92362390
-1
-1
17529969
-1
-1
27392076
-1
-1
-1
-1
-1
70
-1
-1
-1
42263146
54052006
-1
42321472
22642473
15
39185837
40840311
73489621
-1
-1
-1
-1
-1
41662058
-1
-1
49
94605517
-1
-1
4
-1
-1
-1
-1
60295791
34
45911298
-1
-1
61849242
234
-1
60
-1
40
-1
-1
-1
-1
291
19446296
18160280
-1
-1
-1
-1
56132190
-1
44
-1
410
-1
-1
-1
134
-1
94572610
44616972
-1
255
-1
12556680
-1
3437887
-1
-1
49390819
147
-1
-1
-1
-1
-1
-1
-1
31
158
33111532
68
-1
75
1851675
299
10
-1
284
4
-1
31762727
33
-1
175
-1
-1
-1
-1
-1
44380292
56
-1
-1
-1
44633749
-1
-1
-1
183
-1
-1
31899065
129
-1
60
9269511
21393777
92549544
-1
17392157
-1
32
151
-1
36211339
2
-1
22
194
59364177
36
202
348
-1
-1
46854496
-1
-1
117
174
-1
-1
94754879
98
6
-1
180
259
-1
16758698
13883733
154
-1
26041498
-1
225
90579646
31178272
12733747
-1
90
66763394
18514796
-1
57797538
-1
88
0
-1
1684380
-1
75689292
-1
66184453
-1
-1
-1
-1
-1
-1
-1
42894704
-1
-1
-1
-1
-1
5
-1
206
105
20719031
56204517
18487347
-1
28028965
98
-1
47385613
-1
47630255
-1
17
31530151
-1
295
-1
30777528
12
-1
-1
-1
-1
-1
-1
31059627
-1
29319757
-1
41
52
41
50
-1
69526292
-1
-1
-1
105
85903543
90268878
33224750
-1
35207276
93320654
109
4050311
-1
7
-1
81
85760032
42687682
-1
8303802
-1
-1
62097901
56461658
-1
89327549
69219788
41445463
192
-1
-1
-1
14807949
-1
41980757
-1
-1
161
-1
83815400
-1
-1
121
65525700
-1
38208855
19
-1
295
-1
93760755
78
-1
-1
69
-1
-1
51
-1
-1
-1
13
45262904
247
201
-1
85
-1
50
32550835
-1
-1
-1
22850241
-1
-1
5585029
-1
-1
83763239
-1
174
56
96327832
36446051
3
45
61300925
41998255
-1
33611589
57559989
-1
276
10118722
55
51949283
-1
-1
-1
-1
-1
-1
85334330
92952497
23
-1
280
96
-1
12
19835414
-1
114
35884271
-1
0
3
-1
-1
181
-1
44
32755928
8691001
-1
-1
39610026
45159894
31
-1
164
-1
-1
-1
8830329
58725085
196
-1
140
59
25788337
22
-1
-1
-1
29
92
-1
56784182
67
57
-1
-1
-1
38009957
-1
-1
-1
-1
48877
-1
312
-1
293
-1
-1
-1
95
51
343
-1
33
83622268
-1
326
84
95924677
18420382
-1
41287873
-1
-1
-1
266
42
18
-1
-1
-1
-1
-1
-1
-1
-1
61568468
221
26722146
5319605
-1
106
-1
-1
-1
617344
-1
3
-1
-1
-1
-1
1874110
-1
-1
17686107
75806878
-1
82
38757020
279
207
-1
112
-1
-1
16810074
-1
0
264
84944431
18048511
-1
47
-1
-1
83907470
35824248
312
-1
-1
-1
-1
-1
196
10394065
-1
435
-1
-1
-1
3547688
-1
-1
-1
-1
-1
-1
-1
-1
-1
-1
-1
35899108
-1
-1
15
-1
-1
11087779
-1
436
-1
3
12
-1
-1
95937142
101
-1
33561952
92
-1
97
112
-1
4
-1
0
32793979
-1
56
-1
-1
228
-1
12519521
0
29269361
235
48568924
-1
-1
-1
-1
119
29400465
3334981
-1
29250239
-1
21826463
-1
-1
-1
81370312
-1
36
1
-1
-1
232
30
18501432
-1
44225424
89952157
-1
14
-1
33507498
407
186
-1
-1
-1
22002938
39
-1
-1
-1
151
61
-1
38083969
1046014
49905745
3876717
4
-1
247
14981925
-1
27
29
21205072
-1
72651567
-1
-1
86102096
-1
-1
-1
-1
308
-1
31
258
36
-1
126
83
11831131
-1
-1
33660948
-1
-1
39429996
45945309
-1
-1
-1
187
-1
-1
63014186
3
-1
57736138
184
-1
72484793
62
60662264
224659
81413749
72405705
-1
-1
-1
15034660
357
-1
105
52272572
-1
367
-1
-1
-1
-1
-1
23838229
-1
183
53
67682546
-1
12
46
-1
-1
36
96177801
-1
-1
2
106
1433566
-1
-1
23
-1
-1
14150342
-1
87931449
-1
-1
56702873
-1
-1
-1
-1
-1
3
-1
-1
24
-1
94
36880847
62148947
-1
192
50775496
-1
-1
-1
-1
-1
45587376
-1
138
82010062
-1
-1
-1
2
121
-1
103
-1
93
198
2759155
2
23
-1
-1
37792368
-1
50977805
-1
-1
-1
203
44493475
-1
-1
-1
34
-1
-1
-1
-1
-1
-1
92
-1
-1
-1
58071893
5497481
58181537
34125803
-1
-1
-1
48498893
31792147
13
272
65
-1
-1
-1
88658534
-1
137
6
-1
-1
-1
-1
-1
130
-1
22
83385707
20894153
53916709
109
-1
-1
-1
11
56
35389076
91076045
38915460
192
25472174
42018664
15737346
48
-1
-1
-1
-1
289
-1
72
32
21
258
47
37468835
-1
82904361
28178870
133
-1
1
73574058
-1
69015126
-1
-1
-1
-1
-1
57074088
301
-1
-1
70722535
411035
-1
4410837
56
-1
-1
-1
63811134
-1
18350367
-1
9
202
-1
-1
-1
32
137
201
-1
-1
71238026
-1
60
73044341
-1
20366276
-1
-1
-1
-1
33
-1
-1
-1
25491227
-1
-1
-1
-1
-1
0
-1
37284014
263
38993625
-1
26774301
31418107
-1
-1
-1
-1
-1
-1
108
196
70589130
-1
-1
32
-1
33161341
18769948
49876933
-1
310
172
16153820
12
-1
-1
-1
70523890
-1
28639309
-1
18563681
14010233
173
373
0
11163672
-1
21
7936015
92011993
87155703
27486221
33201985
-1
-1
16860648
-1
0
-1
52422843
-1
37439425
34700974
0
74
-1
0
-1
-1
-1
75812648
14
-1
1
-1
-1
2293142
58943110
31831256
21
-1
-1
-1
70380706
-1
53777920
-1
-1
2
23488346
81293157
-1
8946250
-1
61099435
92168106
-1
-1
157
91
1
-1
-1
-1
-1
2
393
4
50129997
-1
18
87919535
-1
93629301
-1
-1
127
-1
-1
-1
7920224
-1
73266760
-1
-1
44
10
143
-1
-1
322
-1
-1
109
26498035
-1
64809818
378
5
109
2
57167410
44
-1
-1
294
90
-1
-1
0
9
102
107
98
-1
-1
2
-1
4789465
-1
286
-1
-1
-1
8
-1
-1
150
-1
-1
-1
-1
-1
39576348
65
39745453
-1
-1
49394043
-1
-1
-1
77932432
-1
-1
26
-1
91
-1
-1
-1
52634815
-1
2
75038758
-1
71825522
21
32
167
92
-1
-1
-1
78
84
254
-1
-1
-1
-1
-1
-1
-1
13579881
-1
-1
-1
87646309
-1
-1
-1
2807420
-1
28
1283021
344
-1
-1
185
111
-1
-1
-1
3
350
-1
40006258
83
-1
-1
-1
15
333
18795118
-1
-1
65614776
-1
32
-1
-1
-1
-1
-1
18
-1
115
-1
3
298
-1
37851272
-1
-1
61051503
71769973
37103713
31
-1
-1
-1
45567245
30
85517079
8337128
-1
-1
-1
21
-1
-1
259
-1
22
-1
57
201
59631615
46807960
58272003
211
-1
69942606
-1
-1
-1
412
284
-1
-1
6
-1
157554
-1
-1
-1
-1
-1
19922041
45434637
95974260
-1
-1
-1
-1
-1
-1
81
21
-1
-1
-1
-1
-1
-1
-1
8
2
-1
68099823
47
-1
-1
-1
211
76296042
-1
16355164
-1
-1
-1
-1
65
57479221
53
80
19
36
-1
36103842
133
32
-1
34830008
-1
-1
34
277
-1
-1
-1
-1
-1
256
-1
-1
211
299
-1
-1
-1
95113561
-1
78
-1
11
-1
19
53429053
353
0
-1
-1
-1
94740320
-1
35055786
54
3
7
-1
72481326
-1
5
-1
-1
-1
11
-1
92499586
12092896
-1
-1
238
-1
29829434
-1
-1
91
65
49827875
-1
88
56
-1
-1
105
71827848
-1
-1
54893084
-1
50351792
50
-1
99
27449627
-1
49661785
-1
80336348
-1
-1
62186637
86729255
-1
42
-1
0
47
34649804
118
-1
2
37
-1
99
-1
-1
112
5
85
-1
-1
-1
82773268
-1
-1
82166707
55
290
-1
186
-1
95
-1
-1
63705023
45914998
-1
-1
4
-1
79
2
33119935
47
-1
46303420
93388035
63273891
-1
110
-1
-1
-1
-1
34460161
37694573
33643394
-1
-1
-1
86884518
13
96481397
1
-1
14403490
-1
-1
27337962
-1
225
-1
60087851
-1
81
25389457
1
-1
38994550
17
-1
-1
-1
-1
-1
-1
19301884
19836429
89
27094591
95978183
-1
58660301
187
-1
-1
67
-1
-1
93
-1
-1
-1
-1
26557559
28682658
56
-1
33021099
-1
28
77
26332882
11
26412528
28713621
-1
-1
-1
-1
-1
-1
82244326
1846997
-1
94083398
-1
-1
15
-1
-1
79034281
-1
84
124
18515838
297
-1
-1
-1
58583657
-1
-1
-1
1
83078434
-1
-1
-1
-1
69925320
-1
316
229
93823199
-1
-1
1
-1
-1
-1
-1
-1
0
-1
-1
-1
24627558
-1
-1
-1
55
-1
52215888
335
-1
345
91000374
82583877
-1
-1
127
18678329
26
-1
86556297
-1
10174468
-1
11343289
28264029
42
-1
-1
51
24
55161743
-1
-1
-1
15816630
70
351
-1
63031682
135
87
-1
5
154
42324712
-1
-1
94225116
113
10
48
173
174
-1
-1
34940894
16
50643391
-1
-1
80
88
346
-1
89374201
78
40
10694779
-1
77881695
88
-1
-1
7
-1
-1
-1
-1
-1
73780209
61
-1
-1
-1
75798703
-1
-1
159
17185822
75
-1
85
-1
-1
108
35521935
12
95271323
-1
433
80715000
-1
-1
57291933
-1
10233539
14
17128340
379
70
-1
-1
-1
-1
-1
-1
-1
-1
311547
-1
31171725
-1
-1
65054703
59151322
-1
-1
29747311
96599246
-1
-1
-1
61168721
38366053
90
262
335
-1
-1
-1
-1
-1
44
-1
-1
-1
-1
-1
7063750
-1
183
-1
5164225
2
32581093
63
78
2174876
-1
-1
48
39699046
55
16445081
-1
-1
36884687
3
63179211
766250
-1
-1
74
-1
-1
112
-1
224
51
-1
-1
85
59
-1
87380693
-1
-1
227
29
54
-1
-1
36
18201770
-1
59507180
-1
-1
39507211
-1
-1
2452782
89
-1
229
11682670
-1
-1
178
30332687
7
163
25724488
1
-1
-1
-1
-1
214
58118570
1482022
-1
-1
174
-1
-1
-1
-1
157
-1
7725308
-1
333
92154570
38211702
-1
-1
-1
-1
-1
159
-1
-1
40953555
-1
4181592
-1
5
60896275
-1
-1
354
79417183
-1
-1
-1
-1
-1
-1
-1
-1
26
-1
79
-1
-1
54649929
-1
0
-1
-1
188
-1
331
26996389
-1
-1
135
171
-1
44853049
-1
-1
-1
63
-1
84539146
38457630
-1
73033297
-1
-1
-1
-1
104
38
5
111
66
-1
86912697
-1
40215124
41
-1
-1
-1
-1
-1
-1
276
-1
-1
-1
79
49753964
42508848
-1
106
131
-1
26407298
-1
-1
-1
-1
5772039
-1
-1
-1
63031396
67701826
-1
45661697
34
-1
441
-1
57906145
13
61667064
76828885
246
41907773
-1
34
-1
143
-1
-1
-1
84000801
-1
-1
57
-1
-1
-1
177
4
-1
-1
84
-1
-1
270
21
-1
28
51822983
34607044
-1
11626965
30014776
83256451
30715974
63214393
0
16114495
2
313
74540922
-1
-1
-1
-1
-1
23
-1
8993663
79828845
-1
-1
-1
7437562
-1
44519335
82747035
70073793
6
28
-1
-1
-1
37641385
-1
41
24564459
249
308
-1
-1
-1
-1
-1
-1
66
-1
-1
29601916
5153599
56681301
76865058
-1
-1
-1
-1
-1
-1
-1
3822992
19281466
8238726
-1
47015430
-1
75820542
-1
20824318
-1
-1
-1
-1
-1
406
-1
10489348
-1
23676114
78578222
-1
-1
-1
96
101
224
73146162
-1
246
-1
-1
-1
-1
-1
-1
86495914
17621543
-1
14571905
60581248
290
-1
-1
-1
83059547
-1
68463081
-1
-1
-1
-1
-1
-1
-1
-1
-1
-1
-1
-1
-1
172
-1
-1
-1
32194422
53
63139995
-1
97588484
26
-1
77674284
-1
50920496
-1
20
44657816
-1
-1
-1
-1
-1
283
-1
-1
97
-1
-1
-1
-1
38434090
-1
72177886
-1
0
1
-1
81
82
-1
-1
35
142
-1
-1
17
-1
71587417
-1
-1
49597434
-1
84697380
4908686
73924582
13840236
-1
-1
-1
30
-1
84045693
125
57445349
-1
-1
43940363
65710880
3045583
113
30801489
-1
40761206
332
115
103
146
-1
6
6
-1
206
23
38047623
5215351
-1
-1
-1
78176637
-1
58784687
-1
-1
-1
66
-1
-1
2520102
33
68456228
-1
36
58827265
61132579
-1
-1
-1
-1
-1
-1
6816378
12406108
-1
8
27382973
59976388
299
-1
334
-1
54831371
113
-1
-1
-1
50
30821744
16295445
62
-1
46468576
92005103
67464205
-1
14
453
-1
-1
49237615
74441752
187
-1
-1
-1
-1
-1
79871888
-1
10369265
60320980
-1
-1
-1
206
-1
-1
63288197
53
-1
96457330
5688721
-1
65060279
14523628
-1
23
107
10
25838208
-1
-1
38
-1
183
187
-1
-1
36
49
253
63893529
-1
-1
-1
-1
-1
0
347
-1
123
-1
-1
-1
439
-1
-1
15
-1
-1
9968643
-1
-1
-1
-1
75523599
182
-1
-1
-1
-1
-1
43
38031805
-1
184
-1
370754
-1
-1
6
9454983
5085404
-1
34376798
-1
-1
18297169
0
46
4040477
-1
-1
33010383
17239287
-1
-1
83327324
49
-1
146
9
38
51
-1
-1
109
-1
-1
-1
-1
-1
412
331
-1
-1
-1
-1
-1
57184870
22
-1
-1
54
729651
-1
-1
-1
-1
-1
-1
-1
-1
-1
266
-1
32383178
67459234
6869878
-1
267
51
34267451
80172151
58
-1
14
-1
-1
15
-1
48329572
42
-1
41
37907889
-1
-1
19760382
-1
33
-1
-1
-1
131
67465304
-1
89
48702767
44769786
31202673
2843261
91777845
-1
-1
-1
85716930
-1
-1
-1
-1
44310488
-1
50619111
-1
-1
68577744
3
-1
20015290
-1
66501262
99
-1
82
67993309
-1
-1
13241827
281
76
-1
30
88618014
-1
-1
24
6149283
-1
-1
-1
-1
74310607
44
-1
-1
-1
-1
-1
254
-1
134
-1
-1
116
75439040
-1
10
-1
65291318
91
36999445
-1
86248370
-1
-1
58175588
23
2
-1
78
0
-1
144
-1
78
6
244
-1
17576538
106
-1
55
-1
36
22
111
26328768
-1
233
-1
160
72493116
52
9
-1
-1
-1
134
11536253
3
19997016
73
-1
62038011
-1
23615083
-1
-1
-1
56351867
-1
-1
-1
308
-1
-1
-1
41629734
167
-1
68585310
40567737
-1
22725573
89211735
37305138
-1
-1
-1
-1
42801924
-1
120
-1
131
22644080
115
-1
35
7
405
60
-1
1260067
-1
15749279
197
-1
71234793
150
-1
-1
-1
0
-1
-1
64
-1
16
-1
95238024
30406696
-1
83093121
30900716
7
104
-1
145
-1
-1
33
-1
136
-1
-1
-1
117
67555658
-1
-1
-1
26
87
-1
-1
-1
54
-1
65406955
282
-1
10
-1
224
-1
81014032
-1
193
104
2005634
-1
-1
-1
-1
-1
-1
-1
-1
6968713
-1
-1
-1
-1
76778105
-1
29865847
-1
-1
15279763
-1
13261115
-1
1
-1
33765510
-1
-1
152
-1
33736546
104
-1
108
38227227
30754023
-1
2
-1
-1
95766751
-1
-1
170
-1
-1
-1
-1
6
-1
-1
-1
236
84814448
-1
-1
143
30037454
-1
-1
55
15580876
-1
-1
-1
96533218
97771418
4556108
-1
-1
99
-1
-1
-1
5
-1
30772030
-1
-1
88
13445730
-1
19
-1
55150077
-1
-1
37640455
331
258
26798226
-1
66448841
-1
7
23413822
-1
-1
-1
-1
-1
-1
111
33049198
46
182
-1
-1
269
288
14834550
96732312
-1
-1
-1
58
-1
-1
-1
99
169
28109548
381
1981672
149
-1
-1
74257058
-1
-1
165
-1
76
77676994
-1
258
66809796
57
-1
-1
110
-1
-1
292
25
-1
-1
-1
317
94090635
22481040
7
-1
-1
120
-1
-1
329
-1
79008447
85
-1
-1
-1
135
-1
0
-1
22
79745610
-1
-1
-1
-1
-1
-1
17440925
-1
0
76
17934653
-1
64785779
-1
13266227
373
86719598
10226596
-1
-1
-1
879184
-1
63365438
5455188
347
60435189
64035611
-1
-1
-1
64042833
-1
71375029
-1
-1
7
-1
40137987
14
187
136
34
-1
-1
-1
-1
-1
-1
-1
5543249
37
-1
-1
82983611
3
107
158
18909792
69617329
190
-1
-1
-1
387
-1
-1
-1
32832868
-1
31754975
-1
32
-1
-1
221
-1
-1
-1
-1
75
29099669
43
-1
64630370
-1
51
-1
-1
-1
-1
-1
-1
34739728
-1
-1
97069211
203
293
61509526
4296839
60222019
31363828
65944655
-1
-1
-1
57040212
73289994
31773657
-1
-1
415
-1
-1
-1
11
93487659
2135504
-1
-1
-1
53865951
-1
-1
-1
-1
73335435
-1
-1
19
-1
-1
0
-1
11924985
-1
69
-1
51275467
-1
1
25
23312759
-1
28049773
-1
-1
26586813
132
7
34095362
-1
56971146
95860172
386
61
-1
-1
-1
18
63144342
137
40
6810462
-1
180
-1
235
-1
-1
-1
1
228
103
-1
10
294
275
79208832
8454654
27885081
7413456
-1
69217415
56933255
-1
92
-1
34958070
-1
-1
40
9083766
215
-1
-1
-1
7218406
48
39
78
65977199
63
-1
53262543
67
-1
119
115
-1
83
91
-1
29867937
93451415
-1
202
178
-1
41844119
-1
154
-1
201
-1
4342215
51645667
75171115
-1
-1
-1
-1
-1
271
137
75059214
94359889
61730586
-1
129
19
-1
-1
51
-1
30
-1
119
84900318
66
8
-1
-1
-1
-1
-1
95207213
-1
9
80259398
69318939
38195502
40
66
51
-1
279
45998893
-1
184
-1
196
-1
-1
-1
-1
15
-1
160
290
-1
-1
-1
77287593
2
-1
60573514
-1
15196955
95942347
-1
-1
36133208
365
11437066
88563928
180
-1
82
-1
-1
22
110
-1
82
-1
43828457
285
-1
320
1
-1
141
120
56
-1
-1
-1
-1
-1
-1
-1
-1
7920205
-1
125
13368368
-1
36085636
48567032
33311774
66563920
365913
97049009
198
4625087
-1
-1
-1
26215864
-1
-1
-1
9834486
-1
43
0
-1
78808562
-1
-1
-1
-1
-1
35616656
1498421
25245275
-1
-1
-1
56
-1
-1
63
261
-1
45065487
30017883
-1
48254221
-1
5
-1
66514604
-1
187
-1
-1
-1
-1
-1
50
48447788
93
-1
-1
3988374
58532444
-1
-1
37441051
-1
171
314
-1
179
-1
-1
-1
41101435
-1
207
-1
64496633
-1
-1
-1
-1
-1
-1
29
90
-1
9
19
19
-1
26916436
-1
58837965
46687114
-1
63458891
-1
9437900
-1
-1
44
-1
-1
201
119010
429
56874687
-1
31785309
-1
14
-1
-1
364
43
8884341
-1
12
-1
116
-1
-1
65130820
-1
1
188
41776979
-1
20107580
-1
-1
-1
-1
-1
-1
-1
-1
35
-1
-1
-1
-1
-1
67986217
13
23810985
-1
-1
6853216
329
-1
-1
-1
93
185
56371173
-1
-1
-1
-1
-1
319
303
59
-1
60875960
14
29846257
-1
-1
84843553
-1
-1
-1
11926200
-1
-1
-1
-1
177
54
93621159
23
103
160
9499308
20
16666223
71358772
-1
-1
-1
39
-1
-1
4
-1
38599381
89
-1
79012843
-1
-1
298
25647930
-1
42027679
99
62432039
8
-1
-1
-1
10
-1
-1
-1
67924926
-1
187
58699212
52318368
1
-1
-1
-1
32880884
-1
39
47410655
-1
94489708
95890333
52
-1
127
303
-1
31
468
-1
-1
-1
-1
151
-1
-1
1
-1
64
54666594
-1
268
12285834
119
161
-1
-1
-1
21
-1
-1
-1
-1
141
-1
-1
-1
-1
155
179
-1
-1
-1
84359426
75
-1
-1
-1
-1
-1
-1
-1
-1
-1
-1
28865389
-1
4718032
16
-1
194
221
78882695
90747525
-1
-1
-1
38465624
69
-1
31
123
-1
-1
-1
44
-1
-1
-1
24336555
119
-1
30993628
167
58434303
-1
84065391
-1
-1
231
-1
-1
6
17
95
26261325
112
43630226
188
334
4522042
-1
2937387
236
88474020
-1
14654074
315
40185696
-1
-1
65790846
-1
-1
17079864
-1
37714472
147
275
72
-1
-1
54084944
-1
34487251
-1
103
-1
-1
-1
-1
-1
-1
89955991
8022171
52561151
-1
-1
35
-1
-1
19345546
-1
39
-1
158
174
62606183
23
5
-1
-1
-1
-1
56862398
20796730
85667896
-1
-1
129
-1
43388949
-1
-1
301
44
-1
1
10542281
58998230
1
-1
145
116
-1
81870721
72
71
-1
-1
-1
21
-1
286
-1
100
82066875
43260563
18121266
-1
7795059
33
96647927
-1
-1
-1
-1
4
-1
-1
-1
-1
346
78186316
336
47
84
34
-1
17865693
-1
-1
-1
-1
68062213
-1
40513456
100
329
-1
-1
11
-1
-1
91
-1
-1
-1
-1
-1
-1
-1
-1
-1
127
389
-1
74117522
-1
14
2
-1
80608564
19519953
73
-1
358
65
6
35562884
4
-1
-1
162
57
55609966
41
-1
-1
96523043
-1
-1
-1
-1
-1
-1
-1
-1
48
-1
66667316
-1
-1
-1
265
26
-1
113
-1
-1
62161074
1
27
-1
-1
16
21
1
52746689
-1
-1
-1
13601315
5
13602013
-1
-1
201
33028603
352
17
81435331
62436201
-1
-1
108
-1
203
61
19034930
-1
-1
1
25371319
2215512
53
-1
37457147
58
45
-1
-1
1
2
31649648
-1
363
72344510
92828515
-1
-1
12
-1
81388329
4821954
-1
-1
-1
34891221
186
-1
-1
-1
64887776
9
-1
141
-1
31250855
-1
12816866
1672082
62293263
-1
-1
-1
-1
-1
73524657
-1
-1
-1
-1
4
-1
296
-1
-1
283
94146587
9854417
-1
-1
1
-1
273
191
-1
6
103
81
92
47
-1
262
-1
52025723
68927531
-1
-1
-1
-1
27170174
-1
107
3
-1
200
-1
-1
110
26
-1
-1
64
-1
-1
84131959
2
-1
76
-1
82934077
-1
-1
77585406
-1
-1
-1
-1
-1
95596825
1
6588064
-1
-1
47
67644992
-1
104
26113555
-1
-1
-1
39233703
52697825
82
-1
77
-1
75293136
5
-1
-1
74452527
53811177
82800006
76
51320223
-1
-1
-1
-1
317
-1
7
47931169
-1
-1
33748593
14911652
-1
1
79971397
-1
59213334
2602622
-1
8096740
8
14
-1
96623546
87672161
-1
-1
-1
8
126
52892542
-1
-1
-1
260
12988319
-1
196
20431443
9273216
374
-1
-1
-1
82
283
51109335
-1
-1
-1
0
34727713
-1
-1
4787352
-1
-1
-1
44943391
179
99
48478977
-1
-1
26
-1
-1
-1
1
-1
74662905
29
-1
86653984
-1
-1
-1
-1
44695226
-1
-1
48294374
-1
-1
58
-1
-1
105
-1
81629631
275
21
-1
-1
-1
256
39745437
-1
37
96
145
-1
73051348
50
6
55365350
-1
219
21
55
130
-1
17
-1
-1
-1
1930262
-1
146
21
189
-1
75208856
-1
46
-1
59979549
35
85094265
-1
-1
-1
-1
-1
25271512
60
96
-1
10
-1
152
-1
-1
-1
33641148
174
-1
-1
178
-1
-1
-1
-1
-1
-1
-1
-1
-1
-1
-1
27
65
-1
206
-1
-1
-1
64
-1
25440698
67009982
-1
76852969
-1
17
-1
-1
88868254
13
-1
-1
-1
-1
73929855
-1
-1
83273752
-1
-1
50058733
-1
5
-1
-1
-1
327
-1
-1
-1
15762442
48
-1
29
156
26
-1
48370656
-1
-1
36140441
96639599
37845899
96881953
-1
30532047
90
-1
-1
11
-1
21084944
55173152
178
-1
166
-1
-1
-1
259
79
3947090
-1
-1
15238257
-1
-1
72683709
0
62
-1
-1
-1
88318391
47437197
-1
5
-1
32909912
-1
-1
-1
-1
-1
26
-1
185
78912223
32
-1
-1
63
83855367
50
-1
-1
14
-1
313
9
-1
31
36413077
50948107
-1
-1
23357285
-1
7886174
7801097
74004554
94644777
-1
38477323
21413990
22
65304834
109
-1
64063405
69292960
-1
152
24819639
127
45
77538266
-1
20197392
-1
13
30616440
-1
8704352
97161780
-1
93656952
-1
33
-1
180
94315277
70
-1
-1
34
-1
-1
-1
4
-1
-1
-1
60670355
-1
-1
57641508
92728679
84007441
179
-1
-1
117
17
75343161
-1
-1
54
83236820
-1
88268450
7
-1
106
-1
12801221
-1
236
-1
21846502
-1
56334190
74371426
-1
-1
-1
-1
-1
-1
-1
-1
-1
57
-1
-1
2692638
-1
-1
16634380
90568354
-1
-1
29
-1
2777845
-1
-1
-1
-1
-1
-1
-1
-1
91
-1
48795998
-1
-1
93759736
129
5038333
-1
-1
23
-1
-1
33
2
-1
-1
37535178
-1
-1
80776679
-1
44
-1
26406600
-1
-1
-1
-1
7884093
-1
-1
40628396
92663843
-1
-1
-1
71436050
-1
-1
-1
27778088
-1
40404016
194
-1
45460287
72833781
-1
-1
54784892
-1
-1
50
-1
-1
47
43496593
-1
17
21105884
-1
23252214
131
-1
-1
-1
40
-1
85
9159373
9
-1
-1
-1
-1
43
77
-1
6396938
46
-1
16
-1
-1
78927241
-1
174
-1
-1
-1
100
-1
-1
-1
-1
13
54784684
31567455
50
-1
149
26446963
202
-1
-1
-1
39
122
-1
-1
125
-1
-1
66
-1
77652356
10707335
-1
37336949
-1
37318726
-1
171
-1
81
-1
-1
-1
-1
280
-1
-1
-1
35040039
10777108
-1
53561191
57
10
104
56254399
-1
64067335
171
-1
-1
-1
-1
10139924
70738499
74023138
74
-1
-1
122
-1
-1
-1
267
281
-1
-1
104
-1
-1
-1
-1
-1
148
-1
198
46
47647451
26
78782426
125
-1
199
11
-1
50920293
92726471
-1
88587735
85
262
-1
57129254
33327735
-1
45111095
72
-1
0
26392591
-1
-1
-1
-1
12
-1
-1
44445739
38
-1
-1
95196663
20732624
16
28258802
46368986
-1
-1
47511618
96114641
-1
-1
29156128
-1
-1
-1
28090691
-1
-1
-1
28
-1
-1
-1
19904463
40
26
96725767
48
58115874
172
-1
-1
80551994
-1
23
-1
3421318
-1
-1
-1
51733310
214
-1
-1
28
63459179
0
-1
-1
-1
50070194
-1
5828469
193
5
4
-1
-1
-1
-1
216
243
246
-1
-1
-1
-1
86046668
-1
4566308
18
-1
-1
-1
448
41030343
68
32
5548336
40389617
74
-1
7
-1
-1
125
82496425
97265575
82667577
-1
93566776
78
58
-1
38
34
81790219
105
-1
-1
-1
166
143
-1
-1
74894118
189
-1
80065336
-1
84297
4823731
31105710
-1
-1
-1
-1
69947530
87742583
45664369
-1
-1
-1
16483944
-1
-1
22083355
101
338
-1
34
0
-1
21
-1
59599464
424
-1
-1
-1
36828437
-1
-1
-1
-1
-1
-1
36542527
-1
2
93
31269165
18607
43862183
-1
64
285
-1
-1
-1
-1
-1
-1
7090977
56484149
13812000
46
-1
-1
-1
63510087
423
72140290
-1
-1
17951835
57
59
26669365
33233527
74305716
-1
-1
51174149
19168105
-1
3169521
89139232
-1
-1
178
72368772
177
21266933
258
-1
-1
-1
-1
35123827
-1
21
-1
25944754
-1
100
12235512
-1
6311570
417
-1
-1
290
99
93965430
131
-1
2506137
18350677
-1
-1
-1
10
39
-1
49720262
-1
2
71240966
13768221
23
40
200
126
-1
-1
95860342
-1
37831898
-1
-1
28286042
-1
-1
77127192
82782785
-1
34
-1
-1
-1
21
150
44781683
205
252
-1
-1
90
53
76245430
-1
49025797
109
78
-1
25729864
94444378
-1
27313028
-1
-1
61
-1
2907524
-1
-1
-1
81812697
-1
293
-1
-1
26
80302097
77805100
1
-1
-1
32033809
-1
-1
77622390
200
252
98428768
188
3
274
231
58675201
115
4091487
165
44
-1
6726377
24064782
2
3466736
-1
-1
-1
-1
3128080
-1
-1
210
90820987
20567270
-1
-1
371
250
-1
-1
-1
-1
70461951
-1
-1
-1
-1
-1
-1
32297394
-1
64191768
-1
-1
57791618
-1
-1
-1
50479466
65286006
84457397
202
140
-1
-1
-1
91003247
-1
-1
12
30
-1
-1
-1
125
-1
-1
59
-1
231
46
-1
-1
-1
79388343
-1
30924228
30369150
-1
2
69532844
-1
206
-1
-1
69
40030746
-1
-1
8
-1
48524498
-1
-1
54
147
-1
1887216
-1
436
1
-1
37063878
56666987
87125152
-1
-1
1758327
-1
63011350
-1
12378600
100
86081342
18
12
-1
3
-1
36
31850159
70744225
1986062
215
13
-1
97
-1
31468927
-1
-1
-1
20366864
74
-1
-1
6480742
43377621
-1
30456723
-1
35080787
-1
-1
-1
-1
-1
-1
-1
-1
3929041
89
10
370
-1
-1
-1
-1
16250228
77
154
158
-1
-1
17
-1
-1
-1
59
-1
57
-1
59630274
22855546
-1
19373412
-1
-1
52716374
-1
38406985
31104777
15
70706626
31650990
19386486
-1
-1
47486955
-1
36150917
7636830
222
75739265
-1
-1
-1
-1
-1
41
-1
49
-1
83641806
206
90899911
13
83480031
54653072
-1
-1
84131449
-1
33
81851700
143
-1
-1
44974509
347
-1
-1
-1
73157812
210
-1
-1
-1
-1
-1
-1
-1
-1
44683644
-1
-1
59274402
-1
93499779
103
-1
-1
-1
-1
-1
-1
-1
35
-1
-1
20307729
53
75464387
-1
74954848
79
96280944
25
15923502
-1
-1
99
-1
85971485
-1
10061422
89324651
-1
109
1
1710538
358
82852719
-1
-1
5
-1
90881449
-1
-1
-1
-1
-1
-1
-1
-1
37
26271949
-1
-1
-1
-1
109
37085118
53191529
420
59
-1
-1
-1
-1
25634300
-1
-1
-1
-1
-1
180
18900782
159
31815414
-1
-1
-1
-1
54049858
75304088
-1
13
6
-1
55
-1
19
-1
-1
45802218
-1
-1
-1
81
-1
69625604
-1
-1
54
361
49
-1
-1
31
-1
-1
70
-1
-1
17
-1
-1
282
6230392
44604210
3193350
-1
-1
37359023
-1
7
-1
-1
623099
-1
-1
276
18250815
73287014
8
-1
-1
-1
-1
-1
-1
294
19
65563820
-1
-1
61
-1
64712798
-1
-1
46
41839494
-1
193
-1
96517814
1
-1
-1
2
-1
17442218
49861534
40329170
-1
-1
-1
-1
-1
-1
84029749
135
92987640
-1
-1
54702301
-1
279
-1
16
-1
324
93658299
93311247
7
-1
29
-1
3
-1
45
31
244
25
45120017
35
-1
-1
-1
31
31110143
10
-1
-1
19716556
-1
87996271
-1
-1
-1
-1
-1
-1
-1
297
-1
35367002
-1
4
-1
-1
172
279
-1
-1
-1
-1
-1
-1
7009114
-1
-1
-1
-1
-1
14
-1
61757591
-1
85164563
-1
69972876
352
-1
38
67
-1
285
10
2
-1
-1
-1
10837393
-1
342
69888347
-1
-1
264
-1
-1
22
241
-1
-1
10
17
239
-1
-1
-1
-1
-1
-1
8
21800456
311
2
70
20170941
12634156
149
-1
-1
43210694
78771506
22
23383279
-1
138
5
82322711
35
-1
25833349
75
89
-1
179
54823356
31
-1
88333956
24
43705498
-1
52
-1
62588373
-1
-1
-1
147
232
68581307
67300530
84460344
-1
-1
16
347
438
-1
365
-1
-1
18683708
89770986
156
-1
49
-1
-1
-1
-1
-1
-1
1
1
-1
-1
-1
25
38743851
-1
45102718
249
-1
-1
93255469
-1
15
-1
-1
13492067
72
239
-1
63926903
3
-1
-1
-1
-1
1
8
-1
-1
13899396
83
41
86210848
-1
-1
35577752
-1
5
92419667
14
12
-1
1
-1
14617638
27355511
-1
-1
91485082
-1
-1
2422306
273
43
91
-1
-1
-1
-1
41291186
87976883
-1
17
77461951
19
12056408
-1
-1
-1
-1
-1
-1
-1
-1
87974081
-1
-1
71934006
95
-1
10
1149344
-1
51160550
-1
59407707
50507918
-1
23250117
-1
-1
377
3030226
-1
104
-1
-1
18
120
21175565
-1
72964330
-1
-1
-1
52517311
-1
71476960
244
18
216
64460248
-1
-1
0
-1
-1
-1
-1
-1
-1
95657744
-1
10
91322985
64859500
-1
-1
433
-1
-1
-1
41569760
-1
201
-1
122
21
29724738
1566843
95865146
-1
123
84
9097707
92
70633924
-1
-1
-1
-1
-1
80402887
8
54267171
-1
-1
11082614
-1
52
0
87081303
-1
-1
-1
-1
198
152
-1
869337
-1
-1
-1
58577681
-1
-1
172
176
-1
104
-1
57193973
-1
-1
-1
270
-1
-1
-1
-1
30389373
-1
-1
-1
-1
54233508
-1
-1
90458055
89
-1
-1
75374755
-1
96810960
-1
-1
66393272
-1
49248733
-1
-1
-1
94626775
30350083
153
136
-1
-1
2
-1
93049976
26
-1
-1
-1
-1
-1
-1
-1
-1
-1
-1
24271514
82580486
66
46313889
89994219
21944568
16429404
-1
-1
59405582
55847634
37139545
-1
-1
55682404
73217908
48077418
-1
7453103
-1
5107346
-1
125
39
26
66051746
89
147
-1
-1
197
-1
30447406
61789597
6
1
83686429
-1
41878902
82794129
-1
54
21
-1
-1
12170867
-1
-1
86522502
44915512
434
22825088
57804758
21
236
27995189
33181715
-1
30318705
-1
75196738
71103460
-1
307
60553158
26700575
-1
34792284
-1
285
-1
80
-1
-1
31
60570084
414
-1
-1
-1
19
242
87903074
228
222
-1
-1
-1
-1
-1
19
-1
6283461
233
601786
-1
35
32670588
85732917
-1
-1
7760216
20
29329023
13
189
87
-1
18627953
3663677
-1
22479244
-1
65
96154339
43417837
46
-1
11
24
-1
-1
-1
41591584
48634675
112
-1
-1
87050448
8
-1
-1
-1
-1
-1
183
222
-1
54
-1
3
-1
10957874
24
-1
77
-1
-1
-1
30
-1
-1
-1
-1
37848219
-1
-1
44995715
17490502
38198567
22
28048822
-1
96412742
28809633
173
71329548
94723848
-1
-1
13413484
2
78928730
-1
-1
58
0
-1
-1
74962425
33
48
20
-1
96558588
292
-1
-1
195
18435499
75298504
-1
-1
-1
-1
-1
-1
-1
-1
130
336
41167074
5907326
-1
198
-1
13
-1
12
73385149
63071818
-1
-1
-1
-1
-1
-1
67469069
36170153
-1
-1
-1
-1
-1
-1
88
9
23345447
-1
-1
-1
70550142
26457180
16
86244327
-1
-1
-1
9690373
82762736
1
-1
-1
48499040
-1
58882343
37380729
11
32378385
-1
20787673
52770216
-1
-1
42281216
41656418
-1
2
-1
-1
-1
-1
-1
81102476
-1
76136007
60
-1
-1
92466079
-1
-1
-1
103
-1
-1
18
-1
-1
70799155
-1
47646242
-1
-1
-1
122
2
101
-1
38061682
67695541
3119936
28158605
67976765
-1
1
-1
-1
-1
29
-1
14
26393839
89435541
41350002
273
16290784
-1
-1
32
43628091
16
-1
40138764
28
-1
32372390
-1
-1
-1
85
12
1
-1
-1
38
266
84549055
35064640
-1
-1
-1
-1
-1
-1
-1
-1
129
44
-1
66
109
-1
48911768
7
-1
30
-1
12
-1
-1
74220104
-1
150
80554676
13472136
-1
127
2
-1
-1
-1
-1
-1
93425388
38784055
51048403
-1
64268965
15170383
-1
-1
-1
192
2566175
13
-1
2
254
27913259
57
69816653
31000746
-1
18617085
63967531
94065899
47125848
139
22167740
-1
-1
92894386
0
-1
-1
-1
-1
13
-1
72129824
-1
-1
52011859
-1
283
-1
47
-1
-1
73442561
-1
-1
-1
-1
35384713
284
40026075
7230133
11
-1
12
-1
-1
-1
126
45
-1
-1
-1
-1
-1
-1
73
-1
-1
-1
-1
-1
-1
-1
-1
-1
-1
-1
-1
62176957
-1
55132852
-1
181
25
33526699
203
-1
6
-1
-1
88
29964552
-1
226
87142477
-1
80934484
280
-1
2293937
-1
38
36
25
14
-1
-1
-1
-1
-1
65735835
31668599
-1
103
-1
8
-1
-1
-1
-1
46856227
237
-1
89009568
113
17
6
-1
-1
-1
-1
0
61
-1
-1
87886237
-1
88
42
-1
74173965
14229355
82846516
-1
-1
-1
-1
-1
-1
-1
-1
15
-1
-1
42443136
-1
-1
265
50218161
1672818
-1
52363271
202
89975094
-1
0
-1
-1
24634599
14517657
20
-1
-1
-1
4
165
-1
48787903
-1
-1
196
-1
20537232
49954999
1039851
-1
6914159
-1
-1
218
-1
-1
339
78
-1
-1
-1
-1
33
43395731
779180
-1
-1
37828787
-1
-1
-1
15
73
75
-1
-1
-1
-1
13297350
56528921
95353632
-1
117
-1
-1
-1
71
18921539
37876870
428
3
75
2116664
-1
3515211
-1
192
-1
60556796
-1
73282434
-1
13898115
65995723
233
-1
-1
92999224
-1
-1
-1
-1
-1
-1
-1
31202887
49697703
-1
-1
69552400
20186194
-1
117
-1
16
-1
-1
12371481
81
-1
-1
239
47
-1
6
9787457
-1
-1
-1
12
-1
330
-1
164
2601183
-1
281
87772454
62
-1
-1
45932399
20
-1
-1
150
-1
-1
-1
-1
1
-1
-1
-1
-1
40551178
29408557
-1
-1
-1
371
13381035
-1
-1
81927923
-1
74865957
0
-1
21876221
67
20234854
2
-1
25
-1
-1
-1
-1
-1
95053516
232
-1
-1
-1
-1
42
-1
10
-1
-1
-1
29813342
53966047
55901970
-1
18
411
-1
37
18
3
158
51151151
-1
379
-1
-1
48137315
-1
-1
-1
90
61
-1
309
-1
-1
26953446
-1
22
4
-1
-1
-1
-1
171
178
-1
99
81671864
291
16
-1
-1
30048949
-1
-1
-1
231
235
-1
10
7805635
81
56910387
42302999
-1
-1
-1
-1
74916939
306
-1
-1
-1
78294866
93427149
59
166
59247909
-1
44558576
310
-1
308
29640620
902973
35254793
388
-1
-1
29510073
80109504
0
-1
-1
1
11386345
59864967
-1
418
64400071
-1
202
60
93069408
220
-1
-1
13
55769974
1
11
-1
-1
32322846
31
54101017
140
42
29441341
-1
-1
19777363
-1
-1
20
-1
19
-1
-1
-1
2495638
-1
-1
-1
-1
16192874
-1
-1
98
-1
-1
-1
78471860
18
44784635
-1
1
56338826
1
74563992
95080549
-1
133
-1
-1
-1
15
41886732
1950581
-1
-1
3597010
-1
-1
24
-1
-1
-1
-1
-1
402
21
41098181
75650756
-1
181
-1
13
22332953
-1
92
-1
40211051
45984759
31
-1
32050481
37178443
-1
13109769
52
12978889
-1
65760379
104
1253062
40560624
-1
-1
1276744
-1
-1
57210560
19877938
68644728
-1
23835605
203
143
-1
-1
-1
-1
259
86
212
29455992
25174973
15407895
-1
-1
-1
11384787
40149758
44
68218733
-1
-1
63565264
142
-1
215
-1
20544760
68573940
-1
43
-1
73311481
-1
210
38926753
-1
-1
-1
-1
-1
13505457
42
-1
95615101
62481391
189
-1
36800174
-1
31
4684939
-1
-1
-1
59602755
-1
-1
-1
87981078
-1
348
-1
-1
1
-1
79922532
-1
-1
40789793
-1
79851965
-1
287
-1
-1
74
-1
-1
-1
-1
44
-1
71653140
103
20
0
-1
-1
-1
63
29
-1
78746352
-1
-1
86
59
-1
18
-1
46579088
-1
-1
-1
304
-1
93
-1
-1
39549022
0
158
36427895
-1
3228279
33
45738493
-1
-1
38
33
125
-1
26
74355381
69084857
52
44445362
98
-1
-1
101
-1
-1
10686197
53414060
41
95
67144442
-1
370
-1
450
-1
-1
-1
-1
-1
-1
330
-1
37555722
-1
-1
-1
-1
-1
13026721
3477582
5
3911009
44182208
147
4166773
74225956
92
46202543
84149104
-1
-1
8102775
-1
82440864
-1
-1
-1
41
-1
107
26518097
28
23
-1
-1
252
147
1
-1
63010041
159
17547597
41
50
73688765
-1
7
56
15011273
5
-1
28882260
72
90574791
-1
3302798
-1
65
-1
49
-1
-1
-1
-1
38715078
-1
139
-1
4
51895952
-1
28
22908276
-1
85718805
-1
35
160
-1
15568657
-1
-1
-1
73230077
-1
22521329
127
88
50378695
17245404
93587802
-1
48
-1
-1
12633944
414
364
-1
-1
94699325
274
-1
-1
-1
44828975
26
4
25
-1
31
245
22
-1
-1
0
-1
318
44
-1
11348206
64575175
-1
1175376
-1
24
52
-1
21
75505076
-1
33875890
27421010
-1
-1
34
-1
225
224
116
43279192
66
248
-1
-1
18278109
38587988
-1
-1
10
59
298
57394192
-1
25
-1
-1
62689762
58287016
-1
14
137
19
284
-1
9960239
47011583
-1
-1
-1
28
5
-1
-1
-1
-1
20326184
-1
11
-1
-1
-1
102
-1
38248053
-1
139
18
-1
-1
-1
34304579
-1
-1
61221976
-1
-1
-1
-1
-1
23284863
-1
1102519
106
23918261
43
149
20
-1
145
31879052
-1
-1
20377164
-1
86
10812834
356
30
3
175
43785317
-1
-1
46357331
-1
-1
-1
78
-1
-1
-1
-1
27323154
-1
97136370
39316997
224
268
43253591
54091419
-1
3759798
-1
307
90
-1
184
-1
65
28296711
-1
87589877
-1
-1
258
42
-1
10
10
-1
-1
95
-1
-1
-1
-1
73100301
-1
-1
-1
181
65487890
-1
25
-1
-1
-1
35024508
-1
56
56164252
25
-1
-1
-1
-1
217
125
-1
-1
100
62394524
1
23934469
79
9206940
28214519
119
80676113
84377828
5213529
86
129
72
-1
116
10159197
-1
-1
28
-1
63753552
19692527
85002601
-1
-1
91001589
-1
62685777
-1
-1
-1
8
75
-1
-1
168
-1
172
-1
-1
-1
-1
89054200
-1
43945287
54577449
-1
-1
-1
-1
-1
-1
70470206
3
-1
47
85872531
166
151
228
-1
13
25208449
86159358
291
-1
10663321
57
-1
68
55291803
-1
166
-1
3
86713559
-1
18611256
28836738
0
-1
-1
38
127
-1
131
126
-1
47
43866712
24
-1
5
32595666
51765810
37
154
-1
19214814
-1
50693583
-1
170
-1
76737571
-1
-1
58223373
5
1
-1
-1
-1
260
-1
44286214
-1
-1
-1
3577666
-1
86672773
96
-1
-1
45
12
8470251
-1
-1
-1
-1
-1
72354500
16091067
40887118
-1
248
-1
-1
-1
-1
2521723
-1
-1
-1
7068641
-1
80516766
92632158
119
-1
55
-1
-1
-1
307
-1
50099611
-1
2184377
11661713
40
86848559
14
-1
-1
166
3
19859154
-1
28546004
-1
12319995
110
-1
-1
33
-1
-1
-1
-1
-1
-1
110
101
-1
-1
10498649
-1
8719734
-1
-1
34
55034128
-1
-1
-1
-1
22267546
-1
398
-1
166
-1
82119977
39
21
11012780
88486234
-1
-1
74183165
67877003
45645705
26
-1
33
115
72228881
29112588
-1
-1
304
-1
-1
-1
-1
8861107
-1
57913226
-1
62900053
66310932
201
-1
57987042
21192741
-1
94231853
-1
-1
119
18073198
-1
19013178
96750429
-1
18
95601822
-1
177
-1
5539611
58887535
61050267
-1
-1
-1
-1
60664245
51214918
-1
-1
-1
247
-1
24791356
-1
292
-1
311
217
157
-1
-1
405
174
-1
89
185
119
-1
-1
-1
6
56
14811753
-1
-1
-1
-1
9
-1
-1
171
-1
-1
36657599
81102386
4633447
76
37218815
29725839
62867165
47534807
-1
84208243
98
63430475
-1
-1
93
69904740
-1
137
98
68916305
51835818
-1
48
48
-1
-1
197
-1
-1
-1
16
19
80560663
-1
-1
98
312
25291227
31384978
9015156
0
54484422
-1
-1
98
-1
-1
-1
23
-1
-1
-1
-1
113
-1
350
3683317
-1
-1
2
-1
-1
-1
-1
40149204
-1
68238740
-1
-1
104
46498311
8323797
31655370
-1
-1
-1
-1
-1
163
-1
143
55
-1
-1
91840264
32037007
84
-1
-1
-1
-1
-1
108
255
1
6268888
15721440
44993633
-1
97407180
3
76436899
-1
-1
-1
57
-1
-1
35
-1
67
-1
91
100
12922832
72
-1
37551468
39937323
97141879
0
-1
75190325
-1
-1
29538266
-1
-1
65852638
37655439
-1
-1
147
2705133
49
-1
-1
70879340
-1
76
275
110
3
-1
-1
20
-1
-1
-1
-1
-1
104
-1
-1
17039504
187
-1
-1
-1
31
19
-1
-1
-1
44
49465887
-1
16
-1
-1
-1
83333478
-1
65998293
-1
-1
-1
-1
86909557
26
-1
166
148
-1
-1
84644553
217
-1
-1
-1
-1
0
-1
-1
-1
-1
47915245
22252157
-1
65
-1
354
-1
-1
-1
-1
-1
-1
-1
-1
162
-1
-1
-1
86957028
-1
2
79791694
-1
86
78829195
-1
65150258
58641562
-1
-1
-1
18868242
-1
14286663
-1
94
-1
101
-1
-1
23075323
5112025
8
0
-1
57
-1
85990628
-1
-1
-1
-1
3
-1
423
25506214
-1
-1
37890226
44663665
24444754
-1
-1
102
-1
38114356
-1
36839482
-1
51
35
37
42857137
19
-1
-1
-1
-1
-1
-1
39
-1
-1
-1
17
-1
-1
-1
23
89
84014710
81859851
90493378
1
-1
-1
14551382
-1
61
-1
43
13714992
80339289
125
6
-1
142
44608209
62
-1
-1
12
48
85219765
-1
-1
-1
70443834
403
15
-1
17019079
-1
94100993
82945906
141
-1
1
-1
-1
60006113
-1
-1
196
-1
-1
65003389
-1
2
-1
1754776
17227467
-1
-1
70936500
267
-1
6
5644083
38
-1
-1
39970200
49170856
93
-1
-1
-1
191
-1
73689825
-1
-1
-1
29135842
-1
-1
-1
-1
38299071
48943181
-1
150
-1
14324235
25329071
65624330
-1
-1
-1
-1
298
28
-1
-1
-1
-1
-1
193
67228182
-1
64489172
34
-1
135
-1
51
41210582
19
-1
-1
-1
78
54014194
9167978
-1
-1
2
-1
-1
7
69741733
-1
18
-1
54167334
28582383
36730645
66800421
150
-1
-1
7895334
-1
89391646
93038472
-1
-1
81
48254989
42268246
-1
63
90497121
214
-1
79701060
-1
34
55131699
6459416
27406824
1
-1
-1
210
33
271
-1
11
-1
188
62
17
-1
-1
11391243
-1
56062345
116
105
87952814
228
50253978
-1
-1
44647350
-1
-1
-1
-1
-1
37957783
89
-1
43375834
-1
-1
-1
65787905
-1
-1
-1
97679357
-1
-1
53026161
75
-1
68
116
-1
78282976
117
56
80274073
33
-1
44231042
201
-1
-1
-1
-1
359
-1
26
-1
62
-1
-1
309
45
18
-1
165
-1
-1
63508119
24508283
41803915
-1
-1
-1
62705696
-1
-1
119
-1
72330260
63
-1
50329161
-1
16
-1
29017765
-1
-1
22241762
33
-1
59
-1
-1
23515882
-1
-1
-1
292
51168402
-1
83632259
85146176
-1
3655392
84950401
65897064
-1
185
-1
-1
31556427
-1
-1
-1
8948137
74534679
-1
87281265
12
33
73272485
96089994
-1
-1
66
-1
-1
362
89104365
16
73240266
-1
-1
39875202
42
38376681
-1
-1
-1
-1
-1
18403076
-1
90344585
-1
-1
-1
174
-1
-1
56
70
76048479
-1
-1
67
-1
-1
61298794
258
-1
-1
59643778
5
110
85955641
25
52
-1
-1
151
15
27
-1
1
1
-1
146
65022221
-1
104245
-1
4
164
-1
5332715
280
107
-1
-1
57141607
-1
-1
8
82100586
-1
-1
-1
14
10234691
-1
96
212
-1
49726066
-1
-1
156
-1
-1
41685929
13237039
6954769
23110873
-1
-1
-1
-1
-1
4530872
93
-1
-1
-1
77949983
-1
-1
1
-1
53641868
-1
225
24027944
-1
1
10
264
83975226
280
44
-1
43
-1
-1
3
-1
7
-1
35
16783916
270
52044797
-1
-1
-1
47
-1
25710306
151
-1
42879532
118
-1
80794693
-1
-1
-1
82
-1
29
243
-1
77502444
78325744
38
-1
20255083
3150073
-1
17
-1
-1
-1
84
73505284
37829793
-1
-1
-1
-1
34219781
-1
33116934
84
62665491
-1
-1
-1
221
80205164
-1
24
-1
146
67490957
-1
67766048
-1
118
95023220
-1
80349986
174
-1
-1
76092822
-1
168
19333098
-1
44
57
4
-1
-1
80303733
-1
40885272
64257863
-1
-1
-1
14922202
64071976
-1
175
10
-1
-1
36
288
322
26
21358931
64596301
-1
150
24760041
54003383
27996016
-1
95
16716510
67820029
28916731
5
-1
-1
82850795
-1
127
45
-1
10219762
-1
32926101
-1
36
-1
57422080
26360688
-1
-1
-1
-1
-1
88570594
65
62653430
96234624
-1
91797405
7372403
-1
-1
-1
16379603
-1
16
-1
280
-1
91373566
-1
121
-1
-1
-1
49476847
-1
47574338
75313268
-1
-1
88
-1
-1
-1
-1
-1
453
-1
-1
-1
-1
-1
-1
35012868
-1
5
-1
65
-1
60734324
-1
-1
69754524
155
30319768
60434646
16660518
-1
-1
-1
219
-1
-1
-1
456
-1
65250915
41
-1
-1
108
-1
-1
87025869
30
4667118
-1
68
-1
43648721
86
2094658
-1
-1
20
-1
45463256
57736228
16139082
-1
29410041
10938449
35741533
22
14929684
130
-1
48449940
-1
-1
207
-1
-1
-1
379
-1
131
-1
18
-1
-1
-1
35
50
-1
39971739
30905737
-1
-1
-1
-1
-1
21640104
-1
318
450
-1
-1
-1
9906637
-1
131
-1
-1
21521348
67447951
71
-1
-1
38897173
147
35
98
-1
-1
52
38
-1
40175843
32262267
-1
-1
193
-1
-1
92427592
29473512
49
-1
-1
95702335
-1
84351807
-1
59269338
-1
62793529
-1
-1
88
33
92728517
200
-1
-1
-1
-1
36686621
-1
198
6
-1
-1
-1
282
-1
-1
-1
-1
58884910
33587863
88
90
91119800
9
-1
62362890
105
20663340
65081179
-1
-1
-1
90066982
95540029
39130618
-1
-1
126
1970237
62450326
-1
-1
-1
-1
-1
-1
-1
-1
-1
30228783
-1
55838647
59884596
-1
4
82231830
-1
106
-1
63603336
-1
53
-1
-1
4
-1
-1
-1
-1
-1
41
-1
106
-1
24
2
24
87499350
46357937
13
-1
374
-1
-1
49231328
73
107
-1
-1
-1
-1
76517276
10709843
129
-1
417
44109079
50
-1
21108854
72
-1
-1
19
-1
-1
21
10260659
21944639
36150409
-1
35595355
-1
-1
-1
11
-1
-1
194
247
-1
-1
-1
87179279
-1
-1
124
-1
216
-1
-1
-1
90853998
73675303
78
-1
60454708
-1
278
5409061
-1
-1
-1
6420702
76755481
78
26
182
-1
12
-1
77053436
-1
-1
-1
-1
-1
7
104
20
-1
-1
-1
-1
-1
-1
-1
93
31739868
-1
-1
-1
-1
12331997
49136176
125
301
-1
-1
63
61348807
-1
-1
299
283
-1
-1
-1
-1
165669
61111071
53399395
63716030
66149955
91175933
-1
20479057
-1
39
-1
3165329
-1
98
58
90
-1
-1
-1
-1
-1
41575466
12632865
74033756
-1
139
-1
18587369
-1
-1
-1
-1
-1
-1
-1
-1
10
91194957
334
-1
77
69970139
163
29375929
81037000
-1
-1
-1
-1
0
43841110
-1
132
74333367
-1
-1
10889772
157
-1
56327351
-1
-1
96
11956059
-1
-1
65883427
83614699
-1
142
7
26
-1
-1
-1
-1
-1
60960578
47
-1
-1
-1
-1
13294760
-1
47
-1
80760408
-1
-1
33876365
-1
-1
245
-1
57
-1
-1
33
-1
-1
-1
-1
43710518
-1
-1
45
-1
34166293
-1
37148512
-1
-1
-1
77748728
83
-1
71
17106936
-1
5502079
-1
36775061
2
90
69636156
-1
19746722
10
15
-1
-1
-1
-1
-1
72136991
-1
-1
-1
62772264
0
87823320
98
33
-1
101
23
2
172
199
-1
-1
-1
98
-1
1
80382718
-1
-1
-1
159
16366210
34655462
-1
327
16
414
-1
-1
-1
-1
104
-1
-1
-1
-1
61024220
-1
193
-1
15353234
74
65174762
298
71768940
66095382
45202972
-1
15229056
2203722
-1
28755074
-1
3
-1
83565826
-1
12
-1
-1
94095468
9404919
67283689
39
-1
-1
-1
107
92799434
-1
-1
43
-1
-1
-1
-1
14145511
-1
75804214
-1
50972876
-1
-1
-1
58902621
32622234
38401344
-1
-1
-1
41
-1
-1
45134005
67708210
-1
-1
-1
-1
-1
27454181
94
-1
-1
87
54
-1
78513416
-1
81648538
160
30
42
199
95
96966061
-1
69255718
-1
245
201
82028673
-1
-1
43
-1
388696
-1
-1
-1
-1
-1
24
-1
77800065
187
32
-1
71
-1
-1
-1
8
85464917
-1
-1
-1
-1
84
79
-1
-1
-1
-1
-1
-1
-1
52
1
13
-1
-1
-1
64571641
-1
-1
274
-1
-1
-1
-1
68444850
-1
31133606
-1
-1
20
58
-1
17162162
183
6
-1
25808522
-1
-1
-1
78492786
-1
68
-1
-1
-1
-1
-1
-1
91240068
84097391
1
-1
-1
231
-1
-1
-1
-1
-1
97562557
-1
33212753
-1
73833126
-1
-1
8841551
-1
69
-1
-1
23246403
-1
-1
41302714
-1
1
-1
-1
70500902
-1
-1
-1
24
-1
29
-1
129
194
-1
-1
2
-1
63553360
-1
-1
81345578
-1
8433014
-1
-1
306
46
26605801
17
94
20221242
-1
0
-1
2193801
-1
218
56577582
-1
-1
-1
945011
-1
-1
-1
15
36221950
77789481
-1
-1
-1
-1
-1
-1
-1
81959852
-1
-1
-1
-1
3097275
47
101
-1
-1
-1
428
-1
-1
178
-1
-1
-1
23767763
-1
-1
-1
-1
61013901
38
116
215
57274389
-1
-1
-1
29
4
96
78181635
32
-1
14028642
-1
-1
-1
-1
174
37
9
-1
-1
106
83
15
-1
-1
16
-1
14
-1
-1
78
176
-1
256
65
-1
77382871
46401360
-1
79597556
409
41508775
392
80904406
-1
204
-1
-1
73453178
-1
-1
-1
-1
88
144
69600155
-1
40370823
907101
63
106
-1
-1
33060752
-1
27732233
56035609
24377335
-1
93353605
17832272
136
-1
-1
-1
8
-1
-1
29
-1
-1
35823941
-1
-1
52701485
3456097
19260877
346
-1
-1
-1
-1
-1
14726987
-1
-1
-1
56
-1
116
216
-1
241
71
-1
-1
22818783
48
-1
-1
18789742
32590163
33777010
-1
93603707
-1
43663441
-1
-1
-1
12078352
-1
-1
90794562
14
-1
19241745
121
84670598
-1
-1
53130578
53456480
70
-1
-1
101
-1
19334537
-1
218
64534707
-1
-1
50853004
185
-1
10
-1
-1
-1
-1
197
81
34694097
113
-1
-1
-1
-1
-1
60563130
61171889
-1
-1
-1
-1
65
-1
1
16635820
-1
86331797
86526938
216
13008413
-1
24
-1
-1
-1
-1
10659750
-1
10
-1
-1
-1
39
10
82836621
-1
74104449
-1
316
17
182
37108641
20
48
67744120
5302735
86812160
47263015
-1
64
-1
156
-1
16852287
43612372
-1
285
66
-1
89312782
-1
96
-1
55180725
0
41268688
-1
173
-1
-1
16890592
39801799
64
-1
95
-1
-1
119
40
1949637
-1
-1
46161765
50829213
-1
-1
1
6
25
24
62325867
14362894
62
23443884
-1
-1
-1
-1
-1
436
17459649
1
162
-1
-1
-1
63080312
289
-1
36742335
-1
-1
77
56359362
-1
38
-1
125
-1
-1
20568178
-1
-1
272
63
33
-1
82328949
4
30027233
357
21740318
57596642
-1
8493763
-1
-1
54
54
81942669
-1
-1
7804058
-1
-1
250
69
-1
-1
16
48
-1
-1
282
1
-1
-1
-1
-1
-1
-1
-1
130
87184450
56955480
11
51037017
114
-1
-1
37909969
9
53274564
-1
26604185
-1
21777852
-1
-1
-1
-1
6
-1
-1
-1
29358090
146
15
-1
-1
10
-1
-1
47
77172058
91771707
2584306
34463465
120
-1
4185256
-1
12
14
-1
-1
-1
-1
6040557
-1
-1
9641587
-1
58295133
47
-1
-1
157
-1
-1
-1
-1
-1
13
55993432
-1
67205358
-1
-1
-1
44731511
45993210
110
5
-1
8
92
313
-1
-1
75
35340847
49266287
123
-1
19445420
-1
223
-1
59896244
26017337
-1
-1
65523972
85
-1
-1
-1
-1
60067601
108
65158467
28
-1
-1
-1
-1
147
-1
10
91663694
324
-1
22473235
68716643
-1
-1
-1
105
-1
35915603
79163013
-1
90213511
72164507
-1
38
3291433
109
-1
-1
47
-1
-1
3
-1
72403794
3701078
74
29125584
-1
424
-1
140
-1
-1
-1
-1
52285279
0
209
-1
45724423
-1
56686348
5
93172587
127
274
-1
-1
91546497
-1
43107086
286
-1
-1
-1
33
-1
42377027
-1
83023923
-1
-1
-1
106
-1
-1
15
-1
84422382
22900518
50
-1
143
-1
-1
-1
559343
2650696
88
-1
-1
-1
337
112
-1
86484113
64704395
-1
82602442
40354416
-1
79
340
9
228
-1
50352500
-1
36483180
-1
-1
45805121
2
6514031
-1
29
53405821
-1
-1
3
-1
-1
3
-1
66881692
-1
-1
-1
44
48638480
205
98
-1
-1
-1
230
-1
0
-1
-1
-1
-1
101
65396919
168
47226414
322
108
-1
-1
-1
-1
17913676
57
0
38
23
-1
27
-1
-1
25818227
-1
-1
154
21031911
18192844
136
-1
418909
36749983
47893595
-1
-1
-1
-1
27
52942091
1
-1
-1
29
-1
74
29
-1
43
16
-1
-1
105
-1
22
-1
13
28
-1
44416194
39437824
178
16
66709364
-1
-1
-1
5
18
-1
62
26796224
-1
64
4
-1
-1
19
-1
251
3
-1
-1
9
95742506
70357731
-1
32
-1
-1
82
72968754
-1
-1
29651480
-1
-1
40655902
-1
20513797
-1
-1
-1
261
-1
89615003
14308977
34
-1
-1
73488454
-1
22
22657827
-1
-1
-1
-1
30323962
-1
150
-1
-1
-1
87647072
126
-1
6
-1
14
-1
-1
-1
21
-1
-1
-1
-1
176
2
-1
-1
-1
-1
65941424
53
47
-1
-1
-1
187
132
377
17
-1
12937938
-1
-1
72053239
-1
-1
86939207
17566715
31340290
82445670
-1
-1
-1
-1
42962083
93731286
248
57823719
-1
45923983
-1
-1
-1
-1
136
53
-1
-1
72792872
332
72479900
-1
-1
25816518
14
209
8003348
36187615
-1
51890470
-1
-1
240
19942643
-1
-1
-1
15
-1
-1
31658166
-1
-1
-1
-1
-1
-1
27439434
36
16418816
-1
-1
-1
-1
63672346
225
77028455
9851207
177
-1
-1
-1
66887011
-1
7182665
3840401
-1
51124151
47407686
88108375
-1
25
36635811
-1
-1
54
61
-1
-1
5081552
-1
6
24614786
-1
57674693
-1
82483793
54812223
76019993
-1
42737870
23009230
-1
-1
-1
16341708
-1
-1
17
305
-1
17333066
-1
31141865
-1
-1
43709463
143
32240777
-1
47943731
-1
-1
-1
9
9
-1
-1
-1
27773088
315
-1
-1
-1
-1
-1
64888846
-1
-1
-1
190
-1
140
82461637
-1
-1
-1
74395448
57
36
34
-1
75949411
318
281
-1
50
12
-1
-1
36
30
279
-1
17438532
20498887
28
-1
77
-1
-1
51804148
-1
2
-1
1
72
-1
4119054
5
-1
-1
-1
65195596
-1
-1
-1
2
62788908
-1
-1
-1
57232418
18171746
82848882
-1
-1
131
-1
116
42040400
-1
86
-1
-1
1
187
-1
-1
-1
-1
95409067
-1
-1
-1
-1
247
-1
-1
37
231
-1
-1
11701764
-1
-1
-1
39679647
71423392
40
-1
8
-1
-1
-1
10359140
55054245
21
54635164
-1
207
-1
35692139
-1
-1
85
-1
-1
-1
419
68442552
35
-1
71692717
13
-1
-1
52
2524417
110
-1
-1
-1
68733329
-1
48285229
-1
49085257
9107280
-1
6
-1
-1
76826584
79585813
-1
-1
88195069
-1
-1
159
1
42450039
-1
-1
131
74701004
97346192
138
71993362
-1
19
86
346
28824190
-1
-1
-1
6907790
-1
277
215
140
-1
-1
43947858
-1
-1
-1
68121836
-1
-1
28
33
-1
-1
1
-1
-1
170
-1
-1
-1
-1
65149465
-1
16000253
13454442
-1
-1
20
4
-1
18
28
83265394
-1
25884340
165
-1
-1
-1
196
-1
36620290
-1
-1
16
-1
-1
64318829
212
5180998
-1
45100063
-1
-1
-1
-1
80328245
-1
-1
-1
2
82242358
-1
25
158
132
108
294
177
-1
254
100
-1
-1
-1
32326111
21254789
-1
-1
35875786
-1
-1
-1
-1
90473990
89422539
370
39767246
-1
-1
-1
96771577
-1
25
-1
87
-1
-1
-1
151
-1
-1
303
366
67998342
-1
-1
45
122
-1
-1
36879829
-1
-1
115
-1
-1
-1
107
186
271
-1
30
-1
33131162
80761823
73540172
-1
8
-1
18
1
7
29541624
155
70309566
-1
-1
8582562
111
23
22566354
-1
-1
-1
14
0
-1
-1
-1
-1
182
18949228
-1
-1
3
48
54455035
-1
26
283
39722661
4
134
-1
-1
63879070
-1
-1
-1
87249165
151
-1
55
-1
-1
9
1
-1
78901971
-1
-1
12
11509321
-1
87398197
145
-1
43624573
-1
-1
28404372
14678370
11
13243519
1
-1
62840490
46629281
41265637
5291136
-1
-1
0
144
-1
-1
13090842
70
15
-1
-1
-1
60630174
88787207
-1
126
2
-1
-1
238
-1
13
457
212
77791018
85442464
12699499
-1
30557655
-1
59818644
85435743
-1
91916209
31290138
-1
-1
-1
-1
87
-1
-1
-1
320
54
9351202
16
9
49
49
174
141
-1
99
-1
-1
254
216
3
-1
77
-1
-1
1
-1
12
224
-1
107
217
-1
-1
-1
-1
-1
-1
-1
128
-1
3497937
-1
124
-1
-1
-1
-1
440
108
13216343
-1
68622525
209
-1
93300058
-1
-1
-1
98
-1
2
-1
48505418
-1
32408792
8
303
-1
-1
-1
63044688
87660912
63865374
88
-1
-1
55
-1
-1
-1
125
62
15200863
31099072
5977366
-1
130
-1
-1
-1
1
-1
-1
-1
45
-1
11
57526226
3
-1
31468432
-1
-1
-1
84
35110296
112
177
94
81414310
138
-1
16891969
-1
7488835
67233788
12107714
97396283
274
-1
-1
-1
24079893
-1
112
-1
0
1
19
231
-1
-1
40
-1
41918370
53486057
93111390
-1
-1
-1
367
-1
76594507
128
-1
158
-1
91
15920637
40711022
8155325
-1
61040250
23
-1
-1
-1
-1
-1
14
311
-1
63612867
96130830
15
-1
156
-1
5203660
75669182
45204751
82293102
-1
66
50
-1
-1
-1
14
-1
-1
2
-1
-1
-1
-1
-1
49147793
49221491
-1
26869327
175
18
77929152
-1
-1
-1
-1
40681352
-1
29
55208054
-1
12
-1
-1
46
-1
-1
81801045
-1
98
-1
95284605
-1
-1
-1
-1
7
-1
8820299
59545579
148
79014965
-1
79685972
56745376
-1
-1
-1
-1
-1
16
95445166
-1
55473493
-1
-1
43
37286923
-1
47
-1
-1
-1
95030564
64231835
2579818
65
-1
149
10152633
-1
5757372
66270912
266
-1
-1
-1
-1
-1
-1
-1
110
71829645
320
47273406
-1
-1
278
-1
10
-1
-1
123
-1
20227660
83
-1
-1
96041059
-1
159
-1
317
-1
-1
86937753
-1
65731765
83990282
-1
-1
36068896
-1
-1
-1
80169964
352
-1
-1
-1
19881021
89343952
56322596
3504321
-1
-1
44055477
76
-1
-1
5
-1
76411809
-1
-1
54663343
-1
56447116
31967137
-1
-1
-1
-1
59861321
170
3
-1
-1
66
15448478
23239778
-1
-1
8
70
-1
-1
-1
-1
-1
-1
-1
76130729
-1
94924366
-1
0
-1
34736083
-1
30
74734266
-1
-1
-1
79597264
235
-1
72
238
-1
20176655
-1
-1
-1
-1
132
-1
48
-1
84
73254596
-1
-1
-1
212
116
142
167
84446776
28
-1
47
-1
92342093
-1
68694872
185
-1
-1
63973755
-1
-1
-1
28
-1
83
-1
-1
149
139
17
-1
71797952
-1
29969965
68044565
109
24923002
-1
-1
-1
179
-1
-1
3
-1
46154348
85467536
144
69624190
-1
71726098
-1
-1
219
-1
-1
-1
-1
-1
92271561
164
-1
20463216
-1
84
8864714
-1
-1
85241245
9321749
-1
-1
-1
56782926
-1
-1
10
7523708
6500027
30085440
47380737
-1
-1
2
59846554
-1
-1
106
54972091
134
66
115
-1
-1
-1
-1
-1
-1
-1
1
-1
47439953
197
59773962
-1
-1
-1
-1
-1
60117458
34144772
82760480
212
50282338
-1
-1
59
-1
5988347
35482403
-1
53646331
129
367
27039158
145
178
-1
18404774
-1
40441199
-1
54474951
376
-1
-1
36184119
-1
43
-1
-1
82813918
66366076
-1
83159111
-1
12
183
-1
63693765
45
-1
93941560
-1
-1
66563673
-1
13028125
-1
-1
60807999
7640101
-1
-1
-1
-1
20
73
-1
-1
-1
-1
-1
260
36
292
153
15
-1
17
-1
96
29211570
-1
-1
-1
-1
-1
67803453
-1
-1
177
-1
40394291
-1
-1
63660257
-1
234
-1
-1
50
7710629
-1
14
82584202
79
-1
-1
-1
-1
62863980
0
4087902
-1
27729951
76212465
74973890
17304697
-1
45754583
-1
-1
90580354
-1
-1
32475079
11
63929703
84443380
-1
81
39631618
-1
4404182
-1
-1
110
52793727
-1
70215385
-1
9
229
-1
-1
251
-1
-1
-1
1
39644228
-1
-1
20123981
5313423
-1
-1
-1
26
-1
-1
-1
-1
-1
-1
-1
310
-1
-1
5
-1
-1
51710316
-1
-1
249
-1
18
67293736
-1
8599958
11149238
-1
174
-1
-1
14
83539433
58460583
5711323
38634178
-1
-1
-1
-1
-1
-1
-1
-1
96126023
-1
-1
57028428
-1
4
-1
-1
19696743
6445787
56861980
5083263
-1
63741531
-1
-1
-1
52310268
-1
-1
-1
23563899
261
18971902
428
-1
-1
-1
80
97
50232433
0
-1
98179241
-1
61
-1
95359672
-1
343
3
32
12
-1
27159117
143
-1
-1
2076594
-1
69217779
54114395
7
-1
-1
-1
-1
68
-1
-1
85409733
19242008
-1
72
77
-1
1392628
148
212
55
-1
31839650
-1
-1
34996726
-1
-1
-1
173
-1
-1
146
-1
-1
-1
-1
-1
208
92
-1
23102499
-1
35
12
-1
-1
24111882
478
-1
-1
-1
-1
67434937
14503408
-1
-1
-1
-1
8
-1
