-1
-1
155
-1
-1
-1
-1
-1
-1
-1
-1
-1
299
-1
54544269
-1
27992791
12
-1
1
38
126052432
-1
221
-1
81889531
86257166
-1
-1
92463998
124398077
124703293
47379101
-1
-1
81391926
-1
-1
11
336
-1
-1
91205023
-1
9
-1
-1
-1
-1
-1
40
-1
-1
-1
137
16936819
-1
-1
-1
48421802
-1
-1
85711297
-1
32602340
47
110074578
-1
-1
38986153
-1
-1
29385882
-1
-1
-1
39
15
-1
93
128
20
85
95
-1
-1
59588091
316
121
-1
-1
-1
101669150
-1
114
-1
-1
-1
117303866
-1
92
125245993
100992159
50830657
84018654
-1
131745981
2342920
-1
155
-1
78745790
-1
-1
-1
-1
36
-1
31
-1
12922056
50032143
-1
63
6910665
-1
-1
-1
-1
88094286
-1
-1
74479421
-1
-1
-1
1
-1
52129440
-1
-1
192
6
35
-1
17
-1
-1
89925883
235
36424802
-1
25
-1
-1
-1
102
-1
64
-1
-1
-1
-1
-1
86099941
177
10
-1
-1
1
127875970
-1
-1
-1
-1
-1
47314848
16688015
44
-1
104549239
13
25
283
-1
0
45150411
105
-1
-1
61571629
-1
-1
0
401
-1
-1
-1
-1
-1
-1
-1
-1
58469822
238
130456539
115630912
93474250
77590995
-1
-1
4793156
-1
-1
-1
32352073
-1
44935966
0
-1
30601864
42410624
-1
-1
131163001
93802217
-1
-1
0
-1
102
-1
-1
172
34
-1
73
-1
-1
179
-1
21926672
-1
-1
-1
-1
-1
89
92
31
-1
-1
-1
-1
8385733
-1
204
190
-1
-1
-1
54218484
14994037
-1
-1
51
-1
121743341
-1
-1
-1
-1
-1
-1
125192139
6716313
264
-1
43
-1
88728555
91983964
221
24
78249022
-1
3
447
-1
-1
-1
83659428
12789559
15447413
-1
-1
47067882
102252866
-1
-1
-1
31850118
-1
3
-1
93502109
-1
4
-1
-1
106960844
-1
115528041
-1
3596535
152
70
-1
-1
42626240
-1
-1
-1
26969574
-1
-1
-1
-1
61972933
-1
-1
24387399
5
3
74143411
9545430
70448249
106663573
-1
-1
-1
-1
-1
26606161
70740332
-1
8
-1
63425389
-1
-1
30
-1
9734434
23555595
-1
117405136
-1
10
-1
36076792
307
39090990
-1
74967505
-1
-1
35766440
14523723
79
14530921
-1
28056491
5
41
-1
-1
-1
80440036
-1
113301878
120
-1
-1
20
-1
85586816
163
-1
89
93304303
7
2
13
147
42037851
1
-1
120119246
49
117
-1
-1
120
-1
6192290
-1
15135745
-1
-1
-1
-1
251
-1
-1
-1
-1
70169428
-1
154
22
-1
-1
-1
19
97023076
63631081
23325990
5121742
-1
-1
-1
52908123
42
23777376
169
367
0
318
34192455
-1
-1
-1
-1
88644720
-1
-1
-1
-1
-1
45892672
32
79014481
66768555
176
19819087
1
7
24
-1
-1
-1
12
-1
-1
-1
31
14
4
-1
221
52
-1
126167465
22979682
-1
-1
92463023
-1
-1
29231391
14
954122
82
-1
-1
374
-1
-1
-1
22059372
-1
30111644
-1
-1
57685415
-1
-1
12908343
-1
44631281
-1
-1
-1
173
64
44704382
97693529
-1
92083310
27522922
-1
75166648
-1
-1
47786551
-1
-1
66
23
-1
9
-1
18227945
-1
-1
-1
-1
112655789
-1
212
50632154
214
36745164
116
130046796
18468375
-1
231
22855501
47746380
-1
100
-1
125679782
-1
-1
20531795
97024575
145
2
-1
117
170
192
-1
-1
115450137
24115922
74561130
54525460
192
56398569
-1
-1
298
22312831
45
-1
-1
-1
72195223
-1
-1
63370710
-1
-1
316
-1
-1
-1
80
25
290
-1
5096845
-1
-1
63
148
-1
-1
149
166
81
-1
-1
65826893
119
131684821
-1
-1
55544159
-1
-1
101560080
179
125
-1
-1
117
-1
-1
-1
-1
-1
-1
17292433
113568085
-1
-1
115135324
107
10
-1
-1
-1
194
86548388
61662556
-1
31
181
-1
-1
452
-1
-1
184
-1
-1
64739080
40
-1
96
-1
-1
-1
41544718
63119736
47
-1
121033089
-1
68808821
-1
170
57914171
134231415
-1
-1
-1
-1
27332422
-1
-1
-1
-1
81917402
48749007
3154366
-1
-1
-1
-1
-1
75
24735859
121032750
-1
39
4
9
55578949
-1
-1
-1
-1
-1
-1
-1
-1
-1
-1
-1
-1
103277672
-1
28242092
-1
17079215
18727318
10
-1
-1
45144239
-1
-1
-1
57964453
-1
-1
-1
-1
3
-1
-1
-1
-1
-1
89061066
-1
-1
-1
183
78
-1
-1
66339713
-1
188
8979312
108005854
-1
-1
20184140
11588240
-1
-1
115579293
47
-1
39155716
42242452
-1
38245495
-1
3
-1
-1
-1
24
-1
40187994
83275107
10
45914837
-1
219
-1
-1
-1
65357547
-1
-1
-1
105253045
41
29
-1
91
-1
-1
-1
-1
76
102873468
176
-1
38594081
-1
-1
-1
48442101
-1
83702783
60301008
241
-1
-1
2278423
394
-1
-1
3
-1
26
0
-1
11202908
74868313
22201255
-1
-1
-1
-1
-1
-1
-1
-1
90650143
-1
65138184
-1
-1
164
14199444
-1
27
-1
34
63221249
37
-1
-1
6817275
-1
-1
-1
-1
-1
-1
-1
-1
-1
64823402
5551198
36
175
3741739
157
-1
-1
-1
-1
-1
66782889
100829536
-1
13230915
48457203
156
-1
-1
65835102
6
15606037
7
46623841
70502593
34
-1
263
-1
44
142
-1
-1
-1
-1
-1
-1
-1
-1
-1
118
-1
23303815
83
108595073
-1
59726568
1
-1
67
90977232
98
-1
-1
89
4431990
78782741
-1
113879614
-1
-1
36790774
-1
-1
81
-1
-1
-1
-1
-1
54106441
-1
-1
-1
15462537
-1
36
42151418
-1
12
28
1
39590215
1
-1
-1
-1
-1
-1
151
173
41701135
60
6
41802409
66
24619379
31840774
-1
68946595
70919034
-1
13
365
103325886
-1
76077759
15967356
-1
121936574
122727340
24648082
114134343
62888055
15
-1
-1
-1
-1
-1
-1
34
-1
-1
-1
127624435
54273879
-1
26531832
-1
16449997
-1
38949752
-1
-1
-1
65
-1
94400635
124731578
18
-1
-1
103110723
55768963
-1
157
-1
98751200
-1
-1
14260806
6
20
78931195
135
22
80252017
-1
59821120
-1
-1
118890356
301
80311818
42
-1
38659186
-1
23750256
55055090
-1
196
33968392
-1
-1
-1
63
-1
-1
129445815
78880945
-1
-1
83278037
91436944
308
-1
-1
-1
-1
26869848
214
-1
-1
-1
-1
-1
-1
-1
-1
-1
-1
14205175
233
-1
0
132
10
-1
132
-1
-1
199
69909085
7
31
118755821
-1
322
-1
124757024
99323611
-1
119
-1
-1
65510010
-1
71782866
7869807
1889170
-1
10
-1
-1
-1
-1
221
-1
-1
94
141
36
-1
-1
-1
30496201
59568929
400
-1
99
-1
-1
122
-1
33467989
127
-1
-1
-1
-1
-1
-1
-1
-1
-1
44
-1
155
-1
15464502
-1
-1
99393574
373
-1
-1
-1
48931539
-1
82278939
-1
-1
210
-1
-1
54
99114408
345
127099113
-1
-1
9544371
275
389
-1
18418756
-1
123195222
-1
-1
0
123346115
36
-1
18
48383531
-1
-1
-1
19
52758586
-1
-1
-1
64394534
-1
-1
66
403
-1
55
37
21
-1
14878847
-1
104402866
-1
31556350
27378505
18
-1
98157265
123305855
-1
104
142
-1
-1
103124274
44
61
-1
-1
-1
25
-1
105
-1
69113815
-1
52384015
78631971
1476366
-1
94849170
-1
65476745
355
53944276
-1
29
-1
-1
-1
2651753
24
-1
317
-1
77260878
-1
-1
-1
-1
41
101
228
-1
23
99
50897367
91
15632486
-1
-1
31
88056996
22
-1
257
-1
82483970
73138037
108483989
59092306
-1
194
-1
-1
18
-1
-1
-1
153
-1
-1
43411867
-1
-1
-1
-1
84093013
10141639
-1
22667205
-1
-1
111486045
-1
-1
-1
-1
250
-1
78256572
-1
-1
-1
-1
-1
-1
190
-1
-1
81
-1
121977314
85694595
256
51
-1
0
-1
-1
-1
-1
-1
124386444
-1
-1
-1
-1
-1
-1
-1
365
76598669
22372696
-1
94062809
-1
-1
62
32
369
-1
39
-1
-1
24649103
55424415
52061535
-1
-1
-1
33052089
-1
-1
-1
112316827
230
15
-1
31
-1
-1
12428859
-1
-1
20354599
-1
33747006
-1
67
-1
-1
-1
-1
-1
268
-1
-1
-1
68191539
-1
11
18
-1
-1
34
-1
52
-1
57689889
0
-1
-1
56
-1
-1
153
-1
-1
145
-1
100351720
-1
93492066
4604887
-1
9
150
2
148
-1
27
-1
58
36
69521966
47115854
-1
23309078
-1
127439547
-1
-1
-1
-1
4
35594789
-1
47656362
30
-1
-1
54
88
-1
211
17
-1
220
108682161
-1
246
-1
-1
18270853
-1
-1
127
103205083
-1
-1
111370371
74492312
109638814
2
31
-1
-1
26
3518029
-1
22506351
-1
-1
1
-1
-1
-1
-1
55
-1
-1
-1
-1
63
-1
-1
-1
53268807
-1
-1
10048218
304
-1
-1
-1
-1
-1
-1
-1
-1
-1
32
-1
-1
-1
-1
31657333
147
32
132132585
-1
-1
26113095
118818789
-1
99195641
88046479
8
77896071
-1
-1
-1
-1
47892422
-1
40644454
-1
-1
-1
168
249
-1
115148396
-1
-1
-1
113885283
-1
-1
-1
9
-1
-1
55060622
45
-1
-1
-1
-1
-1
64600400
-1
-1
53
-1
-1
20
-1
-1
-1
-1
-1
139
-1
-1
123734936
-1
-1
-1
80389974
-1
7
10205546
-1
-1
-1
137
-1
-1
46
-1
292
-1
60796322
-1
91511796
1
-1
-1
-1
2
89025899
-1
57794448
-1
115198997
27430108
-1
-1
69780975
-1
-1
55
22
-1
-1
-1
7
-1
-1
-1
45727527
-1
11
49
-1
116206360
-1
-1
72
179
-1
-1
-1
-1
-1
-1
-1
-1
129821111
58186694
-1
413
-1
1
-1
-1
-1
-1
-1
4
-1
0
84108092
-1
-1
-1
-1
124
49
-1
44801040
129511957
131090448
243
197
154
37
411
-1
32802103
-1
63530678
18
54673639
-1
-1
47
-1
110455248
57025946
109250958
23
-1
-1
-1
-1
-1
4
14124029
78
44
-1
13158073
-1
-1
-1
-1
-1
-1
-1
-1
48443398
-1
136
-1
115739379
5
-1
-1
48
-1
3
-1
0
-1
7
-1
18714530
82140132
-1
75
251
-1
-1
-1
14225890
-1
-1
15109794
-1
-1
149
91398622
5
57286302
-1
250
-1
-1
90399528
-1
-1
-1
-1
-1
-1
205
17
112893460
22876716
-1
201
-1
-1
-1
-1
199
39266786
40
105
67190731
-1
1
-1
-1
114852218
-1
-1
-1
-1
264693
-1
-1
-1
-1
-1
288
-1
-1
-1
18340129
29349436
-1
121541829
32
39446512
-1
23
16266153
-1
15387948
-1
17113584
72602550
404
-1
67
88576996
29
-1
31803373
17706338
-1
80807948
61
-1
-1
-1
1
-1
-1
-1
258
-1
0
62399035
55545669
-1
76406164
70
117066094
2
115912592
-1
53476489
36982116
24842784
-1
117788690
-1
14
-1
6
77
38502433
9
110
-1
-1
218
-1
103218543
150
-1
29
-1
-1
-1
95907271
-1
101
-1
-1
-1
63
-1
-1
-1
-1
-1
-1
-1
-1
1
-1
-1
52061884
103285164
125087168
-1
-1
87
-1
-1
-1
-1
-1
377
-1
-1
100169875
307
-1
95564307
-1
-1
2
-1
130274135
-1
94399838
97228150
-1
86
42
92921199
-1
164
40203745
181
-1
100203232
-1
-1
-1
-1
-1
43976476
1
65870908
6
1
-1
-1
-1
-1
76033187
77301565
57653277
-1
-1
124
-1
-1
-1
-1
-1
-1
84539784
205
163
-1
9128909
94
249
1
-1
-1
83427679
37
61
-1
34245112
-1
-1
-1
79
-1
-1
51223429
-1
68
195
124150452
-1
206
-1
0
-1
28411767
-1
-1
108973159
-1
-1
-1
-1
-1
91
189
116523945
16
-1
-1
-1
17
-1
21614432
-1
30694376
-1
58642499
300
-1
10
32
-1
-1
-1
-1
31737413
75314328
44
-1
-1
5
78174728
-1
-1
99
66500261
-1
-1
-1
44897582
-1
-1
233
69010897
88551095
-1
-1
1
62340833
-1
-1
187
-1
-1
227
-1
-1
-1
23388790
-1
-1
-1
74
25
-1
-1
3211795
-1
-1
-1
164
278
-1
-1
15520333
-1
-1
71050433
-1
20466905
16115773
37
117488283
-1
62018013
-1
-1
79737722
380
-1
-1
-1
-1
-1
-1
-1
47427394
102044422
50149389
-1
8705614
35076805
-1
-1
-1
-1
-1
138
136
241
106832699
14
23859132
132
-1
-1
-1
-1
246
-1
257
111430716
-1
-1
-1
99565685
-1
-1
126210493
22
0
31305748
11
-1
-1
-1
39657056
57
5
-1
-1
66
-1
346
-1
-1
246
-1
0
-1
17
15
-1
-1
73089050
-1
49
110
-1
-1
65
-1
-1
-1
45040600
-1
-1
12915593
49214709
104575767
151
343
12221606
-1
-1
9
-1
51
-1
120
-1
83
-1
-1
-1
12805395
112848281
-1
-1
411
2
-1
-1
-1
-1
66383934
-1
79
-1
-1
318
-1
-1
96094322
102972688
-1
90194427
-1
-1
40251994
246
39876857
53894331
-1
199
-1
73
-1
-1
105404964
11
46619151
-1
52
-1
-1
-1
-1
428
80
-1
-1
102668149
-1
37
44520437
-1
64
-1
-1
-1
23058209
38
1
121459983
66
248
30
-1
-1
43583317
-1
105576954
219
344
-1
306
82360663
-1
-1
101752449
-1
-1
105901222
1
-1
154
65
-1
-1
195
-1
-1
-1
-1
163
-1
-1
131657219
3
-1
-1
125
17275444
134
-1
48031586
-1
13027240
-1
113
-1
225
74008772
-1
38
-1
37162173
-1
56
148
-1
33
-1
423
-1
-1
33
-1
52320621
-1
14323647
-1
96102841
-1
-1
132300678
118901294
-1
-1
105009127
30111992
204
10590978
38
-1
30640885
-1
120436231
-1
22806351
-1
250
-1
131
-1
-1
-1
108772524
-1
59
12307295
396
-1
2
7873705
14
-1
-1
88308108
-1
37
85573782
92600606
-1
96
83726083
-1
154
19
-1
0
244
-1
-1
548654
-1
92
36610704
-1
403
137
-1
-1
33
64
190
9
114
118212805
62323409
-1
84
55023690
-1
242
-1
29968630
-1
-1
-1
-1
46
-1
118
82
67231765
-1
262
43194745
5
-1
71
-1
9037508
-1
180
-1
-1
31
-1
-1
-1
58799530
43468244
14
36
8704152
-1
67408204
114
252
91299634
-1
17
-1
-1
-1
92735388
-1
-1
85
-1
10920402
83767992
217
-1
171
-1
1297520
-1
0
-1
48
225
-1
68221306
7518526
-1
-1
72659407
-1
58
186
-1
79096904
18883557
34982018
-1
-1
85
75
-1
131728992
-1
-1
-1
-1
-1
-1
-1
-1
-1
160
105
-1
120543843
53
165
239
-1
-1
7
-1
-1
164
-1
64337325
-1
-1
298
8
41669586
-1
-1
78
-1
55
-1
-1
125187864
114820668
52
-1
-1
-1
-1
-1
5441404
-1
-1
-1
56176318
-1
112777001
-1
-1
-1
179
-1
-1
-1
7879828
54215299
29903322
-1
-1
11
-1
-1
-1
12272208
285
-1
63331108
0
-1
419
-1
-1
-1
-1
-1
-1
18
-1
70955087
-1
-1
60483755
-1
31
-1
42389740
-1
-1
-1
16
-1
-1
-1
113321422
-1
-1
-1
-1
-1
21353012
8
-1
3633914
-1
10940832
-1
-1
48789237
-1
91672300
107675326
-1
147
-1
40659355
24
-1
98856400
-1
5
-1
-1
-1
51476710
2
-1
115900148
-1
-1
97289238
-1
-1
-1
125
-1
-1
-1
-1
-1
-1
69
111469032
14038895
-1
-1
89632534
39576706
-1
122
-1
116557106
12
-1
109
-1
-1
40434464
115365387
-1
-1
-1
-1
-1
130288484
-1
199
23283865
-1
-1
-1
127
332
-1
-1
52
59563964
-1
-1
36
-1
-1
-1
85
-1
-1
-1
36
146
112
34177686
-1
72
91248193
25
-1
33
-1
244
-1
42
31
74
-1
12291537
-1
-1
164
15
-1
37
-1
339
199
-1
104340748
115
-1
3
238
-1
353
-1
279
-1
-1
132942886
328
117
-1
130785964
54687424
10
-1
-1
414
-1
-1
64040543
-1
12
-1
-1
22
61251890
-1
-1
-1
-1
18038059
-1
227
22
-1
-1
-1
-1
-1
102
-1
-1
-1
-1
294
-1
193
-1
-1
117213135
106
8
217
9168783
-1
27
-1
-1
-1
205
75360531
73128798
111838948
228
-1
851532
0
-1
25
1
-1
-1
-1
15
-1
22783294
-1
-1
-1
99686762
110021142
190
32858179
10351694
63
-1
-1
-1
-1
15555297
110900337
-1
-1
36512450
95001541
-1
21863414
-1
-1
-1
111
116718221
74956684
0
3
-1
-1
-1
-1
-1
-1
14
-1
-1
-1
-1
36215494
121391050
-1
119
281
3989172
-1
188
121
-1
40188247
102037483
-1
284
94232293
-1
37
102131458
-1
44338926
110408971
45130715
-1
-1
83
256
-1
-1
33574381
34
-1
159
-1
25
78732062
-1
35
73312754
-1
-1
123428924
22
-1
157
50808812
-1
53
-1
-1
60
-1
-1
-1
-1
58838897
-1
-1
-1
-1
-1
229
-1
24
131756581
24298582
-1
-1
88329783
109937301
8153408
87606375
15665656
-1
-1
-1
360
-1
-1
98899899
-1
-1
-1
69
110214361
107020401
59284343
-1
115
257
-1
-1
-1
-1
26010865
-1
-1
-1
-1
-1
239
11
-1
0
-1
81
111223256
-1
243
45
-1
116
39
-1
-1
382
-1
-1
-1
52363942
-1
114
122704652
-1
-1
87942547
-1
-1
141
-1
29
114237598
-1
-1
56
-1
-1
-1
112372544
-1
181
31001119
73
-1
124
-1
33423053
97334048
-1
20
6
87576615
-1
-1
-1
44580253
-1
18561145
1
-1
-1
71704543
94652018
-1
6
107728014
-1
100166832
-1
-1
74406276
-1
-1
215
29401807
1
22445584
39
9
-1
116684120
12758233
12144053
-1
37
10
227
67544070
70855721
106497822
-1
93856816
145
15192469
-1
-1
-1
-1
-1
227
-1
132484402
209
-1
-1
-1
51901292
29
-1
-1
-1
-1
85
-1
36
25777031
-1
51
115961615
-1
-1
93568416
-1
-1
106
-1
-1
192
-1
-1
-1
-1
254
303
-1
-1
-1
-1
39546528
-1
-1
51373702
289
73123100
-1
-1
-1
-1
-1
92733841
-1
-1
-1
-1
106088547
-1
274
88451435
10174026
-1
365
13
-1
110
100416856
61115766
-1
36006549
61
8715191
37431658
-1
-1
343
-1
278
-1
-1
-1
-1
-1
17
34969218
66
19
-1
38
0
-1
5
-1
-1
17
9105800
32491274
-1
39549964
-1
-1
7
14111440
11159104
-1
-1
-1
-1
-1
108751667
-1
16730476
-1
-1
-1
110181671
18
11813807
86
118894637
-1
-1
62
9614541
-1
-1
93
6030714
25200249
-1
-1
-1
64
-1
32669308
-1
-1
-1
21559241
-1
64
124295275
-1
49
1099865
41
-1
86
48734811
-1
111085364
119195596
-1
126995909
-1
-1
-1
362
-1
331
-1
56730586
-1
97284613
14090780
-1
284
43
13194446
49460615
119899960
-1
-1
138
-1
226
-1
-1
-1
121232101
16076044
-1
-1
-1
-1
40528675
198
14
-1
125677018
-1
-1
48303978
-1
57280504
-1
-1
-1
8859303
13563708
56206915
19617968
57494222
-1
54779726
-1
-1
51
-1
-1
138
8
161
-1
104555740
-1
16
-1
-1
-1
-1
-1
133
14
-1
55264395
-1
-1
-1
-1
124353056
-1
18
-1
-1
64641436
-1
-1
94486008
-1
-1
25434243
-1
-1
32288927
-1
-1
65633916
-1
-1
16
-1
45166368
-1
-1
-1
-1
83744733
77156431
32
318
-1
-1
-1
-1
-1
-1
-1
35
-1
-1
217
-1
9
-1
25157610
-1
-1
-1
-1
-1
260
96
-1
17
34
66023282
-1
210
38948624
-1
-1
6
-1
-1
324
67
0
43436014
10
133390181
69445621
308
-1
-1
-1
156
60019742
-1
-1
20
299
-1
-1
63
-1
-1
53
25054755
0
150
78806338
68
122445637
-1
2
96851202
86605573
-1
-1
48251041
-1
84
-1
98352417
-1
76
-1
-1
-1
95748201
91448244
195
-1
147
335
27
-1
12171358
184
84494285
-1
352
32
-1
139
-1
46007496
-1
60
-1
1
-1
69505259
82377812
-1
5
-1
18312871
-1
-1
0
-1
-1
-1
114219939
22688759
4
-1
175
22
-1
-1
124001619
73430969
8
-1
29247070
-1
-1
124991253
49883928
124739869
1604834
-1
190
82
29830420
-1
171
-1
-1
-1
-1
-1
-1
43
13931256
69
-1
-1
-1
9
78659018
7823189
124064321
-1
-1
97427841
265
39451458
-1
-1
-1
-1
-1
-1
-1
137
75488829
362
225
-1
-1
-1
3860786
-1
91
-1
52477432
-1
-1
-1
-1
30527424
43
31
-1
195
87
108600553
-1
5707305
-1
112
92704366
-1
-1
33154599
-1
-1
110571438
290
253
55
116
31811389
-1
184
-1
214
-1
-1
21542340
-1
-1
-1
32337808
-1
-1
61
22245076
-1
13
168
-1
-1
5
107
-1
79235635
-1
359
129474891
36591916
-1
-1
101
94291604
94946882
-1
119
-1
-1
-1
-1
279
124893953
25954542
-1
-1
116
-1
15039893
13
-1
14757082
60053855
15878660
78312095
114
-1
17663742
118
-1
-1
-1
-1
41376283
44526073
67314660
-1
-1
116905328
8168105
119708850
-1
88535702
-1
-1
-1
17265021
-1
-1
139
127925059
-1
-1
130
-1
119
-1
-1
-1
61
165
107977706
-1
33230460
57188710
42234594
308
-1
97731894
373
-1
20
32089517
39
-1
56566191
-1
-1
251
43842716
35663489
-1
113425891
-1
-1
-1
-1
39245733
12637266
-1
225
19271590
-1
-1
-1
85
-1
36
62
48021507
-1
344
-1
-1
-1
87
-1
76117898
42271915
-1
32
123
8
138
79936554
74445255
472
30
102178217
-1
-1
-1
126863706
-1
223
-1
-1
-1
5
-1
12
-1
66
-1
-1
127
-1
232
30945138
47192943
7
-1
-1
34584229
-1
41
307
-1
-1
-1
155
-1
98
-1
-1
2
-1
-1
-1
194
117204484
-1
28
118593379
100901987
-1
19
57101013
75203726
-1
-1
374
-1
-1
156
-1
-1
167
36
-1
-1
-1
201
-1
-1
-1
37628373
-1
19
-1
3
-1
-1
-1
-1
111738733
143
-1
-1
-1
15
132740223
-1
353
832386
-1
-1
-1
116
-1
-1
-1
11
-1
5
19
170
128
126170860
-1
-1
-1
-1
-1
112391293
26156009
17
-1
1
12566115
52
-1
-1
16011839
101
24746074
-1
51021678
-1
3
5
-1
-1
-1
-1
192
132000966
45065385
82334680
-1
-1
46205198
-1
-1
3
48990814
-1
6893588
27031981
61093922
91
-1
7478123
7927823
24206537
-1
-1
15
-1
49675692
-1
-1
187
83543609
43792300
46
97059776
-1
-1
-1
-1
-1
56
-1
-1
43317804
323
-1
-1
33349687
88584708
79744072
-1
-1
43110867
80149036
-1
133379680
-1
234
-1
-1
-1
-1
84661902
97998552
-1
95918693
153
92
77940349
-1
-1
1
-1
172
59075154
-1
44181122
118522924
59
22806254
94
-1
-1
218
54908376
3
27329386
-1
36
-1
-1
64607049
115819604
14752271
-1
-1
-1
-1
-1
65117943
-1
-1
81
88210344
370
7
-1
-1
82557522
24046931
11798877
-1
36569296
-1
-1
38231724
136
11904467
-1
59141611
-1
10170027
-1
221
-1
81897280
7
111624602
-1
37
-1
59
125
106
26
-1
-1
94106782
60743319
-1
-1
-1
-1
29
31
-1
42965917
-1
-1
-1
-1
295
36978590
-1
109672642
-1
-1
-1
-1
3
-1
-1
-1
20083253
-1
126872156
13
57
65105650
132071802
-1
-1
-1
25
-1
-1
33039290
-1
110409945
117581499
20472448
58
5406501
99044141
162
28
245
-1
-1
-1
-1
29326339
59
-1
-1
-1
123041077
-1
66755537
-1
-1
55550346
-1
9507851
118264794
-1
41
-1
-1
-1
133245072
-1
-1
14
-1
8170679
-1
-1
131577253
-1
97302613
-1
16
75
114686241
-1
173
243
48
-1
-1
123
64866664
-1
88
19
121407744
-1
-1
129298349
-1
87
-1
20
-1
16359190
38289553
18
-1
-1
43
354
58978626
73
-1
239
-1
-1
-1
123869714
81
24
76934320
121770826
-1
11807728
28166642
69785999
31059952
-1
-1
14
72921088
-1
-1
108743503
52
368
122921702
4
-1
-1
4
-1
26
-1
8550478
14
166
23615337
0
-1
-1
-1
72169258
21
-1
128652917
-1
76
113370089
-1
84
-1
-1
135
-1
-1
-1
-1
-1
-1
1
81376049
84657909
-1
75880790
-1
-1
133300888
67
-1
116639681
-1
-1
37
71044743
-1
-1
351
-1
55716658
126937709
98
411
-1
465
-1
127843822
5033811
127507725
81
90466083
-1
-1
-1
119
212
36840240
-1
17
125
-1
-1
-1
-1
13667406
-1
14
-1
169
305
88604247
98526410
-1
-1
137
-1
72097587
11010436
131222055
12994273
-1
100104769
-1
4
-1
1
102983957
-1
-1
38
-1
1
128021154
5
55206089
148
30
-1
-1
-1
-1
103247554
38884511
305
67
-1
-1
11
-1
151
80
27523676
39
46223824
-1
101199765
-1
-1
61123030
14
-1
-1
-1
12484670
-1
242
110863749
0
-1
47956521
-1
-1
-1
177
312
-1
-1
11
-1
-1
-1
157
57
1
131
-1
103539797
-1
30
-1
80
-1
0
16
472
-1
74
118
125114421
20
-1
33
47
119417554
-1
4973060
-1
112798182
-1
27389303
-1
60105344
-1
-1
0
64958783
104316935
115
36
-1
-1
129285702
37
8
373
-1
-1
-1
89938075
69
-1
-1
92
33019710
-1
1
-1
-1
107378547
116791918
-1
-1
-1
-1
-1
-1
-1
7
-1
130344409
43
5
58000705
48
-1
-1
-1
-1
-1
-1
-1
-1
22108871
17248312
21
-1
-1
41
79
73661910
-1
118094213
69667942
-1
74
-1
127646489
130052375
6636828
15071795
-1
16561348
19779394
293
96349982
4
12027905
14
101740999
-1
-1
75269522
-1
-1
34
-1
-1
-1
55620365
-1
10
-1
100622988
111121220
-1
25043525
-1
-1
-1
-1
124516744
3
-1
-1
-1
139
-1
51
-1
-1
-1
127554397
29800036
-1
21
-1
-1
-1
128436916
-1
-1
12
-1
-1
-1
-1
389
-1
-1
-1
11168832
-1
36
-1
-1
23
94954402
79517898
186
250
118715359
94465212
-1
-1
-1
-1
38650135
-1
-1
-1
-1
-1
21
-1
17534075
36104058
53856481
89207073
95307619
-1
-1
-1
12790178
3
95632989
-1
27956630
125366400
98
-1
-1
66949262
-1
95664799
17
39
30021572
54
49296523
-1
315
-1
132
101695313
89163616
17
-1
19
22
-1
-1
-1
-1
-1
-1
121914212
73994881
92731753
48327558
-1
-1
-1
11
-1
32070863
-1
-1
89
-1
-1
122
-1
1
273
68
-1
108464647
126709844
-1
1
-1
-1
-1
-1
112663315
127549773
-1
114064260
-1
18
-1
-1
-1
46
-1
-1
6540952
139
-1
4
52752616
-1
-1
435
327
-1
-1
322
-1
-1
-1
-1
111518802
4915476
88
9
67739459
-1
94170141
102788698
-1
-1
-1
90482891
86
16
-1
-1
343
78
300
304
159
-1
36
28904025
16
-1
-1
-1
-1
46697576
-1
252
-1
-1
-1
-1
-1
-1
2
74741349
82607784
-1
22
-1
60271435
-1
207
110
-1
-1
30
-1
306
157
15
22
82741064
-1
-1
115136993
187
203
-1
-1
214
10900256
82882044
116
-1
3852472
-1
24
-1
-1
75
120901380
43598166
-1
-1
-1
-1
59
98140637
5
-1
-1
24
334
-1
-1
-1
-1
-1
-1
-1
91
-1
-1
7
120
-1
-1
0
-1
-1
130675410
161
17
108
-1
31
-1
112900374
-1
120
-1
-1
-1
65955169
-1
-1
-1
14935246
10957445
128
654041
-1
13923133
387
-1
46454971
-1
46
203
177
-1
50
-1
-1
130225896
-1
109584958
24724291
42
20295124
-1
-1
110768428
3
-1
-1
77
-1
133366469
-1
-1
-1
-1
88935832
-1
114189645
96
110
-1
117803413
-1
-1
142
-1
194
30369139
-1
52298822
38739676
12
102313276
41505722
-1
-1
-1
-1
-1
-1
35
6168883
79229781
33
-1
7179846
97
19
275
27
17
-1
156
-1
-1
98577372
105242933
-1
-1
35997467
18
-1
-1
-1
-1
-1
104770235
34
-1
-1
141
118
-1
81
121189036
-1
63326670
105473870
30
453
-1
-1
217
-1
92492361
-1
86853491
-1
-1
255
30811944
-1
-1
170
-1
-1
99419504
8
20
-1
-1
13758421
16716675
-1
-1
10528890
7
-1
132
40278734
-1
81370951
-1
118033791
6
23434378
-1
-1
68915379
17029659
87838070
119471877
-1
88458762
-1
-1
-1
121
-1
26
8140608
1
-1
113
79813882
-1
3
62936712
68
236
-1
-1
-1
-1
-1
23069521
-1
105182195
63931286
31628728
113368634
-1
337
269
-1
-1
-1
96604349
-1
-1
-1
97549271
-1
6
-1
53822565
131344948
-1
-1
-1
381
42112619
178
-1
226
-1
-1
-1
-1
-1
46418800
92585173
-1
-1
-1
129
-1
45
58
56062298
51636764
27
-1
-1
15
282
-1
-1
0
42
-1
-1
2
38595761
-1
7655675
1
51661204
86681489
13
-1
89944857
-1
133
47318599
30600611
-1
31
56126852
37
96541208
30
-1
1
45995720
-1
-1
-1
-1
-1
119164482
-1
11
-1
-1
-1
-1
-1
-1
-1
398
-1
-1
163
149
-1
113782599
-1
0
198
100781263
-1
39
18
55114660
47336546
15370218
-1
53591798
203
292
103068881
93599947
-1
-1
-1
-1
120466721
-1
-1
61
-1
-1
-1
-1
-1
82
133
29
254
-1
-1
132785041
-1
63487422
-1
188
3981448
103
21
-1
-1
110663562
30921782
-1
7642453
131408978
8253544
106
160
-1
-1
148
-1
-1
98424676
-1
-1
5
100265631
78
33
-1
-1
39817732
118526522
340
-1
-1
52357711
-1
-1
1
-1
8
10
8
0
-1
-1
-1
2
59
-1
-1
0
-1
10
-1
-1
-1
49
-1
1071189
-1
-1
17022696
-1
119
21530597
-1
84048112
-1
-1
103
449
-1
-1
-1
237
122477511
-1
-1
10145010
-1
-1
139
-1
5
5
-1
-1
-1
-1
-1
-1
-1
110503860
152
61
69
63432260
97985874
-1
-1
-1
-1
-1
104382314
2
-1
-1
3
-1
-1
97852654
-1
-1
-1
-1
263
-1
-1
122
115235211
-1
-1
2
120
-1
-1
3401347
28787572
-1
132737032
191
296
-1
-1
-1
60390639
49
387
-1
84648684
225
21
403
180
45
113157254
-1
29798322
-1
5
301
-1
120
-1
218
-1
2
-1
-1
-1
-1
-1
-1
-1
-1
45848153
81433972
-1
93776572
-1
120534365
-1
7
-1
3
-1
-1
74906977
-1
56995827
105432015
47
113284154
128
42695795
233
-1
56142286
-1
98297721
-1
-1
-1
-1
25
-1
24152647
127041083
0
-1
6285808
-1
221
128039649
227
-1
171
-1
127130674
15062172
222
94
15
47623657
24642546
277
-1
-1
128572030
-1
-1
-1
-1
-1
-1
-1
2
-1
117699503
6
-1
-1
-1
-1
-1
8
46842506
15
-1
9
33159374
-1
32167532
7733611
73131783
55822993
94297259
68
141
41269799
-1
-1
-1
-1
-1
-1
35
44600323
-1
21781619
-1
67800922
-1
-1
-1
-1
130352057
15879927
78
32
-1
-1
-1
-1
-1
120462900
283
-1
-1
70682168
-1
-1
-1
47641778
85722295
-1
-1
415
-1
-1
-1
62807577
92193132
-1
21934036
38
28
6728193
-1
157
39641712
-1
104294941
-1
20
-1
123947808
86113751
47
-1
-1
-1
-1
-1
-1
-1
24368605
-1
-1
-1
140
-1
39873420
-1
-1
114627543
87481560
191
-1
-1
-1
42369486
-1
-1
-1
-1
-1
-1
87397428
58031186
-1
44945827
-1
-1
-1
-1
-1
-1
-1
54
140
-1
90
54949376
-1
-1
-1
112784350
26
9
13345761
128604099
28
-1
-1
108
53783538
-1
344
343
-1
-1
-1
54
-1
5342418
-1
-1
-1
105385057
105
-1
90
-1
-1
163
-1
19749095
-1
66807685
-1
175
-1
-1
297
30922425
-1
128828881
-1
58
-1
93
-1
-1
151
-1
66432173
42904514
-1
101
115
-1
-1
128955725
-1
-1
-1
-1
66
-1
365
275
122043313
95982764
-1
-1
-1
-1
9
182
-1
-1
-1
-1
-1
-1
-1
58
-1
-1
-1
-1
23228971
-1
-1
-1
3846442
-1
97407916
81924935
111
119130208
50612722
172
-1
103780323
315
188
-1
-1
-1
319
97304574
68
-1
-1
71156301
100
111
79105820
91241849
35900709
-1
-1
-1
-1
117083769
-1
-1
103
33
-1
-1
-1
-1
-1
26683791
-1
23432610
22
-1
2588037
102558534
96322841
183
48930623
-1
-1
-1
-1
-1
35
-1
-1
-1
-1
98033518
-1
-1
-1
64848274
81939060
64
-1
84411707
-1
-1
444
58571785
795763
-1
139
206
-1
-1
57
-1
87
-1
2
-1
-1
-1
-1
-1
-1
-1
73037880
-1
-1
0
-1
97
-1
374
114108645
43
-1
-1
55
378
9263711
108056851
72
91
4
140
-1
-1
3
168
-1
99196387
-1
-1
-1
-1
-1
-1
103391719
71
19
110775239
99789860
54
-1
-1
-1
126828417
5
241
110404229
-1
-1
-1
-1
53422741
-1
50
-1
-1
9
51
29464396
-1
-1
206
-1
-1
237
-1
209
-1
-1
-1
68127251
82581008
29
-1
43820809
114918971
29
87048294
14
-1
-1
-1
140
-1
227
-1
-1
-1
-1
-1
51091225
-1
-1
-1
40731004
70
53306551
24
101
-1
14570788
65057066
129650279
68760765
-1
-1
-1
-1
-1
177
99
82561552
-1
-1
68
-1
322
-1
3145942
0
125361164
70436588
-1
-1
1
48
-1
-1
53278332
188
81460937
85887708
-1
69
-1
73
-1
442
-1
-1
-1
109546762
24180967
-1
26116350
-1
-1
22624640
-1
-1
26
-1
-1
71952278
-1
52
-1
192
103
-1
115659212
-1
132254011
3063058
-1
50632388
294
-1
102309403
-1
-1
-1
38927757
-1
-1
-1
-1
-1
249
-1
-1
105
0
37302471
-1
7657018
-1
-1
-1
-1
-1
59940184
-1
-1
-1
108
48
131379786
287
13803041
22023360
-1
120069823
-1
19025338
19825060
-1
45821036
-1
46173575
15
64891740
-1
470
4641884
149
103736120
80664417
-1
83
-1
-1
-1
262
7
18842722
105
108569903
-1
-1
-1
92476466
14
-1
-1
14
-1
36
-1
83345581
-1
233
64268093
-1
-1
130
-1
-1
-1
-1
33011812
-1
53
-1
11
21849698
-1
-1
68503533
402
49
100
-1
38238509
45
56
148
110
-1
249
124395774
-1
58727956
17920237
-1
-1
-1
64
92496816
-1
116
-1
-1
407
-1
39610317
-1
-1
-1
5
-1
53682747
-1
-1
-1
-1
4
22
-1
128
-1
-1
-1
-1
83790719
-1
65734419
128020387
41
189
48389636
-1
20
23
28
39296423
-1
139
314
84105749
-1
-1
-1
-1
-1
-1
94149579
98602454
97981783
6
103546363
48162074
136
-1
104585167
-1
51510204
59566728
85902969
-1
17
-1
84850369
-1
18
-1
-1
-1
-1
-1
-1
117
-1
5
124979981
-1
0
218
-1
161
-1
-1
41587086
-1
-1
70
17
-1
-1
7868963
-1
2
7
50
263
-1
-1
-1
25671896
-1
-1
90490783
112
-1
-1
-1
40
-1
120515010
192
-1
-1
-1
25079286
63203515
21630460
-1
-1
38
61148373
704440
93749745
154
127021467
75193109
119
128956578
-1
-1
19962191
4
120101232
18
-1
49781963
-1
89240064
15485979
110001990
-1
49662166
125257461
-1
-1
170
270
-1
41476919
75161965
34
131
-1
-1
-1
-1
30
60466937
-1
4
168
-1
-1
-1
132047440
-1
74067360
-1
-1
53
5
88
30
273
122954940
-1
-1
105360613
-1
-1
41648206
78218791
-1
100
-1
-1
109891794
117
105343498
-1
-1
19888243
62268387
-1
73216546
61747195
-1
996384
239
383
64993074
-1
236
-1
-1
2
141
29306308
16
-1
-1
-1
3
-1
-1
-1
120659866
35649758
57825328
11
115444687
131271409
-1
-1
5575534
-1
-1
34131383
61
168
118187695
84398894
-1
-1
117392896
-1
-1
2
111151534
-1
-1
-1
-1
14873732
-1
-1
197
-1
34798259
21949926
0
-1
132982993
54874488
33659249
20
72
338
88053267
99
-1
39184552
99377021
-1
68063514
-1
-1
-1
34863854
1109656
-1
-1
112598271
108956997
-1
-1
89545707
31681162
-1
20
48598191
-1
-1
-1
-1
130
248
16187338
49824287
215
-1
-1
48067225
-1
-1
48
115322953
-1
75
68738004
165
-1
-1
250
-1
285
-1
-1
44718926
-1
132
128350706
35709488
75
60451556
-1
78
228
-1
53
-1
118
-1
-1
-1
-1
90600331
-1
2
-1
-1
74420753
187
-1
-1
2326865
-1
-1
10539803
82
-1
129843316
102305930
-1
24986401
-1
11833360
-1
20341048
40
-1
65480616
-1
61
-1
152
92782685
58287369
305
191
-1
-1
102
-1
-1
-1
86187272
112
122176332
70739957
6
-1
-1
-1
-1
14157887
-1
-1
104623347
19
0
-1
-1
-1
-1
57
-1
-1
282
70879850
-1
46583611
-1
93
3
-1
83796207
-1
-1
31010675
96345035
-1
-1
-1
69085955
-1
-1
-1
-1
-1
362
-1
-1
6139701
22397830
5
114884699
57
293
-1
117403516
117
-1
193
60073870
-1
1
-1
97
-1
1
10541582
-1
35847722
51
115494894
217
41
89189424
-1
110
-1
-1
-1
19369348
-1
-1
0
128830800
35737999
-1
-1
70952359
199
8
-1
-1
135
123127563
24686725
-1
-1
125899669
1
-1
-1
-1
38817217
-1
105697809
157
116
132472516
326
-1
1766228
-1
-1
4
-1
-1
64
-1
-1
80072048
11
-1
-1
118
-1
106
-1
-1
-1
-1
2
152
2846346
119
57
102008391
-1
104
-1
-1
-1
46722252
-1
119286500
67317211
76
92241382
-1
60985081
-1
-1
51264564
56
62650096
-1
218
-1
-1
195
-1
-1
283
82302617
96
-1
-1
2
127
4217872
22
-1
78175282
11400547
17646937
-1
44938778
158
111577828
108
-1
-1
23935845
-1
81442479
-1
-1
84
-1
-1
20
302
91202341
-1
-1
-1
-1
111858167
34559555
-1
-1
-1
105397331
-1
-1
-1
5069442
-1
155
31856301
349
-1
90660031
-1
47
119
15
-1
-1
-1
-1
122655825
-1
85814082
142
335
-1
232
175
-1
-1
12
128844940
123516947
57643103
-1
99274165
45
-1
-1
71434285
-1
-1
-1
54494331
137
49152582
-1
-1
56
92109270
14
-1
-1
89
128205967
9032612
0
1929841
16922896
61029385
-1
-1
-1
76249298
-1
5
112069933
10
-1
65456087
99483207
-1
80344154
98
-1
-1
53876568
-1
326
124876224
-1
-1
-1
-1
-1
-1
-1
-1
67156448
87
-1
54021560
24
-1
11
35
28502881
-1
-1
131892016
18
-1
20645149
52237878
4036983
317
111750666
26255203
-1
-1
-1
-1
-1
112123155
65
-1
-1
37
-1
84
-1
-1
72
14
-1
53380210
82019141
-1
-1
-1
-1
92744755
-1
-1
62948103
28
-1
71477711
-1
102
-1
-1
74
-1
-1
-1
-1
79040390
-1
-1
-1
270
46
60
-1
-1
121520624
40332971
-1
71
4
0
2
93622959
123
-1
-1
51
6
209
119785113
63893183
54252144
8900760
126000075
-1
118837807
-1
-1
-1
-1
-1
230
-1
-1
1
-1
118870517
2
-1
123
114
-1
36
-1
55564656
-1
60
-1
-1
263
-1
106282334
-1
-1
2126937
9711218
-1
68
352
177
-1
-1
-1
-1
23
-1
132795212
-1
123
-1
96
-1
-1
-1
-1
-1
1
15
225
-1
-1
8
79
-1
39
-1
28
401
-1
-1
246
-1
145
47
-1
0
78275420
-1
-1
3882599
33300808
-1
128333185
49511878
-1
-1
99669063
-1
-1
127272955
-1
80
21931053
112
-1
1
23289638
72
-1
124707417
86
-1
79
130607136
69
118919982
30763761
-1
15
29579930
-1
-1
102
122
42201006
-1
-1
110712931
119848245
-1
-1
-1
1489632
34060569
-1
19398193
-1
-1
-1
-1
68931951
2
81339109
28
-1
-1
349
-1
-1
-1
-1
278
-1
228
-1
-1
162
88155173
-1
109541104
48
-1
-1
-1
-1
93
-1
97
-1
14104592
105
-1
124599876
-1
395
-1
120414627
73
-1
249
-1
7
-1
20184646
98184835
-1
-1
95
41
393
172
117986141
-1
54605188
-1
-1
-1
-1
63964426
-1
1
24979181
-1
-1
117
263
-1
146
14
11197922
-1
-1
44281474
-1
-1
-1
-1
-1
102382893
17
105800913
-1
-1
-1
-1
17
5762240
97061494
-1
23001797
96329495
-1
104304186
4925054
13
-1
-1
224
165
83
12830967
-1
37749228
45671853
109810127
228
7
22848897
104
76
-1
89
-1
1
0
-1
116603471
-1
101826639
52
15
49
22725039
-1
126497172
-1
13
-1
79274805
-1
71079512
52450440
42
-1
32
73277342
177
-1
-1
16718031
1
112352419
34
-1
-1
52644124
-1
124
-1
-1
88483448
89272375
86935468
45369458
-1
-1
31
45
-1
-1
-1
-1
50888385
32
-1
-1
-1
-1
52633834
6
103941382
1
-1
-1
3493921
47427155
-1
-1
34585318
214
108373509
-1
118
-1
58935176
66372042
88687575
-1
-1
-1
-1
-1
103393750
65513893
-1
-1
328
-1
68214099
49
83276746
-1
-1
17808404
69831039
-1
-1
204
-1
-1
192
28372319
111
34516951
-1
-1
47792697
-1
9321828
-1
50454815
53061690
-1
72631996
184
22186040
51585303
167
74628782
5282514
6
43637602
230
15345269
-1
87410772
-1
-1
84676373
29
-1
-1
-1
-1
-1
-1
31887486
49325063
17
61025
5035026
111
96
7706966
-1
65
-1
-1
-1
-1
106337595
-1
57193028
-1
131775125
59896387
80354043
399
-1
-1
-1
-1
-1
-1
-1
-1
-1
20
-1
129948839
-1
24975293
62
-1
-1
142
14911189
-1
121
198
-1
-1
41626954
145
-1
-1
116564230
9
-1
90
63694048
-1
36474552
2
125956175
-1
25978596
100131657
157
40
-1
-1
-1
-1
57760166
-1
18669144
-1
89657723
13
249
-1
-1
-1
-1
126127054
16
-1
-1
-1
-1
-1
19442508
7
0
122893060
78069391
126502043
30430608
119483145
46
-1
-1
-1
67
39609136
102326385
-1
-1
37450915
65445123
-1
-1
-1
-1
-1
32928760
38512597
171
-1
8162915
129
197
-1
-1
-1
-1
-1
-1
18
68753134
-1
69058854
-1
-1
130533749
95593392
-1
-1
-1
-1
78094534
11
1
446
119
-1
61521935
-1
152
92
112167147
-1
-1
233
-1
80
19203066
-1
48407545
187
-1
-1
-1
-1
-1
32
-1
62026407
94578233
-1
128717439
-1
25
-1
-1
-1
-1
64743521
-1
3
-1
-1
-1
-1
114964105
-1
-1
3443052
5276605
126519494
45
84
-1
-1
-1
-1
126965388
-1
-1
117233330
-1
5
12
387
-1
71
122128565
-1
-1
-1
-1
-1
-1
77
123133767
393
-1
304258
72
145
109775951
58111896
26
-1
-1
-1
169
-1
-1
169
133483453
91098700
-1
37118255
-1
-1
-1
36532769
-1
78982613
-1
77232723
72
-1
176
69077373
102077190
93399534
-1
34976914
145
261
-1
-1
103036125
-1
-1
104388576
-1
-1
114265245
-1
-1
-1
-1
8
4
-1
-1
-1
88
-1
128535722
114202886
-1
87650847
9185422
-1
-1
81116337
-1
1
75326170
-1
-1
146
100152795
8843314
18039027
-1
-1
58
-1
105240292
62
-1
-1
97752864
-1
-1
-1
81
-1
-1
-1
269
4
-1
-1
-1
-1
-1
-1
-1
95
24942761
-1
12537704
67264897
60
11447490
-1
-1
289
-1
-1
96511652
122530396
28
33
-1
-1
-1
-1
126995856
-1
-1
23821744
311
-1
-1
131
113451782
-1
18
9801440
6
10
63459670
-1
-1
61
48429073
1
29
52745798
-1
70998261
-1
-1
4
387
-1
33318139
-1
-1
204
201
128
-1
56156740
19974738
-1
123
-1
23
-1
-1
-1
-1
-1
-1
116003811
54
-1
-1
-1
9254250
328
-1
-1
2
-1
-1
85755196
196
63
91521577
39752991
-1
-1
-1
-1
1983134
120844296
-1
-1
76776694
-1
-1
91046627
112391410
1
119
21902353
-1
-1
-1
-1
137
126292358
67100785
-1
93686323
-1
-1
17697841
-1
269
66891325
-1
15955761
348
45548123
4806298
0
-1
-1
1
-1
-1
283
-1
382
-1
-1
64557596
-1
-1
-1
43792896
-1
76
-1
-1
130
138
-1
-1
209
-1
122791196
-1
110292178
-1
-1
86264762
-1
-1
357
97855930
-1
-1
-1
-1
6
20
41
-1
-1
16751459
328
64062876
-1
49115890
-1
14
-1
-1
12
-1
311
75932232
-1
-1
30081049
-1
1
-1
2348112
314
-1
40
108
70284874
-1
-1
73676075
50
-1
49
37409589
29415542
132
-1
-1
-1
3071074
-1
120606903
-1
33024917
90
4
45815335
34280934
-1
-1
59328965
-1
121093162
97196715
135
6998357
106269666
-1
-1
-1
-1
-1
-1
-1
-1
-1
65352450
143
1291162
35592172
-1
332
126625835
-1
-1
-1
-1
-1
-1
309
-1
21072101
314
-1
2
-1
-1
125408512
-1
-1
-1
-1
6792873
118375006
159
37048269
122254080
20
-1
7357408
-1
141
91851598
-1
-1
-1
-1
-1
-1
-1
-1
147
4385481
187
-1
270
-1
126586171
-1
14442287
-1
-1
-1
-1
76
113
37720161
6
143
57311208
14
-1
-1
125589006
-1
-1
26
-1
45374692
208
-1
-1
-1
55823743
95
84595986
36020688
30927801
155
-1
46452932
-1
-1
132927916
-1
-1
338
-1
46308140
-1
48
1
44719591
10
47
48065922
189
2
-1
-1
-1
67398453
105596956
148
4
60898496
-1
114
19
84
-1
-1
261
-1
-1
977083
4
37
55
30124798
100934660
63069208
7
-1
36
3054205
-1
38
-1
-1
-1
-1
264
229
122198808
247
-1
83
32
-1
205
-1
-1
-1
-1
-1
-1
119581725
-1
38
45
-1
-1
2812688
7
-1
52218656
312
148
12
133234338
4337664
-1
-1
-1
0
-1
117
245
59906541
25600185
79878046
95
38846644
-1
6471779
88142066
-1
118569345
-1
162
-1
-1
132982212
-1
-1
-1
61
108944241
-1
-1
34831156
-1
-1
41
-1
-1
20789440
-1
0
158
14
-1
38324492
136
-1
17339904
10633653
-1
-1
1
-1
-1
-1
45
-1
102966363
-1
55759044
0
-1
-1
84
-1
-1
-1
-1
-1
52700938
-1
49
-1
-1
-1
-1
6302919
239
28115291
-1
7919215
109694157
75066745
-1
23536468
25
-1
-1
-1
-1
-1
271
7
-1
60387819
-1
-1
15
168
-1
-1
3
-1
-1
-1
7
-1
-1
70
-1
65198313
69
-1
-1
39
-1
-1
-1
-1
-1
-1
-1
95956109
23
34
-1
70742650
115781384
-1
-1
289
8
-1
-1
68
-1
-1
54
1
-1
-1
31830699
69
104
-1
-1
81
7285274
11
-1
-1
-1
-1
50762703
18678457
34
155
36251612
-1
56166718
10
-1
30
-1
-1
-1
-1
-1
-1
-1
15
-1
70
238
-1
-1
256
102089935
8
176
-1
88724590
-1
126491478
-1
-1
-1
-1
2271063
-1
117706136
-1
-1
-1
-1
134
357
322
165
-1
78
18394206
-1
74
-1
1
-1
-1
-1
-1
-1
-1
100640904
-1
-1
111
-1
-1
25915372
170
-1
-1
-1
-1
64926541
-1
2
-1
-1
67
-1
-1
-1
-1
60
3730475
-1
-1
-1
-1
-1
-1
55335294
-1
-1
-1
59820839
175
-1
-1
70
37
-1
339
96
-1
27
-1
-1
167
104931587
20286953
267
-1
114
-1
-1
-1
285
123367682
-1
115796672
19555875
-1
374
-1
-1
-1
70329207
107377447
122258009
-1
60903842
168
245
-1
107908444
-1
-1
-1
105633749
-1
84
129698492
190
-1
-1
-1
-1
7793935
-1
-1
-1
41875396
1
110951732
-1
-1
202
-1
-1
-1
95581370
-1
-1
-1
37
819964
-1
-1
-1
10403591
-1
100637812
1473406
106353002
-1
391
-1
34
-1
74495573
-1
-1
177
210
27582679
-1
116
-1
71076966
67879922
-1
-1
-1
0
58
-1
82692856
-1
-1
-1
-1
-1
-1
1
-1
-1
-1
10
-1
80698214
-1
-1
113968199
-1
98989399
-1
18
130606492
97829919
102003463
-1
309
169
27134419
-1
26
-1
64104024
8480986
-1
44
-1
122605741
-1
171
1
116991791
14
211
25
-1
122786489
98449299
39846502
-1
-1
330
-1
-1
-1
-1
-1
-1
55033753
45803950
-1
-1
-1
-1
125465076
-1
-1
-1
19899622
-1
-1
28747996
-1
13
-1
-1
-1
75913191
-1
111
287
-1
-1
24014780
-1
10418911
-1
110542538
-1
125
-1
-1
107249042
-1
27
39444430
-1
-1
52
-1
210
-1
-1
204
76050993
14
38469709
-1
-1
81013728
-1
11
8260184
27
-1
-1
24
51
-1
-1
198
-1
205
-1
-1
46213921
29597459
129221143
93783889
-1
-1
9
-1
-1
-1
235
49762945
70171569
-1
-1
152
364
48
-1
98
21
-1
-1
-1
-1
108571167
103705559
-1
101467539
114096751
-1
119855334
-1
-1
125152402
50
97
875739
-1
109285674
-1
-1
-1
-1
43
-1
128
-1
56
3
-1
350
-1
25
-1
131055626
64
110123852
-1
367
-1
-1
-1
-1
68813855
136
74098905
21
107
-1
-1
10
2911209
-1
-1
174
7697862
-1
13433072
15718576
-1
-1
-1
-1
1
-1
172
29441835
-1
-1
-1
-1
89664016
-1
-1
72338554
47651262
66
84077151
-1
-1
82176114
31
55
77832739
53093544
11518798
-1
-1
192
6177281
96
-1
34325528
-1
-1
-1
-1
-1
119
44
-1
24590716
128119942
-1
381
103
-1
350
79397602
74370927
-1
-1
-1
-1
-1
57487052
393
256
20
255
231
-1
-1
107076242
18
-1
-1
-1
15
-1
-1
57967292
127938189
57338488
174
-1
169
-1
131643086
2
-1
72441963
165
17
-1
114137407
80602987
-1
-1
106
-1
65
130478793
82207640
-1
34308088
-1
-1
113938982
-1
39469579
87729277
15
-1
345
-1
27
-1
-1
113
7
12425663
34403391
-1
-1
239
19884833
102599758
13
93049021
74657690
-1
-1
3849534
-1
-1
-1
7336883
10
-1
19
-1
33167534
1630270
125296782
-1
-1
13
110357505
10
-1
-1
-1
108001805
-1
-1
359
-1
285
129
-1
117521789
147
-1
-1
-1
31930126
-1
-1
80239066
1061733
-1
-1
254
-1
194
-1
-1
244
4
-1
357
2
65579882
41
39
113532251
7988679
306
-1
4
11006104
4
-1
-1
-1
6
132
87919465
185
1380085
-1
-1
-1
28153979
-1
6251201
10
30
79260877
-1
127035171
114047176
-1
294
73100998
-1
9
-1
-1
-1
-1
-1
-1
-1
27422343
-1
-1
380
10
-1
81
117
9884071
119577724
178
-1
-1
1
-1
53372555
-1
-1
-1
-1
91019939
124988656
-1
31
-1
-1
-1
133113033
65287428
116547784
122244945
350
112008215
-1
-1
60242597
-1
17142157
-1
119789152
30692679
96
-1
-1
89081377
-1
-1
5
118138759
98
85
-1
-1
-1
-1
-1
-1
-1
-1
80333322
-1
-1
-1
-1
-1
-1
-1
70368559
118382134
113800039
109470300
-1
105747920
-1
3
-1
-1
13
-1
270
-1
-1
237
106631070
-1
125159673
40960243
-1
-1
-1
97223308
-1
91883456
-1
332
122021382
-1
-1
-1
18968979
-1
36
44543559
-1
108858488
265
-1
-1
-1
-1
-1
-1
-1
-1
-1
101
273
105
80
15276990
58331127
-1
-1
-1
-1
306
-1
-1
-1
-1
-1
324
-1
-1
-1
-1
102280995
-1
128587730
-1
-1
108615231
110064131
8
62
46742986
49196586
157
22
-1
100
-1
226
49243832
-1
124970446
-1
-1
-1
-1
-1
-1
26
-1
5
625158
-1
-1
-1
247
98889783
35386825
-1
132222237
755423
67374538
103098985
31
5177294
-1
21
215
-1
384
8
288
-1
58844150
-1
-1
328
-1
-1
-1
212
-1
135
272
12030883
1
-1
17
54228004
103
-1
-1
109209253
73316436
-1
31
-1
-1
42364172
-1
-1
-1
-1
-1
-1
-1
51
-1
98928112
174
-1
-1
71781256
-1
119
110
0
-1
-1
72865490
-1
74
-1
0
0
-1
4
29600987
135
3841171
-1
8
-1
262
-1
129127527
-1
117
-1
41396142
27564719
52325272
-1
2
6
-1
81
79550179
-1
-1
118491321
-1
213
50671400
115957413
-1
-1
-1
4
9
24
101159225
-1
64727442
130
-1
-1
-1
104838749
112
-1
-1
108343270
-1
12
72047150
102925823
176
-1
67090377
-1
-1
251
-1
9
109303696
62452288
102709234
3360039
174
105461760
-1
0
-1
-1
18
-1
103258861
15715617
-1
2
94394333
-1
13979035
96279719
45573624
-1
108873528
-1
-1
25095631
-1
240
4
-1
-1
-1
93
-1
-1
-1
17019634
17662290
39609710
-1
7642350
-1
14
-1
-1
-1
120
-1
135
8
19
-1
11
-1
23
4
123380097
-1
104633263
-1
-1
-1
133150928
20368608
111
90528712
217
397
38527604
0
-1
-1
89357259
87546653
-1
-1
115336101
243
-1
-1
-1
93
-1
85376949
-1
133
268
86
-1
-1
-1
-1
42888043
-1
-1
-1
91
195
-1
46270819
-1
57
-1
-1
106343274
-1
78
124956415
-1
-1
170
-1
63
56
124668765
99566053
-1
-1
-1
121310849
53536641
318
-1
-1
87959652
-1
27
-1
0
-1
-1
-1
121
-1
-1
21423377
-1
-1
0
15
-1
-1
-1
131540956
-1
-1
102998811
-1
107035116
58719625
-1
-1
-1
7
160
111904730
-1
-1
-1
32
56
123286376
-1
-1
-1
18376194
-1
-1
-1
-1
274
-1
-1
-1
-1
-1
49
-1
-1
25
-1
-1
51153063
81
118556450
6860597
-1
-1
125
-1
-1
-1
-1
-1
73
26593827
41990982
97
85157235
-1
149
-1
-1
-1
10
-1
-1
53065953
-1
48
7300662
35
53
88227597
-1
-1
-1
-1
425716
-1
-1
-1
93922325
-1
166
20
101389027
444
-1
-1
219
-1
24
-1
286
21
-1
69426855
99189187
5
169
30338563
-1
-1
-1
15
-1
81
11
-1
94
-1
-1
-1
25
-1
-1
-1
8458302
67976270
53123254
28417376
27
270
-1
128132159
127067328
58466907
-1
-1
89236676
28607412
-1
-1
75
-1
-1
67
49575690
83496776
56
-1
-1
-1
9
12
-1
92074276
61
42
91362363
37
-1
13211507
18
6380798
-1
-1
-1
53
-1
-1
79817569
-1
17
79407887
-1
88501968
-1
51511707
-1
41230854
-1
76760842
94507103
-1
-1
27
-1
350
126288976
113893289
-1
-1
-1
-1
106972970
67262755
200
3562736
-1
222
181
22
-1
-1
-1
1
92569331
-1
71961536
-1
169
39
-1
-1
323
-1
81334403
111823922
119635194
298
-1
276
49621755
120744560
299
1
-1
36528561
-1
-1
-1
-1
35638777
-1
-1
58
95711390
-1
8
51
-1
75365291
44
-1
119
-1
-1
-1
-1
29842397
-1
-1
-1
341
-1
-1
54
110
238
71605106
26
54
4
-1
-1
104
5
86
-1
-1
-1
-1
-1
-1
-1
-1
220
-1
-1
223
-1
-1
170
52
18
-1
-1
83325670
-1
-1
-1
-1
128294738
178
-1
239
3754763
-1
-1
54127914
-1
-1
69
67300785
-1
-1
152
-1
-1
-1
-1
42692800
-1
-1
-1
-1
54417820
84417200
-1
-1
39623268
9
-1
52725607
-1
81
-1
13
48069004
135
-1
-1
-1
88
4188114
-1
-1
64806971
-1
320
112849452
122
113448377
123897214
-1
130
-1
-1
52813525
-1
32
256
-1
2
329
36682847
-1
-1
-1
50
-1
41
23424970
100189040
-1
70172338
-1
-1
40
0
-1
107356926
-1
-1
-1
30
-1
-1
78763302
-1
125092678
-1
309
-1
-1
0
53
-1
-1
-1
-1
-1
287
-1
-1
-1
-1
11
-1
-1
-1
30
74991951
105285681
-1
102888770
-1
-1
47525211
-1
-1
-1
-1
42774132
-1
-1
151
16
-1
-1
317
-1
-1
6
22190460
-1
1
-1
-1
43
18
283
-1
262
-1
69
42599485
-1
-1
-1
41531297
-1
108879681
-1
236
168
-1
0
-1
-1
60
42
-1
111961849
-1
-1
57882883
114217184
-1
-1
-1
104
-1
-1
-1
-1
-1
38146747
-1
8691677
-1
-1
88931306
216
-1
-1
21
1
-1
-1
-1
55
-1
-1
-1
-1
-1
157
-1
-1
-1
-1
4
-1
-1
94655646
19920801
-1
43
-1
110
-1
90
4606495
-1
29
-1
-1
119344030
19
-1
59692954
-1
-1
79760327
-1
-1
108
27
78
-1
-1
110495132
-1
-1
99798999
-1
146
-1
136
-1
23928286
-1
-1
62727042
-1
-1
-1
-1
-1
-1
-1
29779863
-1
10630171
382
-1
268
10268673
-1
-1
92391578
-1
111978346
3
1
99
30712594
422
-1
52115278
-1
-1
35013781
-1
-1
76
3021501
-1
152
-1
-1
123054271
15824515
82550320
-1
-1
0
-1
110434485
89610004
-1
41322767
24224127
111317127
76451897
-1
-1
106
-1
10
3896332
158
129638819
-1
16978995
387
85740708
119274799
-1
59
-1
100200372
132443479
51503828
44773938
-1
58775894
-1
110852236
-1
116663760
-1
98167945
92813883
-1
91764658
-1
-1
69818669
118
-1
-1
378
-1
-1
79661305
27
-1
105
13
33104467
-1
-1
51761939
68627526
16
43094332
-1
-1
-1
-1
13
-1
122636582
165
19298525
249
20990795
160
102
39
-1
-1
-1
91971453
130467383
22431011
376
-1
75033578
105265819
-1
95
71
-1
-1
-1
-1
-1
-1
-1
71601795
94
-1
12
48476207
-1
400
-1
97458171
-1
-1
-1
41697839
-1
305
34
122002380
-1
-1
70667050
129
-1
56821915
37
-1
-1
82314248
131902647
26
282
119175317
0
71689519
-1
134533134
444
110795516
-1
-1
90
-1
-1
22116834
-1
-1
80
106756359
-1
-1
107790681
17164878
-1
1
88000060
-1
214
169
-1
-1
20934178
88935270
354
2
339
-1
5
281
-1
-1
-1
-1
-1
26
52
2
54
1
-1
-1
-1
108002649
51
58377818
-1
82
-1
37355016
1
-1
0
73529622
-1
131
-1
-1
-1
-1
88
-1
-1
138
132631824
-1
26
-1
-1
-1
-1
-1
5654291
-1
56
17
153
-1
-1
73003319
13
-1
-1
143
2
-1
4465159
-1
129935844
-1
14142140
-1
130405717
-1
-1
-1
-1
-1
-1
-1
-1
-1
-1
14
-1
-1
-1
-1
-1
-1
-1
95920379
-1
19347111
126774031
-1
-1
126278754
-1
-1
173
67350245
17575060
-1
-1
-1
-1
-1
-1
93
67110675
-1
-1
-1
-1
33535903
14
7747196
-1
-1
31
-1
-1
107371487
283
-1
-1
-1
122
-1
-1
206
59536095
7459659
24634427
-1
-1
198
-1
90780663
62
-1
-1
-1
-1
130
116689776
-1
-1
20
45436189
117362391
-1
124733259
-1
-1
47
48937637
-1
-1
-1
371
152
45809137
65686225
80712674
132
54618771
-1
202
84071803
4613961
-1
89298865
1
34
66207552
-1
-1
51023106
19
86967289
88424666
-1
60
-1
-1
-1
-1
70562242
97
-1
-1
20375841
19
-1
60823655
-1
-1
60577476
-1
94358666
33
-1
-1
18
5
114
104143069
108823870
-1
-1
343
14
199
118140866
-1
-1
-1
128564734
46
37270149
-1
111
14724981
59207245
2
47304927
-1
25
316
20
4
-1
31629096
-1
229
10
72744537
40493385
425
-1
-1
-1
-1
-1
-1
0
110548924
252
103706732
154
155
-1
-1
17838936
-1
-1
35
-1
7892455
34
628314
63557962
69243481
-1
-1
-1
6958264
-1
-1
22812649
-1
-1
-1
7
-1
95
14042208
172
-1
-1
289
-1
-1
97530592
189
-1
-1
119680007
0
67287239
-1
-1
-1
87
-1
-1
21
-1
50
-1
-1
-1
1
89
-1
-1
97147436
-1
0
-1
187
81298337
40
-1
-1
-1
95404889
-1
-1
-1
-1
-1
1
-1
-1
-1
-1
43616825
50417656
-1
-1
60407228
-1
82
-1
-1
179
-1
128279788
218
-1
396
-1
104612626
88
-1
22
311
-1
-1
158
49
19301329
-1
-1
15
17
160
6
263
-1
-1
58684361
-1
-1
85319070
180
-1
12
137
-1
105992072
-1
-1
-1
33728041
-1
-1
-1
197
-1
-1
-1
19
20
30251863
62
-1
35
19169149
35249516
107033708
-1
-1
345
-1
87
-1
-1
112401671
48737293
123308773
-1
91613764
121427369
189
-1
-1
-1
-1
-1
-1
63022612
17
-1
-1
-1
118
111123656
194
29844292
-1
-1
-1
273
1
86
109978793
-1
-1
-1
43533530
106
231
-1
-1
-1
-1
27
-1
-1
-1
-1
69
57276754
272
-1
-1
-1
46653050
-1
-1
7
321
-1
37
-1
20858050
-1
348
-1
-1
-1
-1
80913229
32999700
29594791
210
28864203
-1
127102035
-1
-1
-1
-1
66455812
-1
121
-1
103
69931339
314
-1
-1
77663715
61769257
-1
72
-1
123326676
15877789
254
68695240
39
-1
-1
10
-1
291
-1
-1
26
-1
-1
-1
30
33296584
42548347
71
133726013
-1
46
33
-1
-1
12
36609222
115263701
-1
-1
-1
111164710
-1
-1
56940568
-1
219
-1
140
303
-1
305
24215331
-1
42
14168696
19
78670476
89434332
-1
-1
100
57926571
133
-1
-1
-1
-1
-1
15
-1
67328493
84431536
-1
28
-1
-1
-1
41
-1
-1
-1
85009634
-1
75
13
73349867
-1
53417250
-1
194
-1
221
-1
-1
-1
-1
-1
97
-1
125499111
180
227
192
-1
132812673
111
54678201
69200228
-1
-1
-1
-1
-1
129
2
-1
217
-1
-1
361
26
151
-1
-1
-1
114
-1
88629429
0
142
89080900
-1
50
-1
-1
29314686
-1
40
-1
208
-1
-1
-1
19534632
-1
210
99
-1
10
-1
116
-1
68801218
-1
-1
42
83357342
89086157
-1
27000702
-1
162
48882459
-1
21
48
43181234
-1
-1
78010427
-1
-1
33522429
-1
-1
-1
112
-1
270
-1
-1
-1
9
257
122035774
3641234
-1
-1
-1
359
64915178
10766840
131
106937143
-1
62
120
30737201
363
-1
35
-1
107510932
63
14052548
-1
106758309
-1
130691426
209
-1
30941290
-1
-1
-1
36779985
140
109960484
267
-1
-1
-1
-1
-1
-1
75658494
-1
10
-1
-1
-1
-1
94244534
88871961
68872903
-1
32374609
131792384
-1
13099223
61449176
89166839
353
-1
-1
124647958
-1
-1
85179240
59
75033904
233
-1
-1
-1
63838109
-1
-1
-1
-1
-1
-1
-1
-1
45420733
1
1388563
131548687
20
4
-1
-1
-1
-1
-1
252
98497233
-1
-1
155
130394347
96010678
25
-1
-1
-1
-1
-1
-1
-1
-1
16201539
97
13134259
376
50669037
-1
-1
231
37702823
-1
16
3
101753283
-1
-1
-1
101301951
26
43455035
-1
-1
360075
187
-1
66226084
-1
-1
203
80060404
-1
242
247
5925068
60086520
88
103061601
-1
-1
87
7
-1
-1
0
142
54
117
-1
4
54
132403695
-1
-1
260
119
118988717
-1
15
131905208
-1
21
148
1
-1
-1
3
78206353
-1
-1
84941358
372
83659140
63885277
106
-1
85977832
-1
-1
-1
-1
57
-1
248
-1
-1
89
18877918
-1
-1
78
330
98
-1
226
-1
-1
-1
48519871
-1
45318638
-1
137
-1
2
-1
-1
3
-1
-1
128518188
-1
55
56429370
-1
-1
-1
-1
36836011
34801470
-1
-1
95087779
6
-1
78
123
-1
-1
-1
-1
-1
-1
-1
122149042
77
11
-1
173
-1
85
11071634
-1
-1
-1
45
11676290
-1
40670260
-1
10
3
6
-1
366
66822290
-1
40129771
-1
-1
5
-1
-1
-1
-1
-1
-1
47
100036379
86448578
214
197
12
50454191
115
106
-1
-1
-1
45643631
-1
228
48
272
-1
88
-1
49
97
-1
-1
-1
76
-1
51791725
131464292
-1
101242910
-1
193
17
-1
-1
-1
-1
-1
-1
110
-1
96021477
-1
1
-1
2195676
52898167
-1
83
239
-1
-1
-1
-1
335
7575201
415
-1
31887657
67733689
-1
-1
-1
-1
-1
8
18
23524988
-1
61229516
-1
-1
75837332
13
-1
-1
-1
98806360
-1
7297835
-1
277
90
-1
-1
75100630
-1
80
-1
-1
-1
-1
255
-1
17
32933901
-1
-1
37
10
61016018
-1
51995473
-1
76049604
93643451
15
113845636
-1
44
-1
-1
17
-1
-1
-1
-1
-1
-1
69478166
30266194
140
259
-1
58694328
-1
-1
39597433
-1
-1
-1
410
-1
-1
47830970
59164924
0
86928895
-1
-1
-1
-1
-1
72560168
83
37019851
-1
177
67619948
133112452
164
54504672
-1
-1
290
-1
82827386
70925984
124971757
-1
-1
-1
-1
-1
-1
59919691
-1
12645489
-1
-1
-1
-1
-1
58
-1
-1
33
89777763
-1
-1
-1
-1
-1
-1
-1
67
7
-1
1
140
-1
-1
-1
-1
81709858
-1
-1
-1
218
-1
-1
193
-1
-1
-1
-1
-1
19
9
-1
4
68016670
-1
205
112191688
102464768
-1
-1
110275745
-1
-1
-1
354
54230449
23
-1
12
-1
110558523
27
-1
15395094
76735297
265
87779124
-1
-1
-1
-1
-1
213
117
176
-1
15
-1
-1
85992758
85
109
6
39
-1
23036464
-1
-1
158
-1
70460982
-1
-1
-1
5
212
-1
-1
-1
118340911
-1
-1
-1
0
-1
153
55
245
-1
129
178
17
-1
-1
-1
59
-1
-1
-1
51486786
-1
-1
-1
-1
-1
-1
15
1
117046239
65
197
123561875
165
53741497
-1
-1
-1
1100554
-1
-1
-1
31188528
95907033
-1
230
9514411
-1
127
35563088
-1
-1
-1
75802017
-1
56
-1
70
28
-1
-1
181
150
90350171
-1
115450214
2
-1
-1
93
75
94
-1
6371226
-1
135
217
-1
-1
-1
99051654
-1
124167332
-1
66231394
209
53
130318292
37665311
-1
-1
20
61489376
-1
16261269
342
99
-1
-1
-1
-1
44475278
-1
-1
-1
19
29786647
216
54530046
-1
-1
24228835
36348669
11
-1
-1
33367628
265
239
-1
38
275
-1
14
-1
-1
7
-1
19050481
187
-1
-1
15
7
-1
-1
-1
207
-1
-1
116248409
9
160
-1
-1
32737767
27933908
71756376
348
-1
49
66221859
0
-1
-1
54123504
399
81
45819635
-1
84
-1
86512719
66132053
57263583
74887625
-1
-1
81
-1
309
175
-1
-1
-1
10
-1
42
-1
131
-1
40051544
-1
2354968
47699916
27
-1
-1
41079176
41674771
3
-1
-1
-1
-1
21488501
-1
-1
-1
-1
177
95551177
-1
-1
-1
-1
26176440
-1
-1
-1
-1
18077403
-1
-1
87
93
-1
1
-1
-1
260
42818417
-1
1
-1
-1
-1
99495588
-1
10110197
44266334
41
31
235
247
-1
125273065
-1
-1
17932214
76246834
101352077
98807231
33
-1
-1
-1
58423001
-1
-1
-1
58
-1
243
-1
105316314
276
37644865
-1
50087658
-1
91756240
69385157
1
58758466
-1
-1
39709651
-1
-1
334
-1
-1
-1
109255639
-1
41932646
68805682
-1
97916605
-1
-1
28857892
-1
4
117980673
16212628
98492689
-1
-1
6200299
73
-1
21890975
26562105
4884974
124
-1
175
-1
-1
105790517
4
-1
-1
-1
48208881
-1
51198497
-1
108620367
197
3373591
149
7
0
87923237
15
238
-1
-1
-1
-1
30
97
42
38813207
114
246
260
166
-1
-1
-1
-1
82361943
41188638
-1
-1
32
-1
-1
76677556
-1
-1
-1
-1
111058014
26
126161797
108586611
17869506
5609666
-1
82570880
33
34
318
-1
-1
31
100134477
-1
-1
75250233
-1
101620667
31898109
98613703
-1
-1
95
-1
71
115332035
180
-1
35259626
-1
126711481
-1
-1
90225106
-1
223
-1
-1
17
132729315
76851133
233
244
0
120236452
-1
-1
-1
-1
-1
-1
-1
27946499
93733460
131
117598758
-1
-1
74921814
-1
93807298
71561390
46777340
209
58351672
61229679
95488524
-1
-1
45
-1
13
9812338
-1
42433021
164
228
-1
-1
19
89
71461144
305
-1
103646307
-1
34845265
-1
-1
23850399
-1
23
109030372
118873410
-1
-1
-1
28
-1
-1
90
-1
-1
-1
-1
52705119
13403348
87362023
-1
8
104
106863205
-1
136
2
-1
111
-1
-1
70954710
284
217
-1
-1
43
-1
-1
-1
-1
-1
-1
-1
-1
-1
-1
-1
43
77
13000888
26103927
22068509
-1
108147994
-1
-1
-1
-1
-1
86522662
89883316
-1
24739072
16
55
-1
83674863
-1
115888638
-1
-1
-1
81142419
58465997
-1
-1
60155239
8
-1
17060945
97
-1
-1
-1
63
-1
33
0
-1
172
130
-1
-1
-1
143
-1
144
180
-1
91408017
-1
25356695
-1
60888269
33
22
21138449
-1
-1
-1
-1
23086426
292
-1
-1
-1
-1
66
50
135
-1
-1
126364177
21509175
105473843
79
-1
11
-1
-1
126842394
50
-1
-1
-1
-1
38
-1
79594040
111273579
-1
-1
125437105
116327095
2
463
70522003
-1
-1
-1
-1
43
-1
-1
129668167
9
-1
-1
-1
97298564
0
-1
-1
1
-1
-1
1944193
41833347
-1
-1
-1
15254678
-1
-1
93431183
-1
86
1290148
6
-1
23640973
-1
-1
128300321
-1
-1
-1
7
-1
13910059
74460848
36362347
27
-1
-1
93503262
-1
93701204
118493073
-1
-1
-1
23
85315904
136
-1
144
-1
271
-1
9449709
64
246
73
46846870
-1
180
-1
-1
105674287
-1
78509747
46475664
-1
113
-1
103203077
-1
98
-1
-1
-1
-1
121474595
69571288
7
103889196
-1
33595734
1865404
-1
97372634
-1
117361202
38
-1
43
-1
-1
61940679
71
-1
-1
-1
-1
-1
85097566
-1
-1
-1
-1
294
41437045
38889361
1
26
116742346
47816590
-1
-1
94
92481801
-1
-1
-1
-1
-1
92524121
37493702
60
-1
4222679
-1
-1
-1
-1
183
84
261
-1
15
-1
-1
-1
-1
-1
-1
76993491
7
-1
49488553
127
393
-1
128312334
24
28
-1
84
-1
-1
97061475
260
-1
-1
166
102322350
43080261
32505508
4376538
19627876
26539915
-1
83236002
6928309
-1
-1
-1
-1
36
31
-1
-1
119
85693699
-1
-1
52000916
-1
-1
-1
127020828
41
48
-1
78091695
-1
-1
269
-1
-1
194
19
-1
13890763
-1
-1
178
33
225
33
-1
-1
-1
-1
-1
-1
-1
-1
-1
-1
-1
7
8
169
-1
25584677
-1
114
-1
-1
-1
-1
-1
-1
34
38005715
-1
66
58360189
133047609
20668682
71
82519043
-1
-1
-1
-1
72
32
446
47634007
-1
-1
121
-1
33536498
98
24797473
-1
127477315
46363812
-1
-1
7053586
44407457
241
240
120272559
84
-1
59
48
-1
38451176
-1
-1
-1
-1
-1
-1
-1
116871497
-1
106728707
-1
-1
2
-1
110748864
-1
8
-1
22
-1
11
47
-1
-1
101706271
-1
7537053
143
251
63
55852730
77241019
-1
-1
-1
-1
11056325
94047234
116
22
42666266
-1
-1
22267239
107
-1
-1
-1
140
121257578
127071040
48
29533480
-1
62
90595737
29
-1
99921411
-1
-1
3
-1
5
98195888
-1
404
117508090
9162317
16128257
-1
7356014
-1
-1
82
16
47
-1
-1
175
49027511
6373914
-1
13
-1
-1
125169017
-1
133
-1
-1
-1
127400944
93
76150298
17203713
-1
-1
-1
233
167
101584751
104069724
109860102
-1
-1
-1
-1
-1
73285711
68307564
-1
-1
-1
-1
14601860
138
-1
81456257
-1
118666507
-1
127163963
80690851
-1
133426184
-1
85831473
68
196
11568448
-1
128481968
46418480
60
10823622
40
-1
11
-1
-1
107700574
75
271
-1
75675960
11602641
-1
-1
90268251
-1
122991311
-1
0
-1
-1
-1
1493342
-1
87105515
-1
-1
-1
81
212
-1
89
33395702
-1
130466927
-1
84472071
-1
88
92861360
50944359
72226875
-1
71791995
86461675
8845790
130771063
230
121301828
-1
-1
-1
-1
68184124
92467444
70300488
-1
-1
17210228
-1
121
-1
-1
89083701
-1
79540307
-1
-1
144
-1
123041740
370
-1
187
139
28730961
37652970
11
-1
305
-1
41157359
-1
172
-1
30
-1
126175037
-1
-1
-1
37
-1
-1
12
-1
-1
130
52953438
-1
322
-1
-1
-1
-1
0
-1
53
98
1
-1
-1
-1
83059350
232
-1
-1
5420591
-1
129
39183739
-1
1
87520552
-1
-1
-1
95258520
260
-1
345
-1
69597379
97
-1
-1
118173225
-1
74298223
284
-1
-1
320
-1
60454817
-1
-1
-1
-1
79517449
87957048
276
-1
-1
-1
-1
16
47493321
-1
101997504
124335907
-1
123
191
5905273
8230207
196
-1
169
-1
63885745
33409603
111
-1
6
-1
1
36
11300010
-1
93840412
3
-1
-1
52
-1
28304328
-1
97963060
108677732
127189977
-1
1815031
32
-1
-1
-1
7
-1
60441049
-1
-1
-1
-1
-1
134
-1
-1
-1
60129592
3693124
-1
-1
0
67
-1
-1
-1
-1
-1
-1
34245191
104322599
81245153
15
49714091
-1
-1
39
-1
167
40
-1
202
-1
14
23131877
-1
-1
28548133
109700868
12322615
54
-1
76578626
121925319
-1
119
-1
96595154
39606003
6
70924999
11
-1
-1
6
-1
-1
92593621
114636599
-1
-1
83263161
-1
-1
-1
-1
14
22190591
-1
-1
25738139
-1
61
206
-1
-1
32
-1
0
129625583
-1
-1
-1
-1
92
-1
132367527
1
-1
27342554
235
-1
-1
281
-1
-1
150
28
126399560
-1
-1
-1
-1
-1
1197495
-1
-1
39
60807506
47
-1
2
116
25
-1
-1
35102679
-1
-1
-1
-1
47
-1
-1
-1
76850875
59688008
28
162
294
24418295
275
-1
-1
-1
35
74900747
-1
-1
-1
-1
-1
-1
94785559
15
26250401
11515321
-1
-1
135
-1
21
-1
120766795
17
-1
-1
380
56
-1
-1
109757726
35316245
109
32815714
-1
-1
-1
-1
149
-1
58734939
-1
26
-1
111
-1
-1
65971083
-1
-1
-1
-1
121
-1
-1
-1
-1
7963139
96414599
131
-1
49
-1
43
-1
18
129841630
64
-1
-1
83445536
-1
-1
-1
-1
-1
107377169
9
-1
62101527
-1
-1
128048419
-1
9
112406971
155
-1
62
-1
-1
-1
20693345
125003002
32
-1
-1
258
-1
-1
-1
83
-1
38317199
252
117349833
186
-1
-1
89461076
173
-1
-1
410
43403613
-1
-1
-1
105869486
-1
80
61
15
23
22166528
11390824
15
-1
66735214
107
70886481
-1
97667615
91
-1
-1
-1
46
-1
-1
20
91
8324166
74
-1
-1
61300522
-1
-1
28813006
-1
10590875
100836744
30
-1
256
-1
-1
-1
205
107
38
-1
-1
-1
299
201226
-1
-1
6
-1
125751777
174
-1
-1
19
-1
118449549
92879824
118136120
-1
-1
2
-1
-1
-1
-1
52
-1
111662703
-1
35807863
89154978
144
-1
113
-1
4
-1
72469255
-1
-1
-1
-1
-1
-1
-1
131030377
52043997
-1
124317278
-1
114582001
103653657
-1
-1
14520031
76556522
-1
-1
-1
27134882
55
114151917
-1
-1
-1
65161081
71221459
20674348
-1
-1
13
-1
220
-1
43
51756180
182
-1
65312271
99
83
-1
58860686
72760157
56
4483521
-1
21
-1
125755543
19
212
94
78939338
-1
103202057
-1
59711341
75
29
39
44975196
105
66
-1
292
-1
21
308
13
-1
-1
-1
-1
127500080
-1
56262862
-1
216
-1
-1
-1
113233746
-1
57
18
35
158
73213494
-1
-1
-1
39
35267307
109053507
-1
42121878
11978177
-1
112314500
-1
53
56
-1
28146943
-1
44
38
-1
80
250
21
-1
-1
-1
62
-1
88
28
26
106431809
-1
106
34714239
23487830
-1
-1
-1
-1
-1
-1
99
108
-1
72392601
63
-1
2094471
83245819
-1
25920739
-1
4017770
-1
208
30655650
-1
116318489
-1
21072163
-1
-1
-1
-1
-1
-1
153
-1
-1
373
102
-1
-1
-1
-1
5
46
-1
94973548
73
-1
-1
14258152
238
35646924
-1
-1
-1
15
-1
18040869
126541677
150
-1
-1
11
79808953
128220733
25
9
-1
-1
3
-1
208
-1
191
-1
41485079
-1
101
142
77367057
-1
202
13620302
47560959
-1
-1
5
124710187
86415486
-1
-1
-1
-1
335
-1
19
20
-1
-1
-1
-1
54857154
-1
-1
83601994
-1
3
241
-1
-1
66
-1
-1
49656976
33716416
66
-1
-1
15547062
-1
-1
10838447
160
-1
-1
3736429
99565720
23
98054352
83299544
-1
73890314
60
-1
4260760
-1
-1
7
244
40
-1
267
-1
32
66
-1
-1
-1
122633624
-1
-1
-1
35135764
-1
-1
-1
128665738
61002513
213
4
-1
125906883
111
-1
-1
-1
30
-1
-1
12
-1
31500479
89033782
-1
-1
-1
73515106
-1
53
-1
-1
-1
-1
-1
-1
-1
200
-1
-1
-1
134
-1
67017041
85319269
-1
20
-1
-1
-1
38033131
-1
25
8844403
-1
38
-1
-1
-1
-1
260
-1
-1
-1
261
84
7791737
1
127466284
30
105310464
-1
-1
-1
-1
190
-1
81048327
115873579
354
248
-1
117856864
-1
-1
55617368
55243282
81930776
374
9536245
16952410
50257294
-1
101
-1
348
-1
-1
-1
27
-1
6
-1
337
-1
-1
377
125
0
-1
-1
-1
51346808
-1
-1
27021024
57145390
16
-1
-1
82994110
-1
-1
-1
91645484
-1
473
163
93546828
29112530
-1
22554772
-1
-1
112
251
-1
-1
73
1
70559786
-1
100
-1
-1
-1
-1
5
-1
37238402
72361643
-1
78200126
-1
120
-1
134
-1
-1
121092954
95731116
-1
-1
-1
256
55209430
-1
127826822
41120965
34959310
444
-1
0
94101977
4578188
45
1
-1
111370645
32598695
-1
19064672
-1
-1
20628297
-1
140
7
-1
-1
-1
119
-1
22143729
-1
-1
76709283
316
94
-1
-1
-1
305
-1
283
52291460
-1
261
-1
-1
-1
-1
10334025
319
22505208
-1
58697107
-1
-1
76319226
89287035
213
-1
224
-1
-1
135
-1
13862752
6
35940574
3846466
-1
-1
68
-1
-1
-1
-1
48
-1
-1
-1
55246563
102947480
-1
29304709
-1
-1
126983782
39599209
-1
67189989
601527
117989869
-1
-1
-1
84
266
104683403
55099206
-1
94
-1
-1
96
43915395
250
2214508
57
-1
116459906
49
39
-1
-1
-1
-1
193
117
-1
-1
0
-1
-1
128366760
291
66926509
-1
-1
74700273
-1
-1
60146958
213
-1
176
-1
-1
-1
-1
-1
-1
-1
130369488
-1
-1
-1
47411033
-1
-1
94
82295481
-1
-1
-1
34984472
-1
37
-1
-1
-1
-1
-1
131385689
-1
82745031
-1
267
12
11
37
-1
14
-1
-1
-1
1
-1
-1
86
11361315
-1
-1
25
121957729
-1
-1
-1
18470251
12
-1
-1
20115899
60
28701900
101831608
-1
-1
-1
165
22774087
-1
-1
-1
-1
-1
-1
-1
96
30
1441167
-1
5
-1
65
-1
67783728
-1
0
55617612
166
-1
-1
-1
-1
109882167
-1
-1
105
8
-1
-1
84357865
74841092
-1
36
-1
-1
95891608
-1
67254186
76405450
73
36612005
6
37978667
15590209
88571708
71018562
44
131
75649178
-1
19102278
118057419
-1
-1
-1
35685930
-1
2855910
-1
126594888
33617834
-1
-1
42168969
118455045
-1
101
-1
-1
-1
-1
-1
-1
-1
7884034
-1
-1
-1
63
51193075
49
-1
-1
-1
90
-1
45767925
215
235
86058174
21612895
56
190
31580954
-1
21965492
-1
18
126
-1
-1
-1
-1
249
10
-1
-1
-1
-1
106925546
-1
1
-1
117
-1
-1
19
-1
47
105
-1
-1
178
-1
-1
-1
70671997
320
14
392
57
4
-1
-1
26293859
113965573
-1
-1
-1
-1
215
28583251
-1
66129328
106977939
59
-1
94755782
-1
8048531
32376238
19
-1
-1
-1
-1
-1
-1
-1
-1
-1
-1
108843923
23
-1
19595565
79259211
69558532
-1
30
96
34051850
-1
-1
334
-1
-1
79689033
12
-1
117
101857025
-1
-1
-1
-1
-1
-1
24
-1
-1
147
21517501
205
-1
10051892
320
-1
-1
86386151
-1
-1
0
83617548
637474
-1
66113919
5439557
-1
29930417
-1
-1
-1
-1
66845013
-1
-1
36855747
-1
15
343
-1
34
183
93067717
-1
19407646
-1
-1
65205151
-1
18785107
20124048
-1
148
-1
-1
84785165
-1
5
34
29620813
-1
197
-1
-1
18
30
-1
137
-1
-1
-1
-1
127237450
75943209
192
10
-1
-1
-1
13
-1
-1
-1
-1
89
-1
113
48
-1
-1
101506261
132111773
278
14769925
95743794
124
98
95
234
53422969
246
-1
-1
-1
-1
3842860
-1
63582496
28212047
-1
49
154
92
-1
4
205
-1
125
52456510
-1
-1
-1
-1
-1
-1
-1
-1
27202583
-1
259
-1
104427173
46538854
-1
0
176
2
43631771
-1
-1
-1
87628751
-1
-1
97
71653033
227
-1
-1
32647135
-1
-1
-1
-1
34906754
25073482
-1
20651389
59068985
45761259
-1
124046819
102503450
-1
-1
-1
-1
128519326
-1
124
131144701
214
-1
93781419
-1
-1
108725419
-1
-1
-1
6
-1
118287113
-1
-1
214
329
-1
345
-1
48382582
-1
37209475
0
-1
12
88029980
71
23
-1
178
-1
0
-1
-1
291
122120416
79
92
-1
99990030
94
193
-1
-1
-1
110925438
-1
-1
84815247
-1
214
13165004
66238208
22
-1
7
63706313
95
11
129365745
-1
231
-1
-1
80201255
-1
-1
117391452
-1
-1
131988480
-1
-1
51567200
-1
4
18
-1
-1
-1
113028671
80678930
14591059
-1
-1
-1
103
-1
-1
-1
115741697
-1
-1
-1
219
-1
35
38
-1
-1
-1
13
19157401
-1
-1
-1
15
14
81411285
117177799
-1
94407935
303
-1
-1
-1
129259310
22
-1
-1
36065820
-1
113565871
-1
-1
23
19
-1
-1
-1
161
-1
-1
202
37
57944875
-1
106831269
70550207
-1
82191457
-1
-1
128614937
113286251
-1
-1
115524202
-1
82
7
66
37
37288295
-1
243
-1
14
-1
-1
-1
89790800
-1
-1
-1
-1
-1
14559121
11331146
-1
573616
-1
-1
31
125
-1
63244782
-1
19
15
-1
66246000
-1
-1
-1
-1
-1
-1
-1
28972486
-1
108378111
16071950
83
-1
260
-1
42
-1
-1
-1
11921015
-1
-1
131216318
29
117
31109360
-1
17
21989612
-1
42
83641867
65910056
94973841
133
-1
-1
-1
94130951
-1
278
-1
-1
-1
-1
-1
189
22422675
72297526
81
158
132945109
148
60
-1
-1
-1
-1
-1
43121704
80982779
-1
182
1
233
108311213
-1
-1
128
-1
40750888
-1
143
93
42754836
132989790
41
87499100
39888070
-1
50318537
-1
131375447
67182559
17183090
-1
10
-1
37
-1
-1
64487266
91867870
-1
44869975
82683437
48
65400275
177
-1
18
2
-1
18325730
-1
42476199
105382895
31301284
-1
-1
-1
47164873
26534165
245
119735055
130
7
-1
64942760
100095678
-1
-1
67349203
39
-1
5
-1
-1
55638262
67669510
-1
-1
-1
60
-1
-1
-1
-1
93
-1
-1
57943674
65
-1
70
-1
-1
-1
-1
-1
-1
-1
54279444
-1
158
0
-1
-1
-1
269
87061391
74161889
40165304
35
-1
97516610
98
40640564
-1
9
22444402
6
25
-1
-1
-1
-1
-1
124313332
21
88628018
3
-1
-1
-1
-1
88889450
-1
45365236
2
-1
-1
4312932
-1
97
-1
36144943
87531975
23
-1
-1
43587904
88412700
64562119
-1
-1
18
-1
92914064
11071035
-1
132912485
-1
-1
-1
-1
-1
41175509
-1
-1
-1
-1
129337695
-1
-1
67
-1
170
-1
-1
-1
57
112754425
0
17228108
-1
81374683
-1
159
164
99390280
-1
90424404
316
5
-1
116335931
-1
-1
-1
42831521
13499976
-1
11194313
121719480
127
-1
81
53331784
93711652
-1
109
31
132757232
109062914
27773157
131
-1
108197509
-1
125133850
53465656
-1
10
-1
-1
-1
-1
52302389
-1
-1
34
60982498
97199294
178
21644273
18
-1
126
128768164
12
-1
-1
158
-1
91
88
119104795
-1
-1
-1
59
-1
57
-1
-1
-1
-1
-1
105191280
-1
-1
-1
-1
-1
-1
-1
-1
218
118761853
10
274
-1
-1
13
-1
-1
-1
-1
-1
93
69622833
86
217
25
323
-1
-1
62
-1
195
17
-1
29313374
259
47682192
82558619
57461550
127578246
-1
18249389
123
66392166
-1
-1
-1
56
23
-1
-1
188
-1
26024969
47
138
104731590
67635773
32
-1
-1
-1
-1
-1
-1
-1
-1
108586238
-1
22628218
24
74279012
68448366
-1
43
73
3601421
306
28
16443809
133143218
-1
104691576
-1
77642298
31
-1
11600491
203
108
-1
-1
54422051
217
-1
-1
133117474
-1
-1
120719152
120
6
0
174
71
-1
-1
-1
59
-1
-1
-1
89953557
-1
-1
74
-1
-1
-1
64
20553075
60715244
80823672
-1
29108393
-1
-1
-1
-1
-1
254
454
72855072
-1
111975472
25
-1
65362714
-1
-1
85437125
-1
-1
-1
-1
1
-1
7
-1
91946264
-1
-1
-1
45167470
-1
-1
-1
-1
-1
97991288
41
-1
-1
109620837
-1
-1
-1
-1
-1
12765309
1
135
-1
-1
27487987
10632396
20
33897560
306
76388984
89009940
126276291
-1
104940967
40745445
-1
39
-1
-1
26
-1
262
122
-1
61492167
78314747
115838393
4913555
-1
242
-1
345
-1
-1
-1
39
-1
75
-1
20253911
97086837
-1
-1
103
56105576
-1
-1
-1
-1
207
119
-1
-1
79204727
-1
-1
106
-1
-1
45
166
-1
115275542
-1
18
-1
60
4
25783848
348
-1
0
19652660
13
-1
-1
-1
43406435
-1
97500284
5813569
-1
35
-1
113
59747292
206
30231050
-1
-1
10
28161898
294
-1
63
-1
275
16567537
83395525
13571582
31
-1
-1
107
65
-1
-1
-1
155
-1
-1
-1
78367823
-1
-1
-1
-1
2998108
97208123
-1
-1
102530101
114
300
-1
131
-1
-1
-1
-1
130652428
101
-1
-1
-1
53941376
28944953
-1
120048729
-1
1
-1
148
160
202
6049172
38858020
87788064
38303480
11
99011332
-1
15
-1
-1
129797226
-1
-1
54314839
-1
47688549
57437904
-1
-1
70488624
13205394
-1
60233899
91586255
-1
-1
92
-1
23
-1
-1
-1
115073685
54
135
-1
-1
64
-1
179
105
465
62997268
66283152
113409932
-1
3
-1
-1
-1
47531781
67
-1
-1
-1
50501678
5
90302069
-1
110
-1
-1
-1
-1
22
115585071
2
-1
368
128226109
-1
172
-1
-1
4
-1
168
-1
-1
23904589
-1
100694116
148
-1
-1
-1
-1
-1
-1
-1
-1
-1
-1
124
567134
-1
-1
-1
47928512
-1
30348453
311
98534306
-1
-1
4
10
8
102598339
-1
-1
132014898
204
-1
131887658
42889607
-1
-1
36113342
128588850
184
-1
-1
242
47740116
76030430
-1
-1
-1
-1
-1
44466015
276
16732346
-1
-1
-1
-1
83
-1
-1
-1
-1
84866057
-1
-1
-1
69304540
-1
-1
-1
-1
41829315
48117143
26
309
180
-1
-1
-1
-1
-1
108414853
-1
14
-1
21382231
-1
95
-1
-1
99
-1
6
149
116089869
-1
1
3
-1
-1
45453804
-1
20
52114382
97133061
-1
112665987
115
-1
-1
-1
-1
-1
-1
340
0
72143112
-1
113455026
-1
-1
-1
19739061
123373596
73
-1
68185875
-1
-1
-1
15
175
-1
146
66586035
0
-1
488
-1
39
219
52
55987110
14831771
-1
-1
253
34
-1
-1
-1
96653024
-1
-1
-1
-1
-1
59158327
128
154
22745973
-1
-1
-1
123359622
60
-1
30546973
72542420
12
28
224
-1
-1
250
-1
-1
120193596
1
83
-1
-1
54775177
-1
52
30736102
70696839
1
295
-1
41818255
1
-1
-1
19398466
120294759
102
-1
75
102646531
-1
-1
-1
91520733
48439731
133181203
-1
-1
-1
-1
-1
-1
40457682
-1
67
46606551
58
125083468
11718245
0
-1
-1
124
-1
-1
-1
111
-1
-1
-1
-1
-1
78
87
-1
76579467
5012849
33987287
158
206
-1
40
47807249
-1
244
-1
3242910
-1
18
100277507
-1
124682400
-1
106518157
-1
31207174
11
-1
-1
57844455
-1
-1
6
-1
27414043
-1
-1
-1
-1
52
-1
-1
52486279
-1
-1
-1
249
151
100
1
-1
-1
-1
91391808
-1
18
-1
20488573
60534906
-1
-1
-1
-1
-1
380
-1
100930976
177
67
51
-1
-1
94276881
-1
-1
96509680
-1
17365332
106288672
-1
-1
15343002
-1
-1
61272407
101453082
254
3
-1
-1
-1
107997192
33559110
-1
43794530
241
-1
102357242
36175642
103943693
1
-1
-1
-1
65180734
36359927
2
-1
90054634
-1
30
46640466
-1
108
-1
63
-1
-1
-1
180
-1
-1
53502099
-1
320
146
-1
108409265
-1
-1
-1
107983497
-1
126156141
-1
-1
114025278
91
-1
-1
-1
154
-1
-1
113059521
-1
-1
72712034
82
-1
-1
-1
-1
36856023
-1
-1
16054796
33
148
22
8
-1
36
2820662
-1
0
88
62
-1
6813579
94308148
-1
57445874
1
-1
28419925
99326707
129579645
-1
-1
58707720
-1
-1
99
-1
344
224
-1
-1
61086203
-1
-1
-1
2
-1
106
-1
49978786
169
75110315
-1
0
-1
-1
108619466
377
165
24
-1
-1
-1
197
-1
103096752
-1
-1
-1
-1
77248840
-1
70989449
20065161
76947724
-1
12
62555151
-1
-1
268
-1
109
-1
88
101
5270091
126070650
-1
-1
97578780
-1
-1
34423610
18499366
101100379
-1
96
23252010
65
-1
34
61
38937098
100
68815450
86778172
114093963
-1
-1
-1
97
-1
-1
71116793
-1
26920984
112999561
310
113205894
-1
-1
66
-1
95
-1
-1
69
-1
56959004
-1
31016774
-1
86636651
-1
-1
-1
-1
27766674
1
307
319
94342422
85699760
77081193
-1
-1
-1
-1
36188413
16
12
84066820
54874394
-1
97
33449566
80118085
-1
35
-1
-1
78490972
-1
-1
81150383
-1
107
126161929
149
45325143
-1
-1
-1
-1
-1
81
69548563
45208219
-1
45377701
124698497
50221773
192
-1
118242339
-1
84918794
115217504
64444104
-1
-1
-1
-1
256
234
44107628
-1
375
115600763
-1
92376519
-1
102632089
152
54
-1
-1
71
45305467
5
-1
-1
-1
-1
-1
-1
-1
14
257
17439378
50
53
-1
111
41127395
38602731
-1
-1
-1
-1
77498544
102
-1
37508084
-1
164
25637386
-1
88
-1
-1
114700566
77968836
-1
68
51076968
25
120988484
-1
24
45
-1
13269100
60
-1
25
4
14
78704847
77297942
-1
62228974
-1
2
81216510
-1
49
96331582
-1
-1
-1
-1
3
-1
-1
-1
-1
-1
-1
46
-1
-1
230
60227931
40013104
73573163
0
160
9615737
41
-1
-1
4
61
-1
151
-1
2557719
218
9
54138567
295
24
98783569
-1
47
184
1
-1
-1
-1
-1
18
-1
109
152
-1
284
-1
-1
-1
0
-1
43567364
-1
-1
113742262
-1
-1
130340590
2
-1
57
46406653
55217620
3
-1
15
78326753
-1
112
-1
36764321
225
-1
-1
9397887
-1
-1
-1
-1
125386347
228
-1
118414337
-1
90
11273196
-1
-1
-1
-1
10623997
-1
135
195
-1
-1
7
249
30
9760483
113
39638747
-1
-1
-1
32456190
-1
191
-1
-1
21042055
-1
-1
-1
-1
-1
47
39131555
-1
305
25138451
282
84
48071786
119
221
-1
68935808
38893226
-1
-1
-1
66641232
14
132135978
-1
68
-1
-1
261
335
-1
16773346
-1
3080546
98374986
-1
-1
-1
7749520
-1
37711557
-1
-1
-1
-1
-1
-1
136
52793516
-1
-1
12
-1
66
-1
-1
214
-1
12
121978117
338
194
1
-1
0
142
64810516
-1
-1
-1
110201828
65188172
-1
-1
310
16170476
80189023
72554158
35246634
43079033
-1
-1
-1
-1
-1
3995020
43486931
88736410
-1
430
-1
-1
124
4003118
24172024
-1
35
-1
-1
92157146
-1
-1
4
35
12
42316844
292
124193514
-1
-1
46618257
56
119
-1
100812676
-1
-1
-1
-1
129
-1
114448577
70319773
-1
78854902
1060567
7
-1
-1
203
-1
14764999
-1
10649344
-1
-1
11
2
75691380
-1
220
-1
-1
-1
-1
348
-1
-1
-1
162
114
-1
-1
-1
-1
-1
-1
-1
-1
-1
1
43
-1
29800016
189
17
25925003
120
38463105
-1
267
-1
-1
-1
9
62
-1
-1
66
-1
-1
-1
33605767
-1
96823736
24922587
-1
51557316
62728576
31169812
-1
13145284
25
-1
113
37
-1
81010089
128648909
8
-1
-1
-1
-1
28783219
33475469
342
-1
110
-1
-1
66
-1
128486173
-1
166
251072
-1
-1
-1
179
32
-1
-1
69129149
81725380
-1
35887213
56
-1
-1
-1
326
-1
-1
101963141
22
82
115210201
54651816
-1
-1
32
-1
435
318
-1
-1
121468552
3
-1
22
3
-1
-1
-1
73634899
-1
-1
-1
-1
121
-1
63
-1
-1
-1
6
0
-1
-1
72645273
118924762
112
-1
103709663
14535593
40197249
-1
-1
68
-1
-1
22
83154135
94191733
-1
53172103
24
-1
-1
-1
-1
-1
73624540
14
38
88224711
-1
104408734
-1
350047
-1
99917129
113934540
-1
258
0
-1
104001674
-1
-1
5979670
-1
-1
81
59
-1
42
-1
122667535
-1
-1
-1
-1
-1
-1
84
-1
-1
127927834
-1
131637548
-1
-1
75
59
-1
-1
56
-1
-1
-1
-1
-1
13
24239579
-1
62
17964017
-1
435
-1
192
-1
-1
80858647
11
-1
-1
-1
-1
-1
-1
31424107
182
198
214
61157123
477
-1
-1
-1
-1
-1
-1
136
-1
107966981
-1
-1
-1
-1
36
-1
44
-1
73875122
-1
8
-1
-1
23
-1
-1
-1
-1
130618073
-1
56806473
291
2047639
18
-1
-1
-1
-1
-1
-1
-1
-1
247
336
-1
128812776
-1
129173956
24747991
13
-1
10
-1
-1
235
90089260
-1
65807130
44872714
6
-1
-1
-1
-1
-1
31
99557291
-1
-1
-1
196
-1
-1
7
-1
120324672
121327276
6
-1
-1
-1
19
-1
-1
-1
-1
0
93
115459053
-1
132253897
-1
79444200
-1
80622415
5
-1
-1
-1
17173750
358
16684756
87224705
-1
46243280
-1
158
25
-1
88
-1
118253936
-1
-1
112791313
16264106
-1
-1
-1
275
-1
-1
-1
109865334
-1
-1
-1
-1
18
321
58
-1
-1
39092758
-1
351
-1
174
-1
2541853
-1
25215582
49
-1
-1
-1
91
-1
-1
-1
-1
43
1
43
-1
-1
-1
35
10
-1
162
-1
140
-1
-1
17121535
93833583
25883110
67636894
268
36
-1
-1
-1
101833386
-1
57976474
-1
9229954
-1
320
-1
8471055
-1
87
-1
0
-1
92938581
-1
383
-1
104931799
-1
51992685
-1
27759152
-1
-1
-1
10
-1
39669070
-1
-1
2390945
-1
-1
26576208
88474760
-1
51011626
34192335
49358499
-1
-1
1
53165824
-1
70
72261756
41707465
-1
-1
-1
-1
16
-1
25
-1
74442359
-1
-1
139
341
34420198
40532657
-1
162
-1
3
7235232
419
-1
23281250
-1
123696405
128
11
-1
-1
-1
-1
-1
124
2
294
85148506
118077962
-1
356
37
-1
4
40783921
17
109877739
-1
-1
-1
-1
139
-1
159
245
97111686
186
-1
18418114
93402073
-1
54027434
-1
-1
95
-1
85285124
160
129
225
64965820
110
3125825
-1
162
82346578
112219378
97478082
-1
-1
-1
10469948
-1
40
153
-1
23
55094312
37088507
-1
83938392
45086376
-1
76
19
-1
121430587
128247822
-1
15
-1
-1
-1
36908598
124632475
-1
-1
-1
35
-1
-1
-1
-1
-1
331
121
169
33
-1
11
-1
-1
-1
-1
189
68794671
-1
90416079
37528210
-1
-1
49966013
68
95515064
-1
205
-1
39092602
46
-1
-1
-1
-1
-1
-1
-1
-1
119733707
39314251
-1
44971029
68
50
-1
78109655
-1
110
-1
167
220
88888950
68871773
-1
51707856
-1
85
139
-1
-1
47
-1
-1
261
61981496
-1
-1
86
-1
-1
68334501
173
52
179
295
137
65068409
-1
-1
-1
227346
-1
-1
77
-1
-1
-1
-1
-1
65
127
153
4746415
115325645
28190589
-1
83129659
-1
109592729
56
95554479
-1
-1
174
47
183
-1
-1
-1
-1
44942190
14
-1
260
-1
-1
-1
88
-1
129592413
262
70
70756137
-1
123630619
-1
319
-1
-1
85
-1
-1
-1
109391861
42
77
6
125234704
70620506
-1
76600294
90274818
-1
-1
-1
-1
-1
237
-1
21219598
98
108615504
102991218
-1
133038440
-1
-1
-1
90
19
161
-1
-1
16970576
-1
132
5
4838077
-1
-1
105
239
108759696
-1
-1
29533959
-1
-1
-1
-1
20
378
-1
124
37
163
145
-1
-1
113904878
-1
100326790
-1
-1
-1
-1
-1
-1
-1
80
-1
-1
-1
150
393
69537040
-1
-1
117
85495196
129684157
117540411
111123354
-1
-1
17
120563977
61
-1
155
1
15
-1
-1
-1
-1
-1
-1
-1
269
43422610
1
-1
177
79354098
-1
-1
-1
-1
-1
-1
-1
-1
135
-1
124972494
-1
16170657
-1
-1
124445435
98
76382219
-1
-1
-1
193
-1
-1
83906228
29
-1
212
31
6
6
-1
77147435
-1
-1
291
114265300
69499279
-1
-1
50
-1
-1
42
-1
-1
-1
-1
150
-1
29597817
-1
50
182
137
34655358
219
-1
-1
106631315
-1
123546181
-1
74181208
-1
-1
82
99388550
132424557
-1
2
-1
79
-1
22
-1
0
-1
-1
-1
-1
98
38448324
-1
-1
35
-1
70472414
-1
47854964
155
101
-1
10819871
395
-1
-1
1
74967929
52091797
15630206
2
-1
102
-1
230
29
62069185
-1
-1
22
0
-1
-1
-1
93478962
-1
-1
-1
-1
-1
115620450
-1
-1
-1
-1
65524002
118383608
-1
-1
-1
-1
320
-1
30295239
98
-1
-1
5306640
3079208
-1
55
97412241
166
56922852
-1
90357653
305
-1
-1
-1
-1
-1
-1
-1
-1
-1
43
-1
-1
81859504
-1
61248445
-1
131213712
-1
-1
-1
-1
-1
-1
-1
90897405
215
9
126687928
-1
14
68414164
56317956
-1
1
48496444
-1
-1
8
-1
-1
-1
-1
29
130727469
-1
111785695
106583765
162
-1
-1
-1
126437817
-1
112599157
9397422
40
124390916
-1
93700225
-1
-1
38189571
83900877
163
-1
-1
-1
182
85521668
-1
-1
39
18
96
-1
105183036
-1
-1
4
133
-1
73564868
138
63709285
-1
38
-1
82664677
-1
-1
-1
-1
117808822
83516630
21225674
7
258
58538689
-1
20315635
-1
-1
322
-1
-1
93
6260691
60
-1
-1
-1
-1
-1
-1
143
32816960
-1
-1
-1
245
-1
-1
-1
11
-1
-1
12992838
-1
-1
-1
63
163
-1
107410709
99651585
-1
-1
-1
-1
124613004
-1
100556537
130712478
241
-1
-1
-1
47
22
-1
-1
-1
62
75845829
-1
-1
-1
-1
-1
324
-1
-1
-1
-1
-1
425
0
-1
41
-1
85522220
-1
85982839
6
13122896
-1
103934882
-1
50562539
-1
-1
-1
-1
19
103441604
21
-1
-1
-1
62
270
107626812
-1
-1
-1
0
48416753
-1
72
48891
-1
-1
-1
-1
147
118446592
-1
-1
52
-1
-1
-1
-1
-1
-1
103
-1
204
124
-1
-1
-1
-1
48
-1
-1
49
7
39
-1
84
-1
-1
6
-1
2
18
-1
202
376
-1
-1
-1
97181189
53933132
131646069
-1
104362539
-1
132
-1
4
82390464
-1
128888248
-1
12680245
-1
-1
-1
62105775
103056092
-1
-1
-1
-1
36841370
109
71
-1
405
122891488
25869373
-1
-1
-1
-1
125
-1
272
0
30594658
39496274
71121565
63
95978867
-1
-1
22
2603051
-1
214
24
8
-1
303
20
115719815
134
-1
41360315
23974482
-1
19
-1
115513381
-1
-1
40
49834060
-1
420
-1
-1
-1
21
92
202
23
-1
121407816
16
86891035
22
-1
-1
126
129695772
62
-1
38
-1
72798930
-1
-1
-1
30162782
-1
-1
-1
-1
6
-1
-1
106696699
109834855
-1
-1
372
-1
-1
-1
-1
-1
-1
-1
129519539
-1
-1
85610878
109697469
-1
1
39158951
-1
-1
122372132
74959738
66039907
-1
30564775
-1
49
40377053
-1
-1
15
-1
-1
3903292
-1
33575015
-1
68
135
-1
-1
-1
-1
-1
111453313
101643300
-1
-1
113846846
-1
39290627
-1
-1
-1
-1
-1
39077592
-1
-1
8220600
6
257
-1
198
4
65353518
-1
12
-1
54087735
-1
204
330
49
106
-1
46023346
-1
41
-1
-1
-1
252
120863160
-1
58266840
86
87
-1
181
-1
-1
-1
-1
65902361
36867975
-1
37659788
82754240
-1
-1
125600018
32
125792515
202
443
79
-1
30
57
0
87
217
304
304
-1
95131619
-1
299
84070238
37867430
-1
99822652
-1
127
127815602
-1
121
-1
-1
-1
167
-1
-1
-1
171
12061035
42
-1
47920148
10728134
-1
-1
-1
114679177
-1
75174976
-1
-1
85
390
-1
-1
95057478
-1
4
-1
-1
-1
-1
-1
72
93002195
-1
88650040
10
47829108
-1
-1
-1
43818667
38
128939723
-1
-1
-1
59050318
-1
4009915
-1
146
-1
246
-1
18
-1
4
53902745
-1
-1
64711322
65120600
-1
-1
123073582
21
224
-1
108
36
-1
-1
-1
-1
-1
54327385
-1
91
86438963
30018190
-1
54882046
42375901
35433091
71139565
-1
24
-1
-1
-1
-1
-1
54996852
46177550
26066087
-1
-1
253
-1
119808963
-1
-1
38
-1
76
65
43269810
-1
-1
161
-1
80049909
-1
45756101
127512677
-1
178
291
79
26
-1
30
115
105
-1
-1
-1
32211404
-1
-1
109595402
-1
34865638
-1
103284512
-1
128322110
-1
-1
265
-1
116108364
80
60873363
-1
-1
-1
9
267
-1
94142124
34440779
71
-1
89
-1
74
9
126558667
2295264
61
294
1
37311478
77773229
320
2
-1
-1
31
-1
-1
8
-1
36818645
30580896
-1
26
25
14
-1
-1
-1
6
19815139
131812042
89
69109341
70700625
125565869
55382353
-1
-1
180
-1
300
78986453
-1
-1
30228362
297
-1
-1
34852865
26654005
-1
-1
29985095
278
-1
3618211
139
-1
-1
-1
114
-1
29322923
-1
8
-1
117
-1
-1
-1
117182930
68
-1
131638379
45960403
-1
56
5
-1
92
21285888
66570474
11
-1
-1
423
235
-1
-1
-1
15
-1
130225893
55
-1
2
186
-1
172
16340000
128
-1
-1
-1
53
-1
-1
60618221
16
131437607
16
-1
-1
40
85444038
125058162
21605558
-1
23
-1
-1
-1
-1
35940832
-1
-1
-1
78662566
-1
-1
-1
17192052
446
31656321
-1
68
6
-1
-1
-1
27249137
298
80815473
223
-1
-1
-1
-1
-1
138
24679032
-1
208
124155929
-1
23393305
-1
-1
-1
-1
108593473
-1
45
40111546
126917133
56
62375554
52
24117221
-1
409
-1
55873840
-1
-1
3777764
23
-1
120297243
-1
-1
-1
-1
-1
31305167
-1
-1
78741910
-1
30008165
-1
-1
-1
135
-1
-1
-1
-1
107035507
-1
142
-1
121257411
83
-1
-1
22050056
-1
-1
-1
110570548
-1
-1
-1
-1
132
78
178
88038920
224
7
60938665
-1
-1
123706636
109587866
15
37958175
180
197
-1
2
128
-1
-1
3873246
3
-1
28754142
-1
-1
4
-1
16882389
10
-1
70179192
-1
148
-1
-1
25624806
-1
0
-1
76132667
-1
-1
290
29552387
-1
-1
124332646
-1
16024703
106902683
133286298
-1
-1
56460381
-1
-1
-1
66976348
-1
53538986
90142508
20696291
15
-1
-1
-1
-1
-1
-1
-1
260
-1
107
-1
17603399
3
70751429
-1
-1
-1
-1
18676361
-1
221
-1
16
108588804
54
-1
-1
113809480
-1
195
-1
-1
-1
-1
-1
-1
25
167
-1
-1
97690736
-1
356
-1
29
-1
-1
-1
-1
49
-1
-1
49752730
-1
44709671
-1
-1
98838331
87049666
41073289
40
-1
-1
102955261
107148787
318
-1
-1
-1
-1
385
-1
-1
-1
360
59427633
-1
-1
-1
-1
-1
-1
-1
105970025
-1
121853546
72463171
-1
-1
-1
-1
-1
-1
-1
21157883
69
-1
61155188
-1
254
120732458
-1
-1
27736289
29
-1
122
-1
110
-1
-1
226
-1
-1
95437357
49702893
92184372
-1
11
22
427
-1
49547097
-1
222
53454866
26948098
-1
100747967
-1
-1
33
-1
258
-1
3
42
-1
-1
-1
39500938
-1
-1
38
40
-1
-1
-1
-1
-1
14
2
205
-1
39171718
-1
-1
-1
-1
-1
-1
-1
-1
-1
37785274
89
-1
39874215
78853397
-1
-1
-1
156
115286762
14
-1
53
-1
126532478
-1
-1
-1
-1
-1
104340141
105330934
-1
103113000
25
-1
46
-1
116971041
-1
409
-1
174
88
153
25509021
312
7672258
-1
47501730
-1
95147980
182
247
26
-1
-1
-1
-1
67
-1
-1
96654464
14599266
113
59
-1
-1
-1
75
-1
-1
1317720
31
-1
-1
-1
41293719
-1
-1
106
16143378
-1
134
50
79839295
177
-1
105923524
117642320
-1
130408224
179
-1
-1
130
30
151
202
81383682
0
-1
-1
-1
-1
23
-1
-1
-1
-1
100950765
-1
-1
116083680
1752069
115143353
-1
-1
131725157
25579141
-1
-1
-1
128
-1
129447289
66962364
0
193
-1
30
-1
-1
73883721
-1
-1
-1
72376223
314
56545909
181
67556246
-1
-1
23
-1
-1
-1
46756493
-1
91521926
-1
84453839
49
-1
47832212
-1
0
-1
128186906
-1
-1
405
-1
32716135
32895085
-1
-1
-1
-1
104187201
10
-1
174
156
121865144
58919734
-1
46579626
83764120
-1
-1
-1
52
83
-1
-1
-1
84962866
130873890
-1
-1
-1
117491501
-1
-1
39
69309387
338
202053
106949378
-1
-1
4
0
78921140
-1
-1
-1
300
58
62500578
196
-1
26211582
-1
50
-1
-1
-1
40
-1
-1
-1
102936447
-1
120
-1
-1
178
-1
24239387
18
-1
48074400
-1
17096423
-1
-1
116866283
70161485
56
-1
96791466
82157422
425
-1
-1
-1
1
-1
9
-1
-1
12
-1
-1
75107398
35406842
-1
84688374
98
107451128
77491137
292
-1
-1
-1
-1
17
-1
57527078
-1
-1
245
-1
219
142
-1
-1
-1
-1
15
-1
-1
-1
-1
-1
22832628
36783435
13205983
8
-1
-1
-1
169
79
-1
-1
205
-1
26
-1
-1
239
-1
40560466
92669793
131
129722336
-1
60743231
-1
62909573
177
21679364
111174409
-1
-1
14557360
2
-1
22
27427502
471
84
104224550
-1
12999465
-1
102854114
51
-1
190
123494462
-1
106073325
184
67
93
-1
-1
-1
-1
1
-1
-1
8
47
-1
130
-1
357
286
-1
-1
59473782
-1
179
93
125906440
-1
-1
-1
-1
127
-1
-1
-1
13
-1
-1
691845
-1
67897666
-1
-1
-1
373
122966842
-1
14
-1
-1
97
-1
-1
76494115
-1
-1
-1
-1
-1
-1
121552896
-1
-1
803641
-1
-1
-1
0
127
29101625
34
-1
130
271
-1
-1
-1
-1
-1
21507498
256
-1
-1
-1
81
-1
-1
-1
-1
-1
-1
-1
84719493
-1
-1
-1
-1
123546163
-1
134
-1
65
-1
243
14
-1
-1
-1
25256611
123337791
125449262
8
-1
-1
-1
-1
-1
-1
-1
-1
-1
-1
-1
68827367
203
5817783
-1
-1
18055740
-1
-1
-1
60282769
50371300
-1
29
-1
45076753
-1
134549797
167
-1
47924244
-1
-1
239
65
-1
-1
-1
-1
262
-1
-1
16576070
38260151
-1
-1
85709663
132353520
96
107310927
-1
-1
-1
-1
36
-1
-1
-1
162
124590759
-1
-1
55591191
187
-1
-1
76225049
-1
-1
-1
76914988
-1
-1
213
-1
-1
22
-1
-1
359
-1
55246384
-1
-1
98461217
-1
87820655
62462305
-1
63789400
-1
271
38
-1
-1
-1
299
43274463
-1
-1
4334934
-1
102
19
29
134
-1
9
-1
158
49
-1
1
-1
-1
-1
97
-1
5365126
-1
128123218
42550491
37430099
-1
-1
70485804
-1
-1
-1
-1
130
110336175
-1
13
66
-1
-1
81880154
162
-1
-1
-1
-1
-1
-1
-1
99596957
91718201
-1
43729802
-1
42983325
-1
-1
76278850
-1
-1
59490452
-1
-1
-1
265
-1
66668032
296
48002909
116
-1
43
39
201
-1
-1
18
6
33
-1
-1
315
-1
96540321
39808028
-1
-1
120
-1
-1
14
-1
-1
-1
-1
-1
60306768
-1
182
57
77
32
103553303
-1
-1
-1
-1
-1
3
-1
29
-1
49304040
110527779
-1
-1
321
52271104
176
125546640
-1
29
274
426
-1
-1
-1
109
95050131
135
90
-1
-1
-1
-1
101849293
-1
54
-1
160
-1
95484624
-1
-1
-1
32
32707809
-1
67660013
2
178
0
-1
-1
-1
19689583
78968424
87846911
-1
16042951
299
-1
-1
-1
82548361
22347357
-1
-1
102445945
67
-1
-1
67617675
-1
-1
-1
-1
110565484
-1
2815608
60648960
-1
-1
-1
-1
-1
-1
11
37789877
125243948
-1
104491238
-1
88
111199347
2
-1
192
25885427
-1
-1
-1
-1
31549574
55587416
122625955
-1
390
84071958
-1
109686251
55
-1
8
-1
-1
-1
1
314
99652484
9
117755298
10419686
-1
-1
19
-1
78695017
-1
19128128
-1
8282552
49137011
86899227
84807684
73359673
-1
-1
128400904
23
26814216
201
-1
12
114798514
-1
-1
-1
262
117418955
-1
-1
-1
-1
35
-1
338
37921424
72
-1
-1
41830883
38
79
-1
50
72175866
-1
-1
-1
12645306
3
159
56
-1
-1
95856393
-1
281
232
98210731
36338350
60235221
-1
9945629
11
177
-1
22
5
60
-1
115
-1
93069047
123
-1
-1
8
117
-1
126522096
-1
-1
62236107
-1
126676140
53511263
107816181
432
-1
-1
-1
68891506
248
-1
51
-1
24021925
79
-1
108451994
-1
50
-1
29
58
-1
-1
74088360
-1
25959036
-1
102755991
212
78981756
-1
-1
-1
64432664
-1
-1
22332477
-1
-1
-1
-1
43
-1
188
-1
-1
-1
-1
-1
42566870
-1
-1
72370591
42024022
43
-1
-1
6
-1
37
-1
-1
-1
195
-1
-1
133127956
-1
120910560
6
-1
-1
69733455
232
11
338
-1
45481255
224
109904517
-1
-1
47151716
34
-1
5491740
53
-1
24242691
-1
-1
-1
230
-1
-1
-1
33
-1
-1
-1
112
-1
-1
37
-1
323
-1
-1
140
-1
-1
-1
-1
68642281
-1
77
-1
-1
134
-1
27733103
8008631
-1
-1
-1
-1
-1
93973295
-1
102102943
55
-1
-1
-1
-1
-1
-1
-1
-1
78063161
133097642
126436021
130405372
-1
-1
-1
-1
51558208
-1
-1
46888859
-1
41215438
-1
150
-1
20602401
-1
-1
63259388
-1
23
-1
-1
81
57
270
-1
-1
-1
-1
35
4084577
-1
-1
319
41
-1
-1
15631991
-1
61
21
24466400
-1
112712076
86869980
109
-1
-1
16507378
15
-1
55825043
-1
-1
80771228
-1
-1
-1
-1
405
-1
-1
-1
-1
-1
-1
-1
-1
128
-1
-1
-1
-1
129151700
-1
0
2
-1
-1
-1
-1
-1
129181058
362
123264249
59224903
87
104
-1
-1
-1
-1
-1
-1
182
18
-1
-1
404
-1
52702642
-1
-1
-1
-1
68
41680604
79352623
46
103
-1
-1
-1
1
-1
-1
41528337
360
-1
67047699
-1
-1
-1
48
59323699
-1
28
41678552
29252178
59
84
322
233
83390841
19
72504797
49870723
-1
-1
77775368
86220340
-1
-1
13
-1
-1
38297713
120722412
330
50203255
-1
-1
117363818
-1
117
-1
126
-1
234
7
32938
-1
-1
-1
-1
-1
69805918
117
-1
-1
-1
-1
-1
-1
-1
-1
38572158
35187475
-1
-1
-1
-1
-1
-1
-1
-1
-1
103117037
116882506
72543302
15156250
-1
187
79
0
248
15750930
-1
-1
18
-1
-1
53429719
378
88
-1
-1
-1
53
143
132480572
33493180
1512994
-1
77573924
9661289
-1
-1
17357421
5
-1
-1
-1
-1
-1
99
-1
94
-1
-1
-1
2
22733692
-1
173
-1
87756626
44
339
-1
28
84872425
-1
31
-1
99960268
-1
-1
-1
65
3
133134477
13568383
-1
-1
-1
53194689
-1
27329940
96455568
62658407
-1
254
-1
25
-1
-1
-1
55
6
-1
-1
-1
-1
-1
84629495
-1
-1
-1
-1
-1
-1
79885061
134279519
76
-1
-1
-1
-1
-1
-1
-1
-1
6
-1
159
-1
-1
-1
90967007
-1
-1
111
-1
84116628
-1
-1
-1
70776520
-1
5
79758014
16454815
-1
10
-1
52
-1
254
37278229
80
-1
-1
16508551
-1
8
-1
-1
55814661
91764241
-1
-1
76275246
-1
-1
124
34635572
61237616
92079681
41
244
248
-1
-1
-1
2464108
-1
52792883
0
24
96385916
-1
4684725
65
97205757
-1
-1
-1
-1
16651068
44265412
-1
-1
8
336
56
338
-1
15
-1
-1
59749745
76
-1
-1
-1
-1
35914395
-1
23342800
-1
-1
34
-1
-1
92296932
-1
-1
-1
-1
-1
-1
114777647
23
32332923
16
-1
56827341
59783131
83
-1
-1
-1
-1
-1
101720604
58239835
-1
103097145
-1
-1
-1
-1
31111256
-1
57807993
3305595
192
-1
45710391
110460441
-1
-1
110520625
94353328
-1
28896558
-1
-1
217
-1
310
-1
1254476
-1
52136189
62
-1
-1
129435583
-1
-1
-1
-1
263
67084322
-1
46
-1
90507484
44454598
-1
-1
-1
-1
-1
8
6326557
239
113773350
74
-1
5935032
309
-1
-1
155
-1
-1
46
-1
32049469
32831562
14944767
39
105921387
0
-1
204
11768000
-1
-1
-1
-1
99142322
3
-1
104208112
126234920
-1
69060467
-1
-1
27
-1
-1
-1
-1
-1
54833239
28669520
-1
1
20150460
275
374
-1
75
105052610
46
-1
29246832
25
164
98
-1
-1
118284741
-1
-1
10782894
-1
83827113
85
110777434
9682338
72228124
77
107153697
27949335
-1
-1
96181474
-1
-1
83293836
-1
-1
88685202
-1
61
144
87
-1
-1
-1
-1
-1
222
-1
311
47227769
115519673
-1
468
127310478
75609395
15
-1
141
-1
-1
-1
4
75940563
-1
-1
-1
-1
-1
-1
45752401
-1
9
44
34290438
-1
-1
-1
154
-1
-1
-1
-1
-1
17
37259220
58763098
262
49462109
-1
130700049
20320746
76910060
3
7
-1
104881895
12461310
-1
13
112
-1
-1
109427036
63784220
36418201
-1
-1
37
-1
-1
76626775
71517149
130131004
-1
-1
-1
-1
7
56813774
15
-1
-1
-1
67697199
183
-1
-1
-1
-1
-1
1
1
4072246
-1
43817462
111364099
310
-1
50
50037214
-1
-1
98
123
-1
38131701
-1
28345326
-1
1
29469955
-1
84
116499051
111430117
-1
164
148
-1
-1
132246920
-1
119
-1
-1
-1
-1
-1
-1
-1
68530957
-1
56
80
123304475
-1
363
-1
190
-1
7369263
-1
-1
-1
25
65530209
-1
128913077
-1
-1
18595961
61742883
-1
-1
172
35679989
95043369
204
-1
-1
-1
-1
-1
-1
-1
-1
49099481
40
116
381
-1
-1
-1
-1
-1
-1
-1
-1
-1
-1
29668459
125676478
7
-1
37
-1
119729865
8
-1
-1
29
5886616
-1
115890377
-1
-1
-1
-1
-1
36
87
70183573
255
105793724
-1
105
-1
119909833
-1
-1
-1
14
21
-1
-1
-1
8
23
-1
78390893
50950865
51744261
-1
94
127227950
76343580
80
-1
22
133
269
7948383
-1
-1
-1
-1
134
126
-1
-1
202
-1
17
17979472
76385492
75906187
-1
-1
117481155
341
85
-1
-1
-1
-1
94
-1
-1
1130110
126
27
-1
-1
129513347
-1
286
-1
78897498
-1
1
112122588
25
-1
459
-1
-1
-1
-1
-1
10
-1
-1
49
-1
221
70627207
49785223
349
46245786
17780940
50838507
-1
25
-1
-1
-1
-1
-1
-1
167
-1
253
-1
39
75283560
25
104360960
-1
-1
121884777
-1
-1
-1
-1
-1
-1
58635465
54699824
-1
-1
-1
17915827
-1
6433774
-1
-1
-1
13363992
-1
43832602
16246105
-1
44941125
-1
-1
8
-1
-1
-1
-1
-1
78717752
31660401
-1
91
105222963
41088978
-1
-1
-1
79690814
-1
-1
156
39893190
-1
15005360
296
108220134
-1
186
-1
26175478
159
10154714
-1
-1
-1
-1
-1
18
-1
14492013
9
-1
-1
6
-1
-1
-1
17485846
-1
-1
79
43212246
175
-1
23728226
-1
-1
14180963
175
224
-1
296
-1
13575059
-1
-1
115364988
38048799
112525214
7
185
-1
-1
-1
78573358
-1
56296376
-1
-1
17
353
112745350
180
29
-1
-1
139
65240543
-1
158
-1
118
-1
-1
25097931
-1
131963973
46176053
138
46263526
50186039
-1
-1
151
101284975
98341338
-1
-1
-1
39
160
3353747
-1
93
90105215
27067672
10
-1
-1
127
216
-1
-1
-1
-1
0
-1
-1
-1
48096370
95363121
-1
105163692
25787224
102994670
214
30
277
-1
-1
270
-1
18
-1
236
226
-1
-1
-1
114402907
-1
36795812
-1
-1
-1
-1
-1
-1
-1
-1
20531784
-1
60507763
-1
30
-1
124
266
-1
-1
169
64
-1
-1
-1
-1
-1
-1
-1
-1
28
79100275
-1
-1
19681829
-1
82
60820420
121641207
-1
-1
37449868
129886768
73154106
6071239
0
-1
241
-1
243
-1
293
5
-1
-1
42
-1
-1
-1
-1
90694970
-1
0
-1
128
21531479
-1
195
-1
128
191
-1
118100998
104692700
-1
-1
337
101025920
-1
57155262
-1
-1
8
-1
96286490
-1
-1
64
-1
87038939
-1
63
-1
112637158
-1
-1
-1
-1
109
-1
-1
-1
-1
-1
-1
29869970
-1
117462256
74223892
-1
19
-1
14966386
-1
125
-1
85793206
-1
-1
-1
-1
-1
-1
-1
-1
-1
-1
-1
-1
-1
410
215
171
103993634
66570267
123067104
-1
-1
-1
-1
18
13118120
22881517
-1
-1
223
94438021
88
-1
25583800
114420318
-1
-1
-1
398
-1
15029815
-1
103
55
-1
-1
-1
121240646
-1
0
-1
61563671
-1
49909725
27346006
-1
-1
111459054
-1
-1
5
-1
2
-1
52734170
-1
88681942
110435747
-1
32323673
-1
-1
37935489
101
-1
-1
85
21813998
90560498
-1
39
-1
-1
-1
77991857
-1
102150870
52834957
33
6381875
89978245
47100875
10957114
14345479
-1
20
24471405
-1
120043810
23
33
248
118705554
-1
216
-1
367
60106608
20
126288474
-1
-1
64
89342975
218
64653657
12
52
49078454
-1
-1
-1
116857310
-1
92738041
-1
107
53884751
-1
1
327
-1
-1
-1
80861117
-1
10263790
52811310
-1
-1
114529153
-1
-1
-1
127798682
101191733
-1
59
32104427
1
21
-1
-1
81
46590917
-1
-1
-1
113
272
235
32020189
72748523
-1
-1
1
125948438
127540894
107742112
35
87
-1
-1
179
152
-1
-1
-1
-1
62053233
-1
-1
190
-1
-1
-1
-1
-1
101628098
-1
-1
-1
322
-1
-1
-1
-1
-1
21291044
9390198
90983013
185
123907580
-1
77210429
188
50
-1
-1
104957044
12846954
69347970
-1
-1
-1
-1
19562308
101185103
1
122280496
46
1
74144422
-1
-1
-1
0
2
0
-1
-1
-1
238
-1
105
103
-1
92
-1
1986292
220
-1
-1
48753962
-1
302
207
-1
116
45298043
57
87
-1
-1
65
71
57
70517161
-1
133
-1
278
75265804
92093620
-1
-1
-1
-1
30
124
-1
-1
6126685
62819691
-1
-1
92
220
42
63820346
79262914
-1
-1
-1
-1
-1
-1
-1
229
117
-1
-1
4
92992465
24280162
79
-1
60039997
113970311
24880882
-1
178
1
-1
-1
31
-1
42213661
132
-1
-1
-1
-1
9
2
318
-1
-1
-1
-1
55043575
-1
-1
-1
-1
93
252
-1
-1
-1
385
95318260
78368950
-1
-1
12
-1
-1
-1
26528535
2782673
40296664
77992514
-1
-1
-1
-1
69
2502665
313
-1
-1
-1
-1
32
-1
77852970
3140655
8171104
-1
54365817
331
127131805
-1
-1
-1
-1
-1
75
338
57
52748981
7924775
-1
-1
-1
96146168
-1
-1
53944781
-1
-1
-1
-1
94236821
-1
48411954
101
116552995
118628690
205
-1
-1
-1
-1
-1
-1
-1
121999690
-1
-1
5
-1
118982192
107627639
-1
-1
138
-1
9290722
-1
-1
-1
-1
111698450
31759552
201
94
-1
122390678
268
41653187
-1
83
-1
-1
-1
7838430
-1
36
-1
-1
-1
71
0
-1
-1
-1
93084772
243
64757501
-1
-1
102705735
40041546
-1
-1
64268830
-1
126007441
132400082
-1
-1
0
-1
184
-1
-1
-1
4
46
94977857
108
20850265
97
64716382
2
24959904
85974181
265
-1
-1
-1
-1
-1
4
434
-1
-1
-1
-1
22
356
-1
-1
-1
72020746
128
-1
64
-1
6550067
19089525
4
-1
-1
-1
110
103348200
94
-1
-1
-1
127352642
33764531
287
-1
-1
8315654
70895550
91204968
-1
-1
-1
-1
-1
70
86895522
-1
-1
-1
-1
-1
110561519
-1
-1
-1
-1
-1
-1
139
-1
-1
-1
-1
-1
-1
94373664
-1
232
7840586
-1
-1
-1
6
22874643
-1
18
-1
-1
-1
-1
43
-1
-1
-1
68627025
-1
64
88
42838665
112787988
13
292
-1
1753610
131439700
-1
12473781
-1
24568086
15152056
54
2
114906722
-1
40
-1
10663709
30803620
49349458
-1
-1
-1
115488443
-1
1
66946350
-1
88687512
2
-1
116
68
155
-1
15
-1
-1
-1
-1
57
31372639
-1
-1
-1
149
102
-1
-1
106819739
79806357
-1
122752595
104862555
-1
18426744
-1
44
-1
42
89
114850323
90556509
198
36
81850906
42
-1
75
-1
7
-1
-1
-1
172
1
61
129178190
-1
0
1
20
-1
-1
-1
-1
394
-1
93698180
40269138
-1
60
-1
-1
-1
1
-1
-1
-1
-1
-1
13265852
-1
244
-1
-1
-1
93219116
17416493
-1
3
-1
188
-1
54327082
53902667
-1
-1
4
95343565
37456782
-1
5
-1
74262663
-1
-1
-1
-1
7461253
83
