273026034 773145794 512480544 897071464 805222030 670752542 769034362
909095356 321722188 519868220 872292541 742791781 548393370 418086899
50701515 226229434 457450061 278371330 531147008 368214783 956763675
871260574 416509468 592277598 450266360 342425644 568432793 286923056
569839605 264614764 475972724 747973243 110816169 766809270 779251972
583146206 994665193 3190518 491699470 295674208 70609016 240074654
772424367 177549857 635192279 695024294 158721400 700209407 581706844
477105246 897423111 668518015 897031330 146556441 365502020 876931943
760435602 653135743 882953526 431588787 604017986 713302420 592087049
115884080 672990283 917391321 858176398 703977204 914944826 394933354
914701013 226036987 96203103 405843226 940315920 547420397 105948865
338645046 180968131 643614090 294010976 182734489 579826230 576456513
695782653 752856201 741448749 164197397 626392742 306825368 75837084
722839690 673226060 738754603 658982149 2265728 915045510 349514887
958577942 659802790 362409566 47746571 569367582 366128606 675776608
832752790 933901523 600737271 689553572 867908790 832524659 615771308
941525164 737778316 165652790 453077929 537276193 265980509 289144515
811301318 18444364 960445748 732857757 161150186 390139878 184639649
818609432 627493687 425137048 805840805 837591304 971909853 408525996
502201433 799297405 998233043 733988943 543042064 43995951 305830706
312577439 749188935 620694178 472388821 393188504 618163352 967905113
826574435 793509888 226732483 932613673 875658420 949725974 354793293
615965820 964728745 126388980 184497339 687015862 918386406 6611045
676479466 856973409 3025690 88034381 667969962 24812190 428340479
471888391 697032061 116970961 734302945 595100903 574965788 717567780
283237779 589680637 829584502 814325681 359674153 907936121 347817833
115262009 561936163 332231783 611124582 158049698 443292451 409091252
934942870 325012916 511680978 284461447 238849999 576645089 844089921
854604318 614179076 562266064 315002938 595622278 357866053 436199759
546608194 733031936 581353809 387214414 746401013 696346286 209223046
50275861 306307838 974120372 619535508 343247948 952895773 296719216
706491516 750242903 526955244 220907511 442681909 144750303 891826871
763363585 863308581 783299013 989170320 918177518 114752482 573610018
502279886 453908797 709949474 287747382 938901387 582150876 50052162
837979066 708904425 517056515 143325518 47203670 746433411 356504439
60650257 879283132 534791987 417460358 555004285 570848600 210185421
697969773 52989308 438131459 857113959 281409247 959448414 924855051
132981492 81735680 232896703 638744725 423280539 982278555 7685792
157328820 39816533 581747567 449465022 448363761 886079364 506817890
574817956 838024175 692971126 644034084 658811147 819042233 940467851
888068653 742475452 861518288 167968804 951239794 71637846 20899636
992887303 941525956 23478200 785090595 873964027 275934462 957854608
81231613 435460545 5432018 787516688 179996065 480430824 895372330
572302861 46074107 321146768 567068129 487585445 640729589 90099055
417894012 959737157 449311820 113673430 450002364 241400957 226999064
18757955 238854509 866715309 184792282 581207758 627108988 997542510
929267366 465061408 968995933 933403929 198348627 982166120 250471534
41607492 231025323 892597960 273831309 305251669 214375771 354718627
381749901 133256328 410963716 816614508 579008140 957007985 85598086
521994176 395147310 421379176 821797758 786872435 298101711 740501450
239419832 4055464 270627175 253699859 785722766 7368026 786176234
977878155 252558781 898446633 760101809 497538399 352292473 99694534
523661998 490499316 749944151 452851722 857251572 52891360 750919627
979424551 879301618 14089351 385676211 410885739 326704566 696883686
224838299 411643505 676118734 48907894 945575680 583715052 388418795
582211803 881416753 895589007 715711741 447958634 853826298 382219776
34128086 377046005 346665107 84486866 834563684 459747210 398496674
909943644 722011775 963649871 232512338 617983676 803739888 667931299
227069200 43104372 468336899 476357986 330177246 754970159 550371153
449531469 576205434 568296124 755705580 50192960 6979191 984175839
505321567 641476210 646715212 32646331 468764679 171484910 535211465
648525122 853095103 872566653 287629571 171099834 333477167 8101826
257601455 513535181 437019411 342248385 887576787 33395262 365697330
968825423 124099014 6498755 814217275 846414259 289418795 308947007
