525742162
296255346
124089659
870177108
9421710
154068527
850963427
77897972
638042002
646650907
876216903
448979465
675792891
687191030
26187717
434112692
254928516
337827833
451944130
39455455
234975508
687956744
981415811
397462991
140681507
406953122
625806240
676721605
870872103
30496550
640755667
135663416
718135520
73723481
683624219
645258097
326495658
79706911
929541247
307723503
68958051
448427218
219674782
779057549
876747195
997222412
27782189
527551622
407259773
1
395540275
236615781
665556427
962770563
659775328
122371506
802768993
130847154
501055311
961858019
553280885
634461433
738891843
633511960
813823511
340808120
858157016
255102001
395868439
949083594
858987942
259537708
395868439
574563323
1
684217430
250128006
170944372
735857345
63692182
576569501
342428966
464157011
648953257
785023286
645857230
71113645
647676034
296273185
475292699
340808120
296273185
661640308
238145912
247971290
1
530734902
852127815
604582257
544767627
621771712
876747195
552484121
659775328
255016623
102281706
1
172382412
413124680
974210016
266712181
2524844
648196569
984254827
445322656
220050301
564333903
166051823
997222412
14553391
346033774
728947663
654614044
330820723
806868702
730947013
487018703
566172240
962770563
172896535
917380677
220050301
340808120
47050946
778628531
32354915
387180426
220050301
371475170
598597635
92645080
598597635
527468143
169108537
340808120
622254193
683624219
822381935
206923682
499588016
135663416
459683613
961893426
1
464157011
145221066
498124255
819220409
501055311
553914267
852127815
707245458
92407826
719570241
48786078
77831304
307542799
504342988
559341836
220050301
309674052
294498400
748337302
678702777
910288442
385973903
255016623
604515907
530734902
933285110
598597635
677011350
406808228
346106553
912866458
319248120
633511960
346033774
475292699
870177108
487018703
416995578
551133218
464157011
952660353
334608558
1
236615781
598530404
658891113
820873187
889606244
529980905
117283091
253151293
487018703
182561977
866414704
751659788
735857345
782341667
768149719
936477405
901314579
320269241
296273185
962770563
649523073
403054428
388832100
658833049
683624219
678702777
871493390
510129733
916153894
342195074
243394628
648196569
1
296568808
778107097
506492425
199610671
870872103
255016623
384227758
753863840
776004697
434112692
746345168
853720603
660149241
497444627
916111323
259537708
634461433
296273185
634461433
852127815
504916306
710829966
852127815
836216795
464157011
785530230
183388413
639534731
135663416
966561416
264446022
971496447
122371506
470514964
530734902
92407826
81384374
830696882
1
2524844
200296382
208050427
751659788
298084537
243180862
467811206
337827833
924463383
2524844
503749204
70328922
971119515
917380677
340808120
92118982
796064786
378817861
60296282
14553391
876747195
862230594
289355188
852127815
61837730
30191483
779057549
529980905
930176811
503749204
2524844
870177108
665556427
633511960
598530404
590621363
416940383
451944130
820873187
659775328
287143487
735648412
929541247
91793018
396641676
340808120
870872103
48786078
677506914
364031617
99416753
666080235
615026423
48786078
24041378
2524844
538617465
852127815
149358376
187716531
72232746
330820723
179710954
480750826
598597635
444563988
232515147
708756820
274394016
953876626
640755667
1
955499538
364608158
373723534
983982421
182028541
553914267
325685926
938357149
866414704
769775254
1
551367683
670528368
378817861
758712026
852127815
649962756
659775328
446401701
595500487
698062216
917380677
259973806
844760073
667895024
487018703
565907557
48786078
870394347
649523073
679759337
424339884
911403589
870394347
779057549
243640717
659763689
231702770
863824816
961504902
527468143
803581058
737081821
429936714
748333853
239503003
704647280
698582800
690834867
539990577
633511960
634461433
828304476
695357840
917380677
392833773
929541247
989056116
962770563
495192837
406115167
669744270
779057549
199814243
793180967
728973282
687191030
73723481
598597635
955880546
710829966
48786078
699512491
841468190
512204098
211418898
566172240
675792891
809391724
34818942
543238139
769052023
14553391
640755667
633511960
651212150
434112692
175795517
817012651
152484720
262339740
406752467
296255346
487508943
848239137
466567908
785023286
655881054
501055311
117527901
393739719
170987467
870394347
444406996
972995874
296255346
140320557
393739719
514817848
147778145
690489812
12946155
530734902
341727188
497444627
392685278
142762716
539355489
510087137
940784847
687191030
901580594
494060398
750938805
351349451
805388971
564949187
598530404
259537708
996504222
274405463
845700240
103040832
655545336
392250710
849507
708756820
110602381
455926528
497444627
940784847
633511960
487018703
503749204
626269029
85982374
574174895
48786078
100621435
985526386
14553391
918730603
942005399
649523073
527468143
876168678
965141766
574174895
633511960
161711596
451944130
194729113
378817861
890309610
337827833
826627739
535623111
497444627
835095913
393042582
785023286
578962836
395868439
427197797
716331365
698062216
151906697
529570954
398102437
201966143
451944130
929541247
337827833
751659788
815532353
785530230
931606684
346033774
665902487
188002253
899579816
997048463
641358331
574174895
122371506
497444627
949083594
87166678
591772623
733166756
639534731
633511960
379170638
284212306
695357840
474841592
148043074
734020549
325151007
446401701
855377602
99416753
820873187
1
576569501
259301743
820873187
390036595
566057887
1
330820723
337827833
680911141
576569501
296273185
659763689
485913815
236615781
464802980
690489812
497444627
80173042
648196569
546961124
429199444
199814243
122371506
484788370
112343284
269900571
949083594
131676142
314390858
30617120
639534731
23243091
698062216
507879965
434112692
637093082
253151293
539618490
700465515
836522594
980415464
708756820
29131257
14553391
357382645
85832733
337827833
704177791
494456375
378817861
955880546
458407483
713572994
452391422
337827833
876747195
296273185
641741028
393739719
722185010
234808238
458407483
412310482
916153894
466740317
833875206
446401701
510485399
487712875
262720479
608100175
21897909
693849497
683624219
92407826
446401701
396044034
48786078
803810148
434112692
33808442
589139631
870872103
441798862
137448689
904726221
217674051
110346444
709989013
695357840
312411165
699512491
31798519
340808120
626269029
598597635
332551775
692703792
470355006
954237535
972131063
785530230
944584021
161868041
340808120
263996815
503044
99416753
695357840
135663416
642154378
417867836
155543970
955643537
337827833
58762685
264636922
747318420
704647280
147524579
813467585
307542799
553914267
1
916153894
164679786
743973554
431326698
14553391
735857345
2377935
480750826
464157011
553914267
870181655
748568594
864650624
36291001
61131803
870177108
48786078
930374739
694689883
690834867
870872103
505612663
866414704
708756820
529980905
243640717
897119852
117527901
528730659
117527901
870872103
255016623
634461433
658891113
641871039
995457927
148579152
726164420
839083547
883858921
646650907
117527901
704647280
660113224
548010439
785023286
303988011
735857345
243640717
785530230
576569501
199767134
31931278
550292652
120096238
167726910
480750826
342306340
719491593
14553391
745896641
515592166
977833850
159271283
347309104
464476997
26394693
598597635
289156217
683624219
710829966
48786078
124336658
699512491
646650907
313159741
596545138
975258626
393739719
147524579
654642710
543281307
779057549
485054213
275829850
442710564
55732940
421522969
687437125
451944130
835773247
955499538
214268940
277569221
517576829
634461433
659763689
548746487
787182786
598530404
289156217
179477536
94722359
657041416
659763689
192627550
592401790
785530230
236615781
710829966
296255346
690489812
779057549
948789959
405640651
875537514
589679855
870872103
962770563
785023286
951983542
563715766
200296382
152969895
826627739
645686739
259762289
356509328
503044
253151293
826627739
618947152
690502882
870872103
62483209
378817861
555954796
821468617
1
431544745
690834867
751688442
487018703
124405721
389523063
699512491
393739719
1
917380677
530734902
735857345
400322557
61520819
478187142
496602225
473379239
529980905
997222412
157650383
909918792
501055311
962599235
630388646
147524579
695357840
337827833
977922522
18083902
599848583
155543970
458407483
567621337
330820723
753863840
30387909
723789656
840185828
422910065
649523073
283715680
296255346
117694556
857168858
416337764
885477066
885461981
516283782
753863840
271460100
659775328
199814243
473379239
759162783
836072713
811145970
208738386
876747195
704647280
309809368
879076055
330820723
629105066
941202893
346033774
962770563
503044
662040608
451944130
314443895
631425806
718439206
997760480
277450968
870394347
346033774
658891113
747659278
698062216
393739719
296273185
382498849
774102117
461080659
200296382
356509328
807583281
620860206
845284271
690489812
19692712
354012804
329268564
375690398
236615781
955023758
11826108
63692182
346033774
284995129
310179305
329933409
253151293
87397235
296273185
82077190
649523073
330820723
148579152
283852043
434112692
713070799
697751131
870394347
14553391
450691139
826627739
916153894
568187102
272179387
376810625
944166800
487018703
846709307
288840534
852127815
633511960
710934599
312065157
147524579
399097033
678702777
147524579
811513888
317695411
870872103
538582913
384716112
785023286
152003642
354442585
640755667
210552897
487293130
814502568
866414704
648196569
337827833
910622685
213822301
117527901
219630323
206923682
704647280
234513227
120388401
501055311
254518865
161711596
78948951
403183305
675792891
683624219
649523073
448417742
191977254
216824539
820873187
611530500
102705678
791095759
503044
658891113
487018703
304313733
451944130
639534731
243640717
42929671
155543970
637093082
55790660
