672678666
359464762
393739719
470355006
683624219
507873871
551835499
745540706
917380677
2524844
852127815
675792891
272894068
428688652
708756820
639556550
470355006
598597635
509364440
284957225
1780222
649523073
236615781
353159506
147524579
503044
695357840
108715348
539618490
648196569
539618490
675792891
997409072
870872103
301496519
647442093
648196569
501055311
691621064
504342988
337827833
785023286
790241023
568039084
527468143
451944130
393739719
153015905
840238164
719175156
255016623
518792911
338095511
708333427
776932073
470361375
61587562
480750826
699512491
503749204
633511960
463467944
691986534
775542495
296255346
269689578
501958104
820873187
319248120
63723783
816182528
25217000
200296382
695357840
540268367
941520680
330820723
766500346
385142613
175046356
513692293
633511960
820873187
434112692
803334756
643558198
265722899
553914267
785023286
69540870
259537708
204997826
212338563
244021803
257809218
690834867
539298033
481464319
158908656
412460510
646650907
857220858
503749204
634461433
209725523
690834867
329455404
470355006
683624219
148579152
649523073
970435648
470355006
678702777
487018703
530734902
841064571
393739719
638632291
522986291
771748123
574174895
710829966
559343132
929541247
605550213
210723392
458407483
61952782
678702777
779057549
870177108
395868439
355410404
844268871
1
915958506
946403569
919421995
678702777
404358761
559343132
705735523
308510181
340808120
698062216
685068603
155543970
337827833
800568496
243640717
549786415
283234259
161711596
920231714
434112692
623718845
713832635
172096694
464157011
147524579
480750826
793889815
258163820
182275042
917380677
503749204
733900840
446401701
870181655
473379239
568091237
395868439
735857345
483032051
106892961
870394347
826627739
929541247
319248120
559343132
785023286
898582462
695357840
794159458
614592090
656893298
648196569
300781500
319248120
698062216
458407483
880954140
344023861
330820723
475292699
870177108
648196569
553914267
804867769
823722784
643034502
206923682
39580623
283440813
231295338
464157011
852127815
148579152
488945037
250001160
499786600
359113748
172417591
371580259
259537708
683624219
155543970
507962950
945797810
704647280
2524844
850681893
633511960
785822081
640755667
776604832
216060368
422317365
907385409
548576936
245902836
73057872
530734902
307542799
870872103
446401701
735857345
393739719
73723481
475715270
762499337
731110931
833138763
751659788
953986694
43278934
147524579
161711596
665556427
346033774
497520263
559343132
25127782
935008904
870872103
101265178
236615781
340808120
340808120
699512491
503749204
287970590
458407483
497444627
450251952
307542799
895661367
346033774
582765631
842074438
737081821
646650907
885990311
241732076
458407483
659775328
910415021
965527217
387717317
689005483
678702777
301496519
870872103
598530404
289156217
955499538
812162016
329671092
566172240
232312185
870872103
826627739
704647280
497444627
530041179
792121413
69155653
799648769
539832866
886669723
949083594
2524844
193687351
957501819
678702777
276731755
340808120
464157011
337827833
470355006
104430985
980181515
331977279
661581355
340611934
870872103
957994657
949083594
901533259
690834867
772780193
527468143
731247451
236615781
821720695
473379239
501055311
559343132
473379239
68958051
473379239
597738448
387095310
690834867
870872103
446500408
675792891
41569782
1
14553391
968834082
256916036
148579152
530734902
283444671
296273185
551653549
666422032
259537708
658891113
455887704
705497459
48786078
1038526
29715170
71074868
441273647
340808120
161711596
984104331
135721985
186162720
633511960
818651309
779057549
380360776
938243189
874089991
532152605
820873187
574174895
434112692
8202617
310625393
962770563
434112692
955499538
785530230
626269029
530734902
350458791
487018703
699512491
227596599
699512491
255016623
200296382
911195733
334727831
717939794
253151293
822229084
92407826
236615781
870394347
658891113
539618490
497444627
616252336
699512491
757803957
487018703
1
446183510
265566335
486002688
634461433
860516564
659763689
48786078
62492028
834395792
690489812
735857345
701666555
651535485
1
119365597
870177108
301496519
63747091
296273185
271700943
393739719
639630796
473539868
68958051
69798425
876747195
785530230
2524844
203932108
870181655
147524579
2524844
559343132
962770563
199814243
128771519
858749189
927025592
280963210
916532558
117527901
658342345
301496519
562625199
472944786
383989357
371193250
850230534
876747195
480750826
908684434
2524844
916921377
866414704
335645446
986620374
819121210
440642326
854754635
259537708
556388314
659775328
738069157
340808120
797727732
658305186
504342988
467695125
329735399
157004835
704647280
48978105
997222412
739597812
521161416
75427906
808748804
132367561
662053704
175241542
109703282
888006380
514170167
903457303
464157011
677458991
346343229
602420097
148774009
497444627
306620796
548922824
117527901
540708147
962770563
640755667
229239937
178283875
48786078
530734902
497444627
337827833
870177108
312532649
365463582
91851369
751659788
753362434
757801283
147524579
768469840
779522371
983427187
206923682
933815259
637093082
253151293
262040765
355170212
361757617
330820723
785023286
766140087
29102899
255016623
2524844
296273185
659763689
423928516
515592166
995002826
634760501
607166800
539618490
708679824
503044
945774771
1
516003145
826627739
233722854
852127815
588924815
500291552
835024410
280489359
256650531
581561448
915251816
565206500
807540002
21543309
996958700
659775328
893252167
704780993
640755667
481520771
947889420
161711596
121273618
710829966
291000956
139797487
737081821
255016623
699512491
155543970
71977646
464157011
510144446
634461433
475292699
646650907
887400453
503044
359016473
785023286
634461433
683624219
866414704
716852090
779057549
255016623
566068766
690489812
440623423
289156217
709310855
763866854
574174895
255016623
690834867
261446767
413261502
434112692
576569501
683624219
559343132
646650907
690489812
523400207
504342988
649523073
509311772
527468143
418634143
401734496
865612018
704970241
581144619
639534731
441225701
990717894
530734902
451944130
253151293
473379239
953876626
996497919
525234528
220050301
289156217
475292699
876747195
646650907
98635497
516901324
473379239
345502381
236615781
2524844
582455673
838633812
530734902
168104865
52904354
2524844
330820723
337827833
753863840
637093082
307664819
147524579
929541247
690834867
736013444
236615781
703328678
679551581
424288247
792286404
893635601
63692182
291214633
255016623
637093082
485980092
962770563
779057549
116113286
634461433
690489812
65472918
503044
687191030
527468143
541870107
928107121
92407826
665556427
480750826
840252469
598597635
278277117
12129464
553914267
955499538
598597635
633511960
930172506
233654721
340808120
320323936
198756609
870177108
866414704
870177108
357438056
530734902
695357840
277224782
658891113
804396394
315325237
183388413
277700597
710829966
785023286
690489812
161711596
1
68958051
518253636
977190706
962770563
82925214
566172240
826627739
711295025
155543970
942645281
743319505
48786078
708595654
340808120
639534731
395868439
254003645
200296382
73723481
183388413
247096487
232559221
434112692
340808120
804470054
1
135896576
981644385
199872151
289156217
338354695
820873187
143039882
246538155
465064963
490912391
626269029
219485011
715480475
576569501
157566116
199814243
689441500
349968174
337827833
473379239
862050125
14553391
234683991
454146442
515592166
52766388
870177108
187223632
473379239
634461433
735857345
783721582
778076365
634461433
637093082
464157011
553334046
909640209
330820723
729467809
427630638
929541247
779057549
710829966
139761929
569634968
296114290
401957233
395868439
497444627
940865215
753863840
687191030
48786078
634461433
48786078
637093082
962213559
690416666
791627292
473379239
589573618
70602394
870181655
784529785
553914267
742843587
974765347
870177108
870394347
870177108
683624219
779646862
940784847
296255346
418478715
263378499
150440066
927664983
965625239
823078348
658891113
96744200
962770563
236326099
356509328
147524579
637093082
337827833
515592166
876463327
637093082
503749204
2524844
949083594
870872103
487018703
779057549
574174895
568341093
838332168
915251816
395868439
929541247
393739719
580090952
756261857
870181655
751659788
553390994
658891113
617561408
695357840
296896228
458407483
761302227
63692182
122371506
504342988
497444627
503749204
688769588
714519076
832182994
893304450
405605487
296273185
955499538
296273185
503044
334479676
949083594
220050301
109972826
967852081
589150186
916153894
360638605
539618490
147524579
122371506
976793958
753863840
699512491
148579152
75134848
147631168
99416753
114856349
300470096
149196955
340808120
646650907
582348690
497444627
473379239
963380029
704647280
913941156
997222412
184046275
480750826
364857065
243640717
823920710
710829966
96684441
242845442
459936039
648196569
654858181
690489812
348920854
296771816
683624219
240853082
482959582
364558642
756573877
161416937
167493892
270773063
683624219
708756820
559343132
14553391
319801672
224926048
929839709
826976067
994159653
4511065
137181887
301496519
117527901
940784847
779057549
987485094
678702777
504342988
493440649
751659788
735857345
926535870
785023286
458407483
497444627
963743030
475292699
577184581
155915383
422298538
324178155
253151293
479698760
559343132
497444627
218099145
66538861
870872103
457528092
753863840
180266637
690834867
475647904
340808120
710829966
539163329
877250363
683624219
439210779
753863840
648196569
553914267
553042918
954262808
708756820
598530404
905044171
690834867
649523073
319248120
99416753
353779564
527472388
779057549
480750826
480750826
253151293
340139900
870872103
576569501
953876626
710829966
437434551
92407826
497444627
735857345
251890693
464157011
413496229
786303657
750903558
420564111
598597635
753863840
378817861
777604900
