34218460
148172156
75396480
456719571
634761692
421235351
567631764
69236896
213835028
226705781
774663827
21686741
67139093
390840260
214048983
351475536
123931216
187622436
111958653
44782869
788303364
127418508
200378322
111953340
6872725
141949235
614908414
85106046
221547445
235681480
67578849
219638656
61968173
212308361
75406216
248311205
212335006
240170152
222845963
108199671
68631832
32402433
463906072
457173441
63913265
8905969
731744695
93359756
79203497
441882258
3738828
14467194
249706976
353919161
228054058
3924837
64594791
268109903
46660030
110184232
256880595
5475840
112226206
184063435
105128341
684634601
90468832
312023107
64739434
47901662
201779887
38524216
16271788
320539846
349961800
617992875
181723456
23217069
582122023
248590474
30642815
164778667
331773184
335659891
317881499
166810786
117846124
34513480
610733344
632255836
175579884
134520300
503154596
687061051
146308207
3333029
141839405
595567348
139692575
46252159
128757154
135465599
138627786
265328814
235984474
858653
650244082
355636919
719845343
661219403
158142621
41008631
19547107
255116592
6772071
891267890
173150296
616501952
145097421
244010991
49217525
105561817
76195437
6437483
462364892
69917769
7823249
401157365
39083950
392563365
842245040
175870231
220179453
26983965
410141533
290355936
733400826
75246236
734861731
234298224
151532303
502726548
654752952
568162808
15926080
49424213
751419275
92283641
225213473
66291097
11607748
724020880
363660198
22534443
133128133
439179406
159471416
216392176
43870864
583501003
526558261
145776982
73703959
328580088
7729198
553655087
66511539
405574985
249471873
169844400
444157030
34974817
96856906
7987196
334401381
232430716
36211456
36716329
89899113
94126995
398009998
276587806
16336097
40546449
3777290
7535980
4535599
106847527
96079096
120796435
481091249
250539919
57196187
265436268
98160914
22839472
408505296
142443430
45788681
241463769
37839562
258414989
93185186
14476744
159972092
122990950
563937577
2856791
552941515
763874188
205204806
510097684
287753822
354120466
233175145
593271194
543853102
350363640
401046540
101794672
236811498
56798296
61591858
163561315
444817063
155104456
144678144
16956616
342749743
227166530
364410229
578676555
54253199
171684514
81894156
812779320
316004141
312709930
27453198
336015371
435404806
108354032
10732864
11187996
191790651
291515781
13354265
395587849
69749807
75781635
274797355
230608768
833737003
390971016
74471383
358051479
281887361
75516537
350194472
180268582
392410625
215285401
326464866
182247905
217224180
384432822
48851812
272083150
37036823
500517433
56633949
134124063
426609232
27546456
43299085
195111984
476670353
37039032
204575116
188790579
616105127
18645155
1312257
481217986
425776976
257348925
77746061
80288832
43778583
195004679
725527825
127048531
16356281
119274592
444443995
336510672
173710309
586251152
393531701
176489863
408317225
527389862
67645365
96899336
257617145
36820811
86539735
134024337
315805942
127386585
645976750
119241592
1505416
168311151
35462918
104678345
627375270
219345713
101034883
223317539
92138286
237424856
199984345
115921721
330820000
1659211
572681979
511850720
153120706
87326837
95878838
274974607
119583513
76017109
74514037
111655808
7163206
274870701
258979822
177269418
160696832
48577627
208716581
260871037
19743280
137426990
43279191
100168060
182309028
647113454
392742788
608189751
148755345
31884448
96908976
248804361
338917619
552899262
102857005
32770112
218735232
427576117
66146926
68857201
198530481
223222469
168424427
14143003
526172104
26393056
757839065
572007765
190001728
3543506
123877230
101454274
349268467
120802975
120814565
16551871
860191557
35492640
597499111
78873186
48994995
372162721
178438260
302097949
31982919
413185408
372551856
574420600
286032795
504084323
76131617
256305836
142973431
7190517
296664318
103395251
448194875
494784219
156925770
450276546
425178016
357498663
77377065
28344601
557409884
844361415
389244364
312660270
11444056
96767758
640784308
295343104
39514317
485960816
233852491
134198206
124979555
46044668
84752669
124733941
24917602
708771032
686604625
757388133
8157086
1191912
9943081
309302229
603238780
41408306
283487419
360491968
403198783
150400224
209606783
729739526
536155657
488244321
581995642
388935089
80682016
102226653
69083515
636526546
242214417
33894714
113202503
559502372
307980591
180207648
204083922
62260732
18467681
540431361
83419976
377579375
230033236
399885150
240335369
266240452
687216331
95115944
278636219
24323853
262248041
43226704
78167115
105495495
607134831
144303489
498816566
7103814
44970662
520692901
473250992
826183425
238808312
122694703
9684637
156215735
55049806
466333881
22823040
606468958
69351268
111587446
139490390
7039192
253117057
727487370
7687450
47452343
235224468
45240760
386111574
184966372
79372824
98548216
2571136
603720985
63906463
17722302
19033827
453946379
198119822
352973199
238640876
49917807
210290980
2552406
618756062
562775781
9397809
330007911
1002825
88411007
294668125
11099342
99096067
33447523
3450097
24770828
46333280
488680597
89161306
12781433
18895083
185220067
115319393
81913237
699954464
111891196
260649170
30634644
27474076
45354311
205553539
291534310
178984366
219157268
72995536
89437392
771780
2419247
40187136
48186769
61338079
136666249
46714800
16133206
109429408
78657244
285805671
326571466
103313893
954458728
239733382
239412867
207951783
60076937
127888593
337082327
31513489
83451719
3030376
332842369
419643099
261685575
137057229
181693766
214074813
599224286
235525977
63160977
32311311
248775709
66416451
79401568
9702636
278834314
80168857
2680505
850548223
637440689
91787746
55410057
574931050
31226250
33801074
237899245
41235292
223311004
422821777
415339070
202358410
335471833
7309737
773339746
303831654
489410556
829755523
598091371
459231006
106128114
1705936
215199207
217935671
294810624
161494989
974612
122301632
518298300
15326204
23669360
188053627
136523279
853424195
76036367
129289284
67534917
643225160
490063006
13194204
704749381
476313110
61252838
843291416
71576142
33157150
8118015
21563712
298880971
401936885
302772633
49270981
73841903
443493490
39016283
363248220
865617172
13956425
219888953
819782060
513312844
836952056
224527760
112363172
24298191
227641891
202724415
588973573
2752073
252774904
750236497
943731856
298974731
41548528
23933411
301407788
25595631
370709024
52829120
215900260
29789500
457996681
550990883
271708665
195273486
266922725
252837219
10649270
67675206
75583854
194767408
750423540
626562825
140680849
324968193
158928355
38070419
129543566
136266753
183638269
54196811
437663675
120383825
84348261
105243097
353004616
10210226
149738729
320671293
399884171
125572952
410379241
162549409
27622740
3497987
715896042
199007056
526988500
600303866
560236971
297250792
498309931
31214941
828143574
208113407
459747596
15301595
320458743
451397764
340652311
117416225
465287208
275389156
47698307
208035426
100210259
195435305
229375411
129538456
694577146
114950328
271904927
10462645
86897192
18823735
15825595
219226799
87660547
341729671
507913884
20782432
279607156
106193422
283666623
138742137
406997765
111891592
545520669
58119226
238084019
89067741
27464663
37589697
48689294
99285395
377437059
322594841
449470797
14749216
680264297
81788881
141445631
84913686
361345005
57379239
91039843
51044493
240480295
562718584
190203994
35728800
575866024
274379015
2364813
180308379
411920244
165430276
465203328
751232021
288546628
102543575
328499030
78513628
60182578
206193940
247536042
384924617
368988897
137321578
37531297
423604469
138788060
205652981
171888236
351062658
18996338
953939887
818361506
45825008
219284337
51125544
424550675
260337220
217482655
431491888
715418048
768290744
61223168
324835173
48507732
9538981
225107249
86606812
2610327
156335833
18398097
41877045
36127431
247999706
90942552
149802995
383687529
530093626
89350192
3114594
2400240
549085000
328779701
10749818
692586124
37072505
190512016
156471251
141536221
73478342
410161646
302117448
545960505
823945268
161956080
196590097
476259016
37818751
290016216
334033392
79001344
511545398
452343788
14368316
587902670
160775736
75191879
784610528
175997821
570830196
133882864
663905758
26356960
794044980
237546211
428407405
672253907
198345568
534589232
140201763
51021812
352074880
164574391
225203008
107944949
220285380
59548905
93307072
694066467
85954136
852920091
153037316
520492720
561834991
206363210
133253742
34535869
288744663
1303520
283972468
101689992
79257009
259703078
324473920
59058548
30773692
242256363
510177567
11920645
349125
63589172
230272482
17092961
93441956
716716140
23953699
749313253
47925971
830691614
2468050
232731920
268587838
248298624
146468367
91152137
661053622
332206903
417986211
5181372
363234158
114307072
36132232
137643905
15444904
3032420
403618585
368116801
306527936
13706806
103248519
80217544
52825269
267544375
2888860
169437744
91530640
15365101
772533325
37005695
73562000
184889315
147162347
88086421
87071294
41793968
51058707
41562616
879154635
97087966
383612498
208711793
518228946
419785019
85986460
59311177
88074784
309387724
230306313
522237236
7609158
270575350
53892098
254913896
31114560
173223028
46616569
58836237
182548512
500921092
23772800
208060456
199976275
378010623
164918268
515497255
518980
73144863
688737136
303949833
337236894
179048635
358943564
100258823
14738733
521748912
22650659
299557200
3707482
33736694
41434688
197437407
191467674
80555583
20306056
21091593
294923596
724855388
483048404
296215166
94118556
36641739
648433449
395086841
148910245
352442724
394143939
856777816
27669275
