1942577
154123082
100034140
69788801
130668717
361776817
218539285
81289696
560986593
76943088
144189915
299121297
219677317
51907468
166709772
703333954
234139036
447657631
74581342
605754436
108021141
170693565
55359508
263739347
224221951
544655357
348278546
11225776
604937859
368285823
465665191
814294298
653942315
59431555
115981105
1784909
7004403
59474323
11917294
130058256
213162946
169773933
257403079
174504537
72668250
48975556
134042869
764670592
49596929
343888300
387660706
434317000
291096973
416689336
100162903
130738891
17541447
223587102
410798665
309759473
40073752
31050518
109142861
151996078
461029365
139343166
368145640
284470197
650851010
580424239
413642292
90062072
193358833
85249120
419538341
554199512
218984353
93868837
495587956
237280519
270594130
198297361
379704343
464358333
550166569
87959223
77891806
47328371
118683108
77012776
828042832
40430608
126907670
5142764
228388312
266711978
330406032
19342968
221026410
145554096
217921300
29344296
874750756
415076036
49353151
31772815
146303158
7775979
45085425
566961479
50106477
210304872
252724993
300762601
479720476
337108595
53792685
393422469
32055532
124937134
121225330
17921403
530728032
93697997
34304784
21171834
482293185
495952206
49325081
196313434
640333843
212722619
155045656
647302525
135434155
402028800
199086417
40072119
28583573
620012776
201507553
179197479
38419235
22985511
187665022
342052228
25683475
356980520
21201059
658202938
170402716
508308237
931231449
646578934
28792711
820421396
774266281
11603597
360564408
164259797
145947791
412389328
481239406
140012720
37637017
84702679
160653620
290328713
17573656
323591984
146474784
501687925
413258237
528590396
43579728
919910983
306618016
305647324
552632388
280146109
232745291
106820960
104886865
182996296
81621696
77696233
201010547
54629094
436247607
308106597
223150572
178462341
188488751
6784408
134232082
44799368
165594736
20240351
780089019
161245679
664409165
37861533
546747685
409741004
417388979
212105876
101265231
15719173
5521435
39795867
110415789
555373524
76114432
149761144
170819523
504150182
319028712
457610994
751498049
98346132
364596277
59033349
281159708
4285472
671089468
9040853
348813
14840621
233533876
344482672
268425708
213191863
107427592
859497390
218492805
256714676
54367577
147679758
678657932
488772172
28525935
153712760
247372352
201469460
152029051
622294400
553426793
166712926
109076564
366461612
260896952
546804807
27230006
1153480
614337669
270736911
555487776
5916605
345629896
61415264
140913739
176025952
139675446
16654971
375872301
66958992
87639450
412251456
687478216
138947124
272840615
167761096
221620851
18298636
410328687
93166888
114443412
590216804
33293248
153378649
320596312
170347570
101044934
607560960
52469
31205562
34874682
153113926
124763957
84993179
95602924
506684721
416250042
477543968
298454547
103789512
4550068
263567015
1422291
162316224
12258353
922728862
34952932
99904183
261310121
718491851
411171269
631044952
21588372
254304499
38217508
278018177
138048759
107646540
385311189
19095005
7638424
510727754
738671109
634105451
671239769
303834388
60149833
219716008
278734375
571269658
295598877
232190695
352611723
320303488
19152036
112157145
399846723
37960374
7235497
1124045
787611917
804309461
11826287
109466136
66178836
567777087
600436576
7800190
27100579
112187821
198975552
564824545
233460087
35911258
228484128
155821599
180315600
35652826
32783616
103467843
427040919
598672887
193383866
221616627
334917617
165751113
739434420
586610499
118044771
33532
162550271
123166951
173524940
101640583
344756299
317192512
293115821
262056616
662238251
362568401
143260189
563908912
452110966
122980145
464146573
30518408
191150900
735138515
51872742
780871284
262601752
389271288
220246061
108351258
418634042
32648855
845277434
167302811
409707052
91670148
111006243
160362316
34762295
91281106
159757855
85306240
269826997
35806542
587478074
267086693
479962536
50852247
50715637
338551466
371394020
405710386
141247468
291100610
99215732
438275986
230844441
557610245
88218902
57010501
870805915
51094233
386554125
275923016
108729329
500091152
679020005
153207902
2857401
154763376
398529764
574339088
168270925
25987429
239944576
62274394
39413471
57080041
213856736
843458850
111508780
27375955
398136736
267264414
216343758
424308696
108476680
216108809
308101832
166960954
165736826
860118596
94801955
77231216
806320185
75500470
223599975
346307429
86661315
312151712
740938563
16522536
606498778
373760336
76393610
551924585
649468852
117785778
442771441
189870979
759622285
5652824
22208337
747758376
187267089
27681807
77426966
62613879
213785600
399841600
55340136
64177369
185049475
372753713
83459547
482860209
12394480
22887496
76740377
144152582
88966656
328092302
205692645
373954903
67641415
441302479
381152718
9962986
113781760
435130903
24821922
356046912
344300508
418090309
213103056
12334123
388921254
288140485
205542524
616432717
153509377
42254395
206610513
87626286
100235021
8121559
928943335
669788353
509568831
15410168
67612224
541512459
351399105
134604114
245571561
34318447
36472195
303072163
68339502
341077509
103664362
40881921
43618121
83805616
145898905
283404313
126678420
460454488
112440025
646528
393996211
86229095
690097204
377031436
10480708
165132782
8597884
323352617
45324292
779867844
867757243
818356
163639960
25983935
373821519
103514355
42035887
257891872
593542873
241435675
69750212
526457304
136491867
283977236
217717856
154751486
689489233
422996765
299911606
120772187
8031177
446509701
434782294
152584010
629750916
217400166
567031766
53067250
8369270
21673215
160899203
97972731
31299794
138310781
199373196
68909811
108646042
79052796
4554991
210121351
35449151
138209570
34996856
621181956
244210326
283808643
133244767
405053896
305511184
562859583
51621459
163077302
379697188
563011275
123302532
324499696
87256443
397099320
53833395
60829282
224077904
91412894
427570539
146855605
104777975
52794950
18239479
252813996
85753115
190946256
855023050
71965054
401580589
23623103
80813898
402639866
661644019
147394833
1069603
291073782
15549612
53823052
262854096
671639611
159746780
179948332
136151479
173117286
245063935
736311730
168720655
595854124
132815482
212068631
376112809
38045528
156075980
95402444
408232961
220831865
119348753
44847812
866959160
26480604
523519234
250173584
139824541
26790890
623514665
77406111
183025526
201633807
82124265
105921569
75114
100592252
480163054
241186360
156892022
17657160
258204402
291773200
6773866
724431534
793991428
50459266
40526880
581131582
337566072
506415537
761513092
35393997
70564081
407104929
145368867
723040261
565102211
252040086
487398776
68475936
187173958
99726970
16648510
396761886
84676787
79564800
73748733
254629475
226024129
82978207
88875895
16750941
392205096
188733455
245531970
408467451
366509632
184639329
30209141
185216
81338421
942793984
161660227
92588836
101075626
69748021
12411526
320767671
163755181
150496771
72914555
306437600
392009587
53886577
508451829
37994297
43141045
239696993
91871854
14400385
6709648
447087997
82529488
70413304
841155717
277265880
247432734
152477424
623622127
160293358
328879413
179595056
181995906
116806691
34095107
341585000
40245118
26122814
107490181
752258077
176268060
640856367
35981925
840601161
333099514
39155400
40732639
101511289
10993653
476371656
306062066
146259994
227800398
659176233
38623235
280974915
8018151
66146561
26766125
423041856
564381
104558576
83103027
347836201
101048
534221758
36180502
739254295
349410307
173089100
330675451
630511896
311664244
579040177
152507107
397833881
80183999
106653870
243616961
261000701
153367503
177826175
467433543
18555302
295556976
508781050
103341832
258640510
797133681
16442483
187954638
54760775
211534871
274253861
594057275
715686812
295637208
150759314
334520064
122413680
8361821
166246598
264873502
80665872
71146780
640402154
263558284
33532288
76984654
138833542
79182001
287435520
79923631
7906013
10299136
400968270
167097657
86478236
457779901
592020177
59731299
116925334
232042748
203761080
66335608
544865605
18555115
81751471
16189557
77438641
1949285
13268342
863464697
111638853
375676015
128149255
504259956
14418956
483504850
389749313
14575005
683501116
131838721
26008378
217595025
605875530
248173665
3235661
13160392
55242615
30170572
8366068
11222596
30088951
2733242
24668002
12979644
315340783
22957705
646480137
635070481
148753955
426043718
47055833
38128565
430910919
655264030
298941511
551179014
382306412
141382372
228502073
601907515
240462160
14853433
490887176
342265068
168534482
94500481
366386753
77149402
35388721
57481073
313056630
142480582
88303006
3896742
140390925
51355260
155938182
5646221
4684386
649649651
41525219
124160692
87839550
759214100
394291300
497042755
174529841
406612592
19884064
406831744
306706063
371768025
74600764
649227859
15749437
58564134
3643902
100550208
112492026
233752903
188183526
526330540
174242334
157690137
119251122
51614960
40444384
26189124
264859168
800738302
439618936
411879936
14770710
140481056
270711590
797120149
237780061
374015608
24176571
22623380
303568996
58041919
402122086
23856566
100697410
42963687
319980602
639740173
164867803
48716982
567121819
429302007
4897557
259570450
201845666
216355538
281232085
444797506
103426134
41178205
277483746
527487232
207427069
16376649
98086053
109283027
584361781
406889306
1758112
16277315
797747833
4346341
31091259
262966283
114117766
128625128
475623969
701508433
672931741
483649626
494496821
18789736
11427452
312897486
307364904
492139337
166271093
16061010
493451045
410965265
40398129
145551742
1466212
522537576
491979372
122108841
782108944
