260145710
282874873
277522945
346509605
840654160
234404802
243858886
505431232
421212135
409824305
33481677
155371195
463793984
8585233
447800333
316174040
112864701
187425420
2756193
446936811
40560761
472262014
267590931
257336943
173916875
356984970
365810499
1060408
393959620
44700515
213968461
155755744
229113664
158324416
290745590
128127074
59055486
740856684
195145093
457978652
36753712
218614437
513762859
5286324
420022159
180747774
112865281
105876355
564490939
293035846
182338032
217211420
456173368
337488521
158109077
97074067
190946484
17627166
3849739
392161784
36832104
542752098
211990912
21334219
698028
151183642
188105215
221983658
26898413
490313360
253082941
590733512
37608582
270876134
54298899
56631978
16924385
472691967
76520255
131404288
239021416
300756039
339701180
493035170
190849149
156522487
4751068
320930514
61602195
466439049
31902308
613282843
581994412
4414095
126089580
30034821
46366748
398277632
37440176
401139181
514958468
8820134
103429658
433012834
671312401
289681808
974243616
627887193
77806094
60247218
81189907
207343092
156003302
78236656
162358576
105415502
33041776
351841304
876849274
103749591
90769
96671864
304058681
353676500
367708203
85550902
234492819
226282728
269408000
516676711
315190051
14913627
289274396
231344356
19816531
6576104
75476626
113559919
819418051
847356367
607908039
234577939
581364599
714364007
242361767
652475
694025811
425452597
264435409
35660387
493362481
71236751
198529585
37566166
211099974
43919926
742747066
66820442
247304600
16440187
255734380
66703616
123400207
60131641
240498859
138009935
150295399
169473818
258945606
266611263
46296475
27748400
17506526
651910917
585446108
232159947
101860839
206383792
360301852
389012163
642316900
17229181
172144275
254710068
93748384
319048966
236152697
132371933
598516708
105686448
96729349
59633633
332672368
570222940
318811424
209287526
557476374
141006870
173886198
188526622
395517585
501832562
59381019
52324808
519172145
250424311
542768199
69803021
238059257
317819328
24629665
13051961
248718510
708314321
732052155
27723266
36546116
144253796
90533194
309243811
490403113
226531963
359840570
152428608
261805031
87830196
300452514
282369216
332570191
409440689
587800855
78520336
48404028
96570233
12710831
91321185
297058103
10804264
326962954
31390542
16805550
14527860
718894245
120494123
34588767
273427846
518734671
349024916
78429929
644886515
8278987
13782943
413552881
729612569
67667152
412660810
187365248
314397388
169372725
225026464
146218406
684729699
141753216
215271054
105201292
175294591
166354833
461582496
448704495
207416894
65188576
597118211
9862862
861436132
219878035
137875831
426126429
247568054
77676368
8306415
462408948
391167936
24991790
120818171
556291512
34442368
435635456
8313312
151575828
131761822
64067925
989529099
95701000
196695149
207090973
88819365
169239210
600242420
207633184
124108225
254472700
14435564
264320779
172426791
694521211
357567397
25954477
518872720
141291869
301844239
10718083
92338751
560678845
383893506
171062424
342844648
173705236
160054727
213724947
81654969
161602520
239328403
224980147
204902874
76800171
424894596
71194029
28810707
78355015
488489158
221509025
499543230
248387263
379909504
195850586
17772951
124778440
69998695
18978020
171134985
280985864
83315362
152540760
71472319
14637480
533310016
34199605
278705251
865851
917461896
71166816
426339310
268942510
143439031
184787299
42489252
372490852
97842371
209039976
87304286
567504694
32613432
536640784
456872350
7633666
978772288
285892562
634381087
27450778
3628826
182329090
837616543
304210058
488761592
251698176
84922933
224586836
11061506
32982247
8806069
75763153
121322967
313702968
207830533
721314389
198920708
141029143
116135570
91788393
491653856
67134308
632998468
17545707
42898866
180780558
636124894
372154291
13105472
7153274
122462280
210955764
41687770
234734110
252581371
524487244
34490709
72416640
159118681
87385961
36418801
247732799
47908674
653384878
322012304
273127336
493767296
444204438
237083
152683623
49770215
5679860
106835950
36140807
10715886
76953888
112319158
8380084
48471087
82914505
79130760
502702101
194567655
99874338
683838080
38422108
115157249
11070422
122365561
199793105
100342296
62333436
101051817
413675928
55173136
851081703
683432809
376695840
768943117
23813837
253102488
32084749
109783171
26175311
659593842
411717640
398173516
479447375
118738338
60152955
193094515
141053167
10163605
176106820
659575396
206074896
290995935
659131932
191353624
698783864
120785111
411157605
105891563
123790625
388462312
55560971
318458051
647903012
8874802
539385751
635560578
83236319
112699724
20883227
714270292
70249197
125202001
86143436
207478241
352037105
741481199
409603779
180431905
612971200
161061643
340210248
267331351
27250645
14134836
249824704
537715685
435371241
262731575
11507406
483089731
120728339
476360488
351005184
457783056
67586320
193036307
816654336
411419566
33421983
118920018
158188295
642802712
87356972
213348489
41010912
392480111
132116786
288452583
68628334
175262537
16939529
19816433
7835367
484187894
813334035
766212672
331934596
8256069
327757762
295491912
83307282
65517747
347817889
173997743
370060762
272113596
156605381
2525611
388844371
275943959
145354453
702946343
3991715
712063497
615875780
55282421
28714240
116531432
118218283
744406830
285421697
528811220
220633541
361500657
6104252
323725056
150683936
84636280
68861075
576037564
18162076
551920488
211633723
145644531
109753368
18781671
108203309
556434879
62735245
305546061
276124270
183517678
473105436
120064637
38655472
611578036
299028132
348937919
66784420
35938045
12533143
258119156
298963638
20588416
215442063
231473200
443299760
92765587
593537250
367392198
232367796
304988908
59136736
460788077
162664268
441252822
112825251
109304933
116453857
434181672
93149845
35780016
747748281
484361241
1168896
104173745
23471743
134442149
166855105
488605441
13465384
231931056
58315748
92595960
78498931
98793955
523966108
119744261
232321073
203822507
368304576
116425557
66315811
2342983
279728343
39221344
69162289
80961045
341883624
176243077
524986368
45736828
594015652
82635388
785844823
127238764
44219056
678088810
337490483
459785351
4626434
85721105
71713628
156264443
171751831
77673636
5779000
94480826
13820032
176886256
343272421
210847625
115464540
86192731
342964953
294645801
317784532
174510439
311119036
524052729
681918959
262765611
30432381
43778063
969530359
60562151
6374964
288824208
32150188
73813783
42467941
68017206
329398724
46885531
38802909
2186973
52605060
12307212
284173292
544803591
765522668
547786916
112561072
185287585
2795584
67591997
319907416
650487781
453726556
