163709030
351080423
132496344
147129055
487645855
418869069
458385915
29783385
240521089
128513755
232400585
116858307
902468667
272924404
523635551
269417958
32699815
738560477
163152719
165240181
314896736
47588646
116964162
146504380
146700905
80333399
556652388
53391612
16175529
152312256
401189936
332780995
352676206
329698375
30597188
881698544
64809685
538036641
785630896
257804800
55164467
122199379
219163209
20679789
744816448
67682092
213827431
289116178
126740149
134383088
24946104
129178460
775603687
116600761
352309024
402205201
189776463
275229735
572667701
451276884
108325400
366649354
755458985
41031376
281397285
261408593
379590053
636652035
144867728
83632161
70176318
304254400
157478892
590491733
137387840
137686223
506878216
359823381
190589308
338037984
146124424
14453753
381665358
377334656
245407122
395123476
75886989
359851055
3256849
78350857
176538603
276016256
41002538
574423982
192930076
62261682
9140959
29181850
557782798
108575509
906068706
446225454
438582312
73155255
14734236
140659411
478285432
767677720
591046332
56107962
56018303
3354584
422771935
25827577
77949289
54559933
115322833
33496141
56641438
200181132
613644161
27063577
1533263
177871918
87826222
61154445
212075049
349102057
83901659
11757261
624179823
148946827
640294556
123502672
171348864
129542686
173050190
217383356
9979369
21126668
79959396
166866764
686293416
263566027
160089297
18839746
29441797
26347857
128118122
259267033
456394088
40132687
186966992
234612609
62962216
99318037
36575566
594857334
332237443
113463191
349955327
11766619
159555061
453216352
160888351
96858181
484393740
569170746
347355720
68767264
245593537
160090007
224754363
410230026
904492893
591016390
337553343
103725253
503409280
32743540
622041231
541269415
276625862
133274488
769721966
195584635
111055485
204780983
365689301
262613844
126240384
199198875
40222680
385228029
335332907
186045961
72672258
792069536
59089946
544300340
115311552
81239327
690359058
25324269
237782911
102336126
11399963
522384505
273360975
72009839
242372210
339123156
408038700
584846661
125332612
25376004
616159936
20608119
137854606
330814953
269323773
299621676
61824238
39964078
462419423
214279872
71824917
589078540
438936192
298067143
116726030
25409134
462207236
29012848
335706985
384987016
49492788
67744352
560188209
332084134
139559893
451205395
72458177
429793479
350005770
148832376
285868201
8935686
324614156
68464
401935990
162110231
27800728
361656171
43084056
237979840
416185919
107787107
935090691
46187335
221141509
182239283
236227810
363760170
73569305
193270079
67623711
295630157
410131279
248321742
90863443
500144463
438002076
218810056
639716566
498703415
4154625
261556582
414008599
8187264
11999597
3893741
386419238
84240845
531727456
165669525
406576461
818559908
38470979
36420810
756347707
172241413
41848250
277697228
563205754
513700675
106120624
484172403
205934681
372988594
412397905
303235859
195182415
129551970
129560409
285942885
746595994
1506252
13877004
508699802
415421775
300084850
116699169
217010908
79275951
28655641
56621209
490080961
52868923
594403873
171673628
77717475
207775284
581004849
944145000
110087108
525830673
73643389
788711859
253443028
243134557
339789136
11096993
13192984
469666461
45838576
141450207
786570312
74033770
477436712
766774892
36359812
238889277
141030539
311101281
219665363
243339671
167011826
667847153
164314645
29350497
105686505
39417643
408525439
38991552
222077870
230844857
344975036
266167019
406168589
121827528
100410433
737295739
173240005
42518473
546358527
251071974
280473100
47208816
370180736
156475540
540946648
304602365
193586108
41792952
486070363
624083468
195850629
192789600
7410688
52930017
466795907
184021684
392630584
411984052
13242139
333382102
62382236
284277848
78186826
44422888
103373861
237938104
81542256
378601069
259675076
62614412
151835803
178344650
130481120
85039958
91857015
22183611
331801550
67677828
117848451
557180678
730618792
59963631
785924523
189932127
464119650
33049536
886959802
41564781
73139076
131553779
673255906
42842898
566318938
201430811
138813482
7024087
46879891
602440201
180304228
791628388
21061663
227115428
169981269
36767150
548601291
56719396
256993840
476555162
378793155
9072375
98054308
171703320
91779106
327977356
84216334
252326188
75266815
260853803
145422708
426361293
19744
229699265
321178807
515076112
516276208
101710246
22014471
244381081
292105831
203544616
63940225
386042086
197277381
334848415
326327578
187374789
173570560
101624695
593183153
7148007
211529145
340280444
588357567
41594341
68702644
43030447
459877745
370109233
78892597
157047684
32142440
23774617
316982369
648434892
136014706
169253566
77976960
260525407
5189533
186225900
478647465
106905206
315487372
225799141
103012266
26472209
111175537
439910780
137529036
160104462
260741633
43172896
64127707
311564158
99001818
380266200
449359456
383565881
37357448
646724352
239287160
397001142
452417211
242470325
23635261
847379265
265354261
286022413
51580279
205627984
91508080
208655488
16586077
197781565
95991884
368307975
421405954
376268346
458211833
223028495
87601631
359137316
5908197
254549593
792331507
