108627
23267
14149
98204
32802
59778
9883
228498
4034
38314
12189
58778
172968
28589
1132
63469
18144
2403
12595
580
170170
10651
5611
136964
105137
69618
283084
115957
177826
15771
5852
89872
53666
26755
7152
16931
63203
28258
91894
56641
82723
190560
1339
0
22400
42430
20038
129198
1969
68301
57360
295367
14780
84441
32870
39069
31585
16125
33902
41193
192902
176843
10868
111451
141256
128
96321
5216
8483
143171
30494
196398
107000
19490
11820
67955
99106
29861
32993
3969
128952
185683
20967
74865
47568
119074
2277
207
2227
338294
78769
4104
147924
129121
143375
28172
156401
14864
666
264766
219700
72915
24403
3423
47391
27982
273197
88050
2814
883
121361
5386
65774
26383
10113
42459
9359
39500
547
41161
67467
239916
77364
5301
199108
83886
112887
363449
228922
183414
163852
161
87496
51756
202031
235054
8396
28145
158293
708
59879
134018
245158
1870
28877
4732
78604
59397
6103
85235
99176
1467
4957
333930
71210
160521
100480
84414
441698
351075
3433
215219
3876
295886
9227
690
12819
22
76676
3898
72065
4278
207
175475
712
226523
220460
189388
20657
206737
163077
113186
14999
58544
96887
39703
28409
177658
101335
15732
6057
0
62476
186648
78
1914
126062
64923
4098
167450
251943
58130
121989
243499
32436
241890
31760
965
242
22465
196901
73576
4949
5344
37726
57627
35247
321845
42109
294
47028
76
3291
207132
95173
271013
19864
167723
34363
340910
4605
143592
102003
114009
164755
17136
31420
5400
11835
8153
4
7109
81046
216090
205907
92587
64645
137423
76004
154958
77226
60072
196
6664
155210
16131
10244
188307
157167
60521
339874
9186
100067
213276
17392
154686
3692
317081
128748
78660
267794
38353
49373
60923
722
27604
115272
43198
3689
58727
117470
6023
25092
99600
189378
8392
1268
272880
261076
177139
18102
25483
23639
104877
62450
32437
919
71688
75089
129223
23
42594
21252
2346
11619
16627
12091
65759
3432
106156
1252
40630
43196
8560
105
81409
195482
350650
6859
32967
60080
17657
1708
154389
79424
33046
83753
26849
0
714
86304
23
4302
88961
20387
175457
83707
19111
310960
52882
1864
72036
203701
44774
248
75041
44807
33742
152726
1058
16536
15806
71542
23098
705
7577
851
2456
6168
3331
39073
74786
229088
235841
14234
2420
113575
39192
142659
222159
99337
298904
12637
103042
71259
8637
19135
25259
66399
39744
1275
49492
13822
238866
116959
166972
150027
23464
13759
30426
351568
241083
375310
67068
2527
78870
232673
106480
35094
50586
4598
16509
45508
29745
9456
3703
394301
0
135289
1536
9
1511
8800
42696
311951
117636
123279
30032
41352
22929
85474
115072
194724
44429
105401
195052
3351
1249
52544
30560
75350
103992
585
5587
100246
4502
27864
1914
225809
48507
306
274048
35389
127768
25246
16541
524
55853
262162
16100
531
279341
3257
198079
0
188657
17288
11045
79780
32606
6633
294660
261241
12432
107509
137831
1144
32516
3559
170210
4133
3445
37775
47259
81536
103422
255447
7434
54664
2650
187243
3935
120241
16963
110452
451
226766
239569
6096
10366
26642
103053
31520
105274
9571
479
74104
169585
0
213985
30591
164856
226752
17427
296307
163668
647
21416
247711
208388
1351
7808
26877
213446
225186
22047
74476
307098
1684
31556
10882
4083
163276
49712
122654
8986
161771
272226
10439
287892
181
22095
149186
6232
16864
41684
123398
26837
14502
179157
86440
64664
0
63589
23
191749
219007
43421
27787
1312
19164
62808
466
6023
109510
898
134209
0
53
309882
897
41672
39626
23091
6249
108487
2011
3566
204001
33371
421960
106165
19632
312927
2904
6642
14506
12366
181192
460790
330604
101863
98939
14630
266004
801
117944
185952
39423
16
59883
10157
331290
158876
426542
55708
1938
141150
289
93986
46720
1902
16683
12817
46226
228596
47119
540
60476
0
2712
45612
151527
105
57545
15416
9505
29342
95443
0
20023
46
110910
8050
67
36866
275530
10335
19097
362
10237
106511
133235
153502
3344
723
17835
100630
27708
6516
39920
7660
307748
128246
109992
9
121192
0
13268
32815
62960
247114
217
88647
53329
118231
248435
153258
336154
4782
168
91358
172
83969
242514
135679
70042
217188
150359
107753
122837
12909
261960
263362
5084
351929
115357
789
151808
9918
3682
5995
10706
39626
336449
5053
12928
41917
66803
387502
67717
116484
84922
126357
307298
69070
299301
105549
86008
7949
29413
243334
66642
23914
49221
75008
72637
123
19149
47299
197
258130
28555
4
2870
3081
20853
19676
52
2653
315796
1050
5
401121
24
1189
407706
2936
21360
15920
107069
908
7264
4785
187361
22244
121141
16690
45429
68705
225566
74532
870
156102
172386
2263
86215
241011
24053
322
21635
246698
17494
4906
206
54232
2022
6452
120959
70648
3100
141308
40044
25864
12075
21765
221614
34952
5612
162740
66751
481
98912
92
2142
90929
244270
31753
129139
2116
173471
127240
110647
80597
37273
340139
17
374169
11276
53402
40
0
151
64333
1392
115134
167431
26811
204360
136
597
136928
26761
30876
9613
171436
331352
175509
2423
105950
3570
111651
78482
35648
25239
593
86211
213
353648
2027
9760
44090
79235
73544
35923
194376
78030
177824
267966
108240
197556
63678
186383
5211
204
57571
2262
74012
143831
8953
13160
1276
10404
83878
545
8792
9209
12265
52
125981
185654
59655
7084
30531
280357
20100
7442
191238
102150
360186
66903
105460
152309
129391
20620
74120
22628
5901
82647
966
67597
300017
4500
0
29
210412
263
15418
60
216690
311892
13983
131721
309504
78168
45926
610
9316
81538
13776
185846
6732
28803
42844
5047
5664
146335
105352
1602
71045
8269
36309
107889
28670
384146
14349
373005
89549
188005
146017
66485
79864
194317
174381
8625
660
142372
362822
70880
20368
31531
111229
50594
330165
55935
62233
3317
76459
74733
207596
89324
2835
11401
86563
51253
868
139377
6063
31446
1951
1267
32868
3042
107821
174906
57522
100462
105981
36929
88740
1521
99815
38146
63006
7347
37511
336629
2456
629
4
20979
26625
205121
1294
4945
36
102056
136140
35270
54292
31322
362298
49
107250
342134
3686
194191
115424
26848
27490
76785
409047
174287
89380
18586
24681
293692
51275
14374
3216
23392
5703
61
77972
16695
22848
78608
62072
2656
343
51505
171276
93615
275082
33254
34603
16445
120036
96524
19695
44460
42399
27400
40627
97200
3872
58785
28863
179832
262347
44632
102443
125211
118921
11017
46583
119286
55638
147267
90550
32834
48670
18093
880
132469
308081
55015
1196
19655
258728
4030
32807
4245
255601
114753
14426
107
333964
63120
15106
61938
257900
1016
17680
196386
15798
41446
137682
19155
563
383631
2110
5791
144958
45962
4191
2064
2578
261670
159396
47569
2916
291242
87329
8299
57231
26390
85192
68
256
40667
2741
46131
1065
251708
169759
257672
18261
1225
71869
40100
21756
15052
6555
11243
1385
21211
209707
1160
8646
138298
391945
0
132908
276
19002
2629
8472
17561
11
1593
112
13316
102144
244633
8818
1673
12468
8538
5800
118026
6062
222312
246759
20501
60415
53439
32268
13579
205
67391
21437
5926
58590
48785
91050
160623
33772
1108
11608
185825
6874
12330
65947
18458
31756
60147
66483
1908
306263
5214
75063
4959
32448
118573
1462
118590
209789
125621
52644
56026
21474
18051
311514
0
18104
11513
211
42065
11736
158905
357138
47838
11421
337461
115926
88513
128651
119827
9564
1892
60232
25054
60812
388326
7
151029
85592
5589
202366
26403
21570
5679
0
22645
105755
201461
36560
146451
271047
271406
12491
76657
271610
91257
376830
218104
7060
156187
6116
8112
7581
35689
11725
56473
80821
53965
4463
305
19472
10430
52690
1
12637
0
16075
48029
33264
2573
374298
317354
79825
4071
1818
202189
189847
9414
5622
27543
248213
229827
5871
2721
102875
8885
41089
158545
283063
132772
36344
1543
458731
31745
5042
8190
14657
51517
11923
66238
12890
5279
12398
60954
14291
42767
50417
291964
119221
81194
139064
54855
76033
117814
150
241350
11518
48442
28935
47323
2933
169053
22443
331933
4989
34713
95442
409872
369
47764
58122
140939
7586
21789
9396
251499
358230
840
711
82010
39604
73892
81632
3340
70727
114239
218834
21351
119741
36692
5961
72395
88299
2793
189225
6568
459
214423
100566
62938
268390
41700
9041
41368
51092
165336
266344
7701
33
13055
381
9025
152796
46548
291175
107168
162676
168266
181
5934
2030
42337
637
729
4553
54127
277574
28996
350495
93162
182
86849
18085
46506
62560
861
141618
7941
9753
26681
14681
455545
51235
32731
28158
366102
56388
102730
249808
28691
1945
38793
4591
131971
102
6823
3467
390710
44557
95000
1050
95247
71229
195105
70413
22780
195424
130881
50090
3492
37535
2803
130268
27469
74015
41875
177117
77543
19835
320
4666
16941
1869
69738
198739
117927
48075
89654
64601
324768
14526
192985
57029
69109
2167
23156
2086
19542
271084
120218
35132
36495
65
201724
42194
399
158435
4043
169965
10667
56605
80387
23144
24677
93076
136635
173823
5703
18235
364355
36905
841
36744
1044
14684
2078
1477
5248
11961
82501
14968
26622
93
31277
1591
74534
20316
30885
42082
23707
242827
33288
197755
2642
138
55367
162641
14654
227205
17640
185800
1659
280
3585
104394
10417
215263
113805
144920
169275
2639
71649
9140
25521
38988
57026
22320
199019
13202
95611
208471
89439
447957
49460
130095
63712
18992
756
36444
24820
55280
10821
131238
54695
17766
122556
92113
1978
315120
13820
57522
247254
57779
414
27097
168671
24994
40515
25275
74353
30348
155
23468
66710
8352
7064
3091
46354
0
312971
135
14151
4294
14667
138744
133833
1905
373437
21034
35024
16507
8879
45639
77410
113252
49297
4297
0
77175
2109
134158
130588
23
146831
42601
21587
211283
412
2889
87862
149372
20895
3808
28309
153825
440925
135459
28917
203751
34359
1488
51985
4903
26338
96651
1860
1667
1051
197
11049
3292
39963
43428
5671
311965
38119
9112
7727
70212
38080
170
39920
32707
4561
6815
27843
31677
317184
1921
87101
21435
67052
397
16354
7958
3423
1795
9675
184587
87750
1747
364008
25015
31679
412
1218
6543
15111
72815
23256
47153
1884
1704
56175
411678
6903
296563
120726
1143
284314
77006
179717
47028
172108
16747
20396
16100
24322
175210
140372
69246
135742
0
137316
291314
4340
5257
379048
121528
39251
4415
301953
195392
111767
43587
7012
24850
14947
19639
414316
12002
4351
4750
80842
200056
6403
11376
14855
162508
255569
62812
813
1817
7015
252880
3969
24081
27639
52100
5661
4084
242043
30981
47146
74214
49796
110920
120704
5274
197485
142481
22842
87838
15282
116489
46954
397895
303284
4728
126320
159563
18175
72
27491
81225
14048
34242
197063
333996
183091
247961
71976
38738
116467
35798
7632
62674
19932
249252
7161
246091
1713
110303
103
14237
481
301
75916
1850
34205
77091
139423
415698
12659
30323
8654
1041
264
15073
2685
143576
7182
66398
55212
27202
348104
996
22198
40766
15460
95460
4221
20476
1189
139586
11383
24553
45414
92615
164452
19508
6
10192
88410
545
125
62956
387
97330
0
3789
10409
265930
5125
484
23981
13015
157017
295001
67504
3480
21034
88209
169011
116440
40996
5851
3359
20476
22979
25721
7462
108700
4103
906
33344
9402
28364
73164
1655
241138
1964
162
12894
1060
13736
28847
236970
32499
275644
144
7884
275636
210640
31515
16655
17187
47570
10199
30112
28863
70358
146858
149871
10846
222547
102570
31
23608
1394
59626
16458
140278
74618
56278
9387
149581
70934
16585
99029
6026
16171
63091
10822
48904
2967
4656
0
166444
69574
4634
615
153515
48749
59041
195300
28382
31602
175365
25331
71114
33732
3169
20469
36816
58120
4232
60733
25050
209262
8117
324783
50835
340770
192481
364882
97575
56916
324
10342
67236
125498
30337
10274
201171
217175
5917
81501
38837
100588
43399
343680
104649
32690
250126
211135
12890
266139
149879
210675
122
17453
50833
214783
15980
54303
76674
106277
0
950
35819
63360
5899
168783
64775
80406
252248
186
143654
225630
760
9
264095
8962
198562
81808
325397
173130
7751
264733
292934
727
3005
1568
26139
27867
17794
182375
4999
93765
130481
222306
25105
96701
24993
295496
22642
18831
17773
54234
1036
54239
9949
51615
29553
402
16195
8547
133294
186472
213216
0
106
48224
14331
1625
13738
66564
15482
36072
51
88167
389816
16913
53710
3395
0
83954
77044
4750
3455
82297
34786
7752
132443
2364
4873
24426
87066
114720
132686
1442
4915
17010
179354
59574
217803
7141
61368
237272
3563
759
157202
74309
24555
62306
41729
92118
229118
82019
15022
349306
102849
119724
316401
4360
203924
20689
38979
5731
66359
7019
64224
319605
21538
9211
53
56568
123100
17104
490
112800
27730
80124
5692
80372
8908
224
190029
231020
15759
315161
946
9777
43505
52630
23737
400
172222
361
240
27742
44643
44703
49071
85523
6345
162289
27188
5995
8281
110105
252366
18
144082
35489
14952
6112
31612
3633
354455
10704
441142
30908
7571
16099
20703
3685
316242
516
5246
24277
34707
61710
125587
130775
95699
26280
147153
8844
15448
2209
80829
221
124726
145833
365214
31861
24661
89249
28468
46592
98084
18080
473
174370
277109
63332
123095
8139
20576
224323
2413
12269
51146
126775
3845
94546
115370
130365
154
297290
73348
80
186067
170138
361458
90096
206564
17870
3325
254797
19869
13485
31744
267271
26166
54096
51553
241984
210079
209924
220
45099
39604
2036
105102
5646
48827
184718
166707
22654
39397
2744
69605
51208
20530
95074
9399
2696
5094
351934
392649
15750
71535
17829
138535
20181
128938
37
47653
56357
185878
190825
73575
169203
1134
381
86854
41552
331677
48010
78558
411707
17106
103828
55431
173968
117370
15756
11923
30805
41
29008
51987
3027
198189
61614
6864
267
15311
15967
14457
1037
0
329697
58770
37544
51873
44914
13394
84131
44244
12733
70930
276154
47
40579
20
205
27870
201
163641
215990
13656
75451
714
27026
375
17208
120993
12888
7009
66036
55329
191293
7057
52625
273789
62554
3012
4298
180862
165345
57692
1
67137
52109
78377
7312
20
211701
1
32460
47652
7314
130280
247105
42560
152111
24271
97847
147669
45927
7
2009
133371
139400
189821
63101
14117
134956
58210
76833
58938
72560
163882
185263
139419
333001
27145
6079
292379
276736
190020
297011
22052
3456
75273
249152
58374
202966
18767
11516
102694
11895
19673
19117
149
153018
3438
40900
23936
243265
147069
79860
406235
57229
267519
282145
9228
370358
140
3546
5779
885
176
16723
15979
18227
85435
7552
103476
53464
38851
11147
3207
188
112748
122212
3416
35357
370672
335
178289
30307
98272
3501
139401
52377
214234
82645
312891
113234
146213
164096
69223
181225
9558
100911
259916
119725
135520
40356
29147
1091
203336
5314
166918
52960
4371
35080
41135
11126
137943
33348
2382
149943
98576
17600
83699
1625
790
55710
3796
682
9
130488
171664
71105
44193
438571
11692
235855
28081
48173
3989
82220
107100
143916
369293
291178
2467
31838
166440
11673
24695
11129
117730
9
212495
283953
992
275482
270534
60856
37935
70660
7098
275564
9958
10088
3139
230211
199224
1226
137
94182
25007
3488
2243
1138
41168
3197
612
1873
48
237322
206976
87303
63099
280431
152339
46646
98056
130245
20689
16607
29559
584
410
3792
4060
42672
126
415195
300
1339
122389
52529
66970
30274
1933
43073
36616
187792
36278
70441
138622
289123
716
134641
121007
21913
23672
57572
1318
115382
61007
242055
52295
9704
145132
132047
12924
12463
142516
44004
43652
4107
366745
82418
204772
259571
399420
135560
59190
224860
240015
23390
25680
189950
47978
271122
6
160379
143823
5919
95246
171328
260269
12
16629
11451
106898
71442
49515
4030
458885
130252
171726
1690
218573
10272
7605
105910
21705
42651
47492
6027
331860
178
439670
62880
19320
259032
220105
23632
3484
40770
264
111840
7553
62498
11085
4685
30243
62705
26600
63141
17269
183940
53994
176870
4182
33557
348103
9314
22927
285
274798
43716
38326
8272
461637
32125
41981
1619
6934
69692
15061
61
254787
403
159935
25244
92879
189458
78424
136571
64334
8904
3544
16007
96734
124347
13294
1269
36096
106034
134970
345325
61627
248059
33740
231040
134220
23977
10959
61
216875
50024
71374
122339
754
24413
616
175
34689
108478
209105
17108
26584
230501
5691
88888
154451
1881
45320
76337
13427
3077
10582
322876
29445
2439
3915
1815
0
38995
283761
156457
93942
226614
80242
183832
1483
198
363539
290
57875
1189
9091
3946
144817
175211
1171
84893
24672
35192
63178
421470
309
35166
9670
204473
58528
23807
35627
75531
5351
65240
2892
43179
3306
39008
57213
1996
76660
1988
2872
552
71809
24679
152098
28664
86531
242355
3625
69759
99
1190
4676
679
26368
175
203014
174758
902
82
64618
114811
93
171521
111432
166960
2
33180
233939
134482
2122
205908
18319
15212
237343
8226
2094
673
37555
19469
76645
6557
2052
128922
1863
11948
42634
312793
6618
45648
6064
2013
1554
25147
89
2467
120
70777
13373
527
11486
480
134874
29846
5504
117227
44190
0
298018
33872
147744
24552
113051
250506
3739
51106
84438
36486
21387
19061
459
10426
125397
40
172292
3132
36085
75712
281372
230393
254997
4231
367958
67727
51064
48342
32292
302528
3131
48514
6011
12009
32913
1554
1205
42448
1335
9056
119367
11490
2620
64795
251237
227922
107238
3341
90715
40882
24132
285175
7830
120819
430804
166474
123840
92342
86
137372
314205
44483
20769
270490
48352
59479
90925
114546
26372
102144
192
9471
242862
77203
89248
717
215146
78
78625
16466
3230
723
83464
2145
495
410534
63
8660
287014
110433
1999
65554
9038
69853
81318
62455
150759
9096
331494
76680
70219
360724
63008
77025
1636
179634
87779
75759
1428
249
80802
72907
376361
66689
88206
30
131549
247437
109398
12303
14889
7628
7952
192
16765
12708
58350
86038
5457
996
135530
117539
28750
274882
40318
12836
61257
343152
511
642
27472
96950
199171
302899
425266
2993
82848
375378
78886
459
9102
15549
142943
34911
100770
211467
24333
396717
136881
157248
311949
478165
114221
1161
49147
13100
33140
11828
36261
56663
1295
83978
4295
723
156652
70769
11457
35
355824
458
209445
14610
152422
263359
34321
261383
5478
52209
187675
36764
168714
5888
361194
186694
717
5237
22178
192578
24269
10197
334006
24316
17570
82642
100963
1361
87070
6485
20123
230440
415166
323064
313705
2568
105742
19628
168706
534
2393
3533
18838
175032
7440
50412
20222
35335
122540
23529
19713
331118
39848
67200
48858
37662
38518
63577
89910
229926
173042
195200
124218
2079
259019
173212
61592
60700
24394
6392
26147
24309
57393
239606
292326
147207
38103
99394
120804
14919
89742
91768
2891
116480
58224
71883
207759
15195
7749
86849
42402
76926
64525
39449
175032
4147
2970
76900
287605
7945
143263
35819
84545
31537
27123
7820
98280
107043
23228
174102
33013
11433
753
49251
199428
12635
84257
47016
9861
258686
3696
45775
904
5427
267212
178560
134614
271654
12083
326849
33062
132909
15226
88
6778
211555
122
259331
25775
73459
266272
171870
257984
206037
10922
212139
0
20674
345241
189
9577
11
24
2051
1575
62780
179311
2
18443
61273
4566
32259
37185
36802
52951
27802
20488
3473
1897
199959
17773
8996
3243
25784
4224
4550
7448
1606
77452
52726
10
114
24041
20888
1890
16606
22648
195719
1983
181999
15598
5047
174880
87721
123840
16603
20098
209796
273138
154512
12630
7615
29738
340057
6654
14123
176416
1138
3073
140516
172625
80728
151403
28882
298327
53534
8007
167722
47386
81626
400
392
2389
89499
8107
29664
6112
22720
63967
11751
155735
74612
160459
23425
4353
4437
23681
82255
105797
5086
54405
22388
1610
30493
309687
24288
63035
38232
23335
2507
35497
385337
1112
315340
236746
103184
8168
57799
23342
57728
90133
169845
501
9633
181962
220377
12222
472132
84441
57768
50662
49632
34864
26251
11498
214552
237204
0
37
986
7992
14344
15982
47431
171145
471
30689
54121
119883
23379
268
128859
1651
86146
317050
3358
53631
303
54553
354296
297564
190507
241604
146368
5326
79802
3
27411
153869
19560
47341
24018
108280
124760
227052
5476
27024
55633
109132
105596
5660
344336
355858
29527
6392
38082
36510
340385
164947
172446
45583
102031
138675
88187
93793
73261
28148
181749
16290
168857
197954
124621
92435
135004
20643
9720
306793
34260
24429
6210
131226
2340
103846
61533
26588
129
11655
22445
289094
341199
161429
60793
5357
13458
384321
71474
73630
138892
5101
686
5125
670
7052
79682
329
2224
6275
1828
52035
43563
7614
36089
113929
3815
78968
150987
37568
68094
12545
234
461983
1777
84047
137
80023
170
326784
121733
3707
378887
91199
326112
1569
1904
45678
26366
232114
88142
348
20311
380
7953
97204
1240
182096
29631
16790
69
106903
199567
5159
31330
10516
76952
27591
238171
77425
131027
77533
154773
50063
135558
137959
45281
144618
46957
198477
7700
4016
72240
86976
36261
280416
13543
274460
141887
107177
172225
679
122382
307444
76218
9496
297495
93722
477
20278
15841
28628
1217
4888
203695
19610
36596
43802
152680
568
89844
27381
30024
210730
217180
5559
8789
100203
91416
9780
311971
22076
32239
329609
53262
246721
7486
108024
17886
0
84
1773
15971
4947
676
11191
82025
48420
173960
214602
52396
136269
15153
147225
25989
18270
2356
1660
184
76215
119656
12612
192220
46572
9567
55052
152409
25262
243069
370206
15832
8658
96911
161740
99
184422
15521
111640
16916
246740
176561
13493
249329
268192
79224
288999
10151
94089
73632
32744
9278
12032
39240
31289
20536
25496
15191
1589
645
237733
84
1115
60480
24166
5088
19918
61216
177715
70137
20785
11869
51858
1565
112410
7052
31090
45681
257427
24713
31904
28
62386
114652
204158
41529
4169
0
1984
8182
14314
153010
14969
256704
7330
2008
262074
3476
314100
120503
10667
6641
41239
219
133
242345
300107
9917
49293
28300
1171
23614
132927
205249
4768
7597
332
312787
139722
18592
99870
1777
130854
65144
123101
22516
30463
4781
2117
4075
79259
105761
19421
98
7077
31992
9512
67637
120
31
11058
22890
50069
6120
8818
193458
7274
189410
252678
68896
4115
4985
38096
26863
31344
62403
24615
43253
262021
109563
185205
160789
256367
271103
228269
5739
382871
11749
10062
3827
2126
0
159977
196
358240
292
77719
113952
172291
23947
86621
23289
17914
320528
14852
1925
6992
64773
162127
12418
5814
4730
66
33410
7647
167492
1495
123658
184971
194591
3437
158444
68371
28712
97026
191938
8922
6359
195161
10615
104734
224464
15822
116745
233855
36779
108815
45478
269132
89588
119759
379862
28450
3154
7577
13620
1625
3
4353
40112
85029
307264
14145
26223
2733
231367
378612
245562
37381
110326
14172
326206
94416
38227
16920
139159
71149
2186
1143
7785
5828
249981
24353
8938
32265
12431
14501
100217
279421
147041
279
7075
274489
16969
2214
238341
230175
26233
150518
9990
10531
1633
2676
96688
142586
33934
26564
2364
340896
83491
83854
11943
64545
25886
58393
5437
55068
4121
41934
14471
3612
4528
129301
29074
16730
211198
6631
34596
822
44935
157159
394006
26346
136535
132524
97576
273711
59805
32670
21
4249
205188
25275
445571
35437
11039
2245
79222
328694
4279
190597
6869
5330
129330
58896
12537
22044
9850
6009
154
69420
294074
254983
140276
166505
180345
64799
987
324241
165282
4341
5008
73386
25839
21584
50211
67639
157134
1116
154230
193385
57047
20
374496
194900
65025
45151
6461
34451
399
82148
47272
2258
21774
769
21248
413519
1751
45613
146359
190395
3780
5997
5134
113296
8949
5721
142213
69750
2489
4717
53847
17889
2721
7336
47562
346332
62249
67941
1872
678
113855
1095
732
59471
32470
25119
84707
18294
4350
274509
111365
166345
69190
29306
28391
1386
185865
142135
0
4992
62518
309005
5954
64148
628
12095
57876
69443
111476
30575
1682
266437
17280
15987
432279
95230
47502
27843
2
246863
289621
125986
64161
125479
13349
88543
2446
144674
13615
9
7200
220183
27692
223066
1888
670
271017
20389
19806
143123
34749
151380
401899
239140
3889
87978
194472
67501
28260
392773
161093
49444
66567
2632
4671
28657
44371
23412
43850
31876
169287
5110
112832
127831
366108
4131
3621
71806
31825
8932
47403
89725
50043
24038
499
42314
102254
47313
169092
51492
3126
6013
15050
8993
106532
47507
127732
23942
116037
199241
71501
27445
168
42676
1497
94152
303131
34259
185555
7471
96418
136513
24548
9299
19765
136018
104000
31824
134168
21056
98770
1050
148853
315
40296
64710
70843
30576
33930
399949
313143
168625
137209
149963
14028
1280
18636
61321
5751
6963
6097
100823
109017
306949
71585
275397
9748
88074
40715
115600
692
4183
4790
11140
295732
95005
255185
143833
5492
210033
10998
353522
1475
39779
45906
97607
40918
220
372167
1065
156249
452665
216682
61518
7100
202
24400
4015
1721
205670
180
2569
132015
7657
1215
3829
1656
79735
78708
35400
130863
977
30231
3367
134621
267543
106313
177738
23716
11962
112702
294364
8369
123257
39227
101307
2184
26945
341801
177098
357183
144578
6637
77902
48390
27268
3321
226170
1466
120677
64
29322
127626
70924
186307
3614
270
3216
137792
249416
348390
119362
128352
9420
115413
318438
15232
65189
2798
131701
72664
11398
6340
281
210937
100320
657
51752
1925
15098
250319
78353
103
128316
102237
5665
1412
98811
237547
256449
46115
303686
36881
2947
94976
56705
70473
1502
0
282182
14756
5295
36488
176278
149445
96876
1848
21045
296409
2000
50244
6644
56019
160523
131898
98924
112378
8238
45386
36376
35317
2153
66401
213174
158097
354769
169837
3372
114710
72579
438
82742
53335
0
0
287348
2470
13208
361148
369339
12657
15669
323523
10904
252440
422
83987
46214
70092
0
40049
2845
38629
268171
185116
7369
40
131844
150648
14182
13928
18730
1262
9635
51714
228227
37101
107017
29674
12495
2319
124637
42643
17
1096
113922
255853
46971
153
15638
142706
122115
66406
47539
283045
75533
19144
62851
30081
308307
115687
42406
428236
224287
2
3929
121114
43850
73151
14727
55
43812
87242
276024
341331
6309
180262
4481
13310
23404
126653
155
107533
19666
4721
311
33355
15
30814
540
32559
61716
6748
0
16796
37313
93123
24790
46452
113738
22720
129188
106229
171102
21904
27130
4290
54599
92870
129631
41272
131408
95815
42292
599
17972
408
105332
1696
7231
260
108014
808
98798
21025
128746
156751
109
64060
31926
259708
86926
5913
60436
550
46993
57684
398
11515
169605
328427
2433
14536
289501
59782
48631
87755
2373
222602
287
11704
106342
9008
28032
16999
183387
72747
7997
35328
269
35834
220945
300104
434128
65950
27210
2409
10183
470012
118054
22334
7971
12804
5833
3078
53290
162461
0
94093
97412
108438
3466
56793
2836
1280
81816
19463
5436
124938
706
72447
219320
25389
76738
7223
12144
1896
4782
1596
106465
34734
89378
135073
28445
350547
132508
2512
40730
0
31127
3352
348496
10230
19833
220010
126987
26142
130962
35481
29758
29222
9587
10496
42827
319233
55659
174698
9447
65458
0
55052
50778
63288
9863
157129
76618
169292
133123
8114
13761
129191
1
12
76934
118296
29930
71874
77665
124974
2616
29664
37964
2084
27823
164903
18894
13818
139563
4229
8412
247232
60829
76579
12862
13128
160957
8547
290
26066
117667
2183
355
26210
37339
9135
38218
113
137964
67139
131333
8214
26
166381
321963
45127
298999
46123
325157
5430
24660
30858
25633
0
102547
191164
37054
13471
35985
61932
139
15399
21104
170072
356995
160178
278234
40897
171886
229
85798
51581
273674
30463
86176
58913
645
92283
0
35466
78270
6632
95961
2071
18010
303891
129090
265388
53699
17057
156592
237981
19454
22659
50301
170
15772
66563
11574
47163
1621
37319
151000
2765
11907
35823
17550
43996
27360
4931
10485
290142
128417
19046
49957
322127
7176
27851
20606
265933
371750
14834
47
765
333527
40415
13322
161215
130381
2468
6352
20816
186706
149040
123438
6986
75012
83103
264692
87887
64187
13615
47916
389020
5659
0
20666
0
222681
23052
19134
19399
127804
91450
19865
52360
18947
360139
38380
12044
22416
56652
440482
38671
382
229869
17021
27567
34818
220
33562
6420
116467
175702
314404
94533
365118
205
9345
22784
2963
28
8070
289400
13756
37544
440
280808
44541
27481
17478
2245
6279
85425
2070
239799
164071
18253
8624
37172
497
5409
19538
14005
3468
1384
59
34177
16939
55190
104873
213598
47480
145010
2971
17742
14392
283462
13696
1
60520
0
64534
74112
432
24012
15488
27285
66394
61982
173
10806
40595
26261
201755
352794
4200
109835
6529
9786
11888
274955
171
50964
1
1565
140754
23754
27389
124695
225716
73705
15077
93243
265616
2495
574
33669
102077
5816
77463
75108
366060
1184
109334
37729
447590
4118
12213
147989
1068
84224
96308
96531
2916
18321
15289
201
145495
15133
83753
1309
17120
0
0
36546
74581
81013
34129
7709
103006
141951
119292
201490
44850
164116
1206
0
2684
276
22787
2847
60299
139397
10997
98520
2
175798
89188
1419
364213
64
63978
12665
9143
41
13393
414
72243
27154
248833
6086
106940
176892
34553
29823
1400
216091
37391
5874
56599
57405
21387
20613
14399
111
77382
17405
573
1085
3900
22632
21022
221952
3003
258494
5189
19493
18461
3534
2601
4126
20926
14508
175068
41046
29172
2337
434281
22225
32850
54386
36089
10965
278056
31974
192708
15944
38941
16083
67274
17358
99558
0
2009
224832
247451
396210
194261
123392
23403
1780
49182
71513
96186
6341
213814
90331
151705
3672
27475
16842
1225
627
20525
73241
1395
21481
9130
117912
21115
269811
13669
38763
139988
86956
110035
50760
102726
63765
116727
64752
12961
17267
147469
74892
50
154922
53504
297
88000
0
747
43572
125233
145139
41161
84160
19470
22707
394149
17908
8501
122155
35973
13324
178605
7491
651
360475
201088
128
50328
470703
55350
4185
46336
235419
2413
148845
110594
8492
19460
250988
141
15468
4541
4297
150234
29601
12124
372336
2300
33301
30205
48168
169744
304127
21815
2483
245949
37813
304404
25527
41319
913
13599
72704
378061
6347
378100
310400
22114
68478
21303
351163
43761
225488
2174
78795
285358
57408
146339
100886
59005
146939
244
21625
10710
17599
66035
26223
66788
85989
30464
97683
54522
167115
103061
17511
595
29253
98702
2840
26971
628
331343
886
51106
171191
34788
31311
391611
44545
286885
810
1120
364102
171551
1145
86979
89131
67533
54848
196742
12824
164520
705
214213
238428
51065
147559
8336
355467
203785
574
43344
17186
254679
239296
4108
2407
3440
1101
3523
81170
84960
11631
25279
9993
8462
113271
359766
19167
8673
10596
5627
29049
27288
127023
148591
103681
43053
148827
100710
298110
132
128765
2898
635
63678
127
402199
726
30628
59674
1007
48282
2699
45059
16518
110235
4498
29211
87834
61
2257
194554
12629
17081
74772
265027
5258
66017
25081
286
144353
157656
360
508
33593
50653
0
12772
730
425668
49884
4
299
60217
183330
340320
46630
29794
333
4223
155581
85444
1256
141
92583
70955
10608
396618
33981
22050
3865
9976
4797
95546
12316
46036
76567
14274
50526
193885
135007
46563
28749
269422
14008
20186
53449
70792
8265
157259
54005
201611
200067
644
80565
176400
156486
10613
380199
385
1131
85085
31752
10491
16676
213317
124941
1119
95989
131093
1436
85719
47782
7339
73071
78357
100486
54902
33302
1237
27
9211
281
13786
269830
13547
15692
135463
82225
128037
206575
5223
102923
7147
154598
110801
153622
56261
4239
288423
45731
31502
979
77716
16580
199
4379
65080
1893
20889
85183
71742
241022
100079
48812
84528
45678
22415
30476
2872
19370
19148
111559
212363
99753
11873
294090
87975
66190
340190
6584
180415
105279
18969
51771
231891
123628
340937
180
32828
252175
207875
1147
9614
54576
9802
303
171314
92403
3161
28843
988
145059
374534
66778
284236
10084
83412
171
3359
190480
221587
93873
1521
49941
1008
31720
12836
125659
5
14890
1614
2237
1545
6444
0
352011
21
38499
28587
29285
118864
18682
2228
39375
29152
134212
157315
338029
141973
433611
30725
8601
272137
270818
27920
40804
9369
206099
2566
18453
23065
139504
57225
192183
48784
4134
121393
35644
205695
26450
3596
31910
43785
20946
189004
301578
13101
32810
62177
35033
123643
9131
11321
61626
65827
349277
116751
227769
40482
33275
11998
238805
4145
110210
97445
249992
8249
36102
63949
139521
118235
269100
644
9088
67649
127
7518
3696
265676
53192
130669
126686
4319
260671
118974
5241
35849
27736
31652
11088
204032
125719
1371
188065
129627
139397
58347
32020
84697
166249
168792
26873
304629
62467
226016
132303
126
22659
73570
35055
74090
74623
27361
28151
37911
0
21858
202785
39922
20244
131933
3868
260416
69675
21730
42769
24169
341013
106595
35698
1930
68309
21003
1749
56330
7533
2325
254820
1653
76598
39202
1394
3680
39649
251
0
92
90586
33031
304698
170842
137715
196019
396428
30683
190175
164704
327491
35022
140305
58361
392164
201841
84852
138010
11367
52412
7352
6306
4743
70263
9289
163094
2507
71199
2954
21359
113
45582
189159
893
26016
52674
23212
118398
1418
8091
105
97529
4034
3129
68588
338
97
95168
144772
41001
205105
765
6630
35
64561
35206
99998
3179
312
197408
353673
38167
99535
197397
55324
0
1701
64
31894
119886
11573
22819
81087
16485
23655
234010
1551
59348
3628
215951
359565
103793
77614
184298
107281
14991
31188
132672
186437
95190
183
8970
3159
87271
8835
209019
107328
97495
36929
32082
230421
53045
70562
234266
47175
114374
1937
100981
9038
91849
228852
18241
1032
42
31003
10661
51200
1434
104488
5543
3544
3254
1561
253018
15880
1979
20056
9830
82089
66473
304650
30032
329629
2658
84903
98543
179636
22759
4870
279112
12549
362487
71065
251232
4260
26643
9313
7771
553
41297
452180
47874
27090
39733
45334
241
23325
269427
98631
38372
221974
225954
143864
19559
107671
56507
119042
250283
114615
168723
5910
183384
301782
16895
6090
64316
78800
8634
8134
275723
253609
171422
168459
6640
137345
42635
111370
40459
56744
92897
211784
113025
167
30348
113227
346
123109
48
49467
143469
8379
55039
4608
11268
63800
12735
458550
210625
3353
56457
59015
10273
44007
133875
579
1791
1123
0
3043
46300
163050
186403
82795
38959
50834
38234
136793
109340
36942
154533
108874
56213
13751
131382
62256
11215
47394
240976
42539
60359
80214
60992
6861
188946
210370
134764
103562
82280
219368
102496
1080
37066
73498
15218
20709
46050
7521
256079
101531
27845
23665
274336
209764
122543
4414
199899
88245
286
18238
3384
23715
455
952
81414
299412
109509
6695
76488
389206
185876
10
44129
110315
8021
51099
25271
276410
106541
28348
215949
2029
94279
43541
256058
62185
259171
35248
135786
86258
139858
78494
338260
17135
442720
1770
1210
79044
281984
137460
52078
81064
50068
127496
254937
575
2549
213089
62823
253274
5451
852
24247
79053
57150
20792
55218
3346
76
88120
46
7180
31977
231960
87751
28063
144642
41114
85938
6700
151217
94868
25761
32377
33008
246490
168006
206316
87331
3108
339001
1548
45315
150685
215887
97864
160313
225831
144600
32057
1345
23836
189011
17485
12261
47633
3807
216251
121993
211736
30
47315
183928
18701
30106
6
34265
49098
318746
203347
12158
84681
201944
26672
9331
67839
34565
26452
142125
189038
280684
303
2628
17685
36486
141878
2211
140339
30546
14387
5769
47561
55493
183810
34036
21626
61590
3108
10786
37192
54954
196
2669
1293
2990
7044
351501
71880
25519
74234
9783
28322
211093
9484
5968
14996
534
318781
7475
315030
185313
1232
43641
732
26383
87095
6586
1245
11203
151011
184294
44357
57710
180017
5963
1404
159689
180337
3584
57698
29239
31513
23081
81178
103112
398683
42201
207268
287282
5738
318521
4449
9276
18597
105750
87032
132230
24271
228691
74909
3724
378744
271
110352
63007
54108
15
69797
3448
34221
114078
196031
224554
28749
11319
23386
17680
4022
37700
155481
21540
20463
55353
99224
3604
117761
76
30262
85672
114
79020
39905
227209
38403
229179
5902
208229
3153
316716
9598
22430
36179
65278
3
43766
2221
0
31973
135751
711
95419
81247
83202
648
73696
170917
108394
10500
17361
116116
82762
81446
71746
35216
41316
348276
51908
307737
159664
20499
19285
0
302565
26394
72518
26422
175
14323
74533
53296
206166
2195
193892
28166
7176
9012
347720
438821
166540
53301
144270
92051
65921
171355
11469
7867
458422
54157
5212
2579
51513
5032
116420
3511
326128
278949
120884
4182
7770
91119
24037
11592
138889
214458
256448
384224
225078
2689
25956
86
130229
2075
103429
18269
974
12744
64656
156968
9329
4332
198337
789
78111
43293
74373
55998
38567
81862
153130
22
127707
34664
26754
59614
24383
4528
145
41694
81267
8976
85008
55945
121031
7556
246500
45746
292588
70795
18
17615
66662
133710
4107
6264
59154
606
184152
38850
107105
242937
6979
153518
180156
11106
28473
177888
2026
146207
81486
6681
204560
74072
26626
151209
140163
163891
70648
95
123644
11300
277067
298914
280444
86933
3910
294312
54767
40255
205450
119031
2624
7247
95
47477
58805
144202
0
3904
281833
80162
395554
304850
3223
38353
105627
0
19501
7006
370617
38025
75198
856
8224
5004
27916
249251
21986
84462
25256
47255
104197
39910
185061
43
26255
182262
33221
8598
148678
9879
21545
310029
233900
155181
46
212521
1743
174424
329997
42182
24
3317
64686
9510
810
624
267186
11707
4358
174761
105199
27448
11697
2859
7079
220611
22592
57048
1972
5030
131610
16436
293039
244748
0
1285
14519
28742
32038
11158
27575
15684
377230
212254
34095
2340
26811
99389
16467
32471
21831
353846
242534
17880
4379
3015
120596
12767
0
227633
2764
9485
71520
101414
120795
102485
1216
155584
207504
14742
8432
22707
91971
4182
46089
17716
317
0
278477
38520
14790
83120
3507
6306
92909
3502
3958
2739
84935
16304
135902
84149
2875
540
15439
48651
129493
236322
49537
11992
248291
36394
1859
257604
288
16479
210762
22210
225599
60737
167070
50215
715
10646
315824
29928
13961
289185
458
66735
166272
170364
16928
9458
5146
34304
84450
174161
281109
496
143735
140982
55180
73985
137054
8729
2975
317107
29991
103362
75716
22387
128239
65080
50661
250589
10460
32799
142887
48872
319480
7671
1152
125701
22902
353998
10260
58397
275659
514
250221
88035
39342
117078
10537
81933
2483
171297
7294
23129
186
60885
12428
2197
338718
33221
12942
16833
1674
395730
95932
203247
45002
190207
55044
124724
1224
15795
20192
7095
135209
52705
80358
5974
16471
3496
191579
0
43700
67956
4582
249968
4830
19148
46649
6749
15201
15941
25299
4126
122
287151
89148
483
55765
125519
125875
379625
50149
29373
3179
13550
13367
23680
20203
5376
14447
41458
85778
4337
78577
39779
6603
47655
163530
263351
18650
11186
53809
22856
182569
25955
43666
260942
0
100835
166062
137531
7850
35505
4017
81105
94692
93
18432
69970
821
260967
1563
26413
35261
29984
258683
842
63
191965
188752
63
47122
101946
90901
195961
13429
56831
178015
3063
350398
20802
255696
178
5029
110702
192254
33610
28315
128292
78303
7058
6263
32674
63514
26775
35582
1760
87585
204978
110069
52418
35822
168734
196023
2611
9231
92583
21597
6786
92841
44175
14678
99730
11251
6370
67835
235824
384572
70329
30387
52148
29259
6944
737
54670
41152
27679
4556
1200
80022
2047
4
131598
63608
52562
284987
70771
329065
206503
119810
199658
37928
162381
133780
1069
1335
864
3490
248
48161
282444
122088
43027
83708
96
2877
467831
69218
2479
26827
68611
8113
74406
3674
1998
31133
74159
274163
195687
297246
162407
53179
10589
77148
227765
1770
11739
110
56863
74939
313428
47472
177018
3478
48069
479
181607
196723
46711
28441
73888
82485
293446
301541
16979
268537
46727
65562
146295
22
173352
109285
7340
11470
67913
52628
433
1773
36787
481
55169
18058
378
45932
2180
37730
546
8432
25164
18078
3471
43372
3285
39
108733
322357
363163
8961
11969
107734
121901
426671
102026
40605
43161
309756
173231
137530
37170
115806
159522
119155
439146
7203
49861
68818
344
21828
20454
110627
47
109996
4107
14758
23906
3573
49876
3384
322538
17318
19358
24839
340
8337
23987
37283
128841
72950
7711
672
2349
1728
5497
54548
23876
118969
20
75265
0
14257
142463
109950
2291
6966
302197
162470
34784
245891
182
108
8811
232092
79828
3472
127397
303509
13830
199923
195389
69088
3667
29132
13203
29391
10671
458
373199
231
3726
4860
383222
5059
114167
783
283537
99873
1239
14894
297776
329690
246500
338185
5584
329213
193658
332
867
3754
32304
274851
459195
700
929
7398
61
0
434156
225299
5
22145
115011
315
328097
46080
217283
40238
351425
19919
7542
92253
40167
944
110626
80492
67276
3225
93994
13817
500
54370
292825
162545
31679
2784
10257
59286
382419
287898
105789
385933
437553
208607
264393
5040
3748
7663
345650
1514
3485
43575
208307
13509
36722
41049
55
29431
147920
86237
315840
90696
4598
694
3000
2706
461
43170
3612
1044
107049
22236
257749
8321
20083
2470
65199
218393
48039
351298
52203
5069
271855
98871
214522
12959
19422
169947
24346
14103
20886
31870
11906
297341
91088
6972
94217
29848
17290
212452
430172
34402
149226
136
2252
104296
40204
8931
84700
425
27616
35398
41540
154681
48224
90495
23284
702
85895
30464
25333
21127
94071
124888
39930
4571
72
304626
136664
1761
293350
86993
201853
8251
86237
114970
1951
262943
71163
15380
6585
170
59857
72894
17893
5262
30603
121033
172402
2478
615
80002
125285
727
17604
43437
55720
2576
44260
204330
6333
318
103240
206876
127952
18859
23990
134519
47837
209346
8457
29771
129757
66487
46080
254179
10187
1750
178238
29529
146112
65667
313900
90202
164356
434344
66552
8459
64706
111978
9628
128337
55171
150813
27026
23
7032
47868
24209
293482
11462
62627
24693
72909
1315
42758
26227
14193
23154
794
52522
12376
44688
185195
24336
263939
50940
94071
153583
925
389289
153705
1408
16119
162432
68554
97842
1455
1127
21715
98831
60368
167252
13545
31069
395937
815
450
14925
52912
121600
113635
280810
2520
282
212998
0
335
248784
8594
33362
8113
172928
235160
291654
65587
8859
360660
214934
4028
63
79967
86383
41382
30
163369
55159
63252
70410
8234
9452
16641
191470
188037
5779
180230
5501
74553
23440
11102
171945
6921
158424
244118
998
542
371
317546
21847
1807
24964
103132
105895
17054
11508
191520
100165
10602
4080
201152
42399
4224
1803
251
235
137589
165407
152627
30811
126605
11
59632
2764
174
184486
122197
157751
98305
40658
178186
71642
178007
63072
304732
47591
68167
14792
25920
55292
26184
142695
385978
22974
18299
77262
83229
75792
35198
124005
192
48658
9160
235031
30723
57191
6891
168476
68749
369
6779
13111
108374
93
32961
1801
103805
125553
26380
251991
267412
11426
62506
758
14292
183475
28334
20726
67058
25398
29813
86945
2445
280
261154
22
2552
79718
281732
17
167100
115
9952
9
23753
317988
29607
67631
10548
65529
19358
148789
112024
439644
71187
341905
101907
3159
7288
122025
26894
166419
116925
163686
90548
69735
14357
133569
218404
36750
9694
107221
18020
16277
17694
53231
11440
104391
315102
11139
62207
8156
7754
9371
2504
10179
92945
89557
186247
83436
152270
62931
7797
2094
20079
97970
58032
2586
33060
17152
18257
133125
102536
9154
202769
70560
135009
146290
3306
119
105917
30270
172056
110505
499
9071
235337
3110
0
50474
1000
343163
10003
127570
15575
147836
206484
35251
9234
37019
358246
34212
4081
74440
141158
2272
43859
21760
47811
62906
107
49611
91212
6287
27
162107
57624
307545
377
154281
5669
24812
193137
41309
16500
71737
4568
84
2567
126255
13644
63988
9019
23325
214795
78934
20890
3432
36565
17630
20370
131323
16976
846
37701
165708
4522
653
47338
266160
373528
246777
52155
44104
166471
3132
465
163266
7656
118605
100566
157174
30139
20663
105821
14938
118283
1
149031
174001
115504
125279
35587
173735
1
183720
66807
184056
71167
35975
5350
387
33
136780
4340
59668
188539
218780
30264
93079
829
30781
20684
6412
16176
2588
57512
1574
43945
71671
44064
0
118496
71300
249219
1167
2548
84601
100994
17959
9125
8847
72930
11261
31377
24802
1386
9112
4004
25216
204025
308250
39172
26432
24224
139886
10555
19618
11355
86725
10120
234344
5832
18869
342487
19004
130
8425
109092
33281
37371
344888
12338
18552
51562
109668
46729
842
17557
38413
8052
28935
66183
23002
17
76652
2960
85399
77625
86573
9496
204253
65265
33183
111093
30360
120870
229741
974
23425
6
6302
349578
514
11101
1323
43624
36949
6423
335762
1
374015
24062
144353
112185
4189
245834
1
1028
30740
1335
36856
2171
65725
176083
384137
1046
38904
213104
4663
132679
1474
19553
27
57683
20944
34081
203368
196675
66275
36764
87269
13168
1637
201695
14322
40210
217127
71335
95693
20377
10350
225467
26152
63489
13861
15231
1654
18621
242039
90662
2509
220457
370389
91518
8221
1010
10382
176557
179296
1743
227698
63252
2950
60
46430
95262
69
70435
15
1060
763
1134
68886
213438
105148
438643
158077
86178
76679
90
119678
13804
124063
28521
1653
260948
9523
17249
66375
431940
330874
2147
893
109697
97754
7488
178398
196369
12449
2969
171818
243388
241553
155084
135707
756
86409
193829
10050
11382
1891
165353
3009
8212
30112
6272
39076
310159
241442
54105
10283
2035
129661
6090
34914
51502
2849
169998
38487
217260
43365
117439
102356
94117
7
29499
384024
9616
5806
48277
36517
84627
742
41624
23919
26126
67818
189124
42526
23073
48107
0
128846
105762
21018
370844
58639
177927
178216
5496
270
2585
11972
21834
32710
97250
19463
341872
223689
15536
10649
114972
9163
351017
288127
7491
6577
5008
109046
1089
18400
270034
95
238316
42845
37815
109927
546
43821
169239
29952
344522
184
44358
23762
195878
42408
1964
15987
19698
294470
93791
61877
176936
5520
23561
114732
4040
45882
4770
393328
29579
53948
412
100
57431
181861
1099
6426
25580
96515
112235
214595
36368
65750
188304
288914
5550
129741
125789
102183
38380
69852
0
321697
123470
1
33633
22916
14922
84361
37700
29876
3432
333092
17217
16787
65824
444
188194
22018
171437
37338
29375
137203
124529
25710
58301
31116
93701
72737
266763
352
14220
13224
28987
612
124
1285
204
19696
131341
45313
14445
33121
1530
25635
72931
7875
182890
336832
3043
49769
9888
67128
405790
76
277058
378413
242607
23295
46764
13485
21931
141191
100339
5900
270
5695
288962
333287
42966
18939
338
303436
41151
29862
85
26036
2058
107297
257123
41420
118877
591
76203
0
67016
344733
111553
37987
12208
851
1300
203428
17019
64
10261
79963
1685
15361
1501
3877
367564
16954
37916
17675
16923
104294
124528
19730
5410
147688
136
113052
150
194363
11157
2979
19224
31028
66864
16462
12505
16362
7308
8304
102998
20389
54905
149447
9921
273773
44408
97015
124017
19055
11058
8279
290
115231
70756
183898
56997
4779
102370
79935
3629
57183
49825
125268
37759
79959
215882
63993
154740
420668
4134
785
18
12550
81167
168977
633
0
21533
2115
228437
75016
70086
136708
194423
11430
71502
190238
21590
1776
19940
127438
1320
404839
0
338220
35970
6655
307
17756
14942
5337
51208
23721
390685
120285
69982
37558
165911
238590
565
57530
29666
7397
411048
3465
3839
430315
158376
317786
2465
78520
131460
207371
323611
1305
37092
58055
42450
33948
248912
16687
145138
12596
17407
158539
1345
774
27473
0
113569
14756
2195
76806
31726
235326
39342
11335
120329
145838
5702
138778
87
27681
49058
2005
187904
196431
6574
22045
15657
112716
243109
191994
44224
165861
4245
123740
690
13526
73716
250727
3063
13258
156647
4414
67427
44859
52308
19764
87398
679
0
289920
20539
85799
92721
36753
3532
24442
35499
15866
6536
122718
227964
146809
188880
40755
212316
13637
128992
106768
51859
95
142523
20913
396
170252
337
1693
14067
144021
38772
2064
5086
33138
10623
70041
3984
200078
2315
62965
72245
185202
19823
115
1400
86448
39361
33747
121244
4024
8150
17697
342
192100
63
254
23292
227203
193395
4876
7702
37158
87002
419533
34679
2147
87053
33008
45323
4362
88190
89075
118827
149009
114646
7005
65832
61070
1754
23949
144835
387327
3393
91158
45386
65647
65485
255430
182363
32
74015
36496
320635
39351
76549
161781
62618
161980
205066
225553
66422
802
10117
38971
13878
80374
289786
56590
50601
10747
202
59013
3457
38664
55287
32192
24589
1255
206648
1386
61662
11810
3194
5085
247884
28911
73196
163597
100813
471436
153996
10408
30163
82827
57428
96645
235165
58272
52717
105591
52258
55953
1805
30354
202435
200876
22096
13702
3728
102774
415825
2835
92389
42396
1366
4544
10486
32103
118577
161752
376950
595
132429
10472
74901
4776
40929
1888
278087
155840
172084
1256
324114
83830
32
2275
81711
13377
17575
8530
52505
76548
84756
144114
33914
10484
773
278613
431807
75919
66281
132130
16660
93501
4384
20076
265814
50736
75061
3602
4161
133022
108684
25433
150277
3148
109761
5368
103841
58954
1392
13433
170427
81253
117626
59203
21913
26204
226636
59730
39100
19792
1273
3414
28596
53175
305640
182863
29261
323943
222857
5017
32722
51307
108885
82255
172439
5852
10411
114805
79166
18357
69719
42031
154022
94168
0
146623
404401
283914
17505
173180
384013
19579
121911
4756
179262
28998
31767
1444
149974
142815
17180
26497
3768
16256
351256
207
29288
32611
25470
101665
117816
328933
54248
128660
12562
142047
738
52858
39419
40489
258476
223410
198120
2911
41865
297665
313808
23716
415
5400
235780
81038
196958
5588
332158
36253
450690
184900
110302
119480
177007
8145
177
70050
108557
43361
45554
300095
183024
49127
16015
245384
250771
45850
1552
237484
137273
24767
19899
239171
279941
300253
170923
184284
14046
2255
3693
429
1968
32172
36696
3474
2102
33774
236
63275
28999
1203
2070
1031
114
12293
46797
3603
100136
233092
12423
347321
92293
196879
56569
47638
16256
30996
39531
43357
5391
2742
292538
352
262
86
51053
17661
78114
6876
8529
28222
196945
51559
13926
53626
246553
170897
295
14646
4116
32077
81098
64716
1432
31941
37973
335665
169135
131728
279898
6873
194171
189367
5467
60501
190
1652
9094
210723
8497
17632
116341
87597
27227
130869
2699
4521
172754
16583
245323
88527
11081
146551
21586
326158
196104
25593
95820
11277
92309
38685
16100
35778
1242
269883
90792
1943
151042
48254
348499
23
43251
0
13128
212553
14832
64330
82760
241356
28191
82066
113493
8244
28985
250068
98203
4932
199921
221247
25671
155583
289842
1606
8971
125251
11541
89991
112475
1533
329300
4364
439566
50334
270347
95592
57288
1309
54373
603
411750
327548
310945
34199
6673
60
114826
420654
10847
86177
49630
347290
564
286560
1033
397281
4443
33894
150036
4285
288273
93444
61340
70752
51742
34177
174372
45663
15335
35613
10687
166560
31814
147603
24809
123638
26054
32636
3040
243230
35724
96072
16613
16510
31806
145154
79260
120345
17184
61
28557
115503
78713
145746
1244
41902
19850
5747
97784
35117
82
33501
218259
110538
85192
623
18294
9045
7369
41107
286519
41319
23441
7036
121685
79115
168141
11640
87956
10
35264
119914
43144
303256
48797
234938
51233
13983
19926
31560
90637
40386
89609
112225
1663
26395
941
62332
6151
317015
187321
29529
41365
30940
38295
19188
26355
910
46689
1670
51281
27802
5832
139166
298895
5254
62224
69333
206
114096
293501
46226
3947
5661
19726
17416
5159
33708
31461
244552
5304
176744
209211
21363
51845
8222
43597
260564
255960
13754
28897
8022
10528
55366
76007
46617
652
145468
4070
73954
46279
214321
1482
133217
2250
0
296021
116900
127981
37169
20728
46241
125637
56398
91782
13606
178926
245536
26283
18843
462
395
60
11264
237227
27186
9399
124708
56677
120315
357367
212889
261782
168156
163
5592
11713
59294
203552
78351
639
58848
19286
232632
2012
30404
377209
1845
122367
98460
139924
19103
129165
37823
10
3798
19634
158067
459
21952
340
2477
3202
289040
28102
8030
174054
12532
220
21240
8496
2672
76493
24
3054
114285
5032
81695
18468
1992
214906
94522
116702
25407
6009
70242
15576
22965
305789
63729
1192
139706
196358
28092
34769
11411
166702
161467
152708
317790
4918
7641
104461
6606
21167
294172
59078
546
151416
7855
15949
370250
61
36310
33695
306598
106281
19139
91278
13100
63690
68
354395
7960
37830
2500
24001
277755
12996
134900
99955
41039
238
8099
51488
7790
2177
4712
221435
13027
54439
178958
266398
85638
4672
313192
102086
199509
6664
14185
1258
27545
386195
48
4866
37442
4276
49651
1184
206353
14056
186190
113987
6931
151908
743
9355
582
90
991
44993
42445
4386
408818
5044
202009
51849
2014
53098
96990
55014
102565
169031
65701
4443
96442
310314
82049
30330
25720
336758
38
108411
172788
125770
70749
162319
29587
11125
111376
320224
42187
26485
22790
67234
47195
257858
75971
107149
28930
166507
397
11689
30142
13577
37701
176010
75506
872
13732
140832
31788
19466
14957
6904
80517
109732
111774
17278
446711
87841
229759
40909
1155
134139
135762
0
115614
1878
83208
178687
177811
11081
297988
109273
359043
56863
2224
69819
249610
47415
8019
41209
9613
235259
189675
522
19695
45327
120230
99798
15320
2974
75133
22430
17436
21
166272
5747
129662
17996
46940
14394
102501
125638
123
13720
83116
82734
154263
2952
12993
446897
1660
206882
281314
1767
2800
2206
454458
26505
139976
8577
1658
374
13426
11161
264563
135510
75510
97511
91040
22070
15561
2880
2548
6842
17073
46445
168
5110
166092
242073
388398
63465
153064
114400
133447
23162
125650
57909
20479
33379
281185
121853
179708
101413
21029
240339
720
138287
3
157172
4910
15777
153700
955
229041
293907
53550
6
77168
160250
28189
123823
254198
47232
36996
202449
65
89285
193603
17758
14196
137416
28336
136223
125629
6516
168849
47481
235911
271310
224662
378548
83478
741
94052
2862
190480
43932
83056
21865
16300
958
177831
3858
301158
241979
24604
14192
35900
5855
8353
128728
24619
231716
73
51497
45259
4829
117591
380557
30582
14353
93600
48958
47453
193182
3241
70225
52556
4756
288927
49559
10086
45775
97611
137046
1690
120575
33748
160888
134985
184161
243355
94313
65755
3292
315167
9431
6
22
117457
2219
15245
752
120193
244905
74108
76757
51086
38
20713
166214
247067
80946
445927
175880
18
1593
4371
38238
111885
214270
78880
126244
37851
73213
35198
68530
22914
310848
143080
1975
26820
21908
56086
10786
8810
0
130498
22089
82045
39904
122735
99517
246755
4355
8960
17501
10334
33472
302306
2052
172533
114438
103207
23112
0
24938
69790
108265
6512
6805
68155
14114
99960
24727
28680
79974
4212
69206
28518
0
92105
101337
6261
93333
7296
16852
141104
181732
212555
52422
317350
253870
0
28931
244862
218216
17318
13421
98960
68195
15042
234830
40
2306
1726
9643
1101
10557
155300
90855
2891
130670
181269
1405
329871
52032
31791
18896
207917
292636
8376
0
646
203780
132735
29215
23785
53668
81991
12089
46194
3118
187892
1007
124083
6098
77681
10749
97220
262130
191610
96459
71416
904
124554
76992
275856
19500
1328
11145
110337
2418
379
267864
441979
41764
19444
15206
269241
46370
70761
2841
213291
38655
187254
185066
404434
178610
481067
475
12266
5454
21770
48067
157457
327546
112870
56754
285044
235523
6341
64396
2605
11123
129591
167445
3782
233186
3284
313254
1466
14359
140966
143169
184741
154169
4902
248640
51372
72286
7108
121196
34861
79551
49457
496
302870
133317
40315
186893
188824
175458
128042
44678
15745
372901
27029
101394
110922
5854
64676
2692
137309
60
106038
2720
436200
378115
222419
98383
27714
167771
352866
19072
43265
42587
252191
29919
16975
120092
20373
5017
141110
54737
2847
99088
22958
34485
229075
67314
33973
16590
219
294599
11461
213
60743
52269
110540
231
175
156
64375
176
163475
1176
173648
122852
51862
1539
52008
83166
39330
0
280121
138913
15814
52092
115292
18982
76270
9307
2690
1240
148946
336330
94611
0
195260
90905
15257
173608
405
182804
27344
119303
45
104440
494
3230
189020
45882
115865
196452
74470
0
1173
105167
13704
38075
18917
39709
86564
251558
22976
61509
4699
387984
38250
91402
279291
35531
1017
171483
15236
155409
17409
3598
96652
318696
94476
16385
45170
126789
3051
46335
7404
15769
1221
1160
338
184311
329
42262
132483
3089
86914
87791
3630
21532
159723
6183
102
48346
660
57190
16337
15324
61599
300169
72255
265286
1434
119853
106709
8967
10773
847
155
129934
30039
60570
185168
594
67253
71541
128123
11444
164710
22936
7354
6227
290283
85027
68042
42732
147015
31060
230400
11590
25956
14234
105873
3629
132199
51531
120468
170325
39111
273817
124690
67999
280585
4874
194050
12102
51068
29187
10479
57030
11255
9100
67308
995
53466
59471
75166
2793
318704
28772
120357
42746
257333
5907
63963
16705
13646
56671
77
263945
19416
310597
38200
18081
61553
146126
883
85557
31207
150748
103889
52275
11427
149105
26460
18278
52236
70966
22880
11254
96491
53152
61130
9520
51409
48624
376300
141837
345295
29768
2764
179266
1430
84724
37410
133648
22495
30758
4767
71733
20469
4489
291646
16581
26446
2753
150658
3490
3205
20301
4991
185723
23188
397332
126135
7135
26187
163201
306
47355
52968
70295
8634
148166
156540
190507
214097
303814
146953
309
95158
32570
76485
5058
90530
123251
78227
20266
72080
102797
42949
44020
232
162535
60955
231202
73501
269610
184
58302
457
150281
70
5926
48976
31344
14852
402598
80025
77
223101
21925
541
201920
32678
2264
166747
326222
79366
3272
17177
115600
36094
3401
23479
1201
45231
186972
39097
2488
552
7054
201267
87070
52178
41507
3453
1253
3538
23912
219395
357687
0
3336
2246
25077
9570
542
75722
120226
60851
210838
174335
9041
122587
23767
167905
22694
682
21
59007
52235
30113
177381
483945
312225
451
58722
15825
180958
11926
57450
267125
167
63569
34857
85564
141726
33773
2522
0
42034
775
98492
210646
7231
4280
18336
236284
289480
50186
9769
349872
111899
192902
216947
2667
29664
49370
9224
295321
99461
36
53515
8842
281230
4703
210834
3834
242765
122407
345833
105864
1222
18363
41051
193820
417697
1991
1659
11355
30364
6483
206811
34215
0
70151
10039
77123
6995
9672
881
15510
84846
190505
1824
314961
109922
107539
40007
3179
63997
67766
117741
588
50459
278306
52847
7052
23372
34537
1394
185725
52149
63431
87441
102312
3
10570
86199
94648
51754
14700
99244
76811
314601
13497
8766
204541
986
246401
10052
49169
150124
166979
149602
10726
31488
50
29636
3181
137659
55451
5002
815
575
8020
150337
153541
145643
0
27572
99
75080
104258
340
5227
3240
22052
50768
60537
59715
43399
176438
164569
22259
0
6770
40939
98226
31708
69
26711
147171
2229
15626
109648
79625
14787
19172
3900
25091
2561
26926
175994
34084
57865
55640
1899
28386
134560
5906
11429
40146
70794
234513
0
6336
41020
10733
209561
5134
4194
2123
977
134597
116556
226612
368714
415
45432
6418
282682
254
5147
12098
184786
137809
12054
7183
214760
207162
1480
8191
55281
6140
17923
18916
26940
204634
79143
82934
157831
94393
58395
13
230545
128849
115828
100213
3394
263807
263001
70138
598
16094
1042
119325
4785
54128
21804
0
22138
48244
151696
136
90372
10683
1627
103302
42096
0
9083
96806
17550
1919
15324
17167
53060
61468
25064
99
69638
53516
1104
10330
56120
1791
94595
213062
6670
89705
215664
393256
37046
319363
94451
7455
74191
73763
320848
204
157474
229463
311276
1460
192491
10851
571
17957
1045
108167
210714
248537
69303
4118
138300
19612
0
411883
15988
297314
12950
21216
12426
342492
150242
41451
110904
56758
23609
432
292098
2128
48064
204664
99882
95482
256831
5012
61110
62404
54140
17680
252745
124489
31922
2070
2196
173367
7487
236756
8872
24962
81730
149254
41248
14732
22991
31431
43818
107384
96219
37742
5664
109170
26669
19
23841
60839
13528
9119
12976
29375
190967
87167
115825
132004
31347
2778
4230
85315
355768
284473
66971
1134
351348
25007
8570
22430
46418
261
479
51745
7407
4018
58286
135406
121502
4574
13131
2675
18360
152234
700
71556
119496
198803
173705
18190
101563
283812
372475
5893
53
131113
2817
102
376540
162242
47475
453
15884
231855
202446
18965
169826
180326
154215
7974
183831
172699
265413
79025
2355
9232
393
119218
15939
102391
8005
35298
259
18403
50036
36
18785
185559
49494
75227
179760
26970
563
107537
14541
753
37876
12
1494
1491
17251
48455
51364
325037
342709
13523
248510
5369
150835
17199
221382
9817
99717
2742
14066
1755
17367
4214
142201
19819
9968
22571
5576
61648
1344
240371
3988
43976
29231
63690
1265
2470
2144
69362
23648
328359
296
44663
40531
1234
7291
462
9671
59120
55052
119076
168945
18632
27412
29910
3316
0
56
27741
166583
671
101211
46695
162128
14632
22459
64846
164537
359219
19166
121359
57768
4032
4760
75404
320191
14368
5058
7844
214826
123250
4991
92394
7616
60241
180782
61381
42863
27038
32748
46763
4376
161219
8935
13940
19675
16582
23457
137113
34789
25022
16643
53181
4306
39225
61713
2283
323119
32760
47638
166375
473358
43304
10323
2661
49407
13779
0
26506
59066
5203
16854
183439
144669
43347
9480
242151
4851
49071
455432
41144
42465
82297
150568
83739
33318
43459
31359
16474
195055
6748
39
235265
31056
228130
33122
73311
17246
52124
22991
569
4301
2834
30346
959
109726
2690
112939
18831
2484
55538
1414
819
10961
30428
66321
40811
110997
181075
14091
190767
273625
41453
123053
9090
31506
7374
193118
4413
113412
302878
4046
120061
8953
26945
156321
0
4751
249830
43768
778
42750
42271
22686
5339
1768
20847
12164
217951
14924
24730
199664
67882
24419
121172
38137
12456
24503
1770
7785
73682
30005
84090
5557
227648
507
17718
68383
255486
40880
361952
162684
277462
43239
2994
124221
20936
42074
60
53350
243586
13743
120778
96741
101607
3228
8682
386196
174673
4524
74246
215
185910
76441
1316
288700
175770
8116
1
61007
374972
139511
17740
153982
141025
24316
89309
73
251462
4790
45340
69466
136441
1470
1545
47142
102145
452890
259845
235177
47722
122606
36562
26397
137192
672
700
743
153540
12115
2033
8254
152676
21065
9899
1457
27402
206929
93049
67432
401993
209595
340445
120364
5232
17032
6942
108241
25664
0
10352
66083
91023
758
205418
69354
70013
25936
160494
360727
304702
31639
9651
11091
10016
1983
36845
154
8527
138379
168806
4906
245964
0
11477
135848
25529
16476
313469
353
535
18138
2183
197849
20552
19215
311878
57709
20291
29576
387649
744
3402
331
1326
45253
0
2415
49054
1168
120166
13236
8319
202469
1245
1188
311
201338
147734
1293
1670
101547
19402
135456
24490
282181
116410
112373
218817
398
116445
125
4226
39
15805
12469
49022
208228
33
17547
19700
27960
73897
64563
79756
150733
59333
65966
1819
8488
120864
20880
35955
1066
2110
48840
39715
25812
233935
4726
100201
291219
474384
38336
876
33650
1132
139566
46830
83690
763
32418
341
25071
1833
122925
66909
14880
2983
72779
145926
114360
88557
1899
315759
86734
0
5835
257850
96456
105467
84942
31551
305085
40307
203383
66980
73034
3542
11280
3249
128336
30190
61180
7326
402
2673
315473
0
230254
16315
194979
186077
33013
15863
152532
45321
64301
84722
93744
292
153295
7086
222346
15876
140953
180810
26964
56970
181647
77458
6167
64095
21037
131533
42155
166
369764
44266
966
3169
6852
59439
56923
212393
341357
54264
2761
285
316700
113452
2102
151503
1837
89121
121321
188966
242021
62746
24178
48345
145615
150344
722
47354
69155
38860
81619
5331
182823
105219
34083
45324
59725
113850
451
249104
281016
67718
2059
9770
171603
30627
28913
309591
27531
96362
67110
179501
5135
3504
350227
311271
26845
1277
31036
19508
114
283620
2687
29124
80890
15634
18442
232848
42
4320
214514
85
9854
122037
100225
81783
151
13777
42565
254705
31353
91475
2900
8034
355178
4625
5646
7939
41750
41871
122791
235465
968
23564
155048
731
2768
112394
111811
33374
218568
27041
2703
74659
285760
15886
328
731
3268
153374
0
271
3857
12225
69862
78867
39069
146534
26536
668
7886
72510
114582
142229
6048
188218
6266
204891
2304
1910
48173
52756
211246
95601
5479
135426
1253
150905
32035
6175
323477
174048
13300
10874
8856
654
52944
997
451
114113
9453
253695
88317
3162
111537
46172
51682
100
379000
8995
11955
247
428
10092
305204
6594
25325
4229
62228
196852
90695
113307
184231
15483
49634
140824
95882
0
1
31910
73051
241832
129279
140264
0
48
13173
4733
3933
41397
240344
1267
174666
19258
4004
22878
159344
210456
302445
51399
46254
24980
5226
12842
5736
22643
218421
308
147158
51217
33632
163867
191999
23791
92088
70061
90195
1522
117548
96109
332996
5619
13685
80620
400762
123537
57729
36455
29104
9537
10276
23841
300679
29964
915
26854
780
151012
95952
33193
1437
17879
47778
420
5018
2522
243540
392218
1955
12717
20816
47483
1397
43645
3533
57900
105252
13315
160929
374395
443099
125
279487
37231
67393
45810
405
367
134731
10145
30182
22491
311
25359
24538
189812
42854
233977
25368
76
16951
255838
150175
135388
18670
13
31725
8953
78269
36615
392261
4442
35307
10422
329932
6148
180720
352
28144
21
284779
13148
266302
286652
105611
46330
326058
17485
120148
10720
13129
31828
19374
21726
82708
25142
379188
119557
22340
7317
108543
45453
930
44257
55643
221840
64308
69543
14410
169007
4370
7134
27967
462311
15449
1909
1288
242581
7870
91656
12276
32778
10592
2484
50235
34893
126804
25315
129071
124275
9577
120678
972
3159
4059
252368
23136
413947
14848
8805
77413
48926
150880
219342
21052
3392
9765
2400
43053
174472
63447
263517
351409
21298
1671
73730
109519
61145
90911
149564
11683
125963
4176
76860
230018
150902
135351
190642
32119
52364
127301
16555
43470
52485
101115
0
1
26849
4249
31953
169842
11926
56844
267202
49826
20713
30128
15451
53424
12803
3812
1479
174567
94888
223570
183355
70
8834
35317
203222
96744
116188
439959
13943
35143
23146
117760
60160
108370
252568
18548
161396
171577
110818
109928
43126
24806
88368
79254
6959
18415
104070
151075
37023
329444
57419
337176
21164
144764
73231
228840
49137
215805
402124
125302
22198
0
1118
225266
101
158531
347
4323
154436
185318
11973
75571
123487
238458
18327
140868
217774
67507
107666
134866
224162
6625
7223
198683
43077
43558
264829
5
67812
10783
3589
134774
140371
46624
13019
39109
224953
162969
5106
153907
180094
211742
70528
5693
319
12
50595
124152
12316
249484
75706
132770
78043
11082
306946
859
140819
61140
449
12486
400
115131
66272
281649
6175
54660
54029
1306
1600
12326
5037
184360
50845
85195
153001
0
145328
270
269676
35
194
49730
6151
32184
249364
84847
108381
172856
175840
198403
3282
0
124539
15406
16354
24042
40662
49863
64785
67135
166102
73819
197067
1211
24346
411929
74672
503
11170
237224
187067
34748
21696
167893
12969
80865
4995
238947
38157
376
2124
171154
19161
170
122588
82925
0
126075
24277
3
193496
157257
42525
124576
66337
3105
295482
190643
56475
200675
25042
8747
11406
186945
1775
2365
122006
117350
692
180589
55863
97694
135828
107653
32533
23215
46980
0
2935
271866
7061
50398
200125
310477
4885
61633
28606
390
316810
31240
1335
4654
147110
67981
78
151829
149550
1916
57159
68701
68128
29704
66674
17914
23568
223482
142644
59715
122794
53905
23773
6089
8575
147266
1642
118827
268
25713
80981
150
36608
179125
119599
1626
322
67212
38252
50473
16046
4033
54592
212705
228908
4165
31111
94940
53583
73
27909
0
47946
216776
61210
44096
35899
64064
37414
61936
162063
46943
178061
217660
63921
120168
60
150117
228405
829
0
17576
145786
5373
23936
60723
11930
280631
128817
655
40361
23354
856
49158
3435
2335
2119
4126
3942
48296
85022
188365
2561
22986
18450
9194
8497
219526
12753
1052
409467
2032
179345
21026
54250
230847
17085
0
15014
55723
52016
21614
39783
165405
197619
49506
29715
49227
72048
46120
61148
43317
190133
259272
314304
181451
472
111603
10182
1757
5
5285
306542
366822
50335
72152
3144
62722
223
34804
3526
210116
207971
46933
9150
114680
1564
37411
69019
7637
59371
94789
285578
0
298587
8323
35674
131387
3712
12589
20939
33674
75826
218339
170081
46112
27
83463
153461
138160
279175
269894
116809
16972
21075
369
2552
4401
10896
199099
66941
8621
97183
2508
1693
22635
29679
83461
179220
148175
167489
119838
1101
228732
781
18393
323
198856
80233
23965
46643
115287
75264
160740
85507
2215
6743
30668
133144
59543
48989
1030
297139
73818
2837
38
186483
325132
131383
5075
97932
112026
315333
13912
132863
27370
14368
27050
100532
54785
13254
6466
198227
144539
231258
25356
379268
32832
25245
391283
329577
339627
72169
455
161947
20736
23990
207414
70301
313805
0
27969
110948
17727
66066
254705
299
3422
124802
104907
68497
193301
8385
3741
12016
25149
53614
5
63
35957
110960
3030
171092
13194
253290
33890
104
4981
41356
98252
43814
43276
77426
52650
56764
51160
5629
4110
3137
40097
87994
4665
11092
148910
134742
45159
48687
43687
98806
123865
26271
308733
10722
6738
278861
86478
2782
24520
5276
95767
227779
429359
103876
29660
14583
66106
0
3
140166
111595
47210
12243
164457
1320
41223
52577
5017
80089
8213
14624
164332
868
94660
11265
287218
19899
1552
63461
192982
20833
1513
316582
153825
29414
204324
26725
43327
104677
16921
106533
69754
24985
17689
357
139153
10477
58455
142005
170015
1524
11658
196869
327930
74993
126621
110652
135545
11507
291600
41467
27150
42698
422606
276543
65843
48109
214087
139607
112097
116535
118156
6103
266
133785
133261
205860
110954
13380
128818
61047
8330
107665
20566
49227
323
98280
127403
20100
68554
7445
345984
261616
5785
26832
109127
245138
6539
360239
29678
215552
22208
49747
2861
108906
72109
111295
1619
36267
70376
77218
80744
353499
68075
5308
377962
10383
55578
181
23074
166884
3022
8178
342
78834
193546
130956
350881
62818
291872
9259
312109
5356
173303
4055
91832
28
72459
13186
172
10609
20189
390
12316
49158
5189
1193
157214
4570
60883
23546
403147
106560
51871
246568
79745
86503
281364
99363
39327
1487
4210
549
30270
3612
204256
20306
128444
3888
31007
51135
411
642
18425
87199
184864
6006
108695
175126
116159
16086
38780
404474
17366
250714
127865
23926
188078
9716
11080
31
2952
106491
3530
44854
3302
88602
1542
1267
34052
71232
58839
33936
126455
156820
933
5479
47
5755
6317
46665
200
198956
201953
226600
82446
181121
23630
139023
79628
96676
87952
8696
6260
14904
278055
19190
370125
25586
3665
19602
196826
42131
301370
28637
124532
23871
71836
490
1497
49608
13540
101701
1045
101287
75453
69561
202247
2287
312589
81774
26825
10309
50755
92624
9045
21398
3639
8057
10443
6440
43350
36481
649
4621
394951
9722
209850
219075
120786
63960
34063
240164
130439
0
14686
112040
117037
125231
243112
450
4606
3567
240
217424
53763
9872
3714
272304
32535
30408
4036
82614
82871
19690
39089
2612
110977
3140
73495
38025
209551
197561
8247
105231
0
213193
176449
640
32183
39764
287346
4042
0
244284
89796
4543
241731
118727
32584
11565
43994
42697
68699
28649
2815
97318
6947
136
4240
141702
2847
7018
23373
8558
7080
82829
31452
133631
245770
712
39629
164886
45248
23577
22100
549
10082
260272
2154
39087
240102
25479
9068
155694
65514
27998
4345
407513
9976
43303
8287
30045
21350
39125
29421
26192
63297
203281
383848
17790
432
232897
8
110557
93222
927
2533
305320
478752
208822
11205
130614
175928
5776
10433
348155
10457
10891
195506
1685
541
52127
41513
54863
394646
118844
630
1995
16121
47166
165242
2260
212506
36581
4680
187811
1047
79860
81221
41829
26675
207080
412
4590
16862
367694
6881
167029
85698
10824
80834
61114
34335
44611
25
10304
142958
1808
184804
54130
101657
216
4476
2075
50344
284913
55367
122569
67573
5105
73652
4794
140050
15778
123178
359668
12324
23017
26003
39909
38848
51627
61132
1196
103
35635
14913
63286
151630
222193
149372
5068
6039
4952
15344
26185
27991
101216
34094
100
226
320900
13723
1966
106756
72545
56203
353195
966
122135
16421
141622
63048
349894
15508
58115
101478
60203
1978
13049
21881
20870
429938
121835
67583
149
2878
148111
4867
90953
24458
39882
167867
19233
10088
38500
2382
33414
380640
48754
156
28713
5262
125009
3827
98841
362370
1865
162962
85484
242280
12865
917
7856
13773
327
204694
138480
146468
191403
68
1344
208567
329
155483
144700
45313
56
4632
448
245942
2161
66881
90431
7494
243
236334
140475
62754
19946
198536
13923
69498
116459
69549
9829
20619
9207
89868
15858
54883
2662
82462
13456
141455
24678
6521
70021
9564
139476
36844
313237
113741
236815
16650
29381
82485
52260
5576
82431
8522
85488
45637
7549
180
27213
966
39622
2026
173641
110461
22014
39820
153789
3802
21076
151024
142518
4859
196389
5060
133449
32472
60011
6638
24
792
48516
21975
17145
131398
395814
170668
51681
4062
37229
47966
3560
22941
88851
7583
371747
211019
5309
193
74598
45923
342202
167259
0
73628
43751
29431
8533
264341
795
4376
145634
1506
3952
3858
176
93170
4844
253949
215020
3498
5553
125710
273808
200868
18955
413736
27853
78810
187222
3790
48456
6667
36500
15258
39516
1322
5592
3418
43575
75581
12565
2382
1152
40463
145148
94370
188621
5908
82307
78861
19220
39180
3
58762
73815
58686
9
116625
149686
60718
44172
91376
384186
379663
127864
367668
102795
78007
32291
7705
14570
2784
287291
212705
73765
301
205114
219999
160503
24681
185219
61111
96936
240219
159794
3145
47825
38494
21377
217936
8366
1876
12676
108692
4460
42206
2500
188532
112438
59512
45420
32372
92804
63
43018
42590
21268
6860
2410
15595
31561
51025
1885
432028
19624
12308
36826
47335
3
26292
5439
13102
21538
108840
19217
98498
0
49158
174184
52389
21393
8717
15408
196070
16073
961
383071
63772
138184
91504
187358
31264
208422
20637
36602
72992
286614
393359
484
1298
19251
40
32357
849
13069
25240
22310
1944
136613
55403
177800
1934
1480
444996
193136
155887
11536
114
311748
107880
25394
1732
133701
134737
2477
2772
637
154619
8787
32403
444756
109714
18546
187398
217314
168861
130212
248448
111264
27126
4
2294
340812
5381
13144
190
9427
74712
442
12690
117184
14814
130968
2026
28274
23635
2290
90559
2781
19733
44104
69
40290
62550
35
174162
233906
153408
485
100306
418210
138250
128670
52442
76877
33415
62976
54515
120743
18490
354195
6208
374264
236043
1619
349871
15450
51688
1116
128
610
67231
914
178562
60188
120010
32661
224820
309
231189
169008
9135
292152
29557
1191
34427
54119
1642
419240
147304
58589
39230
74273
134691
187542
100796
6801
28440
1974
2902
4876
0
27014
75938
131252
242859
69849
90722
1472
299911
46812
168378
300580
129
130237
81312
130969
32006
648
109037
39224
20089
25468
288326
22260
268539
8805
827
65719
119726
242446
194044
65944
43053
232427
26848
53533
57539
0
29412
7644
32587
312211
24440
789
62681
101485
4420
63909
31350
120104
202624
32599
75356
104886
20729
26467
20915
4938
84673
134570
73128
86434
56837
4559
116165
50469
35739
231596
22813
136519
8529
171275
113311
1729
67262
46395
4474
35
26555
219005
84014
21288
21813
25188
101362
203638
103043
8103
229940
198616
245047
8729
279804
93172
778
93795
72475
338611
1499
159437
127359
276119
186164
454
918
63390
9730
76997
39899
148945
139815
19458
6401
74185
16355
28779
39335
3240
43969
7412
36751
109012
118
25738
12899
47336
204415
9
2253
16145
84252
49729
23665
11607
132
1073
8573
58852
223
2230
34805
245
355852
210306
303
6
6648
174228
9079
48879
1905
170992
14627
64548
82405
47160
13731
937
15585
181106
120807
43266
140359
102520
110605
233693
107502
182398
303519
19579
350144
57746
108360
186510
122139
48086
49069
95160
123495
5735
279827
107548
54216
2381
381098
165571
2080
115732
53328
1975
6159
167
46532
102361
147919
2128
78592
23367
4298
308061
80568
105381
54
378241
180642
13768
35309
196458
9030
47874
5163
83399
38364
6500
33932
14144
89809
63138
329297
14819
32024
109359
85805
27721
20355
8372
8166
14999
133430
1439
771
3995
6405
3393
0
253736
133196
115073
31584
134427
24236
149156
14758
46474
46211
23942
210515
1004
24009
241953
0
28
26779
176986
116210
846
289642
42782
24796
268
4130
5042
5240
93413
525
171200
207467
453416
34485
39066
20346
397824
27485
11222
65429
116910
92177
42621
5730
1781
103648
62526
46518
50388
5259
150503
34056
46051
18988
16210
54052
17807
19569
28719
146028
111977
21620
2241
32590
203191
25968
491
726
2811
9372
6796
1
1156
242266
202656
17168
112
166848
192718
7545
26520
1010
70053
4169
42354
33
345470
2860
0
14953
60070
35900
51016
1278
2712
4323
480
3846
297948
139360
146916
12831
5403
4339
4858
15805
52975
292013
92418
6591
640
387342
75406
9153
310111
64236
50903
10036
0
17355
21022
86739
1962
260
21819
8656
20525
59603
26803
2817
86190
3737
994
16494
163778
289052
5
132153
6045
133006
6154
35271
125053
137784
41
6082
117837
54355
1978
40227
144668
60824
199257
2025
3134
5683
229286
67512
1225
0
334
16476
4260
45595
140241
142928
78209
307094
213550
131791
79464
51
177
38926
11023
130190
89580
142157
148901
224
9888
18
184609
73932
106798
43824
90980
122283
1380
259575
37768
74035
100761
2790
330572
11070
774
36677
117325
357576
68914
106462
5220
48671
16974
16903
189988
42207
68637
1347
76270
200
322560
50342
86933
1213
285
38462
8993
228836
146653
131
5477
82574
19297
227855
56621
78064
42981
10022
231682
241430
61261
76390
189148
245179
516
14172
181967
2688
10
16742
39810
418269
277341
179823
305060
2055
308149
120428
13290
126
33937
4847
182342
8938
156978
186461
1524
10765
36907
5074
1876
361
375181
113177
1497
44832
226270
11554
149370
39435
8553
17676
367785
113715
204462
335534
337260
55207
140539
53851
164654
252759
7563
82939
8085
344729
93144
259432
71610
242053
19396
57277
89274
33544
1260
13342
46605
293099
212144
74359
4067
10911
39428
105
188683
354445
508
124503
706
33299
23716
106288
17512
227208
64532
146592
10
485427
226015
23971
10579
26710
25
54561
13402
103469
112467
78000
28649
58735
88996
20104
20019
8515
0
30648
391818
60383
5328
74508
7495
12810
58343
51069
15308
29240
12
2235
19047
30556
292020
14863
95655
1779
75442
26610
75956
227515
198003
32088
232
4305
69974
2296
24700
2088
184211
13485
0
21476
17643
2257
85
390
10996
13135
38029
35640
4206
3
271006
181690
31321
2590
337715
169201
167644
9795
54592
31338
229430
18732
1885
27249
54615
24079
22992
118865
269908
13210
214164
89462
90271
183382
193880
40014
50807
3825
56562
17342
3074
22187
214452
24541
41099
118474
23171
73655
7766
42942
11451
480146
45674
21847
31503
277759
114058
13223
135352
9849
114683
24193
0
97143
42171
238906
28924
31717
130669
106252
15341
56475
113173
131201
78214
54768
198779
140507
136167
175039
34237
27703
71489
161128
84912
172698
355574
102171
138283
757
93876
981
2237
271606
18450
257391
80345
173537
33920
83878
40026
79573
234819
124
2316
45926
416624
8594
78420
164645
49573
53177
22949
4672
4928
204826
71609
7190
197
208581
162901
208917
43074
15451
37761
128324
143
35672
27812
109019
34637
247694
5929
23109
4265
10200
110959
60078
198848
69454
65643
124548
165775
2024
784
172333
29825
73626
72
31495
28158
3307
214509
47460
1599
3312
33423
7611
164551
2349
108300
316649
368811
29099
38350
11409
117894
13135
441
237773
12478
22264
310126
242734
46782
15703
19967
186160
304
25531
30980
44
4451
35882
87165
323
26681
186655
16396
26745
5789
939
102838
217656
4631
19967
50587
130348
122
116783
46119
189856
44290
53100
146922
172865
47952
312
62078
153704
1702
38478
70090
18808
118134
356597
153509
8484
184298
112437
3075
0
332597
8789
43698
1224
2856
1767
179111
7228
248430
27825
1271
66
35981
110230
82274
5568
137446
261115
21333
114432
81751
138234
163254
32125
49962
201601
77700
1490
158258
10000
41870
3073
98163
427324
36847
1728
8966
26704
6
255699
8952
82716
43485
47106
231000
2572
99935
4442
18248
179946
23542
71702
57823
6030
116826
45736
10199
4280
124054
117410
50114
138538
11175
379763
32322
116021
219934
164381
6430
138191
406468
55894
37
276531
44284
136797
132799
80095
271358
25
265730
57831
110512
12243
5241
11949
30246
159956
147
103285
16141
2937
36046
1045
60231
106528
133966
6840
82813
5593
1404
4220
33775
27911
1489
242615
141972
415549
10330
14212
181886
48151
131024
2163
14
466
127633
139422
71209
21367
986
82446
173998
4804
309761
105233
91456
18399
9399
107416
41046
61417
6645
228301
95301
17879
54285
509
2091
158735
65878
1240
442
196406
198750
308542
112147
14581
330567
38552
8726
113667
60976
87158
109
260648
45161
183914
34871
69042
215360
67181
11559
33154
14554
172
238781
1023
64177
161000
94720
151938
11291
9668
194
55791
51231
43490
82577
228210
197915
11460
199519
416
17727
18920
5143
3666
308354
133986
9731
28691
6057
2727
2154
341
35713
72730
61018
32327
65
27533
41630
3
369837
9227
370813
3948
635
60609
9922
9886
4648
51207
73736
306219
140402
157255
97557
16435
73305
512
24234
2236
154637
30318
205417
3473
196
62883
339550
2383
86119
167
15698
3615
3876
190584
4519
371452
27422
120913
48500
8380
97441
175449
83770
100137
548
38730
7998
239434
61011
245986
66834
33443
327
1133
168030
13015
316
72
169
392053
219475
118915
27580
1136
36622
2223
21185
400865
45205
94560
2263
106628
22828
6441
111937
87932
65711
10944
7904
32032
46589
5289
81390
10802
3330
314772
105223
296185
18822
24927
134
57127
255183
118566
19141
237
418801
0
0
95341
49325
189776
34028
51014
202637
40824
153384
20933
141984
96172
38826
269830
36180
45218
93060
290642
291
119198
39234
37581
22153
229662
17787
4565
158609
40909
188642
10626
83576
8974
273152
1065
20271
77708
5467
20009
3698
125264
248770
32
1331
101061
79728
14319
91411
23896
24751
4045
43613
16110
42550
472
39339
375
479796
197549
31076
1210
2278
3490
2418
52260
185177
47304
232022
57782
126047
43014
61817
98541
59816
4646
222
132084
69886
2626
151287
430
314940
211983
10504
87997
131459
112936
5117
53125
88572
77832
216557
112729
71599
372855
161176
1190
55574
4935
156769
52122
28299
103222
409717
3137
200734
262500
344317
74993
134873
4038
3007
96804
81565
374016
96504
116096
0
357612
79587
20347
11955
260
325818
87892
210724
56372
46204
57010
0
65212
73416
8522
56673
106099
283436
511
233024
303182
150742
157927
49409
985
114540
12830
34939
172038
72232
41645
284968
1462
126727
221
24882
212909
1666
3202
71717
3967
201751
130613
24319
97
201057
30554
32246
24630
43755
86625
10829
74339
5045
15956
65272
2354
5965
95130
120213
46
359835
243921
5254
7356
16336
88962
151619
234471
1165
6480
22130
73644
58564
404255
44831
85117
129241
311
227792
8900
28130
181024
27375
292
139
17780
166143
25837
297360
25453
42010
261513
5769
73508
351267
1117
111397
62197
61312
9260
862
31753
1215
52
295864
3661
280532
2612
324536
264
404736
12005
44248
25490
38
17531
13942
1969
281538
160207
8794
216726
98392
46071
13443
144387
285825
31215
3609
234599
20785
26420
2160
142211
22903
1630
1106
65736
12309
172203
112020
72983
18806
61397
3399
176160
303498
42440
54785
8326
62143
62100
2520
104977
30774
132653
105067
80096
258177
2040
90848
60
284060
10028
32802
336885
5111
215877
1331
129827
103329
77323
348032
0
3875
124643
178229
18462
177732
166129
286674
164964
159627
4234
28200
3564
4269
17427
174362
7
147741
352989
32
74817
349559
216880
307258
6377
14446
155789
1727
180
26114
49216
192734
112313
15910
5411
49306
2102
0
355715
137858
248
46079
2065
200082
81996
2327
98505
787
30
6788
27105
1644
242486
31972
24255
143154
122036
12670
187184
361923
11971
84556
9555
69987
8944
192118
143225
146240
22474
15633
255489
1664
20025
1180
13303
36392
279731
25430
51329
3063
9275
305763
49179
6365
33118
107694
11039
10864
14338
21976
135256
2202
118440
373988
324155
33711
12515
2389
15393
157328
45983
30221
107915
7036
26133
831
45126
26263
1504
35248
120761
30947
26099
153243
114322
160168
3005
29440
174331
84087
24053
74881
447536
91898
51044
8300
14310
261602
64772
11865
21756
964
24906
28240
9449
291291
48048
1726
1714
69712
170957
369442
28617
33018
167757
24109
2035
261825
76836
9173
208376
98870
188346
323110
22055
11256
79582
204619
1190
5168
26944
1967
50554
13932
290928
325785
120898
98005
7526
159533
12168
16292
86161
24292
1214
34566
73929
119602
12616
72089
92735
38897
29999
37485
327239
249120
89443
22359
80850
23905
14695
73
245597
9
4118
83739
24853
71081
9029
19974
11976
14290
6808
110636
23463
3902
3471
129803
322194
10932
53284
172714
598
18017
122807
41229
0
78632
26756
4049
35823
10369
182445
105491
5496
12753
182437
199066
24088
82876
48069
61447
12903
274398
26493
186853
5156
9908
72701
762
119983
976
5337
5216
41703
38808
162448
45862
0
23090
159771
6056
7148
14754
285684
287
6120
216929
18824
13047
8877
211697
50245
198414
131852
129371
92045
705
449080
9764
10970
8
6569
4361
32294
11367
440
299348
139131
6
199174
3473
207938
2811
1376
65337
141272
884
149454
195686
145
92405
103590
7371
179103
121178
226304
45585
105804
47502
8153
9358
586
253606
140528
224185
31415
83
429839
308
5286
74263
88689
75735
2195
382
262771
33137
21311
22934
4435
123
192279
54107
37164
1603
240884
140470
94059
64127
210302
20138
1458
65981
2666
17463
40376
316205
49988
730
50143
180473
1825
134612
1026
7409
291975
40572
115066
100850
229478
95092
4293
28383
23334
6220
94665
2619
59572
477
125688
12656
102218
3270
225300
5286
277
330
372
151643
9053
46004
3105
46838
197437
52841
77642
1569
0
243500
187772
24720
95834
109974
40837
84
88760
146056
8743
22437
31816
27262
39357
258
18146
79
76563
17137
165818
134959
29082
5609
326
6345
101809
109011
31610
42400
128536
759
2519
14427
223866
48618
47083
246318
91505
281619
331014
1949
361217
1686
15006
21986
3
6671
1830
14396
26910
24259
33549
4515
748
4702
107862
246661
53870
8851
46276
13857
491
16227
3777
35296
181212
15194
108640
180630
186537
289301
12348
177305
51840
221703
15352
165388
57946
231850
181178
91632
71391
4608
141
2592
19292
53792
3643
1715
21225
415563
114395
171972
80604
46537
195026
120180
6049
30152
2440
336
20314
106198
5129
62552
224
5914
44723
165855
6659
62122
151
3002
94736
77456
5523
0
52116
32437
10661
82749
1750
8802
83772
33851
388491
246827
31290
197598
12610
101667
260147
372
19793
48049
324134
54978
1997
51837
702
78261
224850
75544
21987
263
301825
11063
254650
127059
16128
265652
105968
145983
52227
43685
11973
3
198784
4426
16374
66937
172323
73187
277258
102605
103880
160247
2537
82252
12368
112185
10
215954
322805
7318
24719
47639
6186
3544
147565
16856
13322
10119
87205
91600
99574
117649
84597
21353
100450
709
38905
9164
10844
159996
143720
6356
50573
31164
469551
76780
189577
3304
32634
7143
1
153966
27465
50688
72178
1780
63749
89790
34890
1604
58207
15007
9691
32076
25934
187125
52901
128211
221464
5793
201280
65895
9219
6242
131644
6785
42735
285724
50954
10764
31672
44963
7920
81763
1711
96590
187954
452568
51615
185373
233866
463745
12507
54231
155664
63707
22611
94113
15150
3697
5115
89990
22439
26093
49704
52041
10747
254437
114467
40097
27110
105
195843
66291
384803
8095
24051
105531
1745
221500
139381
10652
21889
70
4030
762
18077
135580
5335
0
25
70760
309096
110244
183
19571
19386
195397
2204
67
24457
40934
75864
102077
8111
214442
11131
8208
64474
38440
27613
68485
170089
127552
71514
98877
38320
4544
275016
187846
41089
64234
45015
10080
156701
71859
226
380938
18696
190830
34
8909
8132
1109
35910
7818
43232
51433
13185
73561
216262
16888
12643
65564
104401
3857
11141
151
20736
80195
55990
232392
6847
16
24201
263467
161408
145351
93
3693
40
70312
133613
306107
234338
61
79473
15063
101577
140646
4626
176782
104448
39661
2662
139746
66623
12097
26011
13647
14388
160582
62042
17398
205004
68918
5058
414230
84801
55048
22569
53583
2907
64692
99272
263158
124580
33945
125407
3274
59318
249780
2
147906
64478
3780
638
118497
1700
1261
13
1976
25
64584
3099
187778
218677
121260
128026
40110
4550
526
157980
6205
49416
9670
2330
2078
2588
2651
59639
105435
317
69035
84943
35507
69
132
86925
12856
48138
759
85771
71860
0
97429
3492
448
14599
391428
199757
51282
18367
0
1751
20252
78538
131474
21261
249098
30112
4962
190712
149021
54381
2209
7
15740
351
13066
61663
0
84129
100796
129602
559
8932
73091
528
80213
6114
49422
6059
588
28949
7487
204363
204952
128702
51637
36223
561
45435
69053
549
96488
52704
338261
186
55164
6958
125361
28880
288163
21505
1128
174678
1024
140271
25359
192
25106
15778
2765
70847
0
429678
105729
2754
4118
14616
58907
29021
124709
75812
255764
234537
95772
361677
30971
83398
5874
3647
3088
16935
7944
4288
3355
42296
213
3904
3456
529
0
359008
5820
9780
62971
81714
6139
127951
1316
64079
604
20
54880
31486
53247
78768
37
262967
283514
90915
1384
20316
2052
62210
194123
0
276553
52712
4304
152
299878
233995
116553
164909
43622
795
1052
2327
5148
7
365151
184093
8963
16918
26617
19285
33995
7091
4529
3833
161045
66449
22451
31182
101995
85123
19876
11370
14850
277782
244320
70194
565
223216
21942
183279
1986
52972
65532
296
46709
986
102635
188946
9825
13479
10356
116578
225359
26214
47074
54903
145
7708
11947
25583
962
9813
4010
226035
2369
1899
131538
78774
164011
42315
36590
272113
256415
99803
81734
360
9644
7811
73338
37285
4308
3946
43
109558
27490
35316
189225
7541
12019
37550
82367
88188
897
73639
81391
226899
48927
40516
26985
281042
8302
100235
152224
39275
0
299660
76580
65321
16474
201580
55114
20602
13514
167236
34356
9073
35685
15725
22883
3111
30013
210462
85714
318887
109306
60014
80295
24096
24657
6398
1
6834
246778
4953
11350
53130
148144
26357
711
125981
10746
689
6534
16690
234768
6207
256574
28293
11205
126741
2102
331546
170462
854
47093
181224
4276
141499
8527
412386
265479
5558
118394
18952
76188
8266
4726
261
54364
23094
1395
1664
150174
8724
235206
122590
41048
375375
2358
84614
2824
32449
63415
13501
86651
75551
45662
1805
52132
1740
116343
976
15930
21802
33464
29772
35675
11277
2233
13407
35599
14388
121977
1460
1512
35659
241690
67596
61
183380
150749
68759
244190
10579
82261
13621
146160
99493
6913
38411
60385
94629
64997
268072
66348
433543
46337
180265
8653
190007
1570
5124
69053
116247
155617
7760
2593
41833
1647
179914
6441
201349
85524
105894
6486
283414
2844
53539
30600
189988
7239
19694
118545
36235
157673
15292
327255
9236
1019
9352
205668
280379
355232
116
3648
117449
311935
189457
62200
102461
12744
38696
179451
81368
894
52806
131250
5653
1752
83660
5307
101622
3454
22362
8453
64519
264178
217031
157454
5213
107096
14462
131032
26471
178
109552
7917
100978
8293
2520
131976
30775
86365
382626
5906
9248
19038
157146
50851
85412
0
287
17292
25894
100804
39974
14839
6174
205
231540
42450
208899
1485
46412
4627
1482
225175
36864
169047
12773
238742
5607
352
139477
29857
53745
377558
340
128487
4174
37933
181035
284452
172762
38935
150899
315
110526
246227
116854
46725
365229
94774
22380
50978
5441
211878
5457
27552
0
12091
121133
11832
6323
100
12042
10343
1005
4806
135100
11323
11835
1007
14093
11133
80145
183414
132617
4784
70107
42800
396172
133097
8177
191444
2119
33261
124015
31743
1888
21086
806
0
8932
147097
2111
2594
332529
9519
102957
1995
62686
94654
576
44722
5375
6735
71148
13701
54497
1888
31486
198280
141016
19352
164995
37904
175406
114895
51992
8953
86087
248475
218077
4096
5429
17682
61803
5950
346305
175819
15939
35650
127364
195806
139409
6293
142477
86090
1408
11596
340861
3061
282744
10848
189301
10972
205960
47400
392
134148
137201
22597
270793
108
46576
65268
166813
26905
63531
9407
12309
87933
72976
9325
83930
1317
50581
69153
227331
217905
7281
326602
45922
29793
243229
245
45913
16486
226427
21548
0
29251
1830
176927
21100
32234
236673
84
306738
147730
240778
4562
125372
521
0
148524
261227
15023
103774
258490
340102
4
12310
6394
27050
153384
90970
157145
78945
2103
19942
23141
87706
94909
5563
28
29549
1142
