594492394
570061398
115961324
146538815
773189830
4508136
738936886
5049993
525974143
963515647
194993853
211417053
695735274
909834034
921506435
154518362
328148428
838396732
83222100
158719332
586874682
640276171
599921357
459665198
787554165
368768664
423685358
524817326
277086552
46091266
227550482
445494317
583745788
430657948
756025231
435540529
53727889
640048784
925431593
914181599
677324081
749230362
226975385
11249320
33366654
455748159
114627488
671453681
625568854
945585030
119283489
894267876
417044881
755338399
293664033
293247546
330726041
319492598
978438167
937458457
232179238
504123535
12094978
749744122
300973005
508602600
479669642
372473766
92439373
342036112
336842609
927582448
550022566
883791235
711746593
960692251
716631382
493921957
242844014
686508238
191963104
94834521
603598611
612393191
821282568
838394734
32991932
285526491
196792873
343521701
535459533
917684929
307944446
714815837
777757010
627125445
289984885
236983443
713358493
840228764
750515233
914249534
854493492
942830153
412567926
383188262
111389905
93098485
962918729
125285425
437536370
601933718
927987329
671085436
111372348
531510121
79325897
493714801
433328076
262561625
799170091
482245978
174453758
202735650
716966371
63270690
792044440
1028642
264973284
914731744
664815445
536761329
504568779
54103917
111731357
238760701
685331675
386105981
851401181
94617420
534620457
204613908
391598430
447326699
505877106
321954607
369930740
136574219
941103517
967799178
97120210
26225189
172324523
621632735
669306070
133637718
908802920
549020242
863224722
609164094
357337759
630034638
948122294
409581153
168953964
544115720
298377472
148850148
816452305
987348224
11573546
771560655
301949494
853960138
794481856
364213006
829385204
586669713
873009424
369397154
347490052
678204023
606554227
150185975
421557559
824844225
76468662
9616812
596020606
717683561
113797543
358776738
246535742
381799038
473922803
909012518
355714144
26819234
698593141
477001692
390076223
182985261
380409873
823634244
924543531
432759445
644251010
209147287
211283861
85724883
290019650
722526194
895926105
31706856
979604539
237038998
445669712
859157473
975817828
788646920
952796266
949828480
907680000
802819258
366022284
470372524
781301573
282646871
710116446
734596650
662348591
844742441
107673542
493520016
928408006
685606077
172801567
975420812
258715971
319246266
694863331
804527894
559891404
532435613
237796797
569201645
270580569
571506528
544735688
90228038
420715822
822565096
345701090
198753598
602245683
839520188
100661080
46820500
306062653
32530424
534691516
612226865
859516204
809989871
984678492
112629587
658946189
539954918
524332667
233642436
935451290
907412500
101886483
763497404
902111261
715065656
635314015
771017843
581077656
612975009
640562085
242080822
480295982
666561207
377347214
740828148
853151755
488646193
51678163
424215035
650334707
738446220
170501987
34837515
705511832
31337791
932747443
376356512
463875734
507638717
27493388
530659887
407219371
593065999
80756872
290978893
415461433
880142557
278592131
164939760
185225531
924891384
386794722
219729450
318024294
562789188
941891700
119421682
158270641
849798156
462898912
699433095
448510194
268944018
505017608
195517476
649953850
160950966
667077500
674165957
483033592
115736354
100027862
274590237
691598726
71349206
108280355
283809623
512402107
190845694
452930599
170182188
134750668
243675506
577612321
532061842
367199800
457584536
896708910
824207338
759897599
564391336
160255643
65225814
330974695
921516875
13491379
188217326
250483725
284674990
895898412
597035155
359859761
727648995
12050576
396774491
424690219
452811519
87214495
860949098
875670659
392316293
792180576
724552476
337241323
566080284
239015801
303276067
318671399
783727614
720498640
526383857
244160377
937723458
726548483
505738896
452606758
949817733
128651672
896063289
405221997
295931780
934041551
804840222
437151859
105969489
503280672
697659508
461866358
723254452
321172815
443479203
7889248
159667823
935966018
980118604
53009234
744089519
920316268
553016499
15113006
440964863
251396441
88686679
778740806
482344108
205310093
244140481
329379886
264465822
171252974
974818254
707742350
305951592
230051647
631968513
514666891
144698044
173875862
650761432
974996144
557239167
553289919
659271447
109597299
201940000
350899380
653811277
262469771
479780873
607468005
656566120
272180120
112217455
353743366
873632769
678396320
594982708
67775161
372664972
985137828
377323447
455237764
963778205
781255920
757036931
52979714
837845637
610234143
395653364
697549974
934306494
817827732
448538725
352038613
438901052
26856328
416338867
425281697
988835803
840825954
980601758
854969154
898077490
199718996
943120040
952910798
41851474
735805254
692773968
189642788
97038464
735419655
816528220
247974272
340740068
498036600
545305117
4730694
553836945
57372079
500617243
340381078
747641989
502932407
182519228
823016046
723711530
106793522
807071806
558899256
345061413
984972769
941363988
813078638
995010
56072045
276273257
782105678
338436180
629928112
716569031
187787970
865629556
618814852
286961258
252609698
549228268
428784830
265955520
738583355
5940936
665377723
917699993
98143461
249090509
333163201
872970759
285918384
173532450
708875012
560389727
355447843
875381294
111622335
72021068
279876376
587980660
135145509
733950720
970657144
430763016
84136912
103034299
559486937
699653591
81447638
234106587
543501862
868866445
204686963
397090913
743131374
447691843
109790845
962230129
25843946
969492905
16402221
69284475
930607890
298334156
506368881
678946823
779273404
574970282
518221992
331433996
937130482
280888526
525888867
665125365
862617267
846839838
525895291
813099048
368696233
762266524
401349618
363538048
95510987
403425780
17915158
447137250
844376866
74117136
60488933
715160920
96950568
262430772
606528900
121762799
887719125
64606380
650996470
654722507
84629280
320103412
144857512
794919048
446169582
302884912
454118816
897066864
836118986
879477931
84667290
422603876
382032678
887722882
650196438
479522535
738166040
751620456
275177242
479568583
940639678
538695783
722169669
144371699
29879981
113573286
829306374
583565116
427873839
492362933
910187884
94281291
684232898
908501737
222333430
873835187
553321901
801967084
21559875
453891449
964750486
973139544
358743444
234957237
423358357
904772904
397128327
772510168
68436162
85738566
758306218
911518800
455263054
484379669
121855286
102572974
935195388
496163620
188623252
506687995
69191251
118815365
239515259
256524452
346356386
676777215
323324951
470998741
742108573
515291344
552825260
40704110
608512276
982651359
72279267
772209130
137346897
895737018
11329962
712648897
388159557
177493489
429619694
458270720
755027965
511478194
144033476
738277663
527617372
886651231
636231186
163723122
335632787
707634866
459913033
63316362
536809281
37166701
498003810
624896941
911482339
434120771
933978295
72124035
416099511
795887360
122110573
407302511
604218788
922449449
845118494
714855584
687631180
613852644
317795618
726678396
319494942
58922048
382588201
607896513
39378043
457274344
159289188
290386778
740098453
212989551
292914522
61699002
376802656
764486158
346122243
984904251
599953590
104651044
57447868
371968889
174796100
154255471
47495793
242650157
746741788
726765851
905527101
693080126
606882232
445473555
713981742
305216647
172066717
557993938
876277283
60791054
103104679
827651419
132976616
652450047
880718092
264994505
209989846
746265338
717316169
379203250
525018027
944804788
223475401
849535918
549041950
124070013
324199587
598095279
22920850
796560499
759106487
221097531
517889372
492569005
22988925
152990990
370451224
943317320
906030735
70904009
658826460
891773553
918911230
207929867
598050748
373561804
897680322
412733262
138776935
260512831
496745720
785036304
953869162
433934231
460853786
872983781
765444399
189590996
377232063
153602554
850944515
425555560
833110379
814189751
536662424
865753002
71726232
62429834
776932418
279498550
100849794
41538529
439246733
503142852
467115912
218579948
324966380
284917580
974880139
678404595
645980670
571710437
525533974
921408036
612581242
90681929
523356595
471483514
807094798
847010253
886945542
635933772
978402107
466907171
863626115
516754784
952350625
42460445
326206826
441606172
973891365
130919211
636657257
653290160
232869442
574460324
261496354
565546816
378374710
930766069
859248517
346791987
22331069
193363502
26026557
879944730
496241296
381912034
355219789
284048704
160461032
592607124
847921687
265764352
30285100
3805783
637853477
11686973
1064018
646057546
880672469
663092727
510542862
708005591
735177377
763015727
918128292
224241877
883106029
259203244
750760155
509401031
628536855
191460422
141384879
602210507
499844279
58078304
179124208
485600648
657066915
243871125
62999154
133215801
630791025
733040347
643591709
680263256
5128903
319027608
212200034
607166051
306186059
340364462
428606288
104643413
835459507
100126749
285638225
519799572
271268051
119799138
628152726
116233676
503203698
867997676
896803502
472444502
65123238
505713426
350199603
869568418
84443669
974866031
817645643
443026965
408460848
761431501
925368392
722574352
259901309
606483991
914106393
467575217
672046154
217228574
39207107
804994330
484721587
883957129
353574546
401876016
246043971
503433731
706641834
214725421
908781044
403691340
798143753
740331735
153022515
415682597
453578375
577404306
383177188
454682686
988024791
176105055
526302509
860607711
626462863
353461797
922968373
721383122
26403205
156470905
624482236
732238228
310681740
465663300
503257573
711822727
97624020
312692201
330786608
556514324
828905071
243901657
836891910
171298171
244658295
344150960
862950550
712093376
762832886
728336621
93737913
430820205
188814054
744518123
56186229
49845670
833109611
903560279
366574111
288605416
52956977
401483532
580875467
687223600
92977178
176650768
895985915
808893375
746683045
651034230
99999907
115704318
437010562
971495553
149692195
253457588
906480512
258484808
549832028
296212889
263716170
921038118
294056774
790169429
304127020
326510605
868078418
14382135
807034179
541037670
963838244
81502842
249635740
327529633
704200432
355549905
412809156
28008846
821819049
401977670
531837478
346911118
904827583
704262713
327974842
595974248
588573923
354125172
517015633
365226334
356050394
57219263
852886048
381894166
861479306
6258091
410973691
665292455
961048110
368380845
295375939
653490833
856078766
506260598
736175631
24334474
847710741
667701696
57416603
492130733
808328861
500140589
463900255
538239079
328287691
466280823
180432126
455899004
717498692
493433339
2860242
167794595
632323333
453225754
27105962
690125301
518513274
114447961
556446567
833247158
319466129
210125674
369415210
767585383
742933313
317391875
296895160
794735498
513063528
285463673
949493103
24231347
217686590
308520429
235257226
699251155
413223140
4465726
717466193
66280622
166344644
770904387
682419203
951115776
690100052
122202596
120547957
531165271
176893335
115303122
240092518
636159918
557869540
489809892
167731082
981174985
394397135
50438609
661333548
587980542
161899077
202211284
443271560
57162377
878855341
671266727
350934298
914632194
941441330
781702617
366972282
560491204
202650268
533375098
268015809
245246590
187964054
898325802
215672515
487776046
22408067
403693942
939543296
337001122
770094141
656141113
563888099
125163116
198850981
971178983
312703958
797450805
700642128
909689372
124070714
233982415
641173750
316074247
567669918
187436222
149554365
350249986
672059692
357846099
909509503
270635676
664389675
912563402
96963340
731756870
487607511
316907430
806728265
865611814
111279130
78620271
874246110
101510155
568057660
199633890
368350678
567065828
426521221
147021316
146001923
448656560
452034254
474262586
6418038
189160809
984903135
1592481
662152639
395450792
6598110
609984729
66202663
810116515
568208172
639666760
837728421
335912269
49420265
453183762
937496219
7981734
135850589
166380023
95182437
447161417
952795710
414311940
241298796
128746181
33582701
177665894
786067266
719391959
916693675
134574994
506363274
62179676
567198849
969596745
391304777
570901952
450760306
199986845
620419298
134618153
555072048
732311958
139154605
242649192
893462685
512148872
911854276
308974543
792867759
31166017
584818957
627108885
140163668
847970668
745259037
84260315
649913816
941060799
581244174
769538235
373120899
603980703
688262342
539763977
240749501
910803599
83132482
787407875
121063608
749939119
12273374
172409272
174902657
786582603
188052958
743064142
135374576
156665313
869491941
157179891
529903514
336595613
582438
130335388
573935681
974027189
848013401
355178257
7626690
865917737
458418489
843930214
535200144
190415065
522686076
679587284
623813327
243546032
257149861
682020365
658710867
908540062
71157365
965355781
235804531
501303745
513498584
482095977
396849812
535865055
591867656
472800042
39648953
327055352
607795242
777930046
753521504
162523193
463504967
230903647
465876526
691501777
332381333
455461479
92311420
566189179
511693924
942639272
269632298
842777075
928310698
650113768
515154725
362868427
510546385
705781978
27646220
241979074
148811676
655184021
96654948
811387082
476801037
620758369
282942646
862260958
605974461
847696331
867037572
291827453
872792781
266452095
845726753
360589391
289582801
360094878
494324194
696823666
563014413
576375291
919609405
485272583
137743663
913998566
72789935
964262800
911444328
395664967
720303758
177078058
141268487
550411040
518936996
112931701
101098480
235510025
268544959
201173129
772293907
790148738
233879008
148597725
72452943
348021086
344646724
752820258
777696094
459102530
665946844
836865414
393500563
42213806
644335174
293867278
752468040
546152239
287563671
846649088
387356612
191590511
135739972
885306058
833131967
74500907
857816181
162659135
676273792
266381249
691368024
196325685
324134399
659757987
629749012
15119933
405113452
947201504
409986468
857957775
746339351
7283376
303397308
957335227
267524935
644164949
970347155
573754175
387966867
775328773
82767130
675044881
125214538
387940740
15048586
751861355
357519311
654652072
238598963
196153667
344901831
613121916
304792102
944026945
432778491
211785946
511656041
530624357
580861079
860735983
758988376
579407824
596773727
33096538
480288363
767321710
576470929
576147860
374440433
355517187
463727834
740009512
98837350
178315321
721995843
917132287
940480047
6002913
392439626
701542847
44021600
579145888
186991340
838892274
816858955
807423023
240199582
187571119
167677247
625491419
635224399
173740335
195794511
810857243
885566718
403926416
212289763
583324627
624756664
393345907
496031464
272278772
918353582
799717141
962393798
46631464
535942500
801718293
143148923
441847477
875317231
540252738
844149126
668330588
811232093
823415568
160751938
242558385
569168856
700420020
984097243
225827299
704885894
581118831
98216212
691230402
454663359
321619847
423643442
486989193
501120669
275703143
468124894
523071431
112023485
573905378
697383479
15316654
13882139
415034792
517522050
971953199
936924339
530649370
369555119
744789902
24373885
479397229
741191887
483216448
177369864
344818758
867261353
43440971
645979092
787024716
152874846
844812323
679081385
55314233
361997260
797094677
675909078
806596976
183171894
841109031
589192811
436251689
579415341
101778115
480874629
160378284
658724210
202422244
932207293
76078006
313576373
470157043
573402409
967055490
915204160
406635187
815348510
263249515
87110470
902743024
614626245
218436480
692772785
82280909
115881179
842244916
711609856
347965547
161432674
737412741
425473223
106744110
63728279
867828977
940757726
60537444
770633567
596870555
807270966
527649654
398517367
597802789
252328695
646221059
4118897
789319904
194884845
665697309
274434180
92006337
379041619
471442612
59801364
354442436
388344081
844805650
503816320
843486833
653870864
466926657
118291833
365223540
190560479
174427505
973021428
445004362
625624763
641553071
749585754
630300110
472598277
937872619
906221201
835567739
292485061
688243958
690581873
364134504
518632910
861057702
529615695
196603709
118008963
303914135
435691101
173261952
240722940
259718095
843769614
428314837
359749880
718490760
131077413
26409309
528377680
452558458
432189054
956041235
845029191
242396806
177878018
98650012
821186920
318278545
577245193
788302274
88642459
230462720
360540266
6519162
348476466
810904360
471994871
280642585
406771693
810869709
244769076
959333547
535880866
250158232
520583200
863469021
596973789
23441437
230942045
852374751
26251914
967970128
490813863
450181708
195580606
431590139
914696806
70170222
345289349
417031706
899617817
600947400
709430842
431065627
716197800
525087504
206102279
251468975
784208800
112761220
315473219
145439651
529105746
203541323
648534493
310646324
594376244
178952517
332359935
77130966
613823732
411652109
287958597
888404704
593024676
508197670
333968248
66197546
634683260
78955451
386663564
732878896
164902426
671135601
26468018
708003810
289679771
593387698
363327915
884989276
380447262
662292328
117599192
63201400
338173270
964026161
131711374
716901531
330686574
812742228
492301077
393811094
304614153
697593528
409531925
443011924
540886022
244670829
861393225
824481110
297453155
90975503
244847519
238313067
108420543
328755882
560594993
722167425
528877558
177939300
963611041
427177545
379347013
180838194
528447689
554062751
924042687
491573950
243713847
132109433
881660313
55584714
201302324
547765125
830387559
534539965
878110798
880735156
425720347
278582812
61451085
41806396
629701874
520755434
190602218
893702611
219936323
153176777
986586213
749344209
967808476
645245986
198745846
876055990
846899913
422101783
616818454
328048180
807289536
942387708
849772029
501237845
465981395
169438448
956631753
598651252
824028432
838933085
176141039
602742952
545540928
553650382
373771052
86024897
279845620
332984623
813779779
677476168
293842842
188728131
79578257
179935484
732593841
118762340
82732257
416934562
415188819
607361424
814326711
420410010
661562662
68319255
447696669
853592807
782310836
275888577
483503314
756353006
84148670
940594586
811928341
193393032
505067651
659116438
568785470
87434523
787679641
743556612
468993240
958124068
706759042
979341937
630721521
764884743
786558031
924061672
548385212
711387642
630446184
401276965
545261164
372341520
571516260
37382623
284253946
478022882
892414357
366685255
668415502
230159350
187922742
252017893
246063489
310496044
173933978
657527959
105495608
975757793
266798813
980743087
71980878
666117252
192329438
683942759
718919951
311939475
237239423
622669392
647414654
448836236
544129704
55146515
318902826
346357430
391722326
686343595
149389667
255476977
831155564
721649071
344895259
906739613
832679319
761057379
966163095
273378799
643002085
349339618
810764023
522735648
681129537
23056231
667750564
958095908
237698182
927003221
429483875
950161754
36879163
868298843
415343543
155879133
41436035
605876124
878303521
435146416
297618616
570962030
780747205
641942147
308300193
124144480
594581113
921714851
611205738
538815456
176894746
575956377
990094966
320049650
675030161
202524203
736356537
122517279
18083332
982335107
488273124
339932759
850670649
880271491
379010975
349388859
434777661
833330983
218643704
639298806
181308152
965593369
509968193
26217443
258279164
564571286
402745764
200509008
663494539
509576172
715294028
265156222
514771386
523117538
78722371
397987324
703472076
366051895
623804272
841571744
754033849
866021996
171051575
823190594
857434696
411433394
717129201
47173466
589482482
350996133
254977911
933654952
66355722
190426545
185214588
474888194
482770926
780527795
809899384
394306089
331762133
326483754
843202685
847528312
712418081
381941327
738555190
809267213
758702298
518266090
828242746
963969888
651543423
476966156
700004191
524545833
979223657
124252983
905786013
717605254
103854598
954483713
834319088
816118948
488237703
836616191
7849564
955313367
263783541
449147322
330883463
235662293
387675689
484199073
791640382
542146384
554373629
917702039
982340664
332715270
635385982
709936217
724714958
582428299
323959972
18781856
345752200
576316663
760312528
379445370
755407987
400655970
330748664
113792084
102913132
603824384
397565018
215508695
268274220
41368947
852141910
666861338
133659207
861514131
849743760
128603901
844921093
592298804
469114723
440759877
816554326
30807763
302794276
524294344
944747085
189341009
745515133
455101700
132214921
867519174
316319947
339860852
165068675
122947855
653341862
969764741
420780516
208247126
871185884
276557834
59278190
982441613
828516800
61031570
985994076
286368461
362452236
873154871
924775395
661303629
298003947
988540835
52794290
423361140
329174453
887750728
189056196
790105444
948767762
890502211
533518834
402295698
189574664
147112843
385437117
889939519
559309493
397893014
530094087
267980226
234256450
347230507
621547124
767183329
168999532
76930383
160407597
734012277
104513284
738642378
451277059
662707262
392356389
947420570
476853881
147838610
902665546
103499130
582351246
327563523
82488321
45071157
553104973
153506582
213219130
795981404
403326014
415612836
199658743
70949204
374585492
502574670
780486655
934794110
645442672
796707548
656455631
278536800
375519737
721361684
770852403
403678003
250553886
696087313
353367301
550315030
251296153
306128284
862796368
916166999
102575879
395970391
270232946
13220403
652205542
982157299
22703325
415996220
621136041
838767233
522023506
118979676
745543143
586176852
665951102
589628271
191848785
986297019
674284663
104153936
498424845
148227836
331020431
467149790
591921721
493767682
274511687
500660679
684854408
448015811
495753345
40091574
880379001
571428923
366619489
748475865
175358651
124098495
320545297
85956066
968669561
632283025
179730647
955323047
332628527
680694560
74876535
722281193
102873184
138825710
671042344
344987715
810217892
938609720
413160552
11037971
357307215
983535561
176521261
292777384
46494926
753081793
492167620
478749644
774085773
933388394
399703011
610063081
873336923
546691302
414366245
62395292
479917029
86388330
513835122
622896420
254658807
699509987
457922925
438145230
981006366
392296482
201792813
167029113
343391043
633464858
831073455
706993826
412379284
948766113
413059561
364174549
150296921
973147277
778321338
723301503
376761138
569802435
469453195
647761818
855828800
175303296
422599417
282899912
612897144
314877453
288209205
693508011
895860046
645913928
561471321
72333916
4349307
866565282
727604611
939610956
176380051
297943408
563009354
61413875
448064768
956666651
198614134
164140346
795727449
414068377
927897434
311638668
311489968
380215577
260851633
339850334
881814896
263877840
107501997
708028092
895962386
612851125
283445974
711685303
765864380
526903026
242343511
265942399
810286285
313250856
585718952
943355076
129702991
613008333
884131190
24728543
414632645
199127222
206044350
425242731
815184029
38005058
478992355
231193973
276675776
977999146
839080667
658933251
621516707
587412914
666533306
489805799
276486386
708787868
847784379
338226290
567361226
728253733
972605663
182905782
973110844
538022387
609971171
870931648
454313037
344369563
148566035
703685845
201968823
15523649
576560496
27482065
137584209
462375270
824402402
654244461
113101999
861159582
781559344
476600626
792375832
769889318
179781719
100691982
208036727
396743575
839191752
149782255
700699623
196324976
337790994
110846211
921507617
554717395
457102581
423020713
247478407
300737444
119887385
968836086
173803093
618986262
368446659
100873513
163497402
189455104
732018011
911857928
585285850
482608862
15697569
68127203
334367978
549362021
24515444
833625359
68558762
316151957
137098743
128193120
731119658
177396263
39335475
579332746
832019065
104774558
477730037
728977508
398151928
501574441
52769076
391691019
132017546
948110838
317847505
624700867
682970198
674600761
787085336
819286321
916934552
442382628
836270670
444294019
66846972
27816495
10701913
54632794
550909567
235546562
984946476
669060819
59740004
381559105
765868327
679821407
884912711
93456280
401440862
849942471
895910820
152753472
936519223
856733384
495963135
841056039
666132804
313046099
533300315
827806444
647866677
92150576
749078946
205293658
699880749
193685315
464923825
151758138
360012175
914844181
970015004
851576299
74570147
407523762
741151066
212220272
353160075
479947510
821108480
402563076
416455158
196497351
62743502
5764764
327742072
601484913
560484911
669704538
469090665
765638013
109332835
712606846
529171240
843968891
951156181
740426765
129341048
11538623
219487599
316283782
790764562
314642090
752361579
737565726
632601207
896022625
189307781
701043675
42057537
463072049
761161221
48933295
408942078
358145666
179608702
340363278
907999450
157850374
613382814
239310681
45623315
207154712
265799436
181700058
877206523
572755344
25106090
713985675
804760816
544163192
554082105
437109375
291286367
552067109
684725859
650822583
11682282
318027629
558207495
587211018
731091544
573548902
580769274
879185906
838626831
621253058
727779213
729756498
531323429
887063730
596758618
40771278
317603054
685542176
515606511
232313862
376027059
703053553
222279581
656343733
978251269
278618782
627917729
272570049
797063000
113124218
312533122
901616731
367608720
639528362
602474935
623611101
875076533
221032601
605695832
822389303
984491247
695119146
804952816
439417009
135783480
58762381
668383707
831877017
798269657
949351710
390593812
957244166
662918129
499498532
455437408
270729068
327625908
798461919
317662007
847849006
793322510
580949472
24604651
757357139
948493753
440637178
498541505
88842909
698668892
203294843
835243824
321085296
843806686
936423896
881210666
86726545
621880736
830477455
605918038
344781183
472763910
872686303
623221051
510681156
671551317
311142770
597875878
194574503
235672202
453192774
294658884
896846003
458981511
892693486
796245411
636801445
812311016
489758365
421889358
698170227
566971228
43000490
254169224
623273823
452392364
200960956
882204833
533278840
904920158
458182252
857995302
918445408
363687910
702490408
405843271
550996923
117869566
895831462
620877642
629183856
4571571
307181028
302240975
269784307
811179018
140778631
563086282
791495469
526798328
216613364
907489786
757773165
928967476
563052297
799780184
246372626
86198663
598762464
333672196
585346406
631413735
94288093
576136314
66669317
111847136
710853495
838296327
77416893
953228329
154941133
135641879
966825133
928369277
715337588
568752923
643011367
109231855
568458975
219940933
102907410
188920061
714389560
141411617
515037923
126848683
314213911
57662850
866879471
974690526
572086321
658446439
702525425
559590123
825933073
569972249
805414716
823171995
162299106
604779213
282007216
507076801
776585151
588135231
16456431
818093994
539155111
888006626
803794389
335450031
292280472
141234136
984414604
339651207
788302172
219210058
56872626
548069700
882058201
486385317
367996526
375268804
184163945
62316557
409592252
906795881
109775002
166596915
72192062
22149016
660467863
552140344
722012224
653298866
436991603
688100943
867337691
208477840
10068807
439495557
731728670
292004145
867255435
935670443
483948354
753764780
379197710
632021825
584077117
650056041
392787671
962541645
237597427
623372042
29507046
166791983
973034479
864449491
28202708
174034220
254835928
98948839
389043284
205858891
570918310
533518938
650513166
231445992
594330657
912007475
192485094
908671726
285514496
871121338
66133667
960270516
679309304
348198255
971974199
495298017
649111176
107454043
318448462
389254380
718267207
23315751
170149542
145053890
67040026
242028157
923219711
617243450
264696649
473466609
866245689
355367640
872891519
477050829
655600823
390067420
33497662
329316835
664727911
735705511
779052516
208496808
821639918
855780457
398184191
232366487
439134366
427930430
648128968
952151849
495013182
237251987
900844268
435528517
512602931
242712937
222190207
794649921
810773906
791344344
286205021
768762377
610490434
404109135
412560102
789979558
855765672
606581690
211856312
871973997
952756096
26346374
564610527
115856812
515955837
428797208
774902422
816866220
482033792
333963702
92816422
733849352
263221739
165269711
225778888
452244028
396151888
906215501
856991494
612871506
787357872
778761234
739523058
596828269
108163607
486970061
876998187
360224533
298863858
601372008
282548150
580243930
581473728
579685650
4626676
555388084
183455731
745392033
514918416
167017107
169630760
37395922
368765920
661816731
970220187
48924713
869264447
860719591
824463156
504650157
464913672
594351374
768806886
307927292
663469047
497963026
874182787
898099799
971821528
807782709
401954390
904119285
663168242
134676224
450861901
694542009
492443061
80291758
318493359
235780953
143497241
903699397
448423986
77177574
88558961
27870196
231751455
491408444
67711908
169791117
459142260
324402366
474831753
546798942
140239593
813697456
584188189
860958484
978434066
922405598
827297972
690364987
920394968
771793212
883895888
761553288
521849630
147346445
950424944
858614941
670300497
720606886
914246534
264713104
731032887
216941686
855284876
194807245
371481520
859698062
979509427
260585132
932907932
144872425
230419164
637770106
94740814
464905948
689841782
677307926
721825983
859538968
802213315
838831050
454694588
246246075
726404742
706046677
346431142
513187421
48997704
37106555
49736012
754650373
653743628
831576598
391232067
397529574
453045562
48611466
744468805
717826125
20978695
227742314
379353401
486295391
53208168
55038587
592297888
533644234
14661404
636029683
339919806
763562041
756395908
289505957
317834219
689385475
664691371
661755215
766503738
369562641
88564020
462467787
739204855
347185309
300249737
939405814
703377169
558380510
812118645
480977151
411427614
445295234
800092606
911428950
893388872
503428883
333507868
758681121
542008132
234705569
761550369
91782012
131984739
14984375
410075696
952967689
901803518
857440376
210841641
14358019
589442791
430929626
260009287
502108975
776676625
937993179
785269970
823714696
929907616
974516709
884375673
919387687
326105785
924723657
850713254
58954830
788467082
872905017
853743599
42683493
545199672
106626155
868156771
604582229
12589196
591074297
553551654
843360708
881916689
618725995
519663283
474366814
209861292
78581902
393935116
483635998
7815499
792816358
256124637
832852385
166826579
628841886
246693411
815027739
444720280
439616095
977018090
544544871
372759212
627557079
453825698
562000815
225685476
398948761
526166665
896588557
250444430
880926123
945438150
101987266
110333771
881144713
147952799
364587643
529732442
118273726
210436209
59464523
682089882
436585488
755714902
796093389
252816216
332859642
725239321
427420081
320233804
960896279
153213140
614449875
99130909
880195697
412362202
883696159
649956931
117955042
895019691
796695675
261472619
466285555
432727553
201518111
275203046
84217638
346702002
819777321
839846536
858361327
101792806
830742841
2444323
69360195
226939196
240172095
427033459
330249655
539464704
794791173
719557496
88150037
237802459
197328386
186979966
277106462
953930639
228133468
14148570
902699502
893423424
283883491
887092909
420437271
42955906
901931663
183329145
170830188
193363060
167743330
158406050
161739143
64517007
701597850
496254344
4838666
114264127
725536497
844803175
419402749
32336760
669279577
427732427
16603508
84351743
252634202
547643891
16196225
37490194
86401842
55443833
720871259
231802379
593801660
5488075
369241178
898992855
440599397
117570458
327874162
619677934
500208095
833066555
775327495
963645159
241919593
875256592
915939088
60459511
333525854
659234784
262170828
538895603
754760451
357773526
509836803
113779768
706388955
300215404
843340280
616092248
543096737
327603954
750915953
863227942
793655660
966511534
16659697
654862216
589582067
741401223
138538856
759952637
196869189
682239712
649262716
559715727
101025539
350660765
472410328
906933888
552942554
309035242
101056746
252575422
537752229
481798172
852696153
776486155
360374024
473872021
735498173
879649681
406006793
704094805
380884644
911662574
648832264
150891177
821786632
277424626
464743349
291483539
755912967
652735131
65390936
330331497
392722082
4161633
258601235
76404901
530929046
296762001
400663345
624812488
348219074
974433250
901266599
899465216
955772769
492866508
343483175
716140950
499289227
762481900
588786530
689428065
207712869
775556891
799206681
139474734
342494479
182210952
607812544
88570289
186711439
250672683
693999415
385337021
171310006
236370093
564389983
659231950
383243084
221324736
633953771
579001867
710158107
365736143
671069123
120902602
251497681
811672633
371121049
462398435
685869605
130900937
425805522
989372172
191617544
206992851
589356909
418512869
36754180
190100383
110558760
498297892
768543463
148598477
466669477
541183321
580680197
521042695
786071185
382597725
199008706
153062076
464549938
734759250
60620736
390982659
808459428
310194771
48950983
931820263
50358109
43229177
44305821
984096956
532590315
759458289
27845186
398618249
845309159
436281868
467223174
488649173
168559139
201205439
770806418
880216001
593539214
300612070
900082286
135121751
609160171
71989818
562660400
779800015
283515527
371785916
484327426
526496365
707566278
93168034
923503828
639039697
23379700
714061305
341012793
594903183
356620680
518103376
646520078
242061857
284961810
728933939
768566055
851198214
779380263
611910088
644046936
775173088
589093575
242079445
111610252
616762546
726363379
469748295
129101160
584343926
383817844
504437264
133953988
508679120
375189867
514347676
608701050
897440204
446864180
452228819
617091407
869588259
61615863
526376793
36858824
233226936
350758587
222248597
187264412
855252195
352458078
122942524
858567902
586998697
516780884
648088142
460429851
224637529
954418109
517499375
569062392
214855627
694611356
577740190
158443853
528109705
383618798
71892373
194447278
144014832
706699573
120672841
534073424
681757780
419362755
784874616
8976891
386239145
624883165
206272620
23130548
805127632
685013580
519451341
632063191
663456300
859500336
848134822
151960600
110443856
569283153
525118275
646131642
356690098
911887893
568382560
933668597
917843097
591986050
707946279
180909108
335499987
985636277
346904080
15653433
632230435
10781875
877042198
841649842
759209618
905626293
764257438
250016472
465256975
555732829
572761433
196091261
716986078
925255763
892055937
526738084
234506906
264918262
721493308
751288284
899937210
176163278
817411948
633007751
896932516
530228667
670721940
140037140
382323245
119028825
613185386
666053734
926882904
36133163
850294229
524674666
562250634
478793372
482635341
106824702
253112611
690802136
72226279
234061949
662650868
383281295
982410621
885055863
193411387
47196124
407439980
51268412
665530144
963152065
273598522
310888774
848792317
486267419
226203390
69027465
408744957
465890112
174622364
174116277
752538932
800813467
134639552
602763696
221391222
563418288
456022654
414599556
276027928
718420116
370581644
984106198
581203081
657982716
88382015
156149036
719041199
459114886
987182211
940645043
903351605
480210930
149496374
208507302
115484574
501528903
865542575
159147760
515326559
964804450
191355245
678088559
623956083
525715620
233594744
223158108
711099710
865954454
38029005
464594483
892388393
648851901
399471298
390986758
285313480
332035286
983348981
492641776
841741300
669101890
132557582
473096978
888055236
89572652
379217019
340199929
102642047
634736912
407908418
439656004
660488464
965945771
194813924
622129256
175138007
447561315
962476777
710784180
912091444
842596685
331058743
860309173
578681260
866605187
952600974
424558950
32418664
839316008
626905927
510153517
441387081
415088252
396430461
306756801
314199624
397510970
871642129
327472432
116432881
39530039
243388173
458062639
412911556
859844172
350416456
78541997
372570394
946608059
59044538
517833774
339677672
652448519
140911962
915637431
959868509
330968530
93752106
20419025
797100272
18560847
980717109
942371559
781513315
289414056
757610696
766250530
857974708
256652200
653724048
437262521
362936793
889745479
977639203
112419757
519765243
671836320
660567061
71822180
413694781
328890100
30977583
942909606
732882642
166979164
352476421
781496311
427189038
225283464
331046913
278245828
408878050
979816632
367603231
463448368
36101357
721244693
12797247
352999325
206050089
578692162
652653342
317057767
713805267
851914287
368322744
445839720
752376001
784044299
129393395
902207146
3390658
274416220
688151853
69764971
473340284
583228221
204331543
76497669
700660974
171126242
301050952
386439620
492489718
558963970
388411485
654679899
401035990
799058756
469931146
231978906
788172620
37857964
224892540
236797319
860270706
163973251
918639694
539174447
672318702
63288222
930848853
13689078
917964825
89286930
419062016
957463249
281296473
835449170
237831974
481246095
821597294
975792569
682255347
70270686
660950698
739104647
939134978
859022566
608432258
378493445
880801712
963996101
804279798
227462370
243679532
575448248
730984724
464095007
699373577
140415147
622922801
249778679
703395838
631968812
502905672
651195270
939571176
747805520
142418821
239595494
506900553
102339024
410490360
114726583
289324673
884640802
271296507
248072347
985546663
701492736
836026773
984467271
331288908
191215454
893713861
458309580
611684672
850361252
173208850
371267497
671635595
183032951
48459932
475004755
986415808
82207054
804583045
161874158
203645475
435300333
656603796
523379146
693786839
181571979
799058562
614943913
938840605
725975149
788222533
437852110
332054824
12506416
111994677
310816881
96409170
698737182
820312736
634535588
78084721
321484436
486958048
667949978
708241894
318190445
99155646
854432281
985262885
623010939
174881757
202001485
162510792
508423236
888466632
570302966
121655713
82347648
258031909
684673784
727803392
429485022
589457607
148391598
325372437
365922904
304593122
268614505
273397525
595430653
762532588
484246713
313342522
550218070
877750086
189282479
232825265
337896688
155073529
43405426
45107089
972126513
457881851
169860889
451368650
916167266
889839009
868940539
324939051
290495604
32069492
650021236
179022758
156046807
167648192
682958075
335798175
818118528
273185474
930074146
361551043
752212292
797200468
521551160
343781305
306739218
715774488
104459048
88292156
156844060
8469548
299919172
197484252
603369502
16702179
131941773
989241982
566434985
705377502
539572755
123460151
886188877
499704676
964694262
764587271
951144560
345167661
201714469
90604905
496964380
312150719
395134585
85289140
311869041
658926603
839249462
534234186
402268222
139742818
217300345
157263342
127233987
765840059
459624304
976351472
301030087
461910903
16074703
421588256
385544452
176032835
44692929
276139188
749233825
144490693
97359901
229032489
648083200
149087540
967970771
970800670
436124644
6913303
282406148
632802166
138409164
20245120
677397447
593122905
663067141
295007184
436241365
32942536
430448203
117885035
617364151
166328711
50403287
408373952
698968560
631751923
777083864
486612429
749899613
701751360
106980211
226855053
683747874
21080115
525022226
126367191
135223738
351236810
428708226
870288740
265080834
696365914
20752437
411587017
114627272
51416778
72257026
851376787
831960638
856483498
79939522
963401479
748658432
982022006
307224190
302200747
847333038
96163407
983885169
616012882
483758955
788273629
302426094
42797352
830355975
149338356
63706225
679748002
128347160
385765179
688328822
552657229
414948452
721433601
602928220
268289370
546821956
105540007
102951370
262835732
925420943
474485442
253497835
910529736
289449338
247720123
288232659
1159638
922450548
98232846
435902411
125089914
388533406
182217592
938605889
770387619
849877356
753384314
298016605
548023589
180430333
140736056
363619886
785170822
879645244
677450013
274516021
69640083
326595346
768907392
143369312
658125356
390226276
246676230
293166617
630372139
240899368
970425014
104033852
466731353
920782660
643078282
930179413
172815738
218761152
804496446
173661582
547974577
925594158
511810158
298509532
645051590
14027768
954671103
720265521
39157652
626073549
407994231
889955494
828874040
309897225
924878054
42304623
109320066
276908771
544343225
434531154
84844371
815551614
247832998
39459952
703875807
191078145
799066358
34316201
128394669
35534333
729276785
641968485
553098642
761294434
599229239
421758679
184067542
325674805
691330401
849826855
383259022
465307348
181203943
597400722
103776185
529963512
33401857
276141937
253619827
694589728
963439246
135952358
854233350
549909018
209656173
188642192
477689847
443419691
501191615
851079860
52451335
611792012
23879802
774699255
410524585
227794300
787250305
807235751
633570546
843241700
65336522
617721040
555061868
300281941
885048986
807822626
199409460
492478759
972820485
324315488
476180016
612935784
416823779
129087218
972407596
931291662
678764060
849810333
439229536
887856967
919416680
775048626
425992375
16053305
702587097
897004054
138752497
909032121
939871538
378973452
934418557
628475479
777835005
120994291
334374783
667521760
503664743
805932246
485811317
196020123
868561302
286953580
517402487
119621320
647833572
92795491
228017743
259799994
515681085
485782276
196963825
855272973
187119221
50285413
315752907
773035956
879819942
140092777
416348052
109382067
161879650
339897015
319149969
600403359
572207525
845943752
333580024
659364382
703115478
189354550
733400149
645447530
473204903
544963652
418830088
98804585
148698643
868118395
927136848
492474874
66957461
927125185
774801596
172297443
394832577
864353815
202203209
87490447
759173108
174378411
44159548
937556840
545843682
289303524
71896795
510115271
356028503
919306947
711139832
542488456
328115829
224203348
755052956
640385603
478122131
537723676
598829077
716850038
857833427
376813767
410888391
417325588
710040008
538227773
524402642
884591884
693372313
587490861
791261697
831546130
748941870
157356496
246890985
859441546
367822203
579591303
151983267
777241870
432360907
149753383
343859641
668590912
147402938
223359383
179965199
6198847
297452090
227922044
964124965
201048182
719777900
326251889
266147800
953384215
380079563
192062826
209382698
979761257
591102881
601313015
85822992
857680614
364800054
76451404
767801132
956073704
600454779
782012853
724079439
150290482
760482151
330961513
715952328
174394555
252032565
724053568
221679517
476470592
64603109
916802294
482516226
636059429
469495152
443186420
492783372
324724172
775002581
764164474
483288929
121793548
118828822
17763917
701353014
234633778
324686534
30274322
593521678
83311364
930290643
887368639
303579141
132632732
269056082
767657108
917888872
336338529
964855029
77825676
276389782
386816185
537159196
107397460
768839009
102556094
229503995
493130567
464367999
915608431
405150049
712374702
734710541
883225664
402887530
933467575
461961390
86248294
480984151
586870988
769367101
339947631
374020274
840352397
695817430
102505013
275754562
358259933
772792309
896587891
365700747
716594488
319504988
707301017
654774091
602102281
167889340
227433845
206861381
617634707
521673935
917006670
870058551
12069498
48445366
741832327
239754129
349521126
550406501
101176877
474504305
713692823
244435794
272794519
93114997
670025407
755338246
141357575
385129906
596826798
631270156
444153029
462411390
894587839
429849887
973530155
725190013
606536036
565374588
308535890
702603160
874108293
197974361
366442138
30498937
655081521
105235038
96897782
627371285
465189832
845067655
6260919
414805754
744432703
103889392
248805846
925220953
789085577
261093879
902065147
890703833
343570856
971133181
127582473
447171424
378687569
574240452
606701196
944305544
468778065
583966858
953493896
783970809
516447802
529856026
164206263
729386175
350195796
719131389
443120290
884608159
150743432
461018957
134586738
129481480
520350246
885519079
388378041
440835688
764345130
208301284
526511688
407887392
935677102
828274328
580514061
424777302
917920931
299965740
539696850
957743412
210904659
823757833
473575283
213328374
177244135
364644881
388266846
889551819
860255414
512845518
236886750
486567890
401233036
361561019
760507789
920190950
46224162
820299664
286334585
866407369
463354396
328644660
681096753
230603347
487055950
853611178
172545930
732737204
84605512
224762848
310957765
353054789
865784586
683223664
761712537
128227297
813697417
44450773
780193128
726316250
47785925
185903495
471528111
340886395
957468770
557929780
694976694
530723945
80530119
595011590
91091027
339021115
534383184
287442128
959479706
722277631
561699649
816989852
884791457
188077495
287196068
323532197
323056601
306801003
31345176
656391664
800729344
13825443
651878415
690919946
59194109
920950785
524768056
540388480
719349281
559660583
367283069
419759170
771272258
228939002
307317501
537429070
445744846
985993007
487669320
134415343
306345099
652524982
774567134
172033644
360067310
205235533
386415008
737697519
669178807
176321139
433558700
102080825
940958779
440460831
231385927
402125090
8172097
883277471
82578171
42069253
564285635
894095150
28584350
639709528
336446373
337636494
17278485
691548594
931550997
526632806
422321362
603913759
319745419
174286553
106931096
115175116
681262679
93407885
226230786
960105711
542725094
521648417
606624530
297790160
760286553
599670839
618214861
955372279
250592877
420181533
26661768
653017129
130522944
914957325
987652121
949398655
775532557
106989938
619974915
246036303
432891882
597412722
840093983
635691733
179470466
922300128
316524234
194336021
608143659
163045335
919476959
261299254
841137858
304277959
582483852
71214073
649930708
387199402
657443911
288874642
694320174
314708180
864300103
108422266
63620731
675310421
486254276
401864231
839659451
919515167
146868376
457156994
467436936
844154013
586282926
452982126
907711283
470160275
638775034
884995977
46414556
613933663
382294488
140125430
52529213
267747481
21119384
228324706
944554721
739704584
548219475
587673964
563809182
714175401
187700925
350851780
793296487
364463123
223646746
358333857
11725970
134120418
856184394
247530410
197258492
650331069
372516699
77926283
34393732
240433848
302818627
2907600
716262696
853929774
16462773
472954143
66852907
129216158
268680598
204888018
925013279
88119456
202581439
113114051
290863170
832801945
925197910
160370132
450916247
265200291
257174348
496492825
811502555
550239578
443046429
305011371
661844976
930348614
885616524
417857654
617341988
280647199
907562692
289446811
101047226
631649169
419437628
376428097
861368262
290626445
275854047
627940016
324425285
942102504
621548566
917731748
21774012
960342175
167491533
652454134
46886258
593510625
636678011
936131143
764685428
178846457
396302888
124158306
205257859
853064052
396715966
138513200
723263879
228109811
373714958
77736107
766421328
847857168
823837002
587802483
28846126
123998905
807071520
517608322
977855825
20989162
443537943
259548392
66151601
716956170
43959520
172039977
196747474
407111574
304818713
9865583
261486187
366502198
342379852
777119135
340535691
356394887
795743856
490105041
767921616
89093774
543399966
195629735
824272542
247820108
898324723
842495024
896926757
685440546
852803502
682453588
666718500
701559026
816642698
777316718
881552606
642149767
134107708
19436080
655767204
458971790
876209783
710673819
757284380
909565686
916431574
394924190
1234913
425354477
787273177
823291214
576821716
122205234
912744057
409672604
212388684
539978793
248152709
473672854
200255379
321098326
105204097
307850675
718110003
628669777
164766221
143350413
130205922
265778621
974320848
915943297
93312707
788621011
189160563
425922675
388292998
369041924
856743236
887284376
900757054
330428311
903874161
686615745
546441277
64803431
833282024
684615784
827321742
825132896
519169500
132299322
130458846
519852826
916065472
506320606
751254211
611728939
633127991
317448749
443883733
169717918
43018296
534692289
20849621
401175267
249024780
484604679
263085260
199106397
766339773
634168198
738084160
887923831
454252186
743568623
531196357
85967363
323504677
393252824
397840640
760143705
722833911
588102109
138786435
135525710
921149137
674097447
366904748
808778898
402622215
929088175
521723159
633465666
570421859
674623261
817003827
773223575
251979347
722014612
940519838
17041362
492180985
199854369
93776821
306710789
213793619
573284623
56187139
948413523
879953772
640271430
798825382
548415240
320587238
602257876
929723783
92635595
187456694
687413123
331998300
437484878
446780402
523573980
472729319
768369310
157204106
296970302
563287242
320820763
260407563
658539304
830032800
273143698
248540471
427456746
630172284
499135627
17637633
640552417
642522659
306499295
25129027
722004943
343871370
144832914
791534089
567932960
695065600
802909494
779359763
228168993
282075982
442493448
269721818
61979078
706853556
433157719
2690572
453162085
327221005
162641668
25656334
888278527
976612220
887298858
475245148
100079606
111626679
168967648
815915432
143282505
617739759
48167868
568110020
537413395
277597516
554091322
140521107
629772441
714418821
469484845
883220534
725000859
724252840
58328929
456617277
507195374
499286385
310490854
910762199
569819191
961299060
447792972
709573650
793638421
779468730
766200180
897268380
387834087
401876480
476904551
547994208
696187191
942157368
16647278
208868031
801140364
369481160
703987784
645165776
967977310
144850
421539512
825788420
845036503
434989414
257117810
303571157
341683434
713953791
591611755
34744107
530517106
755720037
717969528
