-1
-1
-1
65117947
120550600
278
-1
56
1
33040950
166790829
157755958
395
-1
225117384
-1
12181979
88392471
-1
36639930
185
-1
-1
-1
111
-1
30
92
413
686
-1
-1
3271478
29710275
-1
231273555
-1
-1
175961085
152
501
-1
38060280
-1
244204127
-1
1
198395628
-1
-1
-1
-1
-1
21
-1
-1
-1
368
-1
-1
569
86
-1
-1
168805803
129954702
104
-1
22
-1
-1
-1
41067986
343
191692566
86990667
-1
566
-1
210470731
-1
233288563
-1
445
-1
-1
-1
-1
15582633
374
556
-1
641
-1
-1
190
175430102
-1
138405971
-1
188400615
-1
229
85
166
208211002
137315959
-1
202097783
510
305
-1
239091950
242
185097448
3
-1
-1
-1
-1
-1
-1
205386965
255071451
-1
231847155
269
249
146543350
115
-1
40
-1
-1
-1
145118214
24
-1
104
50
57
0
113
596
248
-1
0
5
-1
-1
-1
145932717
113602221
270
-1
215668309
152
24743376
16
15573721
84961323
41301294
-1
1
461
65970349
39368352
-1
-1
155179360
-1
793
166880067
-1
-1
96314760
26
627
-1
149
-1
-1
218
108233365
36112530
-1
-1
-1
81
187404684
-1
173
9
-1
2
119296282
84804491
240744881
61024823
-1
233577018
441
-1
-1
-1
-1
-1
191
76
-1
211000281
6630942
267241584
-1
90373790
594
84534605
138167189
-1
156
173221242
-1
-1
138832414
132824796
251
-1
419
101
-1
122467183
-1
21
-1
228172909
7729464
236060633
137535027
-1
64690586
12710050
-1
106076746
25494908
223063133
-1
32493224
62
-1
13
201611441
103566924
166
-1
370
-1
144
204817963
-1
-1
-1
45
45055708
233868275
36
-1
134774554
-1
246894526
348
154
31356811
17486955
-1
61773003
-1
-1
-1
203271039
136375536
229624694
-1
225959826
-1
-1
-1
10
-1
-1
-1
400
8637449
-1
0
643
-1
-1
218027630
215085737
580
-1
149527398
-1
-1
140430399
-1
145605001
-1
107
196641432
-1
49002356
85
-1
-1
82
154011515
38200382
74574388
313
-1
0
59256432
15
243109693
16960430
696
-1
194249759
255413672
-1
-1
-1
120854759
-1
-1
-1
721
-1
122444660
78713759
1
64335944
182542712
201838194
169
-1
-1
8444252
-1
-1
137
641
175845226
-1
-1
3
230
-1
207
94
-1
-1
344
14
172305860
735
183
-1
-1
67763950
48
98331271
70
203632661
121
-1
-1
4
224991804
15671634
-1
24
37
4109785
-1
131
-1
29060143
109
-1
-1
311
172
-1
-1
25
142869885
-1
85194971
3
142638552
-1
23674338
-1
235731634
258324936
-1
-1
-1
234508478
-1
-1
-1
-1
-1
-1
358
-1
11315744
144
181
-1
58
-1
33846104
-1
16
42887274
-1
-1
57
133143524
-1
181361618
-1
378
371
166846040
-1
-1
-1
164784698
-1
227
-1
499
101555542
-1
-1
29
-1
162
1605084
11377901
314
159
-1
-1
-1
-1
193666623
199135684
122151617
243302788
-1
744
613
141068124
47454328
-1
299
230
-1
-1
253670667
-1
-1
87192500
111279909
131934638
175735046
2855629
163893134
-1
80
67
25655554
188
-1
-1
15
-1
-1
135
123
-1
121478984
193
248529867
66
-1
260
64031694
9
-1
192784834
190547537
41
131653707
2
30874914
173
228020093
273
127
-1
-1
146422044
160267559
-1
266931506
-1
-1
7098704
-1
58
40
172484244
67
-1
-1
-1
12
147267549
36736689
90180700
728
754
-1
249597530
-1
65318195
-1
162951708
-1
352
117
177366487
60748129
400
-1
-1
-1
332
133819214
-1
47
179
10
-1
38
-1
365
211
-1
-1
-1
130005911
-1
-1
-1
-1
495
71
135473595
74
-1
-1
-1
-1
226653518
246942897
401
79
262
257056882
113220636
12
679
44543370
-1
202200056
111405017
203011237
138985461
-1
120420288
2
-1
923
8728518
6408593
-1
-1
168122389
96202648
245277326
-1
-1
34
101430104
-1
151497295
-1
455
567
-1
183287377
355
55
-1
-1
-1
182
65
152034164
141860337
177
175466990
-1
-1
-1
-1
130155224
-1
-1
-1
-1
245513681
-1
170535275
-1
-1
-1
76
49
250
57553825
175
366
47
152611380
-1
-1
512
242
175472588
33
0
-1
603
-1
-1
-1
120542520
-1
86
112072709
46
-1
-1
-1
169
-1
-1
40369485
-1
-1
-1
29983793
111186425
32168564
-1
-1
240525227
230995951
377
63711150
-1
-1
286
424
312
-1
227382768
78157549
-1
-1
-1
51664226
114933143
26400037
428
157839140
-1
-1
125695683
-1
-1
205865123
137
9232209
-1
48460498
156807099
-1
-1
-1
190618514
-1
262874449
-1
27
8
228107999
99746081
-1
204413395
-1
292
468
172976751
240024568
-1
-1
-1
221953334
-1
52995772
209059447
101442463
0
-1
-1
-1
77
1
190251482
8286653
217201581
-1
254249729
83410995
214390448
193860006
170321509
156459380
375
-1
-1
252629841
198547630
661
493
262443677
357
-1
10600852
-1
-1
-1
-1
45384582
-1
189489294
186780891
-1
228372580
-1
-1
-1
-1
-1
-1
30921636
-1
18
9284272
-1
113483130
-1
-1
50
-1
-1
111619347
-1
163
-1
-1
-1
130
208609516
-1
267719212
-1
165384656
2
-1
-1
-1
-1
111570491
-1
62801750
126
-1
-1
37
-1
44244174
822
2
195
206861711
-1
-1
504
-1
50680440
11
536
-1
197764994
-1
145
-1
-1
-1
172
-1
226
-1
112
-1
59
140366927
-1
369
102882574
-1
-1
-1
-1
162
129074243
527
-1
5
-1
205711281
49562763
-1
-1
703
-1
-1
63586497
60
28295366
-1
67738511
228359071
-1
213198291
71045434
-1
223711616
219745932
228034666
-1
191127334
-1
208875680
-1
-1
-1
-1
38
-1
68
-1
95130237
25213669
-1
266240913
63
170
186643400
25575575
105863941
170977091
463
56
146735533
405
-1
156125970
63000784
34
16
-1
103516585
778
129766008
12
-1
250439607
71
83963547
-1
-1
12533120
-1
60423725
208265069
-1
-1
-1
126556749
-1
-1
326
81
583
130
-1
512
-1
250
247655290
188029131
269
-1
113
-1
-1
5
88
13
84
349
298
350
-1
30
56
-1
450
-1
631
-1
-1
-1
120185595
-1
-1
-1
-1
319
45
-1
-1
39
-1
663
291
110167126
137609827
-1
37645724
-1
133326771
178444791
-1
54354946
-1
509
-1
18
-1
343
35
-1
-1
-1
16
37
6275093
170704544
-1
-1
-1
-1
0
60571665
-1
-1
324
-1
248
119
213894106
824
234
96352144
-1
189220451
46826704
-1
-1
-1
180350396
-1
108268229
103
-1
207
232080760
-1
318
-1
249712397
151090253
209937450
45
-1
-1
-1
26
106702176
383
2
-1
-1
76
-1
-1
-1
1
36931752
-1
150
-1
150
158787401
565
-1
88435894
-1
-1
-1
4760593
246263563
9
-1
-1
142
-1
230050834
101191222
218474596
125808195
-1
-1
-1
-1
256083809
-1
185760289
-1
-1
151
27
-1
-1
9
2
-1
381
739
31
-1
71
255
-1
-1
-1
-1
53
176
-1
316
-1
732
214250273
76013995
167
76
153572015
316
-1
142958694
145752334
-1
-1
261
196888008
-1
540
157
52
72
4016284
373
-1
4506891
63415644
-1
-1
405
-1
-1
235
-1
-1
-1
60
270
433
167
-1
-1
106609175
-1
268
-1
-1
-1
311
-1
31507239
260864888
183846540
157067776
516
-1
-1
46530868
237
-1
-1
-1
196808498
-1
-1
-1
87376122
371
-1
18
-1
1
-1
-1
473
-1
1
0
-1
258485285
67497938
175263519
233103325
167396387
-1
48132306
-1
27875474
353
692
23
-1
-1
-1
-1
-1
750
37
-1
219791720
-1
-1
28
-1
-1
163
-1
-1
-1
214971652
234
-1
125
177009745
243
-1
100740285
337
262625262
191385498
152553004
-1
30013029
-1
0
-1
-1
7821515
-1
-1
589
-1
-1
189633296
78163957
174560170
352
-1
-1
-1
155635838
422
472
-1
180211725
179906082
-1
-1
6
127900962
-1
-1
41
190982170
-1
-1
82
217724964
-1
449
-1
189962501
98472155
44587885
-1
258980027
-1
372
56
-1
-1
3
128
33789161
116222219
-1
191108925
15
-1
-1
-1
38441233
61798364
664
34824268
171821135
4
52070932
-1
237066097
-1
821
132141074
151248704
-1
-1
1
-1
-1
235961285
79899273
-1
12754770
193102176
891
125581208
-1
-1
-1
117067715
124
208
-1
66936428
257854110
-1
-1
782
215
-1
-1
-1
350
71155321
-1
425
107
-1
235
761
-1
-1
-1
-1
60855575
24
-1
-1
181047376
61
-1
200
-1
-1
239368733
224
-1
251239216
187330595
-1
-1
183712138
-1
-1
-1
75964674
-1
54379888
-1
246129731
-1
185
245
229
66
-1
-1
1
-1
-1
-1
-1
296
189
32436516
43
-1
-1
253514706
-1
171371679
-1
-1
197120985
244239599
240091990
0
150886779
232
441
246296633
3995615
-1
77809750
623
251
-1
-1
-1
-1
-1
-1
-1
233484729
0
159501318
-1
-1
-1
56713445
-1
-1
113
-1
-1
233140384
410
-1
167743841
178841661
80738819
-1
662
-1
-1
-1
447
109
-1
-1
-1
-1
-1
-1
-1
-1
-1
113667674
5
-1
292
52
1
75
1
-1
122
253608070
-1
257
-1
204371302
-1
-1
-1
-1
796
130602981
14888223
-1
-1
77
-1
163107342
204
-1
149638223
238776545
66
88
84609421
-1
47
484
612
-1
-1
23019652
-1
-1
63
64
183990753
-1
49
391
53
114589993
114027746
163021026
-1
-1
224775765
-1
227000387
-1
100517871
243
130470168
-1
-1
-1
211044775
70
104341143
55699181
488
-1
-1
-1
-1
90325117
256
-1
-1
60
561
-1
157061798
-1
-1
-1
173149443
255085492
80
248351596
186901172
377
-1
-1
102831430
255737116
43
17440167
124
41
-1
-1
-1
339
252083701
-1
84443656
-1
135373832
-1
1
138919685
-1
-1
840
299
385
-1
-1
163362113
395
262337191
-1
-1
-1
249781252
-1
-1
-1
80965409
-1
190647715
63095456
123684443
66
-1
71
-1
-1
5
-1
-1
-1
123
567
235
21
257651865
12
14
-1
-1
34204545
92
-1
-1
-1
641
259516751
-1
46250438
432
-1
97829959
-1
605
340
-1
194348050
1
-1
63181919
-1
156149397
58
266
-1
-1
-1
475
-1
15
-1
-1
-1
174919337
62432763
206
-1
149111100
285
-1
20
-1
-1
61
194480133
178
83716195
-1
48721724
-1
-1
209
-1
221
-1
19
-1
139133058
145680578
223
253
9
53
163773616
81844072
-1
463
-1
-1
92121429
-1
-1
-1
144578596
-1
499
-1
500
-1
7112425
-1
-1
103825001
-1
-1
85
591
-1
-1
28982082
233760666
-1
-1
233734223
-1
-1
-1
198984129
196400860
561
138
81
24
120
167
-1
191990013
34
257
-1
116528417
-1
712
93
-1
249022022
127038811
-1
-1
219979979
69
37626384
-1
213546061
237
474
121797938
-1
-1
148
125417412
25
-1
-1
-1
-1
-1
64831075
-1
-1
533
3
287
266019922
-1
255
224144676
21573792
28
257696812
132
-1
11
168155788
9
145446758
-1
-1
39
122
-1
109267499
1904738
-1
-1
65
15483053
190123852
6
-1
1
38769290
127808024
-1
910
36
197
-1
-1
-1
-1
-1
-1
155874036
59
-1
312
168096336
-1
97895220
176
140470353
-1
67
46113985
160
-1
59
288
119138168
-1
669
-1
214043639
-1
46052082
-1
58
118422161
-1
70892390
15
88317085
147097256
241505353
886
-1
-1
0
912
15
15194196
-1
-1
-1
372
-1
-1
-1
-1
225582940
208712116
42
142
6153841
105709158
61214535
-1
-1
218596476
-1
4
74793861
-1
63173806
192122131
72944510
-1
-1
256589808
190
-1
45465660
135057903
448
-1
302
-1
194
-1
188382933
101628934
207030154
-1
8114012
-1
213
239825469
-1
53
-1
214696420
-1
-1
18
-1
76
228003781
-1
392
136763932
-1
246885634
-1
-1
34
142363987
-1
146369235
-1
-1
347
104542618
-1
-1
-1
217091331
178228484
148
9258951
-1
251103872
127
73108281
98719399
65
97919436
-1
32917987
-1
-1
-1
685
-1
78864421
99
35735319
199814170
-1
-1
171335414
-1
-1
217120161
160734298
-1
217
160312643
-1
-1
100263025
55
130
-1
564
-1
655
198632926
126958592
-1
-1
-1
-1
243686803
20803944
-1
104964804
205466305
-1
145969454
381
100716894
467
-1
16
-1
257869652
140087417
334
430
411
474
-1
34
233118511
-1
61
-1
-1
91999172
-1
6180922
-1
733
-1
-1
20972970
314
19
313
-1
73
61
-1
500
247077004
154453159
80146572
198
84
0
-1
52464272
-1
-1
-1
-1
15
155061921
31
-1
-1
-1
-1
-1
404
-1
1
89144344
321
13423494
-1
91
146333489
-1
-1
-1
273
-1
118
-1
-1
241797943
181083942
-1
100
-1
-1
-1
250398507
239058662
45
81
397
3455071
102
200490339
83256815
72902087
313
-1
-1
-1
-1
10823821
7
231458388
432
123
-1
-1
-1
-1
79765033
275
25
-1
244281650
397
-1
328
-1
369
-1
-1
3
155877869
-1
161543572
201699922
-1
173
-1
-1
-1
225975964
181693832
-1
248357988
-1
13
17
135858827
-1
176375993
-1
-1
114020176
176
266686260
210818193
90236210
34995232
150
-1
87
-1
-1
28
538
-1
-1
67951276
-1
-1
153740240
-1
9012800
-1
50
108064861
79
70187651
263
53771372
32042447
358
-1
-1
70
137972051
-1
-1
-1
63610181
131
59651704
-1
49129231
-1
-1
-1
415
27494061
254754073
-1
-1
7
-1
-1
155576577
-1
63
247628341
86
-1
743
252323641
226647150
254
12864434
-1
-1
-1
99515676
25204662
34
386
610
60343965
61
355
238574859
-1
27480337
-1
-1
90
46837349
-1
-1
-1
164
69
721
-1
-1
62121112
-1
222
-1
8
-1
-1
561
478
556
227609662
-1
14411443
143535484
30
399
-1
204763733
231783335
-1
171413915
-1
19017866
-1
-1
-1
172817917
330
223789995
45220976
-1
-1
112
-1
-1
-1
-1
409
-1
145330712
107
556
0
-1
25
96632062
128438825
-1
-1
-1
61462840
29
-1
-1
321
77512077
59491543
130
16
7
159
196037906
427
-1
-1
-1
280
291
-1
66
-1
-1
-1
213152401
182
30817735
31098571
59105050
506
149449238
266184163
-1
-1
-1
248931638
-1
727
-1
47390861
100017355
-1
-1
-1
-1
-1
337
0
-1
105106050
156324027
222
-1
193327826
32
-1
-1
220
3
61
214228332
69967871
-1
124952467
-1
58
818
30576899
-1
90215092
40119375
59809520
229
122644176
-1
-1
291
116062373
-1
-1
-1
-1
490
413
126
6
-1
-1
163136936
-1
205058430
263952787
65
253814240
-1
-1
19757993
-1
-1
-1
-1
24538347
-1
126221472
94218557
-1
-1
95
14
-1
175122257
-1
322
227581873
74048373
-1
2304540
520
97032393
-1
-1
-1
-1
-1
13
155058539
280
-1
-1
-1
-1
28
204
32659589
-1
256
127420221
-1
94
668
-1
-1
672
170363017
-1
5
191723920
-1
151391384
92832022
-1
159424414
-1
-1
393
306
-1
256
609
68399901
231668790
-1
164049399
32
-1
203782952
33
257
217747754
0
-1
-1
-1
4
143
9124425
-1
818
-1
155814939
-1
-1
-1
-1
296
-1
47818259
85038479
249900878
117226348
265
-1
101905288
35
189481489
254064397
-1
-1
1
151938697
-1
-1
176899865
-1
60
243
-1
7
153
188075416
96
256
234565786
-1
-1
93784235
-1
129042356
-1
6
372
-1
49
-1
2
30
-1
21194444
-1
-1
-1
84706221
-1
-1
181
112869961
266038825
191521745
-1
119
83088016
-1
368
-1
152019692
22
-1
-1
-1
490
-1
129
-1
-1
54586702
-1
-1
325
391
1
161
24466031
160805338
-1
332
-1
54
86006187
640
-1
152748305
217159378
-1
-1
-1
4
-1
-1
45482240
-1
-1
-1
-1
31
263932929
-1
175652297
182
-1
110
40185317
-1
-1
81020535
20
61929702
-1
347
-1
35
-1
-1
150695935
246331659
-1
44
172725096
42075123
107335310
-1
139108436
-1
538
263
-1
23
262122474
491
256
203
203532715
152485146
127
-1
19049059
-1
182459040
-1
119846214
154611913
21
5958541
48139699
157524819
193691143
-1
101214705
-1
46009899
-1
230882008
278
6384667
207824708
187310269
-1
-1
-1
71640701
243726904
-1
60
-1
742
23
9213238
201
-1
160870080
-1
13
52302078
106464251
248
163
21748155
-1
190640469
-1
-1
228837190
-1
29377581
53
211
253
-1
237610043
452
808
-1
190560494
234645861
-1
57715048
67856696
-1
-1
26991792
253127801
134
96597113
152
-1
51
-1
161
102
-1
11
-1
229
-1
-1
-1
-1
120414717
208728594
121447921
224775644
129
-1
191080213
158679431
-1
-1
526
312
-1
96284131
-1
101778682
102
-1
-1
42
-1
65546340
46107172
-1
-1
483
400
435
-1
-1
5
234
-1
698
-1
-1
-1
259693590
177522637
-1
-1
-1
514
83
496
180
230552905
204078846
-1
-1
160
-1
129939871
108584824
457
151657396
-1
-1
-1
-1
221716143
187556902
3
0
407
273
3
-1
-1
131161828
-1
43057030
-1
131072921
-1
208
219670458
-1
133
-1
191305318
12
81
244122105
57
-1
-1
92
-1
1
597
4782097
81374794
-1
72
33
93045720
214
323
-1
784
64526270
97
31291346
-1
-1
51923127
-1
302
-1
33
-1
-1
-1
233516797
76292494
-1
-1
-1
-1
83793345
-1
258495200
253
183193860
50866252
125
45869366
-1
-1
-1
-1
-1
-1
-1
45
-1
-1
507
-1
512
-1
-1
-1
5392518
100454569
-1
-1
-1
172348230
86
682
-1
71
-1
58694655
836
138075325
-1
206
56
8
257122498
131132304
562
394
-1
-1
543
-1
197782267
407
-1
619
0
182754989
152995467
102984052
139503327
9
14
149070324
-1
60
135
6214147
-1
10509974
113
258079486
-1
73376883
223769534
-1
-1
-1
101426075
240
19
731
-1
228052718
246
-1
189
-1
-1
-1
-1
109843087
106
38904599
841
-1
66798579
1
-1
60
92
-1
-1
-1
-1
6930791
236066463
-1
-1
443
209180765
157766918
-1
-1
99
-1
-1
-1
-1
-1
141966035
101451759
299
109
-1
212
-1
-1
72366467
244644623
359
-1
86605244
-1
135831813
150
-1
87835556
243649574
475
-1
-1
16825354
116
-1
-1
-1
-1
88719453
76151505
173
101445401
153418173
159682707
-1
93291651
-1
78705765
58491243
0
-1
-1
31081085
84
-1
-1
41860626
-1
-1
-1
-1
52549202
-1
191508512
208152113
-1
0
184675439
37
-1
103
42
96
259204274
-1
-1
-1
-1
1
147243446
146718793
-1
274
917
77
225
84686892
218
61
-1
40552818
297
-1
206
266
-1
224935396
505
-1
472
-1
78498415
266162294
44773915
170
-1
575
243175591
-1
235535642
32
193110205
1
175408745
-1
650
-1
-1
-1
131
-1
131497227
-1
-1
-1
-1
500
-1
-1
24
49
0
38088875
178882406
-1
-1
-1
146625092
133849637
311
-1
-1
238988530
-1
91370766
-1
267636878
-1
-1
77328656
-1
-1
248430915
1
-1
144223289
-1
-1
22
150361833
100
130135749
129164896
-1
187722280
245397651
-1
519
-1
78
163361488
-1
20385770
58
243761159
-1
-1
-1
-1
137059074
64668228
259304680
-1
-1
-1
74
55
-1
138229030
49
-1
352
245444186
-1
-1
-1
-1
122683199
-1
53561289
-1
228
369
106971360
152114088
-1
17
-1
98781940
191
-1
127
-1
205
61687334
37739121
-1
133
48
-1
72939180
-1
6107196
-1
190784161
152858917
1
159921358
-1
12556962
592
173885670
123310843
495
74
77
68122878
196034146
-1
-1
18521574
112408395
-1
-1
-1
-1
166017597
67762719
204
-1
113287548
55
139
-1
182
-1
58
656
-1
-1
28
265966459
-1
-1
-1
288
-1
-1
212928713
-1
-1
-1
-1
-1
27
89
36
107
97
108669328
-1
-1
-1
22
-1
259971697
482
571
-1
-1
-1
9
223378905
204
111
-1
-1
-1
-1
-1
8085054
77355459
150907389
9907273
-1
-1
796
51
718
-1
32578262
143
97
-1
-1
26998421
-1
134330636
131292242
-1
-1
-1
102803435
-1
-1
130562491
176932349
-1
91898692
772
162
-1
250849495
-1
1
194
267145699
115788766
432
60698784
-1
410
536
62
-1
-1
674
192851842
400
95
171
-1
424
492
317
234452138
183
-1
179
-1
-1
-1
-1
-1
206903919
80
48
416
40936822
184782533
-1
249431134
-1
48
-1
-1
256
154190730
5309488
-1
-1
-1
-1
73639819
209792855
-1
-1
-1
51583589
-1
47
43496984
765
-1
850
-1
-1
71543608
208802654
-1
68099897
-1
-1
-1
218320058
-1
154218612
273
242411714
254600903
-1
401
236028295
90
94315818
-1
494
116926143
190346526
-1
150
617
106508737
126
57
132681318
-1
-1
115609974
-1
217
36
-1
-1
47920993
612
-1
93
225
-1
62
12560252
794
288
-1
-1
366
163640404
21652445
109736609
36203714
178098396
263410379
80002040
289
-1
155
