-1
-1
9
-1
-1
167308184
-1
11313951
79073615
-1
-1
310
39
-1
-1
59371308
-1
-1
-1
-1
-1
61946583
-1
-1
20
-1
167974148
-1
-1
-1
-1
40743640
-1
49
-1
159
80987960
-1
140326394
-1
177
483
79423058
456
-1
-1
-1
247
-1
170991605
117
159223471
-1
-1
-1
170480715
-1
-1
86412486
209
134
280
172252665
75772883
-1
105
59
65
98801204
156596433
8
250
58915690
120
-1
4
59113515
527
-1
28
-1
-1
-1
38
-1
163563780
-1
34588807
404
-1
16
83815924
103
0
-1
135
80982468
152
35
65799009
157733224
-1
-1
190135095
117
-1
897
467
-1
178021489
194
182301685
47146013
-1
57478501
24564586
31516785
-1
-1
192465102
-1
292
-1
-1
303
-1
-1
84419518
179282510
62893942
146757738
104683194
292
169691839
148157458
42467284
-1
-1
-1
-1
-1
0
71
100397689
-1
-1
35
-1
217
165
-1
64675633
81
-1
-1
4502065
437
-1
321
-1
-1
102
156305704
-1
-1
128386511
-1
62533796
95113253
-1
-1
-1
217
139453941
11079626
32405281
369
16976677
20
-1
-1
212
-1
216
159451504
-1
-1
-1
34
288
18372812
-1
21452783
17
-1
-1
390
111395915
123
55124877
196246781
36
156
-1
713
188507672
-1
148
383
138
63
130493630
83660938
66245644
247
-1
-1
-1
12453494
74842957
4
96319480
-1
-1
39199653
-1
184
584
43
-1
414
-1
5589612
123295927
0
-1
-1
619
303
-1
-1
133900646
-1
144620475
9
293
20
132084306
-1
45182867
611
168193036
-1
134504112
158078105
168266259
136878827
-1
1
108488517
-1
-1
425551
191654029
-1
299
118608515
-1
191039705
-1
-1
-1
-1
301
861
-1
-1
-1
913
272
107670266
32
-1
-1
-1
13
-1
218
8017135
-1
246
253
24
154217991
-1
-1
105116008
136
36744048
-1
-1
-1
223
-1
44
-1
12134628
133332697
174527866
69
157840821
-1
-1
12996975
52
39098277
4
-1
-1
-1
-1
2003528
110029485
234
4375387
-1
-1
2
-1
-1
108805615
123
679
-1
-1
126
139700494
-1
-1
-1
-1
112941658
-1
-1
-1
152
105305222
77
-1
168512682
-1
138021839
46
157
-1
268
20259269
-1
81198648
-1
-1
416
-1
269
150
24528717
-1
175
-1
1
150757214
-1
-1
52409241
-1
-1
140401776
194
37046909
-1
187
1
-1
159
597
411
-1
54115571
171
106
-1
402
183615818
261
-1
-1
29
63
15472082
-1
-1
-1
-1
-1
27298635
433
240
-1
21
-1
50
-1
56262593
-1
30436839
58
-1
96
-1
218
-1
38295272
-1
523
-1
187824792
85998005
-1
-1
-1
-1
189328138
-1
120109862
-1
95
32
-1
771
70202143
97
259
-1
245
-1
-1
159154735
-1
258
-1
26
98727955
92154553
43730076
196
2
-1
-1
111634786
93482493
-1
106486731
4
41
4510459
38
-1
-1
-1
11542127
308
-1
9
-1
-1
218
133523547
-1
81197323
92048766
210
224
182908560
120
864
17598347
-1
-1
180764295
18
-1
112002276
-1
35679037
526
149892786
189016134
-1
23
631
47
646
10445744
89988257
-1
521
-1
-1
93876608
-1
-1
-1
86420355
-1
-1
-1
-1
130823463
483
128471013
-1
11346789
-1
849
65076872
-1
23749851
-1
157603959
4
-1
-1
-1
374
-1
158508949
-1
157422437
0
-1
103769195
-1
15
28
841
-1
25
-1
83183404
-1
-1
141
-1
-1
279
-1
292
-1
-1
-1
201
133185337
-1
-1
200
-1
39
-1
98
154382268
-1
558
-1
-1
105
59481424
22673217
0
20
73
73540786
5
306
-1
-1
7
-1
-1
-1
294
43248820
-1
169940766
54598914
-1
144366124
114725150
-1
345
-1
2554057
158974659
1
-1
-1
-1
-1
-1
174448999
541
13
178188150
-1
54145577
-1
115388709
608
542
-1
807
114928792
-1
-1
149717912
-1
-1
184423613
193
257
-1
45
103509102
13361107
150486303
80170349
-1
-1
-1
-1
-1
22644313
-1
438
-1
83
-1
-1
157950614
27
177048689
-1
419
167
103352013
230
50
522
188382972
-1
771
170793538
107
12
-1
-1
173
101143888
-1
-1
49
-1
182174244
24461245
-1
-1
571
327
99
-1
-1
-1
-1
187700301
332
8704486
1
-1
-1
33786732
64818354
-1
26881089
-1
29129643
-1
123677918
37350665
85
16
121
-1
4
14113502
34047103
256
-1
96720778
89244203
92158433
130042362
-1
-1
212
-1
-1
-1
150
-1
0
152
27
-1
-1
1785572
181
807
-1
-1
734
-1
-1
73492068
-1
-1
-1
-1
89472685
92263157
-1
67092987
86
-1
584
29543413
9
-1
-1
-1
-1
-1
424
1
236
-1
90358400
11494295
-1
21
555
24015285
-1
-1
187244619
98932429
-1
76
-1
-1
38
144205469
84
-1
-1
192987964
380
274
147434679
9682410
194844861
-1
103489787
49
-1
160042580
227
20409970
176460568
186963601
-1
-1
128231504
98953574
3
-1
549
257
21788787
102
500
-1
177257796
-1
-1
41163815
30169021
96
-1
3
714
-1
-1
-1
260
103363185
-1
-1
-1
-1
444
347
-1
235
-1
0
190
108981307
182332799
161
139529723
-1
-1
-1
87
-1
120847678
-1
111
-1
376
-1
150772483
-1
834
67753586
133760369
-1
-1
131
83327164
135
108945611
-1
13818504
247
192729684
334
8
-1
2
534
151989034
-1
-1
-1
-1
23186560
-1
-1
-1
-1
25
-1
125815649
405
4121274
-1
-1
189592383
-1
-1
130
5939375
-1
-1
-1
196
-1
-1
16
163004077
168215238
684
245
-1
-1
513
-1
-1
29671094
-1
711
285
-1
133894387
-1
-1
341
49
-1
160446680
-1
-1
129876363
96138249
57534319
216
952
799
11587079
-1
9675088
33803857
168463010
50
-1
10950458
11
7
-1
-1
-1
-1
58037152
-1
-1
520
-1
43090332
-1
112151047
-1
-1
30447062
15350015
96
655
111
-1
-1
-1
64660969
105379069
173655439
62810079
123
-1
-1
279
45
-1
-1
-1
193
-1
169
127279162
-1
-1
30
142
150371223
-1
29
405
-1
442
39
163415041
-1
-1
65023686
124753891
191900129
38379579
293
184576644
-1
91561872
-1
-1
-1
-1
-1
-1
-1
-1
-1
705
103504273
181382147
106020842
-1
50
54
-1
4195917
84271380
20734629
-1
-1
-1
-1
245
-1
76517146
-1
60893850
-1
201
-1
142342414
-1
439
165753820
-1
-1
-1
40
311
-1
53735155
14
205
102041494
123169
173821752
150061839
159036270
171853237
-1
-1
1839748
57241783
104059992
-1
4
-1
6232633
-1
-1
1
342
-1
-1
-1
-1
-1
144750550
-1
-1
-1
183295659
183467613
32
-1
179
-1
-1
88
36
64472184
42
-1
-1
-1
35
-1
-1
159247662
-1
-1
63570966
15554057
123930927
136017175
-1
142472440
-1
39540005
163653056
178059116
119880188
61799967
-1
315
-1
729
444
-1
456
-1
94752833
369
150469639
389
-1
103532662
-1
-1
-1
-1
41
507
71
-1
-1
-1
506
-1
122
-1
110703447
-1
0
-1
182318288
477
-1
114
38
-1
-1
4
45214795
157748357
117
264
156506006
72228376
46
1155072
-1
47
-1
-1
675
-1
-1
-1
373
-1
-1
-1
30378425
114390483
-1
-1
127380383
76666320
195
177783210
-1
-1
108094817
-1
-1
-1
577
73699390
26
-1
806
180517079
-1
-1
-1
-1
133331989
-1
51173944
-1
155050224
-1
121
92985556
-1
507
-1
-1
-1
113899192
88
138
19107931
150112807
144
-1
-1
-1
144698296
171344342
40650638
-1
-1
-1
562
-1
-1
106727918
34
-1
77
63
-1
78920101
-1
330
-1
118
-1
-1
176243449
171581549
13
-1
-1
64761253
1884120
102
-1
-1
-1
87
83
35
226
-1
54
-1
31156734
10325217
-1
124
-1
160
157638096
-1
65
-1
159
530
-1
-1
96037686
-1
-1
351
-1
148392312
-1
478
-1
-1
-1
-1
-1
679
-1
-1
174137708
11
93405158
621
-1
-1
-1
-1
-1
-1
-1
-1
62
102
-1
-1
17673468
-1
51294537
319
363
-1
-1
-1
-1
-1
72727409
-1
-1
225
66774536
29931847
40985860
-1
242
-1
157889299
-1
172
17327430
1
-1
-1
53764666
107
62814632
-1
5057815
123185221
-1
87
-1
-1
-1
