-1
-1
69
-1
236
-1
547
-1
475449918
227
592850688
-1
-1
469089342
-1
389527345
716
619
-1
-1
-1
533360521
-1
-1
295544535
-1
-1
-1
-1
580881747
-1
-1
245535951
590542329
-1
-1
-1
-1
386196505
-1
-1
327
5
-1
78350571
52807366
-1
35083178
29
253
-1
-1
-1
-1
525
366537640
-1
436935801
-1
113020049
-1
-1
-1
-1
45
165879935
208
-1
-1
-1
540079926
-1
-1
-1
-1
-1
105
-1
-1
136719312
610
-1
432
224363416
-1
73
619460677
252
156058917
64
-1
-1
-1
7
302
-1
-1
-1
30708746
-1
366060507
-1
-1
9530308
-1
175828693
556
-1
191694748
-1
-1
441979370
280
-1
58
-1
-1
-1
-1
2698430
-1
245584924
257132975
-1
354199195
461221752
334
-1
11691693
71
81
-1
-1
-1
-1
-1
46416974
161
72
-1
12
220
147
-1
309
513
-1
250546342
-1
241
-1
200949151
-1
451503115
-1
-1
-1
137946862
-1
-1
121
345
17
0
-1
268571536
-1
-1
444451516
70599117
182760726
-1
20359958
-1
-1
-1
332334208
-1
-1
-1
-1
-1
-1
169
4
-1
-1
10
-1
42
-1
587850177
-1
29
214
-1
416
21
407
310160367
-1
143835957
87
-1
152764559
-1
588623278
48
153119261
-1
-1
-1
44961895
-1
27
-1
40
359884088
-1
261705105
306720513
222
-1
-1
-1
-1
81
-1
1
19173514
547
-1
-1
-1
190
354770076
753
5955342
-1
-1
-1
-1
562824964
-1
-1
16655962
-1
-1
6
565441267
157
-1
601438162
-1
-1
97
72216546
310
-1
573032943
-1
147094704
-1
471243775
436179752
14
-1
19
17
41
60
-1
-1
8
333514785
-1
-1
-1
-1
-1
223
-1
174112442
-1
-1
554672684
-1
-1
105
-1
261
-1
423945257
29
317633432
-1
579823692
423
-1
294089787
5
-1
489302635
372
-1
261
-1
-1
38062833
275
-1
-1
23
-1
-1
477427653
202
77948989
172
452
-1
531122547
55956696
-1
233567989
472781875
-1
67574372
549
477860176
-1
365712077
579288744
-1
51922320
-1
-1
-1
8
48
-1
214
358343297
77
487446845
5421952
-1
87752604
-1
14560724
22
-1
-1
-1
135
-1
9022334
41
-1
371729891
-1
-1
354433473
546166633
128495981
606470012
-1
-1
-1
-1
609849430
-1
-1
-1
-1
613758357
177
276804868
283
-1
199821910
515236643
0
925
-1
-1
-1
-1
-1
118
18
27
-1
829
499042206
322141498
-1
122
9
-1
66300619
322884891
-1
-1
33
-1
1
-1
98
615289849
424884036
-1
-1
203341097
451430992
375
782
172078295
12
-1
-1
596403392
46
363737375
-1
370
593447685
444035452
30
-1
-1
-1
-1
-1
454387259
92
2
580011428
-1
-1
-1
-1
-1
584253381
-1
305439621
46
-1
134163593
-1
220
4
-1
115
84
-1
-1
-1
-1
-1
-1
278
-1
-1
-1
25598023
-1
310
-1
99366850
33
-1
523740826
575
-1
578114091
-1
-1
231
-1
195
-1
251436991
110
-1
-1
-1
227260505
383697686
-1
287392764
431932202
-1
405707724
39
-1
-1
152
576
26
347
-1
8
331
121077671
-1
164981954
223
117
-1
254318413
-1
-1
93
-1
-1
-1
-1
0
-1
148
-1
450479914
-1
-1
266045228
-1
536844020
61
59126910
-1
17
-1
53
-1
100
-1
91121004
-1
2
271489388
-1
261652227
626991037
317702361
-1
-1
-1
-1
1
-1
887
-1
-1
346827382
314296497
-1
616
29
605
-1
-1
-1
262982741
-1
223879249
-1
-1
95628658
248088809
-1
230000669
270
762
-1
431070421
-1
279975616
403011594
95114318
508186146
77
-1
222833053
-1
72
-1
400
-1
431
-1
-1
242645548
791
240
-1
-1
469
116038443
-1
-1
187
-1
-1
-1
-1
-1
-1
425490549
-1
116014059
2
432418818
423
19
100
131806309
274163977
599168858
-1
642
161
170
-1
92
-1
57
100
-1
47
274
187
300
563512511
20
-1
127148972
467343406
590737664
333764120
-1
-1
-1
-1
169
-1
326471323
-1
-1
443972622
-1
514
155
-1
-1
377258581
561285997
226173141
614071561
-1
589751980
-1
-1
14
-1
-1
147
-1
562753568
476539654
661
97001981
-1
100
-1
-1
-1
218587415
-1
-1
64365701
135
114387331
402
-1
344
675
595
497375696
107
-1
319271899
-1
-1
-1
20195270
252508483
615739945
-1
-1
35403320
435232846
178
614837465
215910025
182
290
67
-1
-1
12
266733687
609328795
-1
212277993
178959952
77
497
-1
74
-1
-1
250
-1
521373227
-1
-1
-1
-1
16
541819811
289
-1
-1
-1
293102162
140
97484628
385865790
-1
624412867
-1
20
229
-1
89119824
212840972
432866275
-1
-1
-1
50621866
606699183
107
56
312644187
466103490
168
300421046
-1
177555960
298
513432003
-1
270302430
-1
-1
332
-1
248346141
761
118
-1
-1
37354195
286
354
-1
216948507
-1
88
-1
-1
289743162
-1
83736899
91
79
112
193
169924510
-1
454846983
339223968
67
396130525
159
405
213
82
341443714
111
41
-1
-1
414857316
-1
-1
127664067
51419509
-1
-1
568
60
250998402
-1
496014787
-1
-1
-1
-1
-1
-1
46916960
2
189191294
-1
-1
-1
223
-1
12180145
608894825
140
-1
-1
185
613909772
-1
148643000
-1
-1
-1
134080078
221850123
277571099
498810807
-1
121327646
-1
265728424
680
39
185
552341727
297
-1
160913190
73
92
341
409125949
267799877
26
79514406
-1
-1
153063214
409
-1
151
32
312096836
120
237725896
147
-1
75
298718481
35
505092847
195
180
-1
338
-1
145072643
865
-1
226
496
0
417513224
-1
482129071
112978625
-1
-1
308
325399210
425746086
478984400
-1
-1
240
-1
-1
-1
485004836
544027600
-1
-1
-1
2092611
132932027
346
112291803
-1
-1
-1
-1
-1
472
112
678
398303036
-1
568863994
290979755
-1
-1
-1
-1
271030175
-1
510105652
-1
-1
34133968
-1
317
173845930
-1
305
-1
39
61691182
283
149
130151368
552507481
458
-1
-1
99
-1
-1
-1
587831774
-1
523
381222398
-1
547149735
68
1
93375717
-1
278681197
-1
-1
674
-1
287
-1
-1
-1
238683264
132009048
-1
312522824
-1
56
926
-1
409
-1
-1
464
512289425
374428624
132129585
-1
-1
2
272658471
-1
113
-1
200178750
-1
-1
-1
-1
-1
44
-1
204894371
34
346
9
183110480
560
400613893
230354537
-1
382928923
611173409
114
-1
-1
-1
42128984
-1
113
-1
-1
-1
37
83
255335314
624
-1
-1
-1
38
112519812
-1
51
-1
193057095
16
-1
-1
-1
252
-1
-1
93
45140739
472556540
-1
1
-1
168467530
195
2
816
98
14
4
128
-1
-1
-1
164134111
-1
449548113
-1
448
322412469
-1
-1
78969267
10923388
-1
53
-1
-1
199631612
307691492
-1
-1
589
30293054
-1
352301144
-1
-1
78
475585472
1
-1
-1
347713661
68
-1
9
-1
435
-1
86796365
-1
49
-1
-1
259
-1
87609272
232
579579040
-1
-1
557522004
-1
68
249
-1
202
521
-1
-1
38
75
259
378529328
21540532
305
120508269
106
763
505925187
-1
-1
473513429
-1
342
270
-1
462
-1
418925827
177
232528532
-1
-1
-1
263188851
85
6484277
-1
356925466
465594998
-1
-1
-1
-1
501561523
-1
-1
380049005
230
39
-1
148411763
568369053
18
395419902
559
-1
-1
-1
-1
414
607150751
-1
-1
-1
-1
-1
-1
161906363
-1
-1
-1
-1
-1
-1
514121507
-1
279
240
-1
1
43
-1
-1
-1
478262208
637
-1
148
-1
-1
-1
459
189173039
140767115
413
226859464
-1
-1
349
-1
45
423143390
244
910
325
-1
563
-1
324
-1
-1
-1
-1
-1
-1
-1
285
-1
-1
-1
124396642
-1
-1
422548587
-1
499768875
369
-1
-1
613973411
-1
562640480
302
-1
-1
-1
178
-1
461
-1
489665045
184003960
125064363
16
564747700
171
562459165
-1
511208655
