735203470
897318760
-1
809697095
-1
359221374
149889227
219085519
788316275
325698996
657164292
498865693
726605592
-1
848592655
799689295
229938339
428910706
575180528
195014645
117206831
340600163
833788867
594181719
598458311
-1
465617800
343579489
-1
-1
313448461
824247382
-1
654799004
766463
224938719
122896934
581019465
729503002
279109086
338370240
176374873
713142762
665645498
699149127
79381799
794297342
692585610
290061345
743465276
215543467
278751836
-1
90102518
-1
374356721
785555988
-1
582715947
-1
67742699
-1
580511861
568274637
681818064
-1
765529411
85812851
189199433
463903582
418599082
72789609
563133662
-1
771217514
365198959
258475319
893998341
106494356
675711310
-1
-1
810803267
-1
686929945
843092060
674649899
-1
269547672
-1
327422339
506822817
883010197
749054606
487572897
-1
523978470
64650685
541066771
164028921
663375267
66619970
527766326
266123254
-1
297355589
309165741
329526877
814889714
374398085
662718777
659944930
826642446
37942478
795151106
-1
380479734
-1
-1
124879251
672760041
-1
557732496
-1
563109404
136698912
753722675
-1
-1
127835106
-1
311754829
104997866
675988333
647347981
516769693
709644663
-1
345148043
-1
-1
360704200
59872036
508736072
309093127
782534547
142882419
-1
754006898
897527937
730893413
184403012
361255278
681326870
386218504
-1
732866427
538034133
-1
488889663
-1
596412358
-1
203662835
731506038
439145224
601972853
248089311
495794985
-1
394566889
858800167
537054662
213219954
459395919
444176768
524637086
284203046
848677363
876956151
16330046
559085507
877652608
-1
-1
463378943
58141753
-1
224194052
431508209
270119394
-1
101913100
672967071
524326818
176026714
52970367
36216326
793545729
-1
816227449
632984471
-1
225162244
809683266
-1
513362645
-1
-1
335753943
49891281
-1
-1
517664387
487943499
370772014
116418909
245340430
88740728
489688675
599780221
-1
296565484
-1
300479385
251867592
-1
324054849
111445606
143798546
112918409
-1
-1
313421817
11136942
408031221
118217779
458643732
-1
85959501
76314415
861023136
-1
103245221
-1
140056221
-1
862545732
-1
731145652
797619152
736122343
779729090
136730941
-1
543366859
87126468
-1
261283399
497973309
-1
749771314
670895487
125201373
-1
149647245
-1
905509704
529407694
216576513
-1
209817687
689931549
857362456
-1
787624367
416268855
528805868
-1
848175301
782492870
789754692
-1
846183918
841620352
192460277
77367098
-1
355430066
121912354
465245277
-1
837458195
2029717
804552642
742069285
645649534
385449626
-1
-1
-1
335806805
-1
789437346
-1
395707391
36614684
858797487
181580360
889987626
-1
131962765
6447250
599606685
4800223
226270514
673658631
112046125
-1
-1
141406750
906093237
715873600
495864088
373296175
103182502
574894414
611641233
543157151
198766297
190082238
594023378
769826693
451351107
496229482
591691183
-1
756753007
13026923
775711199
781766873
-1
645799802
152421134
-1
383351964
575510699
-1
-1
666382873
12449006
97292274
743450129
663875939
277131254
176343445
399192350
906434371
655349300
636778465
294040762
851807972
592275551
213709815
437696658
757250988
583989850
766345116
-1
477707863
331702604
602960397
456394419
753287474
224271868
-1
242699566
362391671
-1
419890416
899212289
781322679
156669800
662669549
831091048
591166157
210639519
-1
399329482
371267639
186158098
898843479
116429975
386876207
693453569
712855647
245875730
-1
16717871
563748687
-1
568509598
49307796
905845325
329784825
485155879
8409640
894076871
79638648
462370279
-1
758263597
-1
395120497
168969607
-1
125280393
-1
292502487
660793683
706712388
-1
325490947
420192511
817104709
130059150
-1
809713399
284370503
-1
64609012
-1
465028749
659204190
242671318
-1
684220142
521331026
682215655
671936630
235422236
-1
-1
-1
-1
-1
-1
312170574
557782169
465442030
819921473
-1
488261099
852345598
-1
830060985
674546796
-1
-1
387490804
568516285
548490858
263976913
-1
176246991
520844663
446816261
-1
-1
-1
-1
90504625
484283246
464285442
526254902
-1
167461825
459877424
-1
372821576
822083652
-1
-1
705569002
-1
624658225
415150254
123395106
605368769
155952110
659387378
369598642
136714961
68844362
807822408
-1
142010387
846879276
613760593
-1
229938374
-1
624870400
221646933
793163808
333643956
132063616
617179505
519606402
-1
170771262
-1
73329150
2547726
227979015
-1
313174795
302868222
195883363
124153737
602050034
834286144
470066036
282748701
346037460
-1
576933760
27843455
-1
78076633
-1
910269307
-1
588128128
390196341
127522639
455990420
789952547
650934048
655008151
528794415
887085797
601936924
-1
177536791
-1
790173317
-1
272493971
-1
851372189
-1
-1
-1
848659253
-1
539010123
866325898
337473445
824557471
137002789
140448209
776851026
762371253
385247159
503207869
157025444
612298619
876324961
744996185
833680400
-1
77680304
461867636
733810776
95673883
-1
63060744
841209897
531455517
330491212
-1
510300773
-1
376836622
189129657
-1
-1
4502381
889212223
-1
205533595
606752164
478852605
551273153
156658634
160746197
562505913
-1
174365307
578620147
339312992
487797489
-1
471550047
242139564
414913493
-1
409021223
-1
384555682
4103668
-1
-1
-1
875237937
305517734
572428271
764810163
766457259
118559732
435792709
445113815
-1
-1
534913408
442714946
460942376
497613930
-1
-1
-1
75653874
683903452
77360682
297723040
877719608
752363080
592140493
140483911
829579229
888645109
-1
25938759
-1
314087926
673146078
-1
-1
898960162
429712673
52819972
307819652
83434604
-1
82747899
-1
539582400
337288054
169593281
345047388
670962530
695791490
-1
737512822
-1
478167770
-1
579153324
743034780
-1
317839367
875090628
224270294
-1
598669853
64276027
100002164
312942180
226801771
-1
-1
-1
458647449
-1
-1
453950153
38280576
231957375
206567604
757084840
3351989
713494502
559650823
690010759
144177072
-1
227261338
-1
-1
316002196
531444736
320220080
-1
241672496
808166963
895488412
394715751
221826248
471200799
78410965
786754273
321634118
628219924
868326253
16838467
-1
-1
766657451
823643589
117070991
-1
28654381
562590398
868721035
158385845
318800888
439010357
344615027
460248496
-1
88031783
178273543
-1
100610600
726627554
332129855
812935983
372633243
669608465
446272019
887006873
796232653
308795798
-1
-1
695466191
140301675
299804442
746997659
-1
-1
214264048
-1
659574109
557279902
555580040
414602720
-1
-1
-1
-1
530836560
205168882
337878649
120886446
-1
229097740
774143596
-1
529674180
-1
753976669
389578207
-1
482838947
11283697
894140423
-1
60462117
-1
369156001
697226201
53644361
734630609
541849962
519825632
706410574
-1
337635395
772218769
163127428
280431000
365967648
-1
-1
459710837
677211804
-1
328766031
273142288
449187444
-1
269377363
240401114
655114050
190040442
592482064
791972637
851172708
886465101
-1
129336745
872401825
676573181
406678974
275370195
906856650
648608769
147916044
56903699
714221059
727417073
570868314
-1
756667395
405387893
666897599
280651941
432282106
-1
-1
448625042
232452069
325140462
709007636
836216148
-1
587006046
-1
505292113
-1
338703513
84733028
853490830
766139821
455639125
48184076
805928614
-1
455750516
-1
310584242
657324630
-1
693392870
28203381
74907014
751227011
488158126
604205245
482249943
-1
772089161
265325531
189377003
49565745
709316527
353576207
-1
-1
710213317
-1
56201788
176191078
846090120
353637876
579070437
-1
420649964
-1
-1
128856886
-1
581551963
58622617
311481468
907358774
361790488
627793140
-1
133316775
789639791
-1
45937354
-1
700005562
-1
-1
373847012
648850518
-1
61426783
783097284
67894117
-1
5023069
875562748
35485691
579207107
111091464
426591028
842928865
-1
279967701
643799109
303659833
-1
458575211
276288303
132810754
-1
392078355
821365093
816176823
127761317
137973695
845962852
468492544
-1
277389368
418707032
-1
653556325
3173944
231411084
-1
-1
-1
191896175
-1
171838237
101864285
-1
738457713
588955048
671027131
-1
50157161
63883851
871315948
159885139
754018867
-1
-1
27047505
417114579
203931155
-1
516440399
796806535
622963008
-1
-1
581599597
223156789
625082041
608493021
105678535
783927770
-1
115220962
888647004
523332429
139822469
-1
683292874
468225832
631735178
165923235
367053783
726616108
260172643
-1
263203081
408046617
97672361
292967023
807823752
230672547
30258993
293451710
123314909
623714321
384424470
364330237
646919571
-1
51328633
415882331
153638078
347059533
-1
150201799
22479432
181949561
-1
839372176
431380633
-1
-1
184818955
-1
807773168
-1
24503242
306222564
97702506
226629072
-1
476580624
8133116
120786480
-1
-1
635462088
765286064
598447066
-1
-1
419856582
774709486
336872482
-1
-1
-1
852632815
552923508
642799681
798837609
311778156
136398939
295655433
-1
427619935
236153609
563276405
449598941
283591392
-1
-1
-1
-1
237735476
83590030
152030567
-1
403576042
889880306
300351776
85782659
429609835
-1
221196562
-1
-1
430200501
-1
594346636
-1
442486757
-1
-1
196714270
847399969
304221352
761927556
-1
237615100
429657241
319351202
137814187
-1
348034406
782305817
-1
-1
79986716
411583018
153961307
389233996
154338961
467891637
542541111
152586560
766519831
-1
334431044
66782450
464744290
-1
286508238
-1
596757620
277236280
-1
-1
744923138
350380006
284050294
82919758
-1
830926509
209892756
31724601
34085733
4704657
836128721
-1
351079733
618031528
197637306
-1
401084739
330329604
-1
-1
739360847
230084166
-1
822644543
432554038
848618642
421348150
670237108
602141782
-1
9951133
-1
-1
824157470
25266972
347389542
-1
113503557
795590618
-1
40333484
589255131
415944529
-1
-1
418250103
95144937
163545956
-1
182584522
-1
360605153
49653520
325789222
-1
850773861
63915768
832894471
107505813
822470301
164036745
562426877
-1
-1
185876813
637643873
456216701
280075026
628230327
-1
-1
-1
-1
112121007
711432328
639576233
661167156
415887939
391493444
-1
689459390
695747466
-1
875864841
-1
446142614
47445588
774997742
59675887
474621630
641429416
639548710
400849699
648522583
181830031
21908445
281968251
233040116
659662784
762825431
209147902
-1
18213471
497048296
559866774
354399302
856346548
-1
133050492
394034073
853260375
664914234
-1
522118379
-1
48700806
304067592
-1
793130550
163925613
-1
-1
-1
654862867
713082088
-1
453615600
598793880
370988049
15946997
628192631
128246010
231825724
21383405
529930483
606501495
347419914
429652535
285630140
53426312
-1
745649866
-1
591543561
-1
112714681
745714504
-1
466447740
827804484
355872186
268449154
-1
111663897
642650509
-1
379468789
266831233
683096461
-1
-1
884732095
786293979
330965710
-1
426553382
517621256
252183782
-1
-1
446284028
688748738
-1
-1
321238637
421763276
209463862
-1
-1
-1
638960075
75288233
611298346
-1
174817465
722080294
673257956
611995680
578296094
22240839
93849698
733372115
-1
-1
602885202
775145904
782571360
78422575
27175343
472582526
536424552
502250485
-1
805125231
427349697
754686642
-1
668647048
563876355
-1
517872210
-1
513543407
-1
37816896
-1
-1
692095036
567784357
252886837
279997801
711306831
811781820
-1
187475924
20249730
534518901
128061773
230064519
522697071
84481176
668727283
825356385
91254023
514645730
-1
-1
-1
220757017
-1
226927666
82658919
791900884
215398285
560631102
142694003
467039666
298464011
-1
793257406
728453695
615141758
227514229
-1
587650302
667387826
78776433
-1
603925947
-1
173857655
382314926
825509384
558500791
556772777
-1
887005464
-1
171812781
-1
-1
99375754
-1
300917936
-1
157702445
594065293
360206370
432285322
459443329
284745720
811509343
179580760
-1
217806912
763410769
258596922
909675730
133140992
-1
369019883
886603582
45281762
761528548
-1
605135738
878645960
-1
62931428
57810324
-1
599059479
161355231
69857115
466938764
889864983
499113432
-1
89796306
245654970
-1
436329030
508672033
524203438
9033319
778039270
213152874
251241999
581191608
385657662
129814810
837654378
409186847
33920516
-1
189918689
-1
685680960
236656508
-1
100651011
844989290
904521728
-1
-1
895367427
228155062
440560418
817135948
850285485
-1
231378549
740378838
-1
69942218
-1
839422287
-1
252578191
201083771
102242040
807549704
654268333
26751174
60002868
225216088
-1
575648346
362983474
94888799
588316052
199224498
-1
800813377
874890008
614128945
361231202
742395061
317663589
-1
-1
900736257
-1
261663545
-1
-1
398820440
619931776
329315114
-1
146515657
-1
277219653
-1
616317356
581453734
559166846
800349791
263664784
43105201
-1
839735724
-1
848209845
-1
737020689
-1
-1
529737810
414598244
824897241
790427085
-1
-1
-1
493511668
802029312
-1
189191244
841020239
47911842
147673047
277272377
538040745
-1
-1
753435974
-1
-1
289514520
189052211
105969852
743712076
69463272
-1
-1
-1
837640638
387840747
148987102
-1
145783185
-1
838479238
35111322
753378296
706061072
11471542
517394711
-1
-1
566431768
419401220
485137350
-1
575693485
-1
724997095
866064274
-1
618878903
37708267
400698010
623045920
41637226
13090569
98333670
630308535
338818415
284680919
461940317
320873844
369327618
385371967
-1
-1
454196758
-1
597636683
799671177
204707815
653190403
658009398
-1
298891515
887110986
176767891
273352575
59306741
442977368
313376664
845674407
-1
456296180
903081365
-1
279458508
588954327
36182226
271981148
15462216
28287241
337269656
111177193
-1
537866076
-1
92491294
50085012
655700681
-1
597768291
239393348
70253704
505444943
81819124
-1
3173843
272773188
869276046
41668136
86431040
560503333
465091506
13109939
503019123
609800697
481959884
323829318
406814065
697820025
328588460
329470676
-1
715467642
340056799
489009192
408054705
536975416
348695667
-1
651555862
445243797
-1
685791102
815745107
600957076
361101295
702288818
-1
652927207
862915791
162758726
739994237
-1
807902286
835085941
705789042
-1
60903738
182251468
-1
93048777
281298076
-1
271242528
235218518
-1
-1
809500901
541836149
112106353
813704038
-1
391151139
487022958
704432327
-1
-1
289239110
327702765
-1
-1
-1
268116526
372291055
-1
701841237
273518621
-1
675898299
371362866
75566551
390541561
-1
200020679
110139034
-1
281068718
556189105
762102859
679420631
607315286
104413142
-1
601679815
266336061
654291888
855317313
30051547
45417064
132567397
732288979
656012923
196546963
149500253
890312927
-1
-1
515962605
317733117
-1
780679382
-1
44311512
845974169
534399830
561188829
525379547
905091187
87132248
594659428
683348646
633454412
131971560
734962034
730352259
647943690
325957434
582568232
736417831
49650496
862870973
244073262
798043154
-1
420738149
445714761
447927835
-1
27649851
622710331
118193290
-1
59044592
411520530
-1
53407413
-1
424339924
21321699
-1
154585648
362854364
246964094
904532242
773934707
-1
851895778
450143923
-1
-1
243889220
452941558
560613922
-1
-1
-1
-1
-1
69666437
295273617
2543483
753185624
403584687
-1
-1
-1
18639652
809957725
-1
72445922
716264163
648550977
-1
634533635
299663331
585939970
-1
-1
666020237
420079912
732638791
22779981
-1
505223284
223466611
-1
-1
636034321
395868719
-1
303315441
369920586
330209507
342297839
766849700
636809919
183900905
700021107
632113348
168701022
-1
529743839
96633483
152522661
156388493
-1
44043109
-1
-1
-1
458202074
-1
905482560
276601393
746727178
-1
858685779
-1
458134758
-1
881371798
361997037
602962187
-1
252183448
-1
475474643
581434757
-1
121057243
-1
373808139
-1
845641132
191460459
-1
103967667
376922371
266889879
589005608
625239373
8200825
487192486
466966151
262287198
697038906
733946131
71036789
694562541
217947040
33245112
767544275
-1
480415926
430415672
628029759
43255596
448952584
637773702
58272212
-1
-1
86118357
145731841
829845977
756445868
320242288
459410574
314171052
345053364
513052342
722519364
373575669
-1
134031258
238164691
313247224
469666121
413080596
279395268
859227115
-1
-1
86881245
100749347
74567790
423311877
-1
594929711
115714318
530796514
257617824
516596823
497141469
763551175
747967204
74929868
106226750
-1
903249902
192691650
-1
794513428
869052533
152959957
-1
-1
622926177
232031536
350274515
431216038
759891043
804185924
834474590
422119696
552338174
-1
-1
418880489
706826714
6901255
521193146
40823151
79555642
45337870
28029044
-1
32407993
510165516
159668548
829353162
-1
823139431
625904270
13007199
660142301
439474073
749294633
-1
357715305
711341823
848296186
778348244
14857064
217122994
852688316
530383001
-1
413248090
-1
415619341
385905537
48488915
-1
393900425
718018918
856941348
-1
68839440
140479593
-1
176590829
-1
227438541
617874538
743824437
855163936
596368147
-1
-1
494900916
-1
150994582
381197702
173704742
666668174
288330221
487447050
858240283
-1
735003156
692038199
176553217
428512932
14707876
511928636
889927679
-1
478656017
346287538
484601333
847304437
-1
795600242
345255081
506473842
-1
118926121
592644802
-1
-1
31313985
140478350
675275688
821017015
102340857
647670163
-1
-1
165067807
752477335
664527448
851019440
570567103
766300196
388243702
79948536
755007186
396866356
-1
483457066
395329554
178922449
729873537
275490381
2391307
-1
-1
385976727
80333474
110639584
805621262
18538480
-1
694222767
240664655
-1
313976378
33368692
429213583
642170297
90442273
502029945
-1
525281729
-1
-1
131176452
147483388
502290367
762267022
76564468
544587420
280682329
560944416
-1
157814897
-1
103875143
485736122
601613784
686094194
-1
441738190
145277809
719638122
834460117
680480534
324256608
-1
365808076
-1
855136334
672520040
761091887
-1
-1
788835997
873923272
-1
334787088
484788994
-1
84196164
-1
-1
28543212
598399686
-1
762884451
318135564
641898238
316262699
644769262
874804886
157251012
47362680
-1
887950141
-1
501340170
403024348
790260137
486676770
48007085
-1
-1
213116824
222346232
156837251
269094531
343178081
-1
-1
-1
168979657
501359305
-1
572714279
326848459
47311982
-1
350972461
705940761
825975848
-1
562989667
813585007
71897517
-1
-1
20028901
-1
470185800
101916409
499179127
140986861
746067409
244731512
-1
64640888
202834201
92252395
-1
680884335
-1
424346937
189575723
626470515
-1
-1
632321223
476971022
380964225
-1
292829105
-1
173221893
817998349
433463924
565336428
231251228
-1
338096163
272157508
-1
348807603
401121397
-1
-1
505494827
-1
716202831
793687834
467112462
187486211
280148681
460140846
-1
743673642
162396753
215649634
223845878
304950226
715595131
904139812
45776028
422627043
849710331
760015378
202392320
579810133
187416399
-1
897271944
221508781
299941788
-1
-1
582234170
312493302
158256295
39054966
-1
-1
161210349
156366584
289924597
847229445
-1
41271773
-1
273722926
843493574
25713601
472004797
-1
614296602
536304708
-1
427295847
688355279
826839672
568561910
-1
738085981
445299779
726225609
799924169
897267486
448329754
822222898
97654036
181150610
402767278
454436910
592716831
182164801
180222255
-1
609091821
652458925
460406614
538337231
332380419
158031050
-1
757761410
-1
68134823
-1
413513784
555946087
-1
-1
25365461
609684619
-1
-1
-1
537063608
-1
781532914
-1
833316771
354274278
-1
11501078
183300627
445177024
-1
734353257
185075108
379825005
805931823
901822890
-1
844005690
338319888
245572502
148642054
-1
336191407
-1
22985839
532670557
349854489
-1
-1
518107498
296775559
-1
832136762
-1
648135434
-1
808825065
286302152
621961293
668225596
554271684
382275916
-1
68114757
123938672
84882247
515919345
590750796
-1
532527883
-1
221111919
-1
34746440
-1
227600451
-1
294443280
517338446
584233496
880903528
-1
583587349
-1
-1
357101537
171999003
564607160
629049399
-1
208646252
226901007
235252132
-1
444079343
82681153
356589949
721118742
171758064
191152931
754005777
293237642
705541602
431481705
12788500
779736014
883835359
718322521
128529121
530251896
215315492
877269060
74763041
-1
815216661
-1
250147891
225210859
480151448
668925692
38992842
414326204
354415501
393429594
723598644
385721119
6748823
-1
838020956
327281824
777608622
660997228
111379241
382685154
-1
538688765
163925475
133395687
-1
96289366
523481049
356528406
-1
679876679
415484162
537108451
693798031
615259927
283391390
452970107
-1
707606130
-1
-1
-1
-1
151422799
803908336
517909844
855440459
690023527
203092272
555458338
748934024
279167680
886967689
169412668
-1
372278378
38598853
102395478
589166867
747642917
212778505
-1
316081664
187750378
274325480
500782163
897262381
55718008
76121669
-1
86583198
796881126
609317
-1
610671294
509520764
851895862
-1
674400891
748082485
-1
97851646
-1
549496113
742756285
517247691
-1
646741114
474733664
44829621
438760684
903070615
774069366
89879133
-1
-1
-1
841080682
-1
549674709
90131621
18683990
63532221
326614993
157160470
360022149
146074606
-1
-1
197945907
852730533
537053169
147847179
264199705
746836697
882658609
721463276
752812086
319212195
-1
610454845
541676596
733976946
-1
-1
441006716
608451967
573096164
-1
615462834
-1
-1
843422686
68506466
300718045
269259993
343043202
-1
-1
-1
466413061
425340067
509375198
618772078
-1
754286683
-1
142350709
515883255
729944884
886196162
570836846
271711008
-1
187741138
687276230
-1
437724295
105009715
114235068
474280332
423053786
-1
483985411
493833261
695191253
609600230
99448111
337086036
289216998
471713012
712723426
172432967
77503695
366020623
165228941
-1
68139404
554210822
244360649
737996945
120514883
319462754
-1
551238022
194926670
470287918
369332960
-1
697035930
-1
906506029
160469669
-1
-1
-1
651373482
186336282
251962334
693445624
313872408
162348772
788082577
-1
397991929
780232838
179061952
683750936
-1
495876003
176544714
778969734
328336270
20490
479056809
-1
159603725
-1
469902028
109981414
328466088
453733279
-1
-1
293674001
79914250
-1
-1
565125109
-1
-1
633346187
-1
98430398
-1
723514590
-1
4291601
-1
-1
-1
269349579
196931216
323331532
19493940
734250925
-1
642558033
-1
75087134
530588088
446477589
183017881
-1
176951312
-1
228152359
418011657
38455703
465242155
344963803
675986893
478679504
-1
-1
323419230
874215346
768681136
103548205
44831580
781415865
45039504
-1
414476277
804549199
782296073
-1
641160241
135427055
302095466
680063197
223657820
-1
566193702
351655499
441436594
-1
-1
331297854
320389610
711685993
828925496
147101793
267088516
-1
501318226
752756371
154027878
499162317
740753525
592927924
137603044
636025336
849878750
216302537
58902078
320399574
454997897
362324097
-1
-1
335606109
38834754
208198671
-1
287112436
620309763
317012585
-1
264967412
575009678
136438756
-1
-1
-1
389243185
-1
859168784
-1
713938799
436111402
151476448
714372123
298719831
617320996
767703269
245195413
149564375
5625846
838391961
-1
837731253
553749977
-1
-1
438491814
196995190
575168425
868020370
451669826
428424228
-1
-1
589700679
-1
722110466
892800365
847422640
316653622
-1
-1
77832612
293085208
19082205
-1
685148371
-1
567970682
879487406
191015702
91641144
-1
-1
54554659
268408716
244135733
318678194
462214829
828650575
724259864
47656344
242765382
-1
-1
262203199
674792564
898056181
21892103
567442538
19102222
-1
903742924
869386620
-1
407078243
133205627
-1
867186957
-1
-1
7479505
653157359
341529025
319884682
319478615
186510252
576970891
211159398
694909259
503716140
662815465
46630224
516528313
472885201
-1
23721124
776363796
-1
845206086
126202434
786494799
528305624
-1
-1
778673246
400423255
-1
489655124
-1
-1
443125020
-1
144506742
-1
41158365
792336557
73988321
-1
-1
192680735
213365272
-1
776499707
24792045
-1
763663606
623081354
-1
-1
-1
298293294
-1
199620321
176178744
64346289
172769303
405356538
167966907
263176015
750762221
508892854
17072580
-1
760295748
364668392
662466981
54936196
594039649
301167814
53549719
597253638
393328470
-1
102194066
-1
193426735
864848946
305331843
124074549
776053032
137796869
344431086
596957347
306466549
834475819
124258987
45185555
-1
266413997
468254678
903936654
-1
450393495
570632565
512113109
-1
151959095
294185969
805939744
-1
-1
153053473
905129019
562945617
531003140
773744982
58558750
215183938
227530963
872271818
-1
-1
-1
40439474
-1
670996796
855718022
-1
555113279
758269516
661776338
107907289
453813839
276306062
-1
366957104
86018874
788822662
-1
-1
294473311
682612949
847073621
7596003
-1
-1
690813898
501796747
113415351
-1
319501560
-1
448201766
-1
398772670
188100148
535827556
855726315
779379846
704563427
410034779
-1
149012213
423194146
76610422
90971427
-1
64521828
112606888
-1
8362487
41920813
712061296
683834472
553779207
519443666
735370387
796554216
-1
719896464
159886245
159442659
595436948
-1
522811119
-1
893023235
439340100
397316764
753737061
763233830
505083798
140434490
548209732
762355553
902221553
212054609
3498834
898051662
62684785
881688031
29051224
380704261
317303915
806016192
735978274
271779005
617755334
-1
694687317
151065816
669244039
-1
219955195
-1
-1
719919708
768095053
619559646
637410837
730570463
-1
907551208
852622018
462459487
312729388
-1
-1
345073830
515317817
332609215
785069828
432269358
752473579
236125130
556362371
441741812
290704
684408900
-1
271148792
443723180
-1
-1
623223747
495361428
416144095
784538658
802637056
64108342
848660869
555404437
40937285
688870145
683908773
496374750
212183031
388807114
135326677
-1
859938166
123532627
710954073
677065675
3439163
-1
-1
582466818
372594098
152137748
761474409
-1
503676595
560287440
321304493
116965645
831973830
481871026
236054743
227981262
6506152
778584883
710213964
-1
162031272
801275094
-1
556307621
249487067
616668685
365896880
330040998
-1
623124894
-1
-1
-1
538200704
281667418
-1
93867187
518272952
71237715
306854297
855685757
-1
-1
506875341
-1
-1
-1
54927225
-1
649726407
460570282
650616913
838309004
168822508
433452507
719015060
459330130
5293150
694021535
238978104
319260042
784185835
585436161
513641386
67421967
587529889
713477680
-1
113445141
-1
387709486
429343732
214320322
-1
806081434
564012789
-1
-1
-1
217716904
532568588
806067815
580003296
245280064
375897674
-1
736224824
888363227
341506736
735491724
-1
421205535
216117531
870746265
85630671
-1
214102772
448526589
-1
272904838
-1
618285849
-1
540255717
-1
-1
411969550
-1
126828796
124343807
578193652
885625390
516654101
-1
373542034
-1
739097585
-1
756372248
427213375
769504348
661713444
461778959
200363609
-1
413257283
-1
889476879
608990528
-1
742981997
-1
872327918
-1
-1
456471994
135168160
386421945
685393698
439224161
255713511
590477919
-1
-1
689930333
818388247
165117969
161824386
827958502
224074511
344836662
871598256
115091636
823018508
-1
-1
-1
644640319
730044197
665630810
181918318
-1
529447697
268696429
-1
247303777
700280323
890079222
320615580
233775629
615310724
195057921
-1
-1
414565323
45736866
-1
771822133
539131279
402117618
-1
560106944
427578262
350629035
-1
-1
650061356
157974287
309560676
234945167
8481941
877017187
522275092
-1
868811442
349089717
794231173
-1
252207045
360946684
-1
876495687
247855117
49394593
-1
-1
68338664
294727177
314045080
76589224
651577179
362972865
237480620
479254791
-1
510331955
303601764
-1
-1
-1
524116269
-1
667460130
-1
-1
461206405
552641482
669146800
763583984
759564015
279411705
79565601
257735421
-1
-1
278548424
866422306
-1
346558352
734180842
-1
430549766
327637909
410149011
-1
-1
149787471
171680996
522807166
-1
103272466
-1
786202249
807822106
177536054
278735180
169949436
558237722
-1
621682878
394143057
5238330
56261045
-1
365656822
-1
-1
14782326
21527300
-1
808403000
122090534
549891485
325658090
796304699
766175613
752189261
335397103
771572398
336903504
799561602
782921207
735124418
474891801
846927329
52018935
107883620
343271802
871500111
575695331
644798168
42699405
-1
11253511
-1
377254794
-1
422185978
689077077
-1
825184596
549046268
-1
248851778
402132949
577802104
667203370
724780999
279028795
11764609
-1
259989601
872562567
690871496
436384247
-1
56236718
32272185
742351497
249481441
-1
695594379
515672604
301544369
-1
590470950
377592293
39543379
77115786
19240837
117899278
248816650
93151777
817819650
-1
186087792
417963298
805908114
872756089
-1
533047781
35428166
99532938
-1
847881329
-1
795409506
-1
-1
-1
-1
569541805
885159096
400055594
-1
287751159
-1
51600261
-1
615472338
622281854
136793434
81496710
164847144
-1
813042067
183490422
259701036
810509676
219775281
-1
-1
729310584
74701878
81205681
612723817
573749243
-1
-1
-1
344627333
-1
504014733
70225343
131281922
729974491
520581825
330675251
388704078
296421585
400808315
661499994
840983567
807544101
821071819
173171466
20819429
20752805
897450369
-1
242614087
104762884
395770650
-1
749914556
398802392
263185113
-1
152575789
-1
-1
18441952
332942510
-1
271571311
803962869
543782238
306983157
640252953
76586538
78570153
809189315
43549832
-1
761623079
275984811
732889626
217049229
471142120
-1
72502886
625344561
-1
747062891
509735210
511296275
842784537
588518327
756740046
300461420
827119055
432555702
661568026
851076721
706695488
858079968
234600736
91226564
-1
791555869
-1
797493562
-1
178845045
688688711
411726691
-1
89179114
889048179
859751466
-1
682069653
-1
477114530
29344261
711553012
13422236
611358482
662998107
-1
904593542
735920852
744222765
759705720
755836552
365862681
885107547
-1
619297357
907164338
698052229
86575505
-1
552533910
534166942
687745671
763500569
-1
384924015
-1
303683644
-1
74291983
457892
157876998
398137710
-1
-1
803351962
-1
54350609
-1
37746880
170346125
364644865
601315394
-1
-1
668828489
-1
801080460
341816558
-1
176921486
-1
-1
692887494
735052968
427676529
362272385
-1
836491088
-1
738801594
35810718
424879919
-1
470899409
-1
297266356
-1
380378424
850050229
763314143
270538106
178740147
597971916
-1
-1
396300339
313774055
159333018
123436619
690985982
37563093
870509295
150376618
834488225
590212697
-1
860763788
610362696
-1
198306164
843108096
578636952
909916645
175640968
599186167
741961804
463902210
402496669
470044247
479773044
650447494
247160809
263059895
347804817
770508456
31191451
434026134
897194767
317402984
136686336
62074357
367354658
409072587
-1
292171146
-1
412201926
888238278
899341753
725784287
627938813
719775015
671351097
95817139
560174539
346057898
156549307
536846165
-1
714005402
174780717
532108048
838342302
5000752
300136669
229187710
-1
32089282
683689955
-1
491148646
256039164
207956088
98075438
259439041
442333929
259092672
469096251
81354067
30632870
684307760
53901156
295532646
-1
184015621
-1
292857827
220932654
845090755
-1
-1
437304303
822073634
201586761
509474603
808088875
503181158
192996298
737905965
69163734
-1
262695640
-1
808998495
526776048
535098862
649794883
357302494
423564552
842644179
443604375
683438407
137510703
-1
324719822
247236861
549347018
542226389
-1
419797363
809002390
798306441
803344888
612629076
271722923
474977463
552724308
621343862
-1
671032376
893825441
574718918
-1
359522951
324748926
608343410
-1
841227034
726626241
490745006
-1
782761296
448581826
-1
455819766
329837629
689793479
-1
-1
531878257
86014995
470242980
778832167
-1
457186406
669274581
444377446
662299067
302654920
366828898
280836739
750074758
716126626
6497636
-1
560663708
701118961
-1
835963760
131163707
344834358
250212510
561993762
376616092
180064880
651243445
26965649
63437400
371815710
319437725
190071936
263122757
334619934
-1
581959141
-1
610101674
-1
-1
444728879
-1
126432114
619261367
743124833
778005028
577645391
-1
722926698
-1
-1
-1
-1
876932777
602562441
643962847
223268798
-1
146526872
873425370
108279687
-1
291043442
907817340
855300564
-1
610975578
-1
-1
-1
853722184
397580759
785003027
623559670
-1
163135546
94789657
122450015
576845645
478947747
845544565
765399665
607069445
705872072
282443273
86145173
645406927
369477844
-1
191064215
-1
-1
262872771
150224989
264714277
369327259
587333014
598364421
-1
557020128
898667237
644177745
-1
-1
799567540
-1
-1
3739428
413748252
702998453
540661996
197876128
-1
791038611
249146480
691961824
-1
727269868
823025624
681868104
271521531
414097536
668536684
663779602
345076157
-1
455598656
202682088
858782395
536963205
280964912
-1
492893585
21757424
-1
545871358
383215479
213394080
-1
-1
-1
421748861
245788143
-1
830333728
554640952
394553736
-1
-1
-1
222573979
502993312
156958637
488140424
524220101
-1
-1
-1
903073092
233670655
-1
-1
656478749
-1
-1
826537329
-1
242443409
653838193
696766045
-1
239497664
-1
-1
-1
-1
325633455
328852436
892211433
387663174
399989615
776642628
740973346
856218089
50672607
213273625
691978631
403503119
30548740
801103565
425621181
329468562
467669153
-1
649822690
272793976
37704633
109589067
367319905
714208804
-1
454343936
26328831
249743897
-1
-1
-1
377961823
231197211
-1
69131388
-1
-1
245236716
887411387
464483693
-1
676297865
-1
241804825
-1
360203493
-1
404342588
674508905
433852560
758133199
498871316
-1
600449924
73132393
493018658
866685386
-1
418232439
-1
737525246
860610150
669238398
-1
731969740
905451738
21956114
594017936
529061020
264057361
-1
818054905
418891875
841169806
254938065
-1
-1
806199639
652951918
-1
-1
550325289
677219605
168576933
-1
-1
-1
272970917
827404627
757899608
49083280
421208102
-1
245461788
548414208
421214781
515972319
901141916
400577954
441444832
332756750
137339585
733267408
614729310
690797196
722853026
34380764
411091159
-1
865783483
484292319
9100258
21119161
253280377
89047804
-1
471267125
488082063
619480771
541444495
-1
-1
-1
-1
691852649
901195316
752782676
-1
141098612
287919605
700090556
-1
-1
601467528
400785893
772478163
237932910
-1
-1
851164729
326374898
196766352
806373509
176120994
281909772
-1
77766825
882056512
727395131
636918010
859963409
737493907
-1
530429625
-1
124707451
665097523
398656066
619104820
464931206
-1
813593918
569681948
247007342
544969790
792033408
436360356
472429873
713940193
895302906
105225580
286489230
148351293
-1
421421366
456353415
16455689
828054607
-1
170092603
808823415
-1
868697026
-1
32480076
557063767
170155175
324841382
280563422
83284582
123730802
659970216
359680841
474900317
469591214
-1
827144033
405055289
709583744
430234457
650544182
-1
72010865
-1
129250986
30696217
-1
854566931
232742572
328967972
-1
431289380
-1
449350673
411866262
651063680
793983714
815333699
-1
686806448
-1
-1
254781161
351483052
749346807
739059966
498953627
-1
572091454
322768883
105848779
322335323
-1
592682763
871498772
-1
316827815
491499834
672870532
-1
453426233
366134303
6672648
97515896
-1
50776851
195348713
772924318
97705126
-1
-1
9657784
466090846
-1
-1
841610785
688278849
-1
-1
-1
440147249
795385297
81407006
523465715
-1
376326780
-1
-1
805164718
373991616
808361744
432634806
166611690
-1
253199390
151684015
466597480
228305545
363355355
50837628
549439447
-1
-1
855724308
-1
-1
-1
695233022
562156391
731217389
882351963
564647962
372468379
-1
216569983
293031497
217858801
466563920
560854505
561129814
-1
579850750
565914704
514553289
-1
502928084
757374451
758111935
583273228
631091968
534940724
-1
694876568
524806760
513357092
81179169
428770784
-1
-1
398823888
-1
-1
486032013
311085753
281177730
811890423
-1
385674151
304522997
616800679
683461357
133365744
60240822
767958623
311672702
591176657
676128902
37031665
4283558
321422362
-1
712069943
697514222
109198559
524958006
346210195
-1
347384586
192935549
81816232
-1
624259
-1
606827066
870797684
-1
11014278
36945444
660127291
664923456
-1
648963638
111559004
214287779
242960385
58581992
567911918
401649567
223090110
36466773
-1
-1
872427867
658398947
309210137
596933988
457354277
667886723
52304516
-1
-1
716593476
512221120
-1
-1
547892349
638369869
6321825
478448078
638416257
810518281
-1
632325509
-1
270334074
379711294
79067783
-1
695507416
611875776
-1
-1
-1
96890947
311521583
206359847
756379649
143056661
326064998
409027698
710005316
-1
671988106
287059649
262565247
453235577
103454470
837530159
-1
-1
894142032
241969266
636661053
285388114
138067377
-1
754582880
428432863
142732249
686095038
547994174
702443879
894180780
116641191
62713464
357299524
252223911
788069385
509157826
571792530
586574577
179489750
-1
-1
203982782
296725868
673369357
319645401
195719826
-1
742667415
595062550
287027935
-1
51557165
545134430
427843291
472461730
303309925
58215019
-1
300883901
198244974
528629660
906554593
185767169
714950593
888856136
102468089
351182980
-1
569256083
-1
-1
133548808
556922190
402683409
752672332
-1
824556292
20283010
-1
167113258
-1
613962076
266906976
547320360
879806201
149574904
369297466
442166828
417631778
-1
236158529
340907881
529463461
223073117
347127517
-1
842509861
274326304
769094190
62608893
519531078
842651024
101338938
-1
383677883
-1
531868072
840591596
388534620
-1
138655565
38668873
90035581
607526396
-1
21566740
596889665
143832026
85938328
152247656
367717727
323006918
147273567
203085410
99417582
77645521
650528046
-1
446391439
347253832
670828664
69325399
531342344
-1
299982082
-1
852332512
48742683
572219190
254797700
723188657
-1
857119206
-1
-1
-1
-1
-1
-1
215725292
32672774
-1
820719639
409574138
-1
-1
-1
809639368
-1
323466418
608495372
835402840
2528415
341399039
770583019
766030481
-1
3749575
839841488
726128418
93289349
-1
641784933
864437746
-1
-1
-1
-1
219024838
824508877
-1
293973263
616831883
583451121
694295345
370809428
404588343
645954983
547367218
57667658
146436358
454328470
546582719
67840505
-1
49001876
-1
126869635
24001121
-1
248534080
-1
634726114
897899523
252541132
519793377
749536996
-1
-1
-1
-1
269236899
470211327
373194294
646257383
40320561
131191083
204401120
564360342
504686272
123731413
747753044
767720467
642188565
-1
321480723
790280115
86165847
564325465
818255564
651174956
294363543
707640041
819707419
-1
646647052
-1
-1
89926983
126876385
549919541
-1
-1
688344792
171329216
829327753
-1
780426064
389654014
-1
-1
-1
695828761
284706630
841786803
-1
138161119
255356383
483506464
189238307
199970297
640739243
709042064
-1
-1
769098825
-1
-1
390969071
716314338
-1
777705462
746139525
553064025
-1
556865602
73989263
758923951
844320436
864925758
-1
708599772
526765987
411111628
-1
17924737
878884119
562039240
8062564
13263786
253637923
-1
738279064
311706583
129804257
434512594
453304830
36194114
237997817
656943403
837988348
-1
734211352
532461106
615869911
829311286
801777521
-1
-1
268992592
631044828
144023223
720331500
414386301
302687779
567694041
-1
262423227
-1
-1
-1
18901513
875845619
-1
130748635
636551416
18048460
538486203
-1
119197471
97184341
561369761
547268548
428830608
252876513
385829781
232299662
-1
-1
534521353
-1
-1
-1
-1
-1
-1
99406654
862957887
-1
252493732
345140220
411262960
-1
-1
791208147
516300054
67436591
317907900
862625534
57054024
65908074
630287640
-1
202029289
-1
20330374
777636159
761440371
27837973
275879171
355213076
-1
-1
49249696
836255980
216311376
-1
510857944
50475095
139292151
502224568
162504603
-1
99225432
436480723
173369714
514343941
122403265
-1
161799219
871786017
-1
-1
98146666
532553793
-1
813691296
-1
-1
654282791
469662171
688839167
583281980
822495646
-1
607671184
477023273
317361903
505270533
-1
273290593
836122027
423438803
-1
551619063
766703013
624340638
-1
765880692
526197358
338191575
597268761
513543215
-1
-1
-1
-1
699867326
-1
375745638
675440618
-1
536206377
2263626
373160570
136053287
93769952
244808583
-1
270437404
66614936
58046814
576183555
282894523
-1
-1
779941709
148945790
-1
622832399
779925355
740855686
357127193
775545143
-1
-1
297142712
90037585
412923052
-1
53338731
563203598
391659606
330003842
567785207
434403109
638390390
-1
705291209
799894898
270963142
-1
632013745
217106867
154367852
182913363
282384774
843535419
-1
405727995
-1
891526953
344331756
734700360
232026486
294780376
221393232
137753298
31633032
482879929
-1
80201833
-1
884565280
545238340
867301937
268481683
191954583
13513965
429360953
-1
679320388
839103450
791511726
458494828
-1
-1
168449502
-1
883517025
505324481
600139447
14500991
-1
298297877
-1
-1
-1
293778801
614099587
-1
364523565
131526011
650535296
766643367
715519782
338584135
188176103
-1
202900293
243725549
-1
419994427
-1
-1
-1
91368140
160483690
-1
-1
357860298
351601217
741769769
149982972
674985708
-1
716510330
213150984
272941489
433154841
344229037
-1
-1
557004085
857724344
-1
-1
288800682
-1
570930565
164124325
856914087
822866065
531979740
118174066
875289653
258880124
398162741
-1
-1
40247394
135125394
611580477
648239287
607050609
751666489
824905895
356644222
98294434
534343835
799379842
847073904
872870355
667230987
115902802
-1
224310337
74255166
606156898
111990244
38923988
20780501
496062841
104959021
584320219
49209364
467700854
83978790
486776682
828686765
-1
419537571
890331967
373838023
458901550
583131485
30161621
525551519
756323429
247343892
-1
497634642
-1
802073137
226498570
522576087
805466593
-1
696909601
504140361
730500893
809088479
796752720
-1
853298522
-1
283029760
602851856
724320904
-1
151766121
471286736
650277866
-1
-1
753997302
62639544
-1
-1
32870233
380733569
502092102
441289441
860388480
656916210
443002802
-1
494354633
433198636
-1
-1
-1
20789676
-1
194376373
344610100
667665620
398023123
-1
-1
480143262
620358676
652331343
10001782
903235338
868473029
765233885
-1
217147517
634342150
383742748
337261943
245006705
-1
721981876
-1
400154056
-1
122538592
262287684
741074799
368189978
-1
93605627
-1
829520853
133701472
636049204
57677562
187870420
-1
655528791
185310188
-1
208190961
406062807
385820541
-1
790831485
307975479
492365042
608610504
314334082
-1
356490925
64960089
109251103
-1
31317518
-1
146515591
245798762
