746370130
-1
640076398
542019967
768941306
-1
430188698
12276149
913378788
805439257
-1
-1
-1
-1
258586319
-1
240390041
365094622
159902086
-1
940724780
573442105
867363740
146282456
-1
452937156
-1
-1
731166360
4939719
857047675
690154499
462213083
688617978
188339763
324835188
338014576
266889576
621165883
96581602
268817247
-1
632105934
216630192
-1
93780084
744666475
684349918
698176513
-1
931069137
-1
363199430
159584570
-1
369293798
-1
229232390
333811958
-1
347927466
675299482
648197680
-1
113397592
80794837
506001030
179868613
609403475
449178202
-1
619260504
139520627
27303085
213993580
500641765
7078632
554686423
-1
752502965
768209978
843781393
119131839
126409755
954004829
597145241
577406933
-1
524600408
575938069
865579123
683359508
106279495
-1
572994289
465208986
556649735
-1
500782094
623830309
232275531
746401688
-1
599648125
-1
-1
504655487
40230471
851286703
142087549
463415843
693613676
283963935
947228511
-1
7950076
765578451
196673812
720677054
217701008
534713387
15997005
946400468
-1
99709269
814877504
563113771
593175191
303073687
-1
157355191
294755658
624492637
700645424
885702768
-1
274580698
813753929
693399485
555286978
955018916
-1
398864364
873630539
-1
193853475
323374960
707994978
117099902
20555607
464290888
-1
777100290
71448821
230558939
-1
14581850
-1
19200384
942902931
306287571
543283900
43142511
827584308
-1
435431780
54416896
506365556
808469811
705375764
37338917
20116255
819956562
-1
100402861
303423024
818218484
76152888
860902717
-1
616371826
929222838
589967187
190781801
-1
-1
638739970
9666070
160062183
-1
489563267
67321807
177810833
672275142
149028365
321352449
-1
446923981
209643310
335585249
-1
126073839
884331899
472729023
941160593
79801923
38325071
-1
-1
308476852
773950038
756114744
351900309
586116847
835559745
194193939
575340353
-1
316542964
583213151
836780625
741354449
432066544
-1
172816735
-1
439741535
285406970
313337871
64178510
466192918
365672054
-1
-1
-1
47362246
-1
790712361
953319963
576648638
501367727
256922651
648881669
902858854
768700781
728584785
824617789
484812257
673177478
640898730
400937887
-1
258699660
9452388
427012978
-1
880173472
405316222
420843361
946135185
547028704
883430034
30261415
494894902
341301323
581918341
256460788
-1
786600243
776872255
752230957
864445787
17080973
302780175
-1
-1
-1
413297311
174391174
459787502
800191758
923641045
140390678
265131960
949353133
-1
305027041
6696309
62428133
623447658
-1
-1
381236522
854385853
312869104
685786732
744279041
572580678
-1
676415111
163777084
768225023
219588788
-1
737309197
859931620
-1
503070494
-1
656497659
-1
557751395
160814364
909035302
834364289
412942280
256746936
613484929
452397440
412535756
877101223
-1
621539901
-1
198477521
652431130
895351056
684123920
156036333
569784831
634202763
-1
638924998
543555243
-1
946705021
-1
-1
677812849
806554776
832992427
406672140
-1
57941006
619000833
434528176
554815533
-1
863632706
173117427
784623278
940878075
366903018
830836171
609055372
837334320
-1
-1
23182471
100484888
122709917
91318349
247929347
679867762
911922713
832737846
-1
460504920
347329157
-1
42545960
895100338
-1
219768774
864676333
881054389
456049094
924915183
-1
270951396
-1
355119014
424265230
217177828
15266085
519632785
-1
159719547
54098016
824443601
84392828
793776825
383027763
395845291
712887257
-1
137058673
405210300
259996422
-1
309188158
949743962
146673352
909259896
230333070
854002905
927205280
69216692
845551285
858113145
349657640
781396114
368331692
-1
5110082
626541414
295191492
608144320
938609153
954578833
439866224
366788699
366005120
267495550
131997448
-1
406857935
426233960
-1
501568831
35325909
890205898
105731997
550143205
913664788
346955620
565108157
184464052
294391714
621582106
-1
729870721
-1
802056682
173992749
-1
625759437
559113715
689650380
825546306
262985951
847890879
390905200
697899561
359603045
80501160
826895911
-1
-1
874671606
833833178
267256891
624971515
-1
169015342
878382381
893690816
949507450
177098795
-1
113670355
16111884
539677339
-1
-1
39436041
901272176
299007894
34902970
555278569
534782024
439942120
620757209
796851953
-1
404568953
247860575
235429867
-1
-1
-1
370320146
209055576
-1
96099548
359108795
111510906
531313067
494511387
635563761
652160716
912681258
504606036
445562773
-1
359489606
168394130
388377564
466283504
-1
-1
494107849
408544474
-1
-1
-1
677345503
885668412
-1
-1
626019969
-1
139545685
454348555
734199326
580735782
584913798
688604720
452871959
661617662
862149619
166778976
-1
747296558
864295027
-1
448546807
778432292
756066410
751151802
-1
401247784
-1
640498441
44897565
809120401
346360523
-1
-1
539713341
-1
824758100
645382112
-1
-1
724866894
767649385
563518248
353468332
-1
28827598
763191700
359898868
939352998
-1
108791840
252274384
-1
41193282
-1
161348698
339582421
471469737
-1
65485978
941754464
393610039
26378513
276198924
642770979
842685111
371930075
-1
-1
-1
-1
819805690
28112443
800766474
-1
-1
116482252
274208807
518537623
-1
559353395
205625803
395201851
826006775
-1
-1
-1
526808344
351597400
-1
-1
74285887
591996181
702312694
856497335
-1
-1
893380221
332397817
360094029
345452242
-1
441004938
-1
125748294
227978166
795519842
843224851
444045811
-1
-1
-1
-1
381811171
-1
645901386
-1
-1
170411471
-1
556703753
819803683
386285247
222862536
526610911
339942349
-1
-1
-1
373583751
-1
274697036
-1
-1
59301475
841480074
440678156
703965999
-1
-1
614952374
309810355
682251171
929423672
838313804
-1
897247113
711317499
937703850
568235009
-1
130990536
-1
875142624
40460551
953496592
-1
-1
-1
793422487
218594875
396245510
-1
17622980
949380753
-1
921300300
-1
403295242
736369025
198043670
-1
851715448
150958009
198253817
251167645
421390301
275652748
574896677
-1
-1
347921663
499678792
467328539
12786427
821239583
-1
234541423
-1
-1
863762092
682190290
903506896
-1
529689329
637559851
411227579
289781957
-1
596828465
-1
582312248
577354405
-1
-1
305181471
282274590
-1
100843605
718134188
64714632
884019054
742974058
-1
493678395
743737793
99208266
538686447
-1
397067976
485995868
554266871
367578669
-1
365048661
214131205
746880358
493151378
177334509
-1
-1
361706953
544651798
422113046
933043596
-1
66746363
464845120
-1
691144327
809084272
792369519
471465160
-1
280625904
773063638
-1
411642409
228901164
810408276
921166601
744697113
723752291
292989843
-1
166892340
382978593
491856141
715446095
746113473
600574818
-1
268062056
-1
-1
743326155
575531437
767122346
891348015
330467167
561848153
-1
124275131
695116776
925867641
198195074
885920851
784635343
404681886
-1
742824178
-1
502731401
677485107
-1
838826466
-1
727964952
935638482
-1
913295910
893009469
676315684
673892998
829818292
580023389
817452102
-1
77659271
856208822
524985096
-1
271151562
651847598
56968038
263341050
-1
772432253
713381208
743951110
-1
803604249
519501998
-1
282431496
507657975
890884918
229182177
-1
328982644
399079075
754751623
844513082
298343029
879054844
-1
-1
-1
428962355
399013412
267189770
275093818
371659543
-1
221670824
448102295
954861267
479809710
-1
754187498
-1
869576443
490301163
270876369
941506034
43366279
576087614
476047039
751552897
68342182
263134501
-1
156291902
803399816
367260472
358979514
-1
401686967
676346090
-1
604531674
-1
-1
85790977
614485606
-1
-1
-1
891457321
53023829
860741696
-1
871552337
754397917
265290159
837795627
-1
262758005
-1
457592350
-1
-1
719151850
730282324
-1
498456465
324450447
740517163
607503884
885930414
913372972
258936729
305474164
-1
512111271
-1
144485834
700539345
490136409
771834056
-1
7409764
926271194
794019041
307106675
-1
-1
228856599
543004290
340095421
-1
330552691
916655231
-1
-1
399061666
-1
104295613
-1
769164630
314338632
772757215
789001716
829577851
612211631
242521970
237493328
-1
299507509
707552663
707354852
62546681
546176395
201516796
722921493
625251050
144307930
421917379
870537654
416376650
-1
470947905
843075546
189154577
851246145
219101377
-1
596789091
634921493
789883448
356751837
618354982
840342481
534738556
357358859
702967862
270566038
121980112
523961645
215300479
861038615
714872297
229337111
672743563
119584043
656824385
316252821
-1
-1
362628157
489020877
549012232
340645908
302356048
686195915
295403953
837736608
509853575
272839424
899704935
-1
374103529
205719554
534807391
114216543
895402609
-1
92988189
891534891
-1
945199864
-1
422099098
107656454
-1
580702538
-1
-1
611495873
321575431
-1
301863868
158992619
250503742
183706406
279973173
-1
693106479
581673813
-1
541127736
566478133
648806763
793952525
920543318
306743678
1401432
397429820
381751050
-1
31830321
892895260
205409316
851380397
186950051
606093043
643125041
219371445
58762442
-1
380714379
526120636
80082439
627476154
123033018
413575847
727036084
292282953
677003128
441761013
246850384
424934713
-1
772810074
248102773
521063967
-1
404002805
66126979
877689089
693880154
765489598
-1
121793892
630712232
-1
509739906
561123788
-1
454501240
356652723
169183654
663418283
153214778
703175325
394286922
71730552
864386726
817896749
-1
38959899
-1
-1
241041981
696859192
-1
-1
439183971
754716936
766829946
906963550
-1
-1
337887840
447731511
751740829
-1
-1
123959214
382804785
168839280
132070756
99752564
417227553
502741886
270032892
-1
631325087
347513111
-1
506115993
-1
446380788
357759715
-1
888353323
327319957
-1
24323089
563022426
846332544
322315440
-1
391309073
790613916
490130547
440713402
172497459
745795543
134945897
953713065
-1
846756339
-1
168246818
720439960
21618773
593914558
-1
-1
-1
945681137
197675653
50550602
-1
-1
-1
740610625
568384891
692651514
649460668
434018512
694064037
748234473
-1
358463219
712371122
153248169
762304622
540731242
612858891
-1
110806984
220715662
52387620
-1
-1
375938726
711504177
542377438
400872745
714947900
585499251
-1
-1
192164644
759161277
385210195
-1
842010984
-1
348580608
398528066
885472485
179890065
135338121
-1
-1
899868331
763975408
635460928
632551810
78414353
156905499
491294212
506439945
922530366
373385454
-1
505800098
747837291
407359447
-1
441043838
566573438
606118027
610506955
673283028
607848611
-1
788915246
331629429
439130940
849259715
874038230
744285966
761546665
470292988
-1
180254682
-1
890557575
398315378
663582085
397957260
862586851
173655226
937183600
142487846
907141264
234382450
501946407
204926686
-1
605697399
-1
866615256
453925837
-1
230427604
313170663
-1
943976877
625953354
-1
270384558
121270203
-1
-1
927106276
157184589
136505358
501800453
912504963
629581833
-1
880916816
-1
53504237
300104331
259599352
904237021
380405455
-1
89078220
879704871
359756804
129187278
-1
-1
568692096
503762396
-1
2093709
589574492
238121212
619117967
119238510
573293875
534161231
-1
466267299
649851435
-1
885870718
-1
915796428
354730997
-1
288116360
1649487
274862191
715098068
-1
79640143
-1
425885467
238233968
-1
-1
505555526
-1
-1
-1
-1
-1
654868757
531587712
275042542
765484416
141550421
295642496
865249630
97027322
866612373
709554552
312517834
-1
766827953
545613918
-1
541383980
-1
-1
15075984
-1
113871663
943685576
929345094
-1
353317497
-1
253363457
-1
422066577
652357233
631717632
256058323
461533774
351939242
-1
801743612
34647585
51481507
639426122
578317919
631979850
-1
540266335
3040662
-1
520942722
595323910
746511719
-1
606250055
-1
513327715
-1
-1
318701946
523523603
900120401
146249755
423151310
876406798
252012463
537086726
306534108
-1
789706489
665232717
464446758
-1
714554456
311166467
732863596
610724816
818964435
373636283
-1
740460701
51918896
769321891
110103956
884163082
887749630
662404484
473818305
-1
254359750
182230545
138712052
-1
-1
556582837
-1
40244376
459750729
683129732
-1
393147396
616136077
250428496
-1
-1
255210585
801253436
-1
-1
686648646
-1
602891709
266537400
605851438
-1
296773351
75278060
244387976
220894120
652290546
52227992
811736871
872941617
-1
4103723
67874151
387542454
342454520
-1
614124635
-1
610483513
-1
37272365
81409723
170559082
-1
-1
-1
83634457
146076601
-1
755043005
-1
42554649
79693772
14880062
92619820
683991542
382637860
190558787
956722467
-1
914233026
746156228
-1
22865237
841958815
935326295
93644253
-1
88380587
117462013
521392557
496321639
-1
25364293
563177236
630502679
359567199
398043771
-1
375068587
-1
492510098
80081781
791653625
145046236
421966728
884284178
25552051
7610640
120973943
271189929
570425298
337919582
608216960
336483439
232121600
516341180
788164398
844092605
-1
299109165
375644677
446459995
907504513
532289735
861411451
-1
817854950
703271597
315542709
798744961
755385194
311273079
703789638
103670111
-1
-1
757507085
-1
-1
29619884
133073772
357996371
249600491
509017355
230309678
464699084
687194397
-1
12170688
144720871
6986831
190145240
401078183
216097590
478311413
-1
-1
-1
897589686
303910557
228661520
-1
-1
132176921
385567303
-1
-1
-1
-1
494180272
-1
780447915
650158943
605901673
302297362
733969068
-1
101470525
872746016
-1
-1
664673818
49882347
321651065
387757413
263367839
706594084
642813450
197214850
165496037
327285691
-1
704588143
572317991
250297616
648111820
-1
-1
-1
365645298
761538388
94405392
-1
802397089
585710656
853055628
-1
630896896
64465610
868071553
739367880
321897471
277940265
-1
492177958
627564271
655287904
772683217
-1
832162296
463785626
667898100
-1
-1
451824085
839588137
826549923
-1
844200296
26692122
26004327
156786565
-1
341940437
-1
559396609
888458608
-1
761504561
288666628
810940364
-1
-1
-1
865193731
-1
688483891
676445583
360773561
495766045
854329919
924877318
225799208
745164393
-1
426500403
261536306
334281612
-1
-1
121801193
277471743
885214562
64084523
-1
239366815
196861935
-1
258174617
290393940
834185198
525701256
696954977
908599011
299187606
-1
-1
-1
457198425
106130942
712587661
-1
678426023
576120788
492699970
-1
-1
216503256
687026469
877098814
360909441
-1
669009472
489053783
765210925
96287663
-1
32690131
874387980
-1
887605991
289880437
36694716
-1
928630297
372073191
372201646
807012317
940560828
-1
-1
11858064
-1
819565378
93565573
-1
604968023
-1
-1
484579145
224303781
819171109
704982260
108829528
453100168
354771902
760884293
76834901
27454103
163545047
875667031
927677254
751393550
603125359
840147995
426688216
-1
142202412
536892612
828391971
235259080
-1
585524085
526498140
763761445
822146846
290271986
122982170
731671302
162174548
197719493
871111689
64495061
-1
531792316
524291463
-1
69097196
581739897
100667316
-1
101678770
-1
944196091
430313164
130558110
398504498
515063082
-1
518035340
265326237
220736608
-1
84470598
-1
378095778
234652718
-1
278010221
767525159
689397745
654477318
515894812
723855175
-1
15748236
382395579
-1
233214955
67692515
50172758
-1
155191468
-1
840633847
831136097
876337197
603501194
384688014
834334310
879668511
-1
262373767
-1
443289069
210092254
108104759
533099989
-1
244346183
440475336
57293614
832140482
791891660
215231241
-1
96964401
921376319
-1
353245164
33072756
56186985
80082143
-1
73497682
682598241
59327237
-1
-1
477962578
110105837
-1
708318035
183070284
421774483
-1
264750265
745770995
122100562
-1
295275429
-1
161701266
440087464
793164012
728290645
-1
363085548
254085401
391376638
823644509
590726782
72588513
-1
45709301
-1
-1
813190526
244581958
897823395
-1
3450066
501951612
-1
-1
897167108
135238232
642588448
696411059
-1
197291998
74124806
794841653
-1
-1
-1
539711609
5525746
311944318
295605280
772807869
75821070
691580113
-1
-1
-1
375780239
-1
-1
696208673
-1
111806807
-1
320701323
480344535
346465782
-1
35520610
241867836
339948030
511589524
-1
185532211
611206116
-1
128504943
853914787
330961070
-1
-1
345030978
-1
769715568
-1
-1
84920328
921771928
345368096
584775571
-1
769255229
599996284
430696117
199052391
224254852
706709587
369110804
207145118
-1
1583570
381941736
-1
508587617
769622542
940251398
14909691
805411923
677661234
464375238
873667247
90621928
467890926
463564276
418372152
590360794
875233073
785936813
160255538
73974061
-1
-1
-1
87789930
-1
405606206
655462565
41249516
318812818
393662607
-1
402351345
344729658
444986773
407223637
940382600
51822757
457016471
10435882
373392608
506822375
288349825
536318762
168008370
129838730
762832731
109761185
27031215
359451050
341827995
3743213
841835496
862660547
617494961
-1
414807220
-1
-1
313985258
-1
423063245
-1
393284190
188738724
757646289
401002751
39572427
406150701
684076999
220193660
394842854
478241092
-1
654336298
247769691
423288352
94236319
776892323
374062020
-1
-1
854891461
888670666
-1
-1
182680756
-1
666847005
248260440
815905532
313294681
108979454
380336026
328909601
303783525
853559798
-1
755757676
345248450
-1
21762486
-1
21644750
677897311
-1
648971198
281162834
494708693
857003183
185577418
502246238
752679473
854558326
-1
56375144
-1
360495080
373248617
951091242
-1
376381369
317206090
-1
692471603
625797766
-1
355139571
-1
367297618
571859120
297683923
339984400
-1
734047220
660635685
-1
851562038
-1
937163971
276374042
276139907
-1
544462257
777067751
484888737
-1
830355776
603068487
123964232
332896830
375291138
407159101
-1
396503427
36783344
363365773
-1
414638417
877686441
880899841
-1
842619930
410405359
-1
-1
378864257
549039032
410834188
666740923
-1
528830103
568745350
254812371
40775280
-1
405256395
-1
571092244
-1
240001230
195066719
31332106
303036139
657157082
56509378
45508980
363286827
-1
776339963
142222979
399813060
-1
277164228
-1
-1
-1
165239940
34626829
397276822
-1
-1
474690274
904184387
361843366
810208012
-1
471892327
-1
955287393
231527637
539587513
431971964
-1
-1
-1
220418000
-1
417364726
421816460
228967921
31987905
809870116
388077884
500096154
-1
96334348
-1
856420785
369847042
927425312
172953407
34049192
788981396
167053042
441495915
257374056
275099250
250350769
866943017
-1
-1
-1
846615627
832664558
618369545
346784947
822783244
159566806
602503970
17981048
373743916
288518939
265689383
98261926
-1
333689007
896518867
425482229
837040085
511220067
953396961
492780637
-1
-1
828043389
-1
741683427
-1
578344928
749345
255196944
454779123
86491291
905551779
77983650
345299705
-1
520410711
-1
395449647
104384492
29739514
582538529
-1
-1
-1
-1
779702399
-1
-1
185927586
-1
903958006
579449756
879546805
-1
446619853
-1
-1
58575601
714353925
620155362
201193692
664599186
301383314
748826171
37080657
-1
535922378
457957570
-1
-1
69777974
23158416
-1
-1
-1
358926474
-1
93135724
315345393
428187358
202739108
-1
74284386
217215694
532345491
868628698
-1
904351613
-1
259885473
-1
503062962
93708218
-1
797807960
73767686
905206499
736661002
162542489
673194195
451618926
564611798
774589507
-1
331401453
890837272
739998217
65159253
-1
-1
81580926
762456218
941443124
694553300
401620229
113274747
281038011
-1
49646098
-1
329529978
897281784
472867010
-1
594227291
-1
-1
188098555
743584200
470165584
411506652
227378703
376538375
-1
-1
254652434
-1
-1
480875660
338683666
76341107
421877189
211654982
-1
500424313
433093880
675054017
381298717
151689778
406720998
-1
-1
-1
279674494
700712522
504807635
235310959
-1
-1
333117045
873084086
827264985
-1
-1
397339688
915922569
384394798
-1
890586963
358313874
705876153
95051821
106696655
61673452
395613520
-1
780159298
-1
237337309
294782640
933249593
877924144
368105070
262716501
199847338
96235212
457406305
158324187
315410587
-1
-1
-1
-1
775625024
710110034
649595607
157300300
873274616
838414622
383235768
802211664
-1
811541093
719440285
696708726
601714239
240546582
619737813
184664015
38915195
19049527
-1
368944318
795764717
456146120
481939967
532842406
215879232
-1
126718668
672249466
-1
658942985
254177213
589994794
113374007
48890427
-1
227402729
-1
701899012
894467203
-1
415770792
626222559
29529450
380596800
-1
268437168
599609667
-1
420381001
228306746
170592587
-1
-1
-1
-1
-1
338261355
149354558
-1
158268011
757420460
-1
496191344
49808852
-1
538130052
794498571
800414828
851044809
738327923
675345086
-1
-1
-1
957449689
293944336
169295979
190550586
728336022
-1
54736919
-1
-1
129486805
-1
363825681
765098598
-1
886041963
333482169
819416906
955533425
394720232
29636211
463379262
1797598
-1
840911251
219126455
-1
-1
328515331
254191690
163137764
715851347
828955568
510474811
208631124
53264192
628156591
207661642
305803982
903134212
286779193
-1
-1
-1
411202698
293979466
78583678
729278135
613910360
-1
22299807
870996673
302833244
699418801
185426274
518935400
18751272
587694268
-1
566302079
207598746
-1
213038478
941406325
30747596
-1
851618816
-1
64180294
165686551
-1
352015678
575983379
776624695
262903965
467149555
-1
368269034
390059415
71049158
550841336
648452013
579098003
474315597
513720399
331755605
-1
689226822
-1
536817524
-1
425723455
576571629
481767941
146187599
109838448
9341941
16238405
729356274
585863486
321158641
97625999
146387933
215599616
878931166
667310007
587955251
113367064
-1
633404457
169947470
206327972
912912081
651265882
733416601
860988609
-1
3185101
708952939
-1
217667615
862159116
651904274
574867634
563145243
-1
342542833
356310217
94452024
100670283
853616194
570520091
510673849
101980155
824802765
245056284
761140911
-1
74524565
346629811
-1
50826559
516684884
365436737
11476511
909137071
105193609
757661047
141466978
553271047
141083267
-1
68401786
936387795
817574888
773176283
-1
379268557
305912844
-1
490656424
910205336
28907253
318511078
288761449
-1
499260287
63424810
559784619
-1
-1
-1
-1
786343169
-1
116602939
64637241
-1
296060605
-1
285483981
-1
-1
-1
382805450
-1
541033563
662060248
-1
647034849
-1
604187788
399961012
-1
37551715
208643105
359173250
583154904
691434830
77276599
-1
768384494
746676191
306789052
-1
53011138
334145087
673293570
455567018
798943516
602456650
410363381
298282881
443300636
792392807
765081941
-1
-1
36791596
75906889
313268831
874052647
61087424
-1
707676051
620106191
62411007
147555644
842813946
198918329
-1
834856946
104496718
-1
506045687
-1
-1
448883080
792813363
138237510
490165172
-1
787782603
222207492
568806232
176295183
823228154
720543640
945550984
659819831
795946367
402259149
-1
838345694
331448511
-1
594569748
761798947
595918086
61317202
-1
460133364
495956214
76718547
401391337
237374277
480281303
-1
353587075
727955799
90597960
-1
811333734
160612365
182160044
138539920
692901621
318677482
420543014
417411742
566932689
-1
360001458
70548176
752270971
-1
728512028
86527505
312826687
263706470
333897131
498802058
520830236
329581290
459675661
111873502
832764268
555360536
-1
-1
23457879
69508689
-1
374987962
-1
-1
-1
392243
190363970
-1
881796604
459785146
274254299
-1
384883256
-1
-1
413485625
251443829
320572203
-1
-1
852679336
925962788
507166180
181852832
865296776
863226641
507104300
-1
549526107
652099217
634475105
388383804
23923935
-1
-1
551219536
342611849
654928594
789988659
807874764
-1
306782909
-1
-1
645819047
25028356
427069521
86403602
68216375
490040809
-1
-1
422352275
-1
-1
-1
20625
215124968
759031501
622336682
264859933
201529471
562183007
259673292
-1
809601850
717697806
-1
911130497
28788190
901553157
235233718
793667183
169886670
441265622
804624548
-1
591917054
682506117
664891776
-1
-1
-1
-1
-1
497515076
111218595
-1
44739466
487567072
814234848
-1
323039733
-1
48359541
461165932
-1
491482428
916026566
-1
891580217
-1
930480815
-1
98916185
226720525
-1
480153843
-1
896208215
634812638
232149556
286875909
-1
527677147
195333388
754128537
676437748
-1
-1
-1
452012152
712905672
272086481
-1
246426178
855021294
-1
391869378
-1
452618935
-1
813664975
490339060
841538100
577991919
643809387
952383000
950861862
421256717
172668667
136083338
447510098
644059649
490265696
947689547
377393861
841529783
63276177
-1
501512420
380490376
-1
426426838
710201995
880663347
578340896
439543415
-1
636755940
133206398
310896986
264664592
314354643
99125902
464641810
-1
798612102
-1
-1
179980777
931063385
460399538
-1
898629368
450540534
-1
-1
357361322
306394772
-1
608449490
945307436
391523991
228446136
785562707
106948365
585494941
-1
585473943
99891544
255251478
-1
701446982
123386955
769533915
-1
819014868
932248129
276781637
395517493
512218617
23377764
78396265
285252351
8558843
642237246
923287362
-1
25863755
-1
426836748
583064978
86874125
897771646
293631390
-1
263036086
224847125
942565186
355391848
161505173
484405324
-1
53988262
563161958
932132370
941585264
539604487
71463523
217580160
676913973
540327649
-1
625871177
74875732
481396142
142387551
628327685
667586177
635270575
484457862
333768639
204598972
829910253
528948402
743919429
490046541
-1
-1
-1
929012835
-1
172928633
653212424
-1
137326487
216107817
717935727
50352234
67708726
-1
726639832
142335890
-1
861891080
-1
-1
848687018
664662526
-1
892818298
-1
401394023
532542582
-1
161736308
344111643
734935157
-1
-1
822726197
442938869
740736924
1301183
863789800
507292041
-1
-1
13056790
586372856
-1
-1
398519334
54607303
-1
710946145
-1
564451943
313967513
674810994
-1
-1
75326113
873411162
40903223
623623831
-1
236950531
-1
904664798
-1
-1
483071996
-1
111233262
796867714
526536009
54169834
70952883
889235676
319864745
-1
104378064
443350201
607220314
675237737
-1
129362472
-1
444006236
434740726
639263310
711901247
793274209
-1
-1
864887246
628448178
663435589
545200276
409639797
472743789
812481080
117358362
592095390
-1
469689917
-1
208608295
611923049
150054049
-1
198607265
154332079
-1
331201617
-1
-1
-1
-1
523914733
547057255
452305767
-1
-1
-1
-1
-1
424297531
354353774
717816899
-1
219314029
7703813
887074731
438770988
-1
421645651
361281619
-1
-1
551380294
-1
166851759
-1
-1
732302312
-1
708565805
662923724
282467196
87099017
-1
-1
671861357
677729284
9054801
915906684
-1
717586069
605805288
901435591
-1
17297834
623230016
767536292
226472312
34585825
435711722
-1
196214855
675964298
-1
102268979
-1
811154534
398760759
321511391
573146033
500096245
433077055
-1
536241490
372278033
246679532
55605514
689778401
854400504
202685189
509153298
-1
-1
884031182
724833485
98400928
496011933
46327299
495121292
823039446
191635972
685026141
379432514
641079584
43205210
272255805
163054534
47283458
-1
442985653
748332843
781493672
391752239
-1
748742812
160318974
-1
-1
-1
315832308
-1
793221151
585830807
-1
-1
468584845
144485242
194212136
409635305
-1
100533164
13970675
-1
760792088
91263396
158072414
101087881
238709634
-1
-1
-1
-1
-1
763810616
803814914
604268857
59580898
-1
808972453
-1
192069932
731342325
586424759
276988766
471557166
339094552
-1
906829381
-1
510612585
215105129
-1
-1
480273111
612762068
75501020
-1
-1
504716965
-1
708912858
293222023
347216928
915530807
533909020
825946334
-1
237547088
-1
888257477
-1
902053742
271819878
234556396
775642175
-1
661810536
-1
328899404
187607579
201463853
-1
583249808
612284453
228820766
-1
662412796
349142968
192844231
784210144
113897785
648114397
312387572
48620680
-1
103173570
461144597
302938827
826562850
-1
65026002
775662627
465789110
768526428
782575063
-1
-1
797956697
-1
805210957
453638885
109953455
798894774
-1
150705076
863220447
287394176
799567411
13715739
477970096
418913939
-1
903905316
521672755
684474358
877688450
-1
-1
168271220
772254328
798624189
-1
2487994
291516181
768611742
132074341
102877002
850607005
173144589
-1
-1
539450176
146392981
638906769
410478235
201603240
399635265
676588871
304412698
720067202
-1
-1
-1
48671894
549742170
895867347
171799415
554193413
644790104
281243707
225690957
762537336
547591294
558645273
160331791
-1
555534971
88267774
203743100
-1
459443706
340658232
19281694
300050602
835272744
498542153
176363293
-1
-1
858862222
-1
64530143
3323567
-1
524829356
263794223
912963312
497041912
943833540
862862480
209436160
212113154
-1
539023854
69693673
468643217
-1
315214388
57311286
441353507
132224778
-1
685963566
498064937
192487052
-1
788178160
-1
253999794
301974166
723919019
-1
-1
448468564
97415935
-1
-1
735860865
795438961
475416664
464209522
-1
90616279
-1
-1
-1
-1
359759880
460504675
374953258
-1
685008267
704513662
915413929
161164775
-1
59280668
-1
350309224
634960293
573522523
-1
335887346
753971952
-1
36744915
-1
613014382
355647849
544536258
103305540
-1
175978806
622303547
783785990
45422516
384773741
751116063
695756167
462263920
-1
580785648
-1
49490261
566943569
170779359
635308902
530085015
-1
692824404
357503701
117026401
485330626
409821480
377381790
910771966
941039331
-1
370722401
42953747
-1
459947935
856885752
249480598
644229452
479934815
-1
385958080
773690520
495954433
514828487
752734339
152947184
168225474
255711986
403190566
403606632
71020152
-1
593663703
-1
770917821
-1
794663108
-1
-1
124670109
141964144
369249461
926901511
448927801
811676642
795404229
764034734
459342694
403053370
923180547
404183443
78132470
-1
543193793
170459081
306685534
919400477
459690553
874287021
-1
299673650
128037176
950775357
-1
915118704
-1
538354464
-1
263768878
638477462
-1
754722578
382162321
-1
-1
912417351
801695126
631382010
477174924
-1
429502187
-1
-1
190939121
632269932
-1
880650007
-1
225545794
347996273
516372762
825008351
391841396
200933601
217204755
902364228
-1
610102750
650291802
855715886
96348070
334419847
277713902
503867004
-1
781221571
99638689
-1
334951274
-1
531588697
789060373
135250852
-1
736018340
833826922
-1
952581132
906300684
-1
54933612
341068099
525154809
921106377
296111591
-1
234678186
102132079
800712842
-1
-1
278615968
200543544
-1
-1
739510310
-1
37549748
43098885
386745719
541393015
475586595
-1
-1
-1
227316204
-1
905457021
-1
-1
190183330
117434231
478667864
286205654
512349420
749668182
-1
-1
78496618
-1
-1
324717657
-1
645339872
-1
-1
555053284
104616961
714831889
407047114
575623598
-1
54591883
341215014
-1
-1
241428358
303897973
175656750
34657697
-1
-1
-1
83607527
-1
137939257
870753417
734048139
899947044
-1
110278703
-1
598727820
215450875
807145038
109246236
76132089
465383147
350270261
-1
102960761
236598653
684221741
82748980
251854909
-1
914856177
237734811
368514259
-1
150678327
176717818
-1
585145880
-1
887388216
-1
50677627
911061108
377329575
516310330
-1
-1
-1
-1
198700243
716409
168344587
3922751
-1
440111997
204973471
897626429
626960351
344425569
464411361
-1
-1
270197860
131118347
405021119
687935002
-1
710022301
158634694
203539047
-1
-1
-1
522249344
222631847
-1
493801091
888487067
717487891
34239889
556038915
414060592
827108537
507795535
523496528
887328172
589900303
621891662
682098748
-1
26416015
461837441
-1
206457687
223707350
313816217
810453619
-1
-1
444595520
594467278
85241474
-1
581112713
706757440
-1
172942738
404268430
-1
-1
-1
435806487
348411776
265862052
516280800
557167609
-1
770780292
-1
523542827
135150990
899740805
67670015
171108524
575608106
66203258
-1
386090409
304619358
149691866
-1
261032930
-1
-1
916578899
235777030
538464253
-1
821228297
719354333
513716279
384527171
35831119
-1
627359610
-1
275465359
825222547
607908
392138917
296848474
924058143
-1
-1
317274726
-1
74534355
732292928
324430255
-1
-1
154512674
366221687
401015404
234513828
-1
692962790
209960126
836891585
853834680
-1
928060837
87907939
-1
790067938
780671327
55255775
28370717
99109801
541730065
-1
-1
879844459
637386208
-1
535256309
158358761
907571679
688561424
-1
-1
-1
26650215
-1
41320521
677000812
335371491
709732336
333458845
449478990
-1
537142570
652675062
793276886
416085057
381110165
102842861
530401301
289639719
750521109
783907136
-1
24934426
235767507
800042225
670483275
499797869
-1
329218414
529404579
455865611
198675567
747928045
210369928
440864749
459148227
193855471
-1
722876976
-1
-1
585182912
445659110
38087974
-1
701120817
524394537
466840566
403021329
345858501
-1
418065606
130818897
683701319
797261087
739560583
-1
630227204
151861689
438996084
-1
243276155
-1
-1
686845672
320215253
370580020
160932691
210627744
-1
740209833
688893308
-1
-1
494990821
868457752
446572252
66782768
161672124
-1
-1
-1
860079115
570205356
532588429
37255147
-1
39190428
204475872
918282569
441946529
715130309
561443652
156052214
606876512
833700946
8399233
192616893
372626285
630604470
113784368
-1
812316351
-1
918403827
362098878
283267655
75184372
210075857
77946889
157208580
758322542
399969151
844068890
271300264
606572296
-1
855659952
-1
196298218
147652126
701696471
-1
5210188
314462214
838704723
653910139
-1
31116573
526985710
263321316
-1
353001241
732876821
-1
939886457
466397562
77220431
921460648
909370548
621966862
-1
36744698
107615821
594560089
-1
617821178
475824709
-1
273198127
-1
584325463
650437937
473780819
585698793
-1
430787919
268003880
159674167
-1
755327345
89407503
315398419
460785151
733872061
505802730
671545436
409523350
41364642
-1
595926061
752224020
546600956
-1
-1
874750181
436776150
691715087
757984848
184997927
253515058
362307154
309473694
472712376
-1
853170006
57156816
421541145
-1
-1
163745080
303896891
232252994
228148801
317782920
763837149
782031877
74976365
244881286
-1
949635108
683608116
895631405
169036773
199092468
160103752
886922132
919168831
856105393
451700549
386386772
363170915
9708193
144639186
-1
41722843
574054046
835639612
921578493
255384142
735211670
202542240
477195264
718621951
-1
435264312
-1
783047747
-1
485471702
56475155
353955982
601556864
60863521
375830153
848537599
591124810
652294755
244330663
-1
267848939
561357791
-1
289678434
-1
409936294
324915095
125117065
-1
145971892
651960247
358161234
416149167
-1
552668448
416423944
-1
-1
843314761
-1
603847643
-1
526753797
-1
497156956
-1
830337669
798575702
30095882
273927884
-1
922037080
30397558
673021571
-1
-1
222596684
-1
385837476
938020078
50682775
192939953
310109117
669342042
634949833
226901445
662444597
481406288
678573172
361397703
-1
-1
117498588
695167404
895174220
814293970
521288325
-1
837848680
561724509
391902017
855345530
684852533
183895406
801739826
693283639
472820402
24691846
86320672
373173685
24725994
13048647
151280745
796175947
-1
274125986
-1
635046208
-1
428428025
-1
472624443
371449758
673841470
909291898
709845532
11208906
462990880
112302192
713946176
469942949
80733778
886182472
-1
505350090
645645779
-1
-1
864793077
345199444
-1
322485839
440364543
868661675
-1
15385774
-1
-1
-1
719103619
496763933
564252268
796780994
330132621
12972235
270675933
59824735
446761394
790520288
765776303
901403254
-1
620522130
635832524
886886558
524896091
919630634
804605380
883071489
-1
176326330
2407952
920977460
34092169
-1
486434893
518846188
-1
315716630
186321831
940882105
170151822
688369445
-1
928467662
18872145
899256734
-1
-1
16962256
-1
-1
880349420
607412419
540849209
-1
747271405
-1
452601869
35225997
369399565
308002776
927235138
378902233
459567273
361566494
467062424
572172006
344928816
333059022
827760232
-1
36634054
-1
264711352
438508926
15549493
-1
501449956
144164683
851356837
391092980
713245268
470598529
813770465
376009191
-1
785391714
433584149
-1
291633111
-1
288641701
547262539
112384724
549741123
617695847
424717401
852902085
922017742
662075727
651768327
-1
422149770
717867100
-1
747821331
621778089
735019665
947292247
290206943
236100928
939605232
134364556
518293652
-1
276211191
437095121
803105910
-1
23535924
243129481
908019690
-1
50338032
723270680
-1
469129394
670432680
112389401
-1
55096328
943110943
55291870
-1
-1
568472727
610945201
-1
-1
220324493
841899969
555998204
842984394
463689612
603500567
247838499
565315684
-1
494139746
662101593
385989731
595835706
-1
909112422
697733876
-1
268116000
250557271
616486316
-1
860807653
499874025
-1
-1
663790631
848511569
-1
-1
-1
-1
826495181
595537954
-1
429249115
-1
-1
12115300
32316421
272004260
-1
763003728
168559945
673966504
421792922
790140290
946443013
-1
-1
92216650
692210411
-1
-1
936901196
952410678
-1
145133776
572423866
597301498
615497480
75747703
281613773
425959106
-1
106909062
554553790
-1
-1
-1
-1
715472990
26808760
871661183
323569435
932342522
32406438
563704647
421800696
685785115
-1
-1
845590033
257415095
599777237
908964084
453927635
496041288
-1
739004504
32422838
698049812
890825920
858177346
203938759
-1
-1
188906057
775476674
-1
-1
672030499
704551280
386391953
-1
654835345
927534534
649268240
487766455
347893485
871940379
-1
759989922
628420945
184256453
-1
1086450
797054152
-1
900336100
379752731
385888628
-1
-1
-1
731383740
437146918
629310086
914300185
457402927
303356514
684190073
-1
517076354
571276803
-1
174608365
-1
47188470
704303289
709874176
382866865
530202009
281613689
339736945
-1
625034807
508692099
455789140
551693895
642410917
-1
-1
885374132
678366889
595805727
554626070
-1
242462755
767421365
408643988
-1
-1
832426255
347464633
499600211
-1
-1
268483317
-1
-1
178731636
444722031
199531245
-1
382150072
-1
782846052
617441455
-1
640050669
656517430
401752299
816770048
-1
633950328
-1
115570049
111664462
903812642
-1
-1
662043162
32882061
-1
580295256
-1
313226747
-1
860177045
-1
945375691
896038904
748128732
104240331
912174682
538715862
546213975
895402624
-1
301148906
278654242
-1
198454228
192143787
461027948
-1
74649061
181945605
-1
-1
615208613
-1
906721293
-1
282743713
883624682
708007104
440493127
526543299
195342006
179735996
670384636
305379424
555848737
67711110
545888422
796884013
299665506
-1
-1
377481925
406401848
-1
167184065
-1
297634574
687189005
767155661
565035587
225006599
86956169
670339169
182274388
417183460
215615948
326591399
484566426
365371601
-1
96098134
500419510
744679438
255820645
708498464
93370101
147149202
-1
693595237
-1
725424239
-1
283392935
297348440
479212932
49594575
-1
-1
-1
529496541
143659260
841946102
631374227
72039797
-1
453037612
623896070
361535034
-1
-1
590063134
185891766
545070202
954897629
669814663
-1
-1
445693758
817995616
-1
-1
-1
328477106
101304525
195392263
859795022
832408580
-1
322348473
80421923
79935718
-1
535332673
-1
109536226
415719684
137124150
100234326
171165134
458894102
-1
420498482
270808010
578288854
207265169
536155901
859181186
499499607
279164762
731317048
364460377
155105932
414007749
694634542
857958441
228284300
895060669
816392296
498642100
593515802
67675631
-1
212735751
861671200
339363807
485546386
322045337
353562958
928134485
-1
933456311
57932111
164630914
-1
425159682
944712736
741450001
-1
198477497
753351146
360103461
849939384
412596637
233754875
453667392
836582203
754401118
-1
817157700
-1
696478426
236677488
-1
105070900
736214998
33290287
170494030
-1
669325133
251529172
478621023
-1
703871481
821284330
868497786
147654119
-1
-1
367902258
829194379
531786933
-1
84356066
-1
112299157
348389390
-1
917393325
36446246
191025544
259902836
254057463
-1
583791022
30039439
-1
884757851
-1
-1
187091304
384272868
50981258
299371416
-1
604623140
238134455
207329490
489867364
-1
448292396
710798244
863617237
748825981
558882203
539627539
155404492
-1
838606734
572339567
870437427
186185419
293934751
859794382
-1
-1
-1
208573420
-1
132951037
724314213
-1
-1
151044308
205982480
807253948
594097474
-1
12813007
-1
215270380
146894081
429443399
-1
-1
312095050
343571522
-1
-1
653112148
-1
490857415
308673304
53681116
688928666
367844105
595176258
393273066
-1
776725219
-1
775951860
-1
331484398
-1
504772387
205058576
748511517
812948739
504233426
144898852
456890705
421364219
181716657
483454845
339943799
650481748
343676408
-1
-1
123478486
598667478
-1
-1
10616128
-1
839010064
-1
515293991
145635644
-1
389011662
506735281
-1
-1
266988423
901993608
417629548
448072362
392629761
-1
944772691
686606874
-1
777726298
525653288
-1
874643184
-1
-1
199148299
441303955
205344129
327753983
199013289
829012627
169693229
910865455
-1
296601636
498269303
-1
560671791
691438824
20880757
651285859
-1
305039149
388059843
778945495
564462120
730585436
217311463
159024096
-1
321764348
-1
798402035
924477221
735339204
441465045
-1
1177482
167219603
641624578
-1
904490934
703451200
559938606
280963416
754990179
409205966
44705253
-1
780247528
566069187
428767176
147135178
-1
302566211
-1
612195583
-1
707978280
-1
-1
591905996
-1
711365359
117991770
593916167
95756397
728277082
602471938
121323229
537817442
707633971
78166272
-1
362039618
344396162
539447115
211138180
276577652
888405940
254114721
556028117
829243194
54432456
-1
707307534
-1
-1
819070936
617683831
756465769
743944311
348306491
896547437
43463016
465822804
555892377
522264435
851011542
-1
595597362
-1
193382639
867271156
99575713
227780249
-1
873912699
414117948
462099208
-1
895383898
514904786
625904254
12700780
585622801
651168436
224965269
570593463
-1
724059193
319207599
174056934
284061909
-1
-1
-1
637410161
469334099
-1
102931036
-1
714603287
528979407
-1
799670101
-1
713173634
652482218
614441391
483719040
912684890
357914422
-1
752913102
-1
621597813
343182544
514840639
430870336
-1
-1
353780304
554798041
699451545
-1
-1
777830232
400527846
901779480
817273597
444103536
716661466
87976818
748567337
755574094
245051067
-1
226626430
-1
-1
582523776
891732189
239159472
496492205
334427706
18806418
421157151
875077948
612044937
932084265
404494892
589499738
841365656
-1
736283637
463318713
114053941
577492851
895245971
675362688
336523334
649236759
839302701
86841746
281489734
861951274
813272965
182819199
-1
695645551
-1
178708862
791604739
368419134
