2 999090277 999409759
2 999368329 999874459
2 999290911 999892763
2 999090929 999394441
2 999207953 999949397
2 999533681 999757867
2 999664997 999786581
2 999299897 999520981
2 999094247 999451081
2 999212663 999636401
2 999612181 999991829
2 999214753 999864611
2 999780029 999904889
2 999049211 999117373
2 999374071 999688777
2 999147697 999691967
2 999663113 999985957
2 999742199 999947209
2 999636109 999643709
2 999375497 999605221
2 999454877 999623699
2 999182449 999568541
2 999330971 999541931
2 999080669 999926309
2 999028127 999256931
2 999695413 999839767
2 999226919 999998243
2 999149621 999410809
2 999227837 999887153
2 999217019 999552943
2 999360631 999591899
2 999154147 999692069
2 999337039 999419807
2 999323933 999986731
2 999031769 999033877
2 999699973 999748661
2 999015487 999295163
2 999169709 999221207
2 999064799 999807869
2 999665057 999723919
2 999060737 999312383
2 999061307 999449081
2 999563171 999598741
2 999594367 999905603
2 999696041 999868123
2 999046511 999072047
2 999685607 999825061
2 999269681 999508801
2 999206843 999528401
2 999154613 999356597
2 999035519 999646343
2 999138227 999381049
2 999442471 999650879
2 999516667 999751007
2 999356329 999383263
2 999672229 999710267
2 999429191 999680069
2 999809207 999841981
2 999488467 999955849
2 999222001 999540251
2 999110171 999750971
2 999255073 999462851
2 999389087 999908563
2 999061747 999841189
2 999250757 999566677
2 999054967 999838303
2 999555449 999729131
2 999512989 999874709
2 999138017 999524791
2 999214823 999635711
2 999080323 999978103
2 999504281 999691313
2 999028183 999713381
2 999115111 999174791
2 999088787 999214963
2 999285227 999574441
2 999212911 999922621
2 999366167 999879689
2 999414467 999751223
2 999053267 999436927
2 999184499 999275219
2 999388919 999867301
2 999359623 999462593
2 999161131 999210899
2 999101473 999963047
2 999019831 999957983
2 999079769 999170981
2 999253753 999800981
2 999423059 999813319
2 999015779 999634721
2 999605153 999638023
2 999189871 999711269
2 999021887 999194269
2 999055583 999752953
2 999568279 999756911
2 999199447 999657913
2 999450611 999786653
2 999579589 999592441
2 999118763 999332687
2 999448519 999552497
