2 999241577 999368833
2 999247559 999407839
2 999055237 999808741
2 999226531 999824747
2 999403087 999762149
2 999546139 999911657
2 999036043 999648449
2 999213517 999252179
2 999094219 999555751
2 999318487 999731137
2 999188459 999795439
2 999400447 999613211
2 999137179 999388861
2 999529579 999742937
2 999191957 999812573
2 999135337 999244439
2 999292901 999492799
2 999017407 999199517
2 999338663 999974819
2 999292183 999884153
2 999373129 999794039
2 999432331 999497329
2 999149603 999671749
2 999056743 999395437
2 999490411 999610399
2 999346333 999791183
2 999542123 999764651
2 999454889 999596069
2 999457141 999771001
2 999829139 999895189
2 999466309 999923377
2 999542231 999949747
2 999140353 999737363
2 999180409 999485387
2 999573271 999864427
2 999342683 999645743
2 999180269 999900131
2 999522851 999720089
2 999451753 999599891
2 999391207 999405067
2 999298463 999441293
2 999137527 999394139
2 999288473 999618497
2 999127177 999612797
2 999543833 999796067
2 999409361 999811607
2 999546571 999572489
2 999090109 999219257
2 999419833 999656857
2 999011957 999028403
2 999454661 999492941
2 999129709 999379103
2 999166769 999912769
2 999100673 999824159
2 999382663 999430879
2 999956501 999969151
2 999172301 999450343
2 999167461 999487717
2 999614261 999780053
2 999380971 999783121
2 999142889 999520787
2 999865037 999935099
2 999554609 999889937
2 999310121 999410827
2 999155957 999348379
2 999103577 999506591
2 999290659 999299563
2 999425353 999953293
2 999388513 999422953
2 999180131 999371993
2 999526481 999677633
2 999120047 999158183
2 999196397 999936689
2 999748663 999807971
2 999381367 999980213
2 999338617 999648427
2 999250247 999954157
2 999080567 999165733
2 999309989 999441497
2 999265187 999915901
2 999059627 999203213
2 999676201 999984809
2 999095347 999491639
2 999054163 999565751
2 999431347 999431491
2 999036497 999566647
2 999171973 999394507
2 999314429 999794261
2 999853273 999881689
2 999422159 999818749
2 999268561 999342761
2 999408043 999506639
2 999775501 999874013
2 999129367 999298529
2 999117241 999166283
2 999218501 999804499
2 999030581 999783133
2 999559943 999994747
2 999131893 999961843
2 999557599 999783419
