2 999665081 999716071
2 999444233 999903167
2 999702113 999762371
2 999190277 999570263
2 999207161 999806911
2 999864017 999893899
2 999107117 999772957
2 999280273 999355549
2 999498277 999898171
2 999413587 999779191
2 999526481 999677633
2 999103387 999504971
2 999044503 999477629
2 999480017 999847909
2 999285349 999820631
2 999221029 999535787
2 999043931 999408503
2 999336973 999417443
2 999151343 999439811
2 999223171 999773701
2 999303161 999417311
2 999066143 999130213
2 999062117 999110659
2 999372851 999444437
2 999390541 999421321
2 999172723 999308327
2 999157519 999318809
2 999163673 999383887
2 999585527 999738977
2 999191833 999731671
2 999571801 999598541
2 999404083 999705407
2 999598799 999946309
2 999076453 999258731
2 999023197 999360749
2 999160117 999864311
2 999310121 999410827
2 999094297 999670247
2 999399551 999968143
2 999383237 999693973
2 999663947 999774157
2 999533987 999565009
2 999246187 999553547
2 999324869 999698467
2 999077983 999300391
2 999137527 999394139
2 999036497 999566647
2 999302027 999568657
2 999012283 999565313
2 999025889 999313283
2 999097921 999415457
2 999474191 999920003
2 999017197 999195143
2 999965537 999978043
2 999420683 999926503
2 999166967 999961843
2 999244121 999545563
2 999332959 999340193
2 999587623 999945893
2 999170371 999474991
2 999590699 999730867
2 999372221 999535267
2 999372221 999511411
2 999479069 999946621
2 999179477 999814031
2 999165637 999507857
2 999548723 999623519
2 999031463 999329129
2 999176287 999787951
2 999068249 999968297
2 999296021 999453589
2 999577949 999601903
2 999279343 999901013
2 999061549 999329843
2 999045611 999612023
2 999411757 999594613
2 999607051 999836281
2 999281719 999639679
2 999779999 999924301
2 999646387 999978491
2 999012403 999412577
2 999260033 999412639
2 999167977 999915019
2 999143983 999543599
2 999176467 999970649
2 999001259 999288491
2 999270733 999364609
2 999185543 999964253
2 999623593 999784573
2 999218327 999347753
2 999303467 999760777
2 999368939 999375337
2 999090109 999219257
2 999300917 999697381
2 999584587 999837529
2 999164333 999231613
2 999517151 999595951
2 999463013 999786761
2 999202973 999547313
2 999566797 999803941
