36 2 2 2 2 2 2 2 2 2 2 2 2 2 2 2 2 2 2 5 5 5 5 5 5 5 5 5 5 5 5 5 5 5 5 5 5
11 3 3 3 3 7 11 13 19 37 52579 333667
4 2 223 208513 10753058401
4 47 1283 949261 17469877
8 2 2 3 43 691 983 3943 723589
5 5 29 599 31139 369743471
4 2 313 1033 1546412477693
2 3 333333333333333331
9 2 2 2 7 31 127 127 103561 344863
6 23 71 307 2251 6257 141623
6 2 3 3 5 2071723 5363222357
1 999999999999999989
4 2 2 11 22727272727272727
3 3 64169297 5194592257
5 2 13 67 76541 7499938763
4 5 7 17 1680672268907563
9 2 2 2 2 3 41 41 148721 83333333
2 320989741 3115364363
3 2 8999 55561729081009
4 3 3 71437 1555372021657
5 2 2 5 19 2631578947368421
3 59 119851 141418532531
7 2 3 7 7 4127 669869 1230349
3 11 168409 539811357523
5 2 2 2 1061 117813383600377
7 3 5 5 89 1447 1553 66666667
3 2 1481 337609723160027
6 13 73 733 757 1321 1437577
8 2 2 3 3 3 10391 81293 10961393
3 7 83 1721170395869191
3 2 5 99999999999999997
3 3 118619 2810117547217
9 2 2 2 2 2 17 23 5657 14128208177
1 999999999999999967
6 2 3 11 29 192631 2712263549
3 5 419 477326968973747
5 2 2 7 71428571 500000003
5 3 3 613 3877871 46741609
5 2 37 163 151391 547621661
5 19 31 4373 269317 1441589
8 2 2 2 3 5 13 322249 1989224609
4 61 373 11279 3896644057
3 2 53 9433962264150943
4 3 7 2544343 18715655719
4 2 2 731363 341827519303
5 5 11 11 6841 241615635431
5 2 3 3 65630963 846483931
3 43 1381 16839836316791
5 2 2 2 2 62499999999999997
4 3 17 19607843 1000000007
7 2 5 5 7 47 281081 216273151
3 4259 48953 4796374087
5 2 2 3 107 778816199376947
2 13 76923076923076919
5 2 149 311 2113 5106506039
8 3 3 3 5 23 211 239851 6363769
5 2 2 2 11 11363636363636363
5 7 41 953 1181 3095817173
4 2 3 19 8771929824561403
3 1201 16216247 51346003
5 2 2 5 3572939 13994081623
3 3 5407 61648480364959
3 2 2383 209819555182543
3 29 48725609 707692717
14 2 2 2 2 2 2 3 3 7 109 109 167 499 250501
4 5 79 42649 59360021797
5 2 13 17 614717 3680463431
3 3 11 30303030303030301
4 2 2 443 564334085778781
4 193 1949 53299 49878317
6 2 3 5 31 1499 717324094199
3 7 7 20408163265306121
6 2 2 2 911 12401 11064579881
4 3 3 437083 254210552941
3 2 347 1440922190201729
4 5 5 37 1081081081081081
6 2 2 3 3547 74843 313910887
3 19 1319 39902637564343
7 2 7 11 23 463 3407 178977451
6 3 13 13 1021 1365761 1414463
10 2 2 2 2 5 59 71 251 661 17985581
3 67 14925373 1000000009
7 2 3 3 3 3 24071 256443002209
3 17 33468817 1757562253
3 2 2 249999999999999979
6 3 5 7 197 1512169 31970111
3 2 2659 188040616773223
3 7001 1646261 86764333
5 2 2 2 3 41666666666666663
4 11 97 619 1514066434207
5 2 5 43 19387 119955712351
4 3 3 113 983284169124877
7 2 2 7 13 29 1091 86831212973
3 103 379 25616722596511
3 2 3 166666666666666651
3 5 53 3773584905660377
9 2 2 2 2 2 19 173 184199 51613469
5 3 47 701 3137 3225138359
4 2 41 53925689 226146799
3 7 1063 134390538906061
