2 682439 1095280126487
3 59 18367 707960089609
4 2 71 100549 58780635119
5 3 7 17 103 23684395239059
10 2 2 2 2 2 2 3 71 75869 635937737
5 2 5 13 64667 94392025883
6 2 3 3 28789 86353 18079739
1 955494569573558869
5 2 3 131 3221 34477930103
2 13217 61653814458749
11 2 2 2 2 2 2 2 5 23 1171 31926726079
5 5 5 13 13 202434990046777
4 3 251 1531 270994296359
6 3 3 23 29 2663 1368951517
3 769 302261 3950730617
5 3 5 11 73 13963880634233
2 1439 36969853482281
6 17 41 397 3967 10259 80671
6 2 2 2 2 13 4666560247863307
3 3697 146347 684875483
3 2 3 118407180186264527
5 2 2 23 2430503 4156448689
3 2 19 7317600587961043
7 2 2 2 2 2 20000429 446031827
4 2 2 97441 1992653188901
4 2 11 433259 23534085041
5 2 11 19 4063327 383911937
2 14549 26085826513727
8 2 2 2 2 2 2 5 1230812073674537
5 2 293 2417 25463 11751631
3 3823 443153 514179763
3 43 569 37903526231629
3 2 241 1226185811072207
2 11 45712125499872061
6 2 2 5 311 27179 2439564353
8 2 2 2 2 2 941 1171 20044613923
4 2 13 6507511 555891617
5 3 7 13 2063 669976114397
2 11 80460812402173921
4 7 23 31 126849301496563
3 13 17 555472913599811
2 10533301 49438281671
4 3 27067 76343 71305133
2 1851991 475966767763
3 11261 65563 813737957
4 839 2969 100943 1073153
7 2 3 23 101 743 64781 1203493
4 2 2069 23087 694381811
1 785255898516089293
3 2 66629 7125451089007
6 2 2 5 13 23 153219470855159
5 3 3 29 1567 1693143722003
9 2 2 3 3 3 233 751 26647 1405769
