3 3 13326587 17541255227
6 5 5 7 11 173 2685755746801
2 7 58305188235282871
5 2 5 7 11 755896245903817
3 5 331 517596655313821
2 3 264102305255507093
3 2 41 5232535406551967
3 2 328103 1192739086309
4 3 3 3 29788856987606063
4 3 449 6811223 75152783
2 7 54331238521382297
6 2 3 5 11 344327 2536618837
5 3 97 569 507071 5049689
2 1462169 630622162031
5 13 137 139 960709 2927341
4 2 2 999961 160071399121
5 2 3 14461 386093 2078191
6 2 3 7 14519 39359 2910797
3 1787 36929 3449936059
4 17 29 8642077 202923107
10 2 2 2 2 3 3 757 953 14747 646573
8 2 2 2 3 3 5 15467 90333661963
6 2 2 3 179 10010687 12975331
6 3 7 229 6571 8423 3724997
1 185227156278431171
5 2 2 2 5419 14450143655861
5 7 7 23 59 9689795989933
4 3 389 29017 5222483911
4 2 2 22643 2121897457751
7 2 3 3 7 47 71 344902115603
5 2 2 17 9734887 995198153
7 2 2 11 211 467 719 235033613
1 310354248874749283
7 3 3 5 23 37 71 365942539757
3 31 47 425351770352371
7 2 2 3 73 1597 25931 27550279
5 2 23 89 3701 45738517589
3 2371 1347263 293361253
5 11 11 113 179 387049494257
2 41 18572328041073407
3 59 5209 3027200873887
5 5 5 5 5 441456277281167
4 149 499 146849 31183069
11 2 2 2 3 3 3 5 13 463 14447 4382893
5 7 139 409 601 2309369219
4 19 97 3931 62439876101
2 97 2612337725269291
3 233 829 1505899234921
7 3 3 5 17 337 13381 4120331
6 2 3 3 131 281 919078556423
6 3 7 53 1187 1433 175752517
5 2 2 373 1091 167584060877
6 2 11 11 47881 215953 288833
6 7 7 1283 5477 36739 54919
5 2 2 5 3060839 5235627161
2 173 3742474334863153
3 2 92512039 3840793409
5 2 2 2 173 269061144441451
4 277 7103 8053 19391741
5 5 2027 14713 32479 46831
4 2 11 15329 1707248282549
4 5 5 11 176332815875219
7 2 11 37 73 9719 33391 40577
5 2 3 7 18049 197628376397
8 2 2 2 2 3 7 19 43577419115497
6 13 13 353 547 5651 947707
4 3 317 661 153545004091
8 3 7 17 19 487 3617 5653 5701
4 19 29 113 15161714867857
6 2 2 2 2 7 5835444771180419
6 2 2 2 2 17 2999109968145497
3 271 10442683 85526083
6 2 17 23 29 131059 113161693
3 7 3223621 29893262461
4 3 3 5 4090245896606117
6 2 3 7 13 19 76826282244389
5 2 2 139 156089 3313795649
6 2 7 419 1811 186727 273857
2 199 1144512248987227
5 2 2 3 43 1079210141455099
6 2 2 2 3 37 991968581068721
4 2 2 7 16828994348786383
7 2 2 11 17 37 331 7983249289
3 17 23 2088745248400229
9 2 2 2 3 3 3 61 269 115541972041
3 43 107 136223782272719
6 2 2 3 71 3347 144469358923
4 2 31 23549 395705045303
